-----------------------------------------------------------
Server listening on 5201 (test #1)
-----------------------------------------------------------
Accepted connection from 128.220.159.221, port 63549
[  6] local 192.168.135.129 port 5201 connected to 128.220.159.221 port 2979
[  9] local 192.168.135.129 port 5201 connected to 128.220.159.221 port 59571
[ 11] local 192.168.135.129 port 5201 connected to 128.220.159.221 port 43570
[ 13] local 192.168.135.129 port 5201 connected to 128.220.159.221 port 7612
[ 15] local 192.168.135.129 port 5201 connected to 128.220.159.221 port 24695
[ ID] Interval           Transfer     Bitrate         Retr  Cwnd
[  6]   0.00-1.00   sec  3.62 MBytes  30.4 Mbits/sec    8   31.3 KBytes       
[  9]   0.00-1.00   sec  2.00 MBytes  16.8 Mbits/sec    7   23.1 KBytes       
[ 11]   0.00-1.00   sec  3.88 MBytes  32.5 Mbits/sec   10   19.1 KBytes       
[ 13]   0.00-1.00   sec  2.75 MBytes  23.0 Mbits/sec    2   49.0 KBytes       
[ 15]   0.00-1.00   sec  5.75 MBytes  48.2 Mbits/sec   14   19.1 KBytes       
[SUM]   0.00-1.00   sec  18.0 MBytes   151 Mbits/sec   41             
- - - - - - - - - - - - - - - - - - - - - - - - -
[  6]   1.00-2.00   sec  3.12 MBytes  26.2 Mbits/sec    5   31.3 KBytes       
[  9]   1.00-2.00   sec  2.38 MBytes  19.9 Mbits/sec    6   23.1 KBytes       
[ 11]   1.00-2.00   sec  2.38 MBytes  19.9 Mbits/sec    5   25.9 KBytes       
[ 13]   1.00-2.00   sec  2.25 MBytes  18.9 Mbits/sec   11   19.1 KBytes       
[ 15]   1.00-2.00   sec  1.75 MBytes  14.7 Mbits/sec   11   15.0 KBytes       
[SUM]   1.00-2.00   sec  11.9 MBytes  99.6 Mbits/sec   38             
- - - - - - - - - - - - - - - - - - - - - - - - -
[  6]   2.00-3.00   sec  2.25 MBytes  18.9 Mbits/sec    9   15.0 KBytes       
[  9]   2.00-3.00   sec  2.88 MBytes  24.1 Mbits/sec    7   25.9 KBytes       
[ 11]   2.00-3.00   sec  2.38 MBytes  19.9 Mbits/sec    6   23.1 KBytes       
[ 13]   2.00-3.00   sec  2.38 MBytes  19.9 Mbits/sec    7   20.4 KBytes       
[ 15]   2.00-3.00   sec  1.62 MBytes  13.6 Mbits/sec    6   17.7 KBytes       
[SUM]   2.00-3.00   sec  11.5 MBytes  96.5 Mbits/sec   35             
- - - - - - - - - - - - - - - - - - - - - - - - -
[  6]   3.00-4.00   sec  1.75 MBytes  14.7 Mbits/sec    8   12.3 KBytes       
[  9]   3.00-4.00   sec  2.38 MBytes  19.9 Mbits/sec   10   17.7 KBytes       
[ 11]   3.00-4.00   sec  2.00 MBytes  16.8 Mbits/sec    9   12.3 KBytes       
[ 13]   3.00-4.00   sec  2.25 MBytes  18.9 Mbits/sec    8   31.3 KBytes       
[ 15]   3.00-4.00   sec  2.12 MBytes  17.8 Mbits/sec    6   34.0 KBytes       
[SUM]   3.00-4.00   sec  10.5 MBytes  88.1 Mbits/sec   41             
- - - - - - - - - - - - - - - - - - - - - - - - -
[  6]   4.00-5.00   sec  2.00 MBytes  16.8 Mbits/sec    5   34.0 KBytes       
[  9]   4.00-5.00   sec  2.38 MBytes  19.9 Mbits/sec    6   20.4 KBytes       
[ 11]   4.00-5.00   sec  2.25 MBytes  18.9 Mbits/sec    7   12.3 KBytes       
[ 13]   4.00-5.00   sec  2.25 MBytes  18.9 Mbits/sec    8   17.7 KBytes       
[ 15]   4.00-5.00   sec  1.75 MBytes  14.7 Mbits/sec   11   17.7 KBytes       
[SUM]   4.00-5.00   sec  10.6 MBytes  89.1 Mbits/sec   37             
- - - - - - - - - - - - - - - - - - - - - - - - -
[  6]   5.00-6.00   sec  2.25 MBytes  18.9 Mbits/sec    8   15.0 KBytes       
[  9]   5.00-6.00   sec  2.38 MBytes  19.9 Mbits/sec    6   23.1 KBytes       
[ 11]   5.00-6.00   sec  2.38 MBytes  19.9 Mbits/sec    6   15.0 KBytes       
[ 13]   5.00-6.00   sec  3.12 MBytes  26.2 Mbits/sec    7   32.7 KBytes       
[ 15]   5.00-6.00   sec  2.62 MBytes  22.0 Mbits/sec    7   17.7 KBytes       
[SUM]   5.00-6.00   sec  12.8 MBytes   107 Mbits/sec   34             
- - - - - - - - - - - - - - - - - - - - - - - - -
[  6]   6.00-7.00   sec  2.00 MBytes  16.8 Mbits/sec    5   29.9 KBytes       
[  9]   6.00-7.00   sec  2.25 MBytes  18.9 Mbits/sec    7   25.9 KBytes       
[ 11]   6.00-7.00   sec  2.25 MBytes  18.9 Mbits/sec    5   28.6 KBytes       
[ 13]   6.00-7.00   sec  1.88 MBytes  15.7 Mbits/sec    7   20.4 KBytes       
[ 15]   6.00-7.00   sec  2.12 MBytes  17.8 Mbits/sec    8   12.3 KBytes       
[SUM]   6.00-7.00   sec  10.5 MBytes  88.1 Mbits/sec   32             
- - - - - - - - - - - - - - - - - - - - - - - - -
[  6]   7.00-8.00   sec  2.25 MBytes  18.9 Mbits/sec    8   10.9 KBytes       
[  9]   7.00-8.00   sec  2.12 MBytes  17.8 Mbits/sec    8   13.6 KBytes       
[ 11]   7.00-8.00   sec  2.75 MBytes  23.1 Mbits/sec    8   24.5 KBytes       
[ 13]   7.00-8.00   sec  1.75 MBytes  14.7 Mbits/sec    7   25.9 KBytes       
[ 15]   7.00-8.00   sec  1.62 MBytes  13.6 Mbits/sec    6   17.7 KBytes       
[SUM]   7.00-8.00   sec  10.5 MBytes  88.1 Mbits/sec   37             
- - - - - - - - - - - - - - - - - - - - - - - - -
[  6]   8.00-9.00   sec  2.00 MBytes  16.8 Mbits/sec    6   13.6 KBytes       
[  9]   8.00-9.00   sec  2.88 MBytes  24.1 Mbits/sec    3   38.1 KBytes       
[ 11]   8.00-9.00   sec  1.38 MBytes  11.5 Mbits/sec    8   23.1 KBytes       
[ 13]   8.00-9.00   sec  2.50 MBytes  21.0 Mbits/sec    6   20.4 KBytes       
[ 15]   8.00-9.00   sec  2.62 MBytes  22.0 Mbits/sec    7   12.3 KBytes       
[SUM]   8.00-9.00   sec  11.4 MBytes  95.4 Mbits/sec   30             
- - - - - - - - - - - - - - - - - - - - - - - - -
[  6]   9.00-10.00  sec  1.62 MBytes  13.6 Mbits/sec    7   15.0 KBytes       
[  9]   9.00-10.00  sec  2.88 MBytes  24.1 Mbits/sec    9   15.0 KBytes       
[ 11]   9.00-10.00  sec  1.88 MBytes  15.7 Mbits/sec    8   16.3 KBytes       
[ 13]   9.00-10.00  sec  2.38 MBytes  19.9 Mbits/sec    8   21.8 KBytes       
[ 15]   9.00-10.00  sec  2.62 MBytes  22.0 Mbits/sec    5   23.1 KBytes       
[SUM]   9.00-10.00  sec  11.4 MBytes  95.4 Mbits/sec   37             
- - - - - - - - - - - - - - - - - - - - - - - - -
[  6]  10.00-11.00  sec  2.25 MBytes  18.9 Mbits/sec    6   25.9 KBytes       
[  9]  10.00-11.00  sec  2.12 MBytes  17.8 Mbits/sec    8   21.8 KBytes       
[ 11]  10.00-11.00  sec  2.00 MBytes  16.8 Mbits/sec    7   16.3 KBytes       
[ 13]  10.00-11.00  sec  2.12 MBytes  17.8 Mbits/sec    8   13.6 KBytes       
[ 15]  10.00-11.00  sec  1.62 MBytes  13.6 Mbits/sec    8   24.5 KBytes       
[SUM]  10.00-11.00  sec  10.1 MBytes  84.9 Mbits/sec   37             
- - - - - - - - - - - - - - - - - - - - - - - - -
[  6]  11.00-12.00  sec  1.88 MBytes  15.7 Mbits/sec    9   28.6 KBytes       
[  9]  11.00-12.00  sec  2.00 MBytes  16.8 Mbits/sec    8   23.1 KBytes       
[ 11]  11.00-12.00  sec  1.88 MBytes  15.7 Mbits/sec   10   13.6 KBytes       
[ 13]  11.00-12.00  sec  1.62 MBytes  13.6 Mbits/sec    8   20.4 KBytes       
[ 15]  11.00-12.00  sec  1.75 MBytes  14.7 Mbits/sec    9   24.5 KBytes       
[SUM]  11.00-12.00  sec  9.12 MBytes  76.5 Mbits/sec   44             
- - - - - - - - - - - - - - - - - - - - - - - - -
[  6]  12.00-13.00  sec  2.12 MBytes  17.8 Mbits/sec    7   23.1 KBytes       
[  9]  12.00-13.00  sec  2.25 MBytes  18.9 Mbits/sec    8   20.4 KBytes       
[ 11]  12.00-13.00  sec  1.88 MBytes  15.7 Mbits/sec    7   15.0 KBytes       
[ 13]  12.00-13.00  sec  2.88 MBytes  24.1 Mbits/sec    7   19.1 KBytes       
[ 15]  12.00-13.00  sec  2.50 MBytes  21.0 Mbits/sec    8   13.6 KBytes       
[SUM]  12.00-13.00  sec  11.6 MBytes  97.5 Mbits/sec   37             
- - - - - - - - - - - - - - - - - - - - - - - - -
[  6]  13.00-14.00  sec  2.00 MBytes  16.8 Mbits/sec    7   20.4 KBytes       
[  9]  13.00-14.00  sec  2.12 MBytes  17.8 Mbits/sec    7   16.3 KBytes       
[ 11]  13.00-14.00  sec  2.12 MBytes  17.8 Mbits/sec    6   23.1 KBytes       
[ 13]  13.00-14.00  sec  2.88 MBytes  24.1 Mbits/sec    5   31.3 KBytes       
[ 15]  13.00-14.00  sec  2.25 MBytes  18.9 Mbits/sec    8   21.8 KBytes       
[SUM]  13.00-14.00  sec  11.4 MBytes  95.4 Mbits/sec   33             
- - - - - - - - - - - - - - - - - - - - - - - - -
[  6]  14.00-15.00  sec  2.62 MBytes  22.0 Mbits/sec    5   25.9 KBytes       
[  9]  14.00-15.00  sec  2.12 MBytes  17.8 Mbits/sec    5   46.3 KBytes       
[ 11]  14.00-15.00  sec  1.88 MBytes  15.7 Mbits/sec    8   28.6 KBytes       
[ 13]  14.00-15.00  sec  2.50 MBytes  21.0 Mbits/sec    8   28.6 KBytes       
[ 15]  14.00-15.00  sec  1.62 MBytes  13.6 Mbits/sec    8   13.6 KBytes       
[SUM]  14.00-15.00  sec  10.8 MBytes  90.2 Mbits/sec   34             
- - - - - - - - - - - - - - - - - - - - - - - - -
[  6]  15.00-16.00  sec  2.88 MBytes  24.1 Mbits/sec   11   36.8 KBytes       
[  9]  15.00-16.00  sec  1.88 MBytes  15.7 Mbits/sec   11   10.9 KBytes       
[ 11]  15.00-16.00  sec  2.25 MBytes  18.9 Mbits/sec    9   21.8 KBytes       
[ 13]  15.00-16.00  sec  2.00 MBytes  16.8 Mbits/sec    7   31.3 KBytes       
[ 15]  15.00-16.00  sec  2.12 MBytes  17.8 Mbits/sec    6   24.5 KBytes       
[SUM]  15.00-16.00  sec  11.1 MBytes  93.3 Mbits/sec   44             
- - - - - - - - - - - - - - - - - - - - - - - - -
[  6]  16.00-17.00  sec  3.38 MBytes  28.3 Mbits/sec    5   29.9 KBytes       
[  9]  16.00-17.00  sec  3.38 MBytes  28.3 Mbits/sec    3   29.9 KBytes       
[ 11]  16.00-17.00  sec  2.12 MBytes  17.8 Mbits/sec    6   25.9 KBytes       
[ 13]  16.00-17.00  sec  2.25 MBytes  18.9 Mbits/sec    8   31.3 KBytes       
[ 15]  16.00-17.00  sec  2.25 MBytes  18.9 Mbits/sec    7   24.5 KBytes       
[SUM]  16.00-17.00  sec  13.4 MBytes   112 Mbits/sec   29             
- - - - - - - - - - - - - - - - - - - - - - - - -
[  6]  17.00-18.00  sec  2.38 MBytes  19.9 Mbits/sec    7   27.2 KBytes       
[  9]  17.00-18.00  sec  2.38 MBytes  19.9 Mbits/sec    7   20.4 KBytes       
[ 11]  17.00-18.00  sec  2.75 MBytes  23.1 Mbits/sec    8   12.3 KBytes       
[ 13]  17.00-18.00  sec  1.75 MBytes  14.7 Mbits/sec    9   16.3 KBytes       
[ 15]  17.00-18.00  sec  2.12 MBytes  17.8 Mbits/sec    7   23.1 KBytes       
[SUM]  17.00-18.00  sec  11.4 MBytes  95.4 Mbits/sec   38             
- - - - - - - - - - - - - - - - - - - - - - - - -
[  6]  18.00-19.00  sec  2.38 MBytes  19.9 Mbits/sec    6   27.2 KBytes       
[  9]  18.00-19.00  sec  2.25 MBytes  18.9 Mbits/sec    8   29.9 KBytes       
[ 11]  18.00-19.00  sec  1.88 MBytes  15.7 Mbits/sec    7   16.3 KBytes       
[ 13]  18.00-19.00  sec  2.00 MBytes  16.8 Mbits/sec    6   25.9 KBytes       
[ 15]  18.00-19.00  sec  3.00 MBytes  25.2 Mbits/sec    3   47.6 KBytes       
[SUM]  18.00-19.00  sec  11.5 MBytes  96.5 Mbits/sec   30             
- - - - - - - - - - - - - - - - - - - - - - - - -
[  6]  19.00-20.00  sec  2.12 MBytes  17.8 Mbits/sec    8   20.4 KBytes       
[  9]  19.00-20.00  sec  2.50 MBytes  21.0 Mbits/sec    7   21.8 KBytes       
[ 11]  19.00-20.00  sec  1.88 MBytes  15.7 Mbits/sec    5   32.7 KBytes       
[ 13]  19.00-20.00  sec  2.38 MBytes  19.9 Mbits/sec    5   39.5 KBytes       
[ 15]  19.00-20.00  sec  3.38 MBytes  28.3 Mbits/sec    5   35.4 KBytes       
[SUM]  19.00-20.00  sec  12.2 MBytes   103 Mbits/sec   30             
- - - - - - - - - - - - - - - - - - - - - - - - -
[  6]  20.00-21.00  sec  2.62 MBytes  22.0 Mbits/sec    4   28.6 KBytes       
[  9]  20.00-21.00  sec  3.00 MBytes  25.2 Mbits/sec    4   28.6 KBytes       
[ 11]  20.00-21.00  sec  2.88 MBytes  24.1 Mbits/sec    6   19.1 KBytes       
[ 13]  20.00-21.00  sec  2.25 MBytes  18.9 Mbits/sec    8   36.8 KBytes       
[ 15]  20.00-21.00  sec  1.75 MBytes  14.7 Mbits/sec    9   25.9 KBytes       
[SUM]  20.00-21.00  sec  12.5 MBytes   105 Mbits/sec   31             
- - - - - - - - - - - - - - - - - - - - - - - - -
[  6]  21.00-22.00  sec  2.25 MBytes  18.9 Mbits/sec    6   28.6 KBytes       
[  9]  21.00-22.00  sec  2.00 MBytes  16.8 Mbits/sec   10   12.3 KBytes       
[ 11]  21.00-22.00  sec  2.25 MBytes  18.9 Mbits/sec    7   16.3 KBytes       
[ 13]  21.00-22.00  sec  3.25 MBytes  27.3 Mbits/sec    4   43.6 KBytes       
[ 15]  21.00-22.00  sec  2.12 MBytes  17.8 Mbits/sec    6   27.2 KBytes       
[SUM]  21.00-22.00  sec  11.9 MBytes  99.6 Mbits/sec   33             
- - - - - - - - - - - - - - - - - - - - - - - - -
[  6]  22.00-23.00  sec  1.75 MBytes  14.7 Mbits/sec   10   15.0 KBytes       
[  9]  22.00-23.00  sec  1.88 MBytes  15.7 Mbits/sec    6   35.4 KBytes       
[ 11]  22.00-23.00  sec  3.38 MBytes  28.3 Mbits/sec    2   55.8 KBytes       
[ 13]  22.00-23.00  sec  2.50 MBytes  21.0 Mbits/sec    8   34.0 KBytes       
[ 15]  22.00-23.00  sec  2.12 MBytes  17.8 Mbits/sec   11   9.53 KBytes       
[SUM]  22.00-23.00  sec  11.6 MBytes  97.5 Mbits/sec   37             
- - - - - - - - - - - - - - - - - - - - - - - - -
[  6]  23.00-24.00  sec  2.00 MBytes  16.8 Mbits/sec    5   31.3 KBytes       
[  9]  23.00-24.00  sec  1.75 MBytes  14.7 Mbits/sec   11   15.0 KBytes       
[ 11]  23.00-24.00  sec  3.25 MBytes  27.3 Mbits/sec    6   32.7 KBytes       
[ 13]  23.00-24.00  sec  2.62 MBytes  22.0 Mbits/sec    7   28.6 KBytes       
[ 15]  23.00-24.00  sec  2.12 MBytes  17.8 Mbits/sec    4   32.7 KBytes       
[SUM]  23.00-24.00  sec  11.8 MBytes  98.6 Mbits/sec   33             
- - - - - - - - - - - - - - - - - - - - - - - - -
[  6]  24.00-25.00  sec  2.12 MBytes  17.8 Mbits/sec    6   28.6 KBytes       
[  9]  24.00-25.00  sec  1.75 MBytes  14.7 Mbits/sec    8   19.1 KBytes       
[ 11]  24.00-25.00  sec  2.88 MBytes  24.1 Mbits/sec    4   39.5 KBytes       
[ 13]  24.00-25.00  sec  2.88 MBytes  24.1 Mbits/sec    5   25.9 KBytes       
[ 15]  24.00-25.00  sec  2.12 MBytes  17.8 Mbits/sec    6   25.9 KBytes       
[SUM]  24.00-25.00  sec  11.8 MBytes  98.6 Mbits/sec   29             
- - - - - - - - - - - - - - - - - - - - - - - - -
[  6]  25.00-26.00  sec  2.50 MBytes  21.0 Mbits/sec    6   24.5 KBytes       
[  9]  25.00-26.00  sec  1.75 MBytes  14.7 Mbits/sec   12   17.7 KBytes       
[ 11]  25.00-26.00  sec  2.75 MBytes  23.1 Mbits/sec    6   29.9 KBytes       
[ 13]  25.00-26.00  sec  1.62 MBytes  13.6 Mbits/sec   11   13.6 KBytes       
[ 15]  25.00-26.00  sec  2.62 MBytes  22.0 Mbits/sec   15   16.3 KBytes       
[SUM]  25.00-26.00  sec  11.2 MBytes  94.4 Mbits/sec   50             
- - - - - - - - - - - - - - - - - - - - - - - - -
[  6]  26.00-27.00  sec  1.88 MBytes  15.7 Mbits/sec    6   25.9 KBytes       
[  9]  26.00-27.00  sec  2.12 MBytes  17.8 Mbits/sec    6   32.7 KBytes       
[ 11]  26.00-27.00  sec  3.00 MBytes  25.2 Mbits/sec    5   40.8 KBytes       
[ 13]  26.00-27.00  sec  2.12 MBytes  17.8 Mbits/sec    4   28.6 KBytes       
[ 15]  26.00-27.00  sec  2.12 MBytes  17.8 Mbits/sec    6   24.5 KBytes       
[SUM]  26.00-27.00  sec  11.2 MBytes  94.4 Mbits/sec   27             
- - - - - - - - - - - - - - - - - - - - - - - - -
[  6]  27.00-28.00  sec  2.50 MBytes  21.0 Mbits/sec    6   24.5 KBytes       
[  9]  27.00-28.00  sec  2.62 MBytes  22.0 Mbits/sec   10   9.53 KBytes       
[ 11]  27.00-28.00  sec  2.25 MBytes  18.9 Mbits/sec    6   40.8 KBytes       
[ 13]  27.00-28.00  sec  2.88 MBytes  24.1 Mbits/sec    6   21.8 KBytes       
[ 15]  27.00-28.00  sec  2.12 MBytes  17.8 Mbits/sec    7   23.1 KBytes       
[SUM]  27.00-28.00  sec  12.4 MBytes   104 Mbits/sec   35             
- - - - - - - - - - - - - - - - - - - - - - - - -
[  6]  28.00-29.00  sec  3.00 MBytes  25.2 Mbits/sec    5   25.9 KBytes       
[  9]  28.00-29.00  sec  2.00 MBytes  16.8 Mbits/sec    7   15.0 KBytes       
[ 11]  28.00-29.00  sec  2.38 MBytes  19.9 Mbits/sec   11   16.3 KBytes       
[ 13]  28.00-29.00  sec  1.75 MBytes  14.7 Mbits/sec    8   13.6 KBytes       
[ 15]  28.00-29.00  sec  1.75 MBytes  14.7 Mbits/sec    9   24.5 KBytes       
[SUM]  28.00-29.00  sec  10.9 MBytes  91.2 Mbits/sec   40             
- - - - - - - - - - - - - - - - - - - - - - - - -
[  6]  29.00-30.00  sec  2.88 MBytes  24.1 Mbits/sec    6   19.1 KBytes       
[  9]  29.00-30.00  sec  1.62 MBytes  13.6 Mbits/sec    8   24.5 KBytes       
[ 11]  29.00-30.00  sec  2.38 MBytes  19.9 Mbits/sec    7   12.3 KBytes       
[ 13]  29.00-30.00  sec  2.38 MBytes  19.9 Mbits/sec    5   29.9 KBytes       
[ 15]  29.00-30.00  sec  3.00 MBytes  25.2 Mbits/sec    5   24.5 KBytes       
[SUM]  29.00-30.00  sec  12.2 MBytes   103 Mbits/sec   31             
- - - - - - - - - - - - - - - - - - - - - - - - -
[  6]  30.00-30.01  sec  0.00 Bytes  0.00 bits/sec    1   12.3 KBytes       
[  9]  30.00-30.01  sec   128 KBytes   105 Mbits/sec    0   24.5 KBytes       
[ 11]  30.00-30.01  sec  0.00 Bytes  0.00 bits/sec    0   13.6 KBytes       
[ 13]  30.00-30.01  sec   128 KBytes   105 Mbits/sec    0   32.7 KBytes       
[ 15]  30.00-30.01  sec  0.00 Bytes  0.00 bits/sec    1   16.3 KBytes       
[SUM]  30.00-30.01  sec   256 KBytes   210 Mbits/sec    2             
- - - - - - - - - - - - - - - - - - - - - - - - -
[ ID] Interval           Transfer     Bitrate         Retr
[  6]   0.00-30.01  sec  70.4 MBytes  19.7 Mbits/sec  201            sender
[  9]   0.00-30.01  sec  68.1 MBytes  19.0 Mbits/sec  223            sender
[ 11]   0.00-30.01  sec  71.5 MBytes  20.0 Mbits/sec  205            sender
[ 13]   0.00-30.01  sec  70.2 MBytes  19.6 Mbits/sec  208            sender
[ 15]   0.00-30.01  sec  69.1 MBytes  19.3 Mbits/sec  229            sender
[SUM]   0.00-30.01  sec   349 MBytes  97.7 Mbits/sec  1066             sender
-----------------------------------------------------------
Server listening on 5201 (test #2)
-----------------------------------------------------------
Accepted connection from 128.220.159.221, port 20144
[  6] local 192.168.135.129 port 5201 connected to 128.220.159.221 port 28576
[  9] local 192.168.135.129 port 5201 connected to 128.220.159.221 port 62874
[ 11] local 192.168.135.129 port 5201 connected to 128.220.159.221 port 50678
[ 13] local 192.168.135.129 port 5201 connected to 128.220.159.221 port 19501
[ 15] local 192.168.135.129 port 5201 connected to 128.220.159.221 port 34176
[ ID] Interval           Transfer     Bitrate         Retr  Cwnd
[  6]   0.00-1.00   sec  2.12 MBytes  17.8 Mbits/sec    6   31.3 KBytes       
[  9]   0.00-1.00   sec  1.75 MBytes  14.7 Mbits/sec    8   23.1 KBytes       
[ 11]   0.00-1.00   sec  3.50 MBytes  29.3 Mbits/sec   13   27.2 KBytes       
[ 13]   0.00-1.00   sec  2.88 MBytes  24.1 Mbits/sec   11   17.7 KBytes       
[ 15]   0.00-1.00   sec  3.00 MBytes  25.1 Mbits/sec   21   21.8 KBytes       
[SUM]   0.00-1.00   sec  13.2 MBytes   111 Mbits/sec   59             
- - - - - - - - - - - - - - - - - - - - - - - - -
[  6]   1.00-2.00   sec  2.38 MBytes  19.9 Mbits/sec    7   19.1 KBytes       
[  9]   1.00-2.00   sec  2.50 MBytes  21.0 Mbits/sec    4   31.3 KBytes       
[ 11]   1.00-2.00   sec  3.38 MBytes  28.3 Mbits/sec    9   25.9 KBytes       
[ 13]   1.00-2.00   sec  1.75 MBytes  14.7 Mbits/sec    7   15.0 KBytes       
[ 15]   1.00-2.00   sec  2.00 MBytes  16.8 Mbits/sec    7   20.4 KBytes       
[SUM]   1.00-2.00   sec  12.0 MBytes   101 Mbits/sec   34             
- - - - - - - - - - - - - - - - - - - - - - - - -
[  6]   2.00-3.00   sec  1.88 MBytes  15.7 Mbits/sec    8   16.3 KBytes       
[  9]   2.00-3.00   sec  1.88 MBytes  15.7 Mbits/sec    7   20.4 KBytes       
[ 11]   2.00-3.00   sec  2.62 MBytes  22.0 Mbits/sec   10   13.6 KBytes       
[ 13]   2.00-3.00   sec  2.38 MBytes  19.9 Mbits/sec    6   20.4 KBytes       
[ 15]   2.00-3.00   sec  2.75 MBytes  23.1 Mbits/sec    6   25.9 KBytes       
[SUM]   2.00-3.00   sec  11.5 MBytes  96.5 Mbits/sec   37             
- - - - - - - - - - - - - - - - - - - - - - - - -
[  6]   3.00-4.00   sec  2.50 MBytes  21.0 Mbits/sec    7   10.9 KBytes       
[  9]   3.00-4.00   sec  1.50 MBytes  12.6 Mbits/sec   10   10.9 KBytes       
[ 11]   3.00-4.00   sec  2.38 MBytes  19.9 Mbits/sec    9   20.4 KBytes       
[ 13]   3.00-4.00   sec  2.12 MBytes  17.8 Mbits/sec    9   28.6 KBytes       
[ 15]   3.00-4.00   sec  1.75 MBytes  14.7 Mbits/sec    8   29.9 KBytes       
[SUM]   3.00-4.00   sec  10.2 MBytes  86.0 Mbits/sec   43             
- - - - - - - - - - - - - - - - - - - - - - - - -
[  6]   4.00-5.00   sec  1.62 MBytes  13.6 Mbits/sec    8   12.3 KBytes       
[  9]   4.00-5.00   sec  1.75 MBytes  14.7 Mbits/sec    7   13.6 KBytes       
[ 11]   4.00-5.00   sec  2.38 MBytes  19.9 Mbits/sec    9   23.1 KBytes       
[ 13]   4.00-5.00   sec  2.12 MBytes  17.8 Mbits/sec    8   24.5 KBytes       
[ 15]   4.00-5.00   sec  2.38 MBytes  19.9 Mbits/sec    9   9.53 KBytes       
[SUM]   4.00-5.00   sec  10.2 MBytes  86.0 Mbits/sec   41             
- - - - - - - - - - - - - - - - - - - - - - - - -
[  6]   5.00-6.00   sec  2.25 MBytes  18.9 Mbits/sec    4   35.4 KBytes       
[  9]   5.00-6.00   sec  1.88 MBytes  15.7 Mbits/sec    7   16.3 KBytes       
[ 11]   5.00-6.00   sec  3.12 MBytes  26.2 Mbits/sec    7   25.9 KBytes       
[ 13]   5.00-6.00   sec  2.25 MBytes  18.9 Mbits/sec    7   19.1 KBytes       
[ 15]   5.00-6.00   sec  3.25 MBytes  27.3 Mbits/sec    3   29.9 KBytes       
[SUM]   5.00-6.00   sec  12.8 MBytes   107 Mbits/sec   28             
- - - - - - - - - - - - - - - - - - - - - - - - -
[  6]   6.00-7.00   sec  2.25 MBytes  18.9 Mbits/sec    8   24.5 KBytes       
[  9]   6.00-7.00   sec  2.00 MBytes  16.8 Mbits/sec    5   24.5 KBytes       
[ 11]   6.00-7.00   sec  3.38 MBytes  28.3 Mbits/sec    8   17.7 KBytes       
[ 13]   6.00-7.00   sec  1.75 MBytes  14.7 Mbits/sec    7   27.2 KBytes       
[ 15]   6.00-7.00   sec  2.00 MBytes  16.8 Mbits/sec    7   27.2 KBytes       
[SUM]   6.00-7.00   sec  11.4 MBytes  95.4 Mbits/sec   35             
- - - - - - - - - - - - - - - - - - - - - - - - -
[  6]   7.00-8.00   sec  2.62 MBytes  22.0 Mbits/sec    6   21.8 KBytes       
[  9]   7.00-8.00   sec  1.88 MBytes  15.7 Mbits/sec    5   32.7 KBytes       
[ 11]   7.00-8.00   sec  2.38 MBytes  19.9 Mbits/sec   12   16.3 KBytes       
[ 13]   7.00-8.00   sec  1.75 MBytes  14.7 Mbits/sec    9   27.2 KBytes       
[ 15]   7.00-8.00   sec  2.12 MBytes  17.8 Mbits/sec    8   19.1 KBytes       
[SUM]   7.00-8.00   sec  10.8 MBytes  90.2 Mbits/sec   40             
- - - - - - - - - - - - - - - - - - - - - - - - -
[  6]   8.00-9.00   sec  1.62 MBytes  13.6 Mbits/sec    9   17.7 KBytes       
[  9]   8.00-9.00   sec  2.25 MBytes  18.9 Mbits/sec    6   23.1 KBytes       
[ 11]   8.00-9.00   sec  2.25 MBytes  18.9 Mbits/sec    8   35.4 KBytes       
[ 13]   8.00-9.00   sec  1.75 MBytes  14.7 Mbits/sec    8   21.8 KBytes       
[ 15]   8.00-9.00   sec  2.25 MBytes  18.9 Mbits/sec    8   17.7 KBytes       
[SUM]   8.00-9.00   sec  10.1 MBytes  84.9 Mbits/sec   39             
- - - - - - - - - - - - - - - - - - - - - - - - -
[  6]   9.00-10.00  sec  1.75 MBytes  14.7 Mbits/sec    7   23.1 KBytes       
[  9]   9.00-10.00  sec  1.38 MBytes  11.5 Mbits/sec    9   25.9 KBytes       
[ 11]   9.00-10.00  sec  2.62 MBytes  22.0 Mbits/sec   17   35.4 KBytes       
[ 13]   9.00-10.00  sec  2.62 MBytes  22.0 Mbits/sec    6   27.2 KBytes       
[ 15]   9.00-10.00  sec  1.88 MBytes  15.7 Mbits/sec   11   24.5 KBytes       
[SUM]   9.00-10.00  sec  10.2 MBytes  86.0 Mbits/sec   50             
- - - - - - - - - - - - - - - - - - - - - - - - -
[  6]  10.00-11.00  sec  2.75 MBytes  23.1 Mbits/sec    6   20.4 KBytes       
[  9]  10.00-11.00  sec  1.62 MBytes  13.6 Mbits/sec    7   21.8 KBytes       
[ 11]  10.00-11.00  sec  3.62 MBytes  30.4 Mbits/sec   10   21.8 KBytes       
[ 13]  10.00-11.00  sec  1.88 MBytes  15.7 Mbits/sec   12   21.8 KBytes       
[ 15]  10.00-11.00  sec  2.38 MBytes  19.9 Mbits/sec    7   27.2 KBytes       
[SUM]  10.00-11.00  sec  12.2 MBytes   103 Mbits/sec   42             
- - - - - - - - - - - - - - - - - - - - - - - - -
[  6]  11.00-12.00  sec  1.75 MBytes  14.7 Mbits/sec    7   34.0 KBytes       
[  9]  11.00-12.00  sec  1.25 MBytes  10.5 Mbits/sec    9   10.9 KBytes       
[ 11]  11.00-12.00  sec  2.38 MBytes  19.9 Mbits/sec   10   27.2 KBytes       
[ 13]  11.00-12.00  sec  1.62 MBytes  13.6 Mbits/sec    9   13.6 KBytes       
[ 15]  11.00-12.00  sec  2.12 MBytes  17.8 Mbits/sec    8   25.9 KBytes       
[SUM]  11.00-12.00  sec  9.12 MBytes  76.5 Mbits/sec   43             
- - - - - - - - - - - - - - - - - - - - - - - - -
[  6]  12.00-13.00  sec  2.62 MBytes  22.0 Mbits/sec    7   40.8 KBytes       
[  9]  12.00-13.00  sec  1.62 MBytes  13.6 Mbits/sec    7   20.4 KBytes       
[ 11]  12.00-13.00  sec  2.62 MBytes  22.0 Mbits/sec   12   9.53 KBytes       
[ 13]  12.00-13.00  sec  1.62 MBytes  13.6 Mbits/sec    9   13.6 KBytes       
[ 15]  12.00-13.00  sec  1.50 MBytes  12.6 Mbits/sec   10   21.8 KBytes       
[SUM]  12.00-13.00  sec  10.0 MBytes  83.9 Mbits/sec   45             
- - - - - - - - - - - - - - - - - - - - - - - - -
[  6]  13.00-14.00  sec  2.00 MBytes  16.8 Mbits/sec    8   23.1 KBytes       
[  9]  13.00-14.00  sec  1.88 MBytes  15.7 Mbits/sec    7   21.8 KBytes       
[ 11]  13.00-14.00  sec  1.62 MBytes  13.6 Mbits/sec   11   20.4 KBytes       
[ 13]  13.00-14.00  sec  2.25 MBytes  18.9 Mbits/sec    8   16.3 KBytes       
[ 15]  13.00-14.00  sec  3.12 MBytes  26.2 Mbits/sec    4   34.0 KBytes       
[SUM]  13.00-14.00  sec  10.9 MBytes  91.2 Mbits/sec   38             
- - - - - - - - - - - - - - - - - - - - - - - - -
[  6]  14.00-15.00  sec  2.12 MBytes  17.8 Mbits/sec    8   15.0 KBytes       
[  9]  14.00-15.00  sec  1.62 MBytes  13.6 Mbits/sec    8   19.1 KBytes       
[ 11]  14.00-15.00  sec  2.12 MBytes  17.8 Mbits/sec    9   24.5 KBytes       
[ 13]  14.00-15.00  sec  2.12 MBytes  17.8 Mbits/sec    7   15.0 KBytes       
[ 15]  14.00-15.00  sec  2.12 MBytes  17.8 Mbits/sec   11   13.6 KBytes       
[SUM]  14.00-15.00  sec  10.1 MBytes  84.9 Mbits/sec   43             
- - - - - - - - - - - - - - - - - - - - - - - - -
[  6]  15.00-16.00  sec  1.50 MBytes  12.6 Mbits/sec    8   27.2 KBytes       
[  9]  15.00-16.00  sec  2.25 MBytes  18.9 Mbits/sec    8   12.3 KBytes       
[ 11]  15.00-16.00  sec  2.25 MBytes  18.9 Mbits/sec   11   17.7 KBytes       
[ 13]  15.00-16.00  sec  2.25 MBytes  18.9 Mbits/sec    6   21.8 KBytes       
[ 15]  15.00-16.00  sec  1.75 MBytes  14.7 Mbits/sec    6   24.5 KBytes       
[SUM]  15.00-16.00  sec  10.0 MBytes  83.9 Mbits/sec   39             
- - - - - - - - - - - - - - - - - - - - - - - - -
[  6]  16.00-17.00  sec  3.12 MBytes  26.2 Mbits/sec    7   17.7 KBytes       
[  9]  16.00-17.00  sec  1.75 MBytes  14.7 Mbits/sec    5   20.4 KBytes       
[ 11]  16.00-17.00  sec  2.25 MBytes  18.9 Mbits/sec    7   32.7 KBytes       
[ 13]  16.00-17.00  sec  2.00 MBytes  16.8 Mbits/sec    7   20.4 KBytes       
[ 15]  16.00-17.00  sec  2.25 MBytes  18.9 Mbits/sec    6   27.2 KBytes       
[SUM]  16.00-17.00  sec  11.4 MBytes  95.4 Mbits/sec   32             
- - - - - - - - - - - - - - - - - - - - - - - - -
[  6]  17.00-18.00  sec  1.62 MBytes  13.6 Mbits/sec    8   13.6 KBytes       
[  9]  17.00-18.00  sec  2.25 MBytes  18.9 Mbits/sec    3   47.6 KBytes       
[ 11]  17.00-18.00  sec  2.38 MBytes  19.9 Mbits/sec   12   10.9 KBytes       
[ 13]  17.00-18.00  sec  1.88 MBytes  15.7 Mbits/sec    7   27.2 KBytes       
[ 15]  17.00-18.00  sec  2.50 MBytes  21.0 Mbits/sec    7   20.4 KBytes       
[SUM]  17.00-18.00  sec  10.6 MBytes  89.1 Mbits/sec   37             
- - - - - - - - - - - - - - - - - - - - - - - - -
[  6]  18.00-19.00  sec  1.50 MBytes  12.6 Mbits/sec    8   23.1 KBytes       
[  9]  18.00-19.00  sec  2.12 MBytes  17.8 Mbits/sec    7   19.1 KBytes       
[ 11]  18.00-19.00  sec  1.75 MBytes  14.7 Mbits/sec   12   21.8 KBytes       
[ 13]  18.00-19.00  sec  2.75 MBytes  23.1 Mbits/sec    7   17.7 KBytes       
[ 15]  18.00-19.00  sec  2.62 MBytes  22.0 Mbits/sec    6   23.1 KBytes       
[SUM]  18.00-19.00  sec  10.8 MBytes  90.2 Mbits/sec   40             
- - - - - - - - - - - - - - - - - - - - - - - - -
[  6]  19.00-20.00  sec  2.12 MBytes  17.8 Mbits/sec    7   24.5 KBytes       
[  9]  19.00-20.00  sec  1.00 MBytes  8.39 Mbits/sec   11   25.9 KBytes       
[ 11]  19.00-20.00  sec  2.62 MBytes  22.0 Mbits/sec    8   34.0 KBytes       
[ 13]  19.00-20.00  sec  1.75 MBytes  14.7 Mbits/sec    9   17.7 KBytes       
[ 15]  19.00-20.00  sec  1.50 MBytes  12.6 Mbits/sec   12   17.7 KBytes       
[SUM]  19.00-20.00  sec  9.00 MBytes  75.5 Mbits/sec   47             
- - - - - - - - - - - - - - - - - - - - - - - - -
[  6]  20.00-21.00  sec  1.88 MBytes  15.7 Mbits/sec    7   25.9 KBytes       
[  9]  20.00-21.00  sec  1.88 MBytes  15.7 Mbits/sec    6   21.8 KBytes       
[ 11]  20.00-21.00  sec  2.75 MBytes  23.1 Mbits/sec   16   6.81 KBytes       
[ 13]  20.00-21.00  sec  1.88 MBytes  15.7 Mbits/sec    7   19.1 KBytes       
[ 15]  20.00-21.00  sec  2.00 MBytes  16.8 Mbits/sec    8   9.53 KBytes       
[SUM]  20.00-21.00  sec  10.4 MBytes  87.0 Mbits/sec   44             
- - - - - - - - - - - - - - - - - - - - - - - - -
[  6]  21.00-22.00  sec  2.25 MBytes  18.9 Mbits/sec    8   20.4 KBytes       
[  9]  21.00-22.00  sec  2.12 MBytes  17.8 Mbits/sec    7   15.0 KBytes       
[ 11]  21.00-22.00  sec  2.50 MBytes  21.0 Mbits/sec    9   17.7 KBytes       
[ 13]  21.00-22.00  sec  1.88 MBytes  15.7 Mbits/sec    9   13.6 KBytes       
[ 15]  21.00-22.00  sec  2.00 MBytes  16.8 Mbits/sec    5   32.7 KBytes       
[SUM]  21.00-22.00  sec  10.8 MBytes  90.2 Mbits/sec   38             
- - - - - - - - - - - - - - - - - - - - - - - - -
[  6]  22.00-23.00  sec  1.88 MBytes  15.7 Mbits/sec    9   12.3 KBytes       
[  9]  22.00-23.00  sec  1.88 MBytes  15.7 Mbits/sec    4   36.8 KBytes       
[ 11]  22.00-23.00  sec  2.00 MBytes  16.8 Mbits/sec   11   8.17 KBytes       
[ 13]  22.00-23.00  sec  1.75 MBytes  14.7 Mbits/sec    6   20.4 KBytes       
[ 15]  22.00-23.00  sec  2.25 MBytes  18.9 Mbits/sec    8   21.8 KBytes       
[SUM]  22.00-23.00  sec  9.75 MBytes  81.8 Mbits/sec   38             
- - - - - - - - - - - - - - - - - - - - - - - - -
[  6]  23.00-24.00  sec  2.50 MBytes  21.0 Mbits/sec    5   24.5 KBytes       
[  9]  23.00-24.00  sec  2.12 MBytes  17.8 Mbits/sec   10   16.3 KBytes       
[ 11]  23.00-24.00  sec  2.75 MBytes  23.1 Mbits/sec    7   27.2 KBytes       
[ 13]  23.00-24.00  sec  1.88 MBytes  15.7 Mbits/sec    8   15.0 KBytes       
[ 15]  23.00-24.00  sec  1.62 MBytes  13.6 Mbits/sec    7   20.4 KBytes       
[SUM]  23.00-24.00  sec  10.9 MBytes  91.2 Mbits/sec   37             
- - - - - - - - - - - - - - - - - - - - - - - - -
[  6]  24.00-25.00  sec  1.62 MBytes  13.6 Mbits/sec    9   25.9 KBytes       
[  9]  24.00-25.00  sec  2.50 MBytes  21.0 Mbits/sec    4   29.9 KBytes       
[ 11]  24.00-25.00  sec  2.25 MBytes  18.9 Mbits/sec   11   19.1 KBytes       
[ 13]  24.00-25.00  sec  1.88 MBytes  15.7 Mbits/sec   10   21.8 KBytes       
[ 15]  24.00-25.00  sec  1.75 MBytes  14.7 Mbits/sec    9   19.1 KBytes       
[SUM]  24.00-25.00  sec  10.0 MBytes  83.9 Mbits/sec   43             
- - - - - - - - - - - - - - - - - - - - - - - - -
[  6]  25.00-26.00  sec  1.88 MBytes  15.7 Mbits/sec    7   29.9 KBytes       
[  9]  25.00-26.00  sec  1.88 MBytes  15.7 Mbits/sec    6   28.6 KBytes       
[ 11]  25.00-26.00  sec  3.12 MBytes  26.2 Mbits/sec    6   31.3 KBytes       
[ 13]  25.00-26.00  sec  2.00 MBytes  16.8 Mbits/sec    6   38.1 KBytes       
[ 15]  25.00-26.00  sec  2.62 MBytes  22.0 Mbits/sec    5   27.2 KBytes       
[SUM]  25.00-26.00  sec  11.5 MBytes  96.5 Mbits/sec   30             
- - - - - - - - - - - - - - - - - - - - - - - - -
[  6]  26.00-27.00  sec  2.12 MBytes  17.8 Mbits/sec   10   15.0 KBytes       
[  9]  26.00-27.00  sec  1.88 MBytes  15.7 Mbits/sec    7   25.9 KBytes       
[ 11]  26.00-27.00  sec  2.50 MBytes  21.0 Mbits/sec   11   16.3 KBytes       
[ 13]  26.00-27.00  sec  1.62 MBytes  13.6 Mbits/sec   11   13.6 KBytes       
[ 15]  26.00-27.00  sec  2.75 MBytes  23.1 Mbits/sec    6   21.8 KBytes       
[SUM]  26.00-27.00  sec  10.9 MBytes  91.3 Mbits/sec   45             
- - - - - - - - - - - - - - - - - - - - - - - - -
[  6]  27.00-28.00  sec  1.62 MBytes  13.6 Mbits/sec    6   32.7 KBytes       
[  9]  27.00-28.00  sec  2.75 MBytes  23.1 Mbits/sec    4   29.9 KBytes       
[ 11]  27.00-28.00  sec  3.62 MBytes  30.4 Mbits/sec    7   32.7 KBytes       
[ 13]  27.00-28.00  sec  2.25 MBytes  18.9 Mbits/sec    5   32.7 KBytes       
[ 15]  27.00-28.00  sec  1.75 MBytes  14.7 Mbits/sec    8   20.4 KBytes       
[SUM]  27.00-28.00  sec  12.0 MBytes   101 Mbits/sec   30             
- - - - - - - - - - - - - - - - - - - - - - - - -
[  6]  28.00-29.00  sec  1.50 MBytes  12.6 Mbits/sec   12   20.4 KBytes       
[  9]  28.00-29.00  sec  2.25 MBytes  18.9 Mbits/sec    6   23.1 KBytes       
[ 11]  28.00-29.00  sec  3.12 MBytes  26.2 Mbits/sec    9   21.8 KBytes       
[ 13]  28.00-29.00  sec  1.75 MBytes  14.7 Mbits/sec   10   15.0 KBytes       
[ 15]  28.00-29.00  sec  1.50 MBytes  12.6 Mbits/sec   10   27.2 KBytes       
[SUM]  28.00-29.00  sec  10.1 MBytes  84.9 Mbits/sec   47             
- - - - - - - - - - - - - - - - - - - - - - - - -
[  6]  29.00-30.00  sec  2.38 MBytes  19.9 Mbits/sec    5   36.8 KBytes       
[  9]  29.00-30.00  sec  1.25 MBytes  10.5 Mbits/sec   16   17.7 KBytes       
[ 11]  29.00-30.00  sec  2.50 MBytes  21.0 Mbits/sec   17   25.9 KBytes       
[ 13]  29.00-30.00  sec  2.25 MBytes  18.9 Mbits/sec    5   24.5 KBytes       
[ 15]  29.00-30.00  sec  2.62 MBytes  22.0 Mbits/sec   10   15.0 KBytes       
[SUM]  29.00-30.00  sec  11.0 MBytes  92.3 Mbits/sec   53             
- - - - - - - - - - - - - - - - - - - - - - - - -
[  6]  30.00-30.01  sec  0.00 Bytes  0.00 bits/sec    0   38.1 KBytes       
[  9]  30.00-30.01  sec   128 KBytes   105 Mbits/sec    0   17.7 KBytes       
[ 11]  30.00-30.01  sec  0.00 Bytes  0.00 bits/sec    0   27.2 KBytes       
[ 13]  30.00-30.01  sec  0.00 Bytes  0.00 bits/sec    0   25.9 KBytes       
[ 15]  30.00-30.01  sec  0.00 Bytes  0.00 bits/sec    0   16.3 KBytes       
[SUM]  30.00-30.01  sec   128 KBytes   105 Mbits/sec    0             
- - - - - - - - - - - - - - - - - - - - - - - - -
[ ID] Interval           Transfer     Bitrate         Retr
[  6]   0.00-30.01  sec  61.9 MBytes  17.3 Mbits/sec  222            sender
[  9]   0.00-30.01  sec  56.8 MBytes  15.9 Mbits/sec  210            sender
[ 11]   0.00-30.01  sec  78.8 MBytes  22.0 Mbits/sec  308            sender
[ 13]   0.00-30.01  sec  60.6 MBytes  16.9 Mbits/sec  236            sender
[ 15]   0.00-30.01  sec  66.1 MBytes  18.5 Mbits/sec  241            sender
[SUM]   0.00-30.01  sec   324 MBytes  90.6 Mbits/sec  1217             sender
-----------------------------------------------------------
Server listening on 5201 (test #3)
-----------------------------------------------------------
Accepted connection from 128.220.159.221, port 64142
[  6] local 192.168.135.129 port 5201 connected to 128.220.159.221 port 23680
[  9] local 192.168.135.129 port 5201 connected to 128.220.159.221 port 23007
[ 11] local 192.168.135.129 port 5201 connected to 128.220.159.221 port 30728
[ 13] local 192.168.135.129 port 5201 connected to 128.220.159.221 port 21028
[ 15] local 192.168.135.129 port 5201 connected to 128.220.159.221 port 27783
[ ID] Interval           Transfer     Bitrate         Retr  Cwnd
[  6]   0.00-1.00   sec  5.88 MBytes  49.2 Mbits/sec   13   24.5 KBytes       
[  9]   0.00-1.00   sec  4.25 MBytes  35.6 Mbits/sec    7   25.9 KBytes       
[ 11]   0.00-1.00   sec  1.12 MBytes  9.43 Mbits/sec    8   13.6 KBytes       
[ 13]   0.00-1.00   sec  3.88 MBytes  32.5 Mbits/sec   11   16.3 KBytes       
[ 15]   0.00-1.00   sec  4.88 MBytes  40.9 Mbits/sec    9   28.6 KBytes       
[SUM]   0.00-1.00   sec  20.0 MBytes   168 Mbits/sec   48             
- - - - - - - - - - - - - - - - - - - - - - - - -
[  6]   1.00-2.00   sec  2.38 MBytes  19.9 Mbits/sec    8   13.6 KBytes       
[  9]   1.00-2.00   sec  1.88 MBytes  15.7 Mbits/sec   10   9.53 KBytes       
[ 11]   1.00-2.00   sec  1.50 MBytes  12.6 Mbits/sec    6   20.4 KBytes       
[ 13]   1.00-2.00   sec  1.50 MBytes  12.6 Mbits/sec    8   13.6 KBytes       
[ 15]   1.00-2.00   sec  1.75 MBytes  14.7 Mbits/sec   10   10.9 KBytes       
[SUM]   1.00-2.00   sec  9.00 MBytes  75.5 Mbits/sec   42             
- - - - - - - - - - - - - - - - - - - - - - - - -
[  6]   2.00-3.00   sec  1.50 MBytes  12.6 Mbits/sec    9   21.8 KBytes       
[  9]   2.00-3.00   sec  1.50 MBytes  12.6 Mbits/sec    7   15.0 KBytes       
[ 11]   2.00-3.00   sec  1.62 MBytes  13.6 Mbits/sec    8   10.9 KBytes       
[ 13]   2.00-3.00   sec  1.62 MBytes  13.6 Mbits/sec    8   13.6 KBytes       
[ 15]   2.00-3.00   sec  1.50 MBytes  12.6 Mbits/sec    5   16.3 KBytes       
[SUM]   2.00-3.00   sec  7.75 MBytes  65.0 Mbits/sec   37             
- - - - - - - - - - - - - - - - - - - - - - - - -
[  6]   3.00-4.00   sec  2.38 MBytes  19.9 Mbits/sec    9   13.6 KBytes       
[  9]   3.00-4.00   sec  2.00 MBytes  16.8 Mbits/sec    5   17.7 KBytes       
[ 11]   3.00-4.00   sec  1.62 MBytes  13.6 Mbits/sec    6   21.8 KBytes       
[ 13]   3.00-4.00   sec  1.00 MBytes  8.39 Mbits/sec    9   19.1 KBytes       
[ 15]   3.00-4.00   sec  1.50 MBytes  12.6 Mbits/sec    9   24.5 KBytes       
[SUM]   3.00-4.00   sec  8.50 MBytes  71.3 Mbits/sec   38             
- - - - - - - - - - - - - - - - - - - - - - - - -
[  6]   4.00-5.00   sec  1.88 MBytes  15.7 Mbits/sec    9   10.9 KBytes       
[  9]   4.00-5.00   sec  1.50 MBytes  12.6 Mbits/sec    7   16.3 KBytes       
[ 11]   4.00-5.00   sec  1.88 MBytes  15.7 Mbits/sec   10   20.4 KBytes       
[ 13]   4.00-5.00   sec  1.62 MBytes  13.6 Mbits/sec    8   13.6 KBytes       
[ 15]   4.00-5.00   sec  1.88 MBytes  15.7 Mbits/sec    7   17.7 KBytes       
[SUM]   4.00-5.00   sec  8.75 MBytes  73.4 Mbits/sec   41             
- - - - - - - - - - - - - - - - - - - - - - - - -
[  6]   5.00-6.00   sec  2.88 MBytes  24.1 Mbits/sec    6   15.0 KBytes       
[  9]   5.00-6.00   sec  1.38 MBytes  11.5 Mbits/sec    9   10.9 KBytes       
[ 11]   5.00-6.00   sec  2.12 MBytes  17.8 Mbits/sec    6   20.4 KBytes       
[ 13]   5.00-6.00   sec  2.12 MBytes  17.8 Mbits/sec    7   19.1 KBytes       
[ 15]   5.00-6.00   sec  1.38 MBytes  11.5 Mbits/sec    8   12.3 KBytes       
[SUM]   5.00-6.00   sec  9.88 MBytes  82.8 Mbits/sec   36             
- - - - - - - - - - - - - - - - - - - - - - - - -
[  6]   6.00-7.00   sec  2.25 MBytes  18.9 Mbits/sec    7   17.7 KBytes       
[  9]   6.00-7.00   sec  1.75 MBytes  14.7 Mbits/sec    7   9.53 KBytes       
[ 11]   6.00-7.00   sec  1.88 MBytes  15.7 Mbits/sec    5   31.3 KBytes       
[ 13]   6.00-7.00   sec  1.50 MBytes  12.6 Mbits/sec    6   16.3 KBytes       
[ 15]   6.00-7.00   sec  1.88 MBytes  15.7 Mbits/sec    6   20.4 KBytes       
[SUM]   6.00-7.00   sec  9.25 MBytes  77.6 Mbits/sec   31             
- - - - - - - - - - - - - - - - - - - - - - - - -
[  6]   7.00-8.00   sec  2.00 MBytes  16.8 Mbits/sec   11   10.9 KBytes       
[  9]   7.00-8.00   sec  1.25 MBytes  10.5 Mbits/sec    7   13.6 KBytes       
[ 11]   7.00-8.00   sec  1.50 MBytes  12.6 Mbits/sec    9   23.1 KBytes       
[ 13]   7.00-8.00   sec  2.12 MBytes  17.8 Mbits/sec    6   13.6 KBytes       
[ 15]   7.00-8.00   sec  1.88 MBytes  15.7 Mbits/sec    7   16.3 KBytes       
[SUM]   7.00-8.00   sec  8.75 MBytes  73.4 Mbits/sec   40             
- - - - - - - - - - - - - - - - - - - - - - - - -
[  6]   8.00-9.00   sec  2.25 MBytes  18.9 Mbits/sec    9   15.0 KBytes       
[  9]   8.00-9.00   sec  2.00 MBytes  16.8 Mbits/sec    4   28.6 KBytes       
[ 11]   8.00-9.00   sec  2.00 MBytes  16.8 Mbits/sec    6   27.2 KBytes       
[ 13]   8.00-9.00   sec  1.50 MBytes  12.6 Mbits/sec    7   17.7 KBytes       
[ 15]   8.00-9.00   sec  2.12 MBytes  17.8 Mbits/sec    5   24.5 KBytes       
[SUM]   8.00-9.00   sec  9.88 MBytes  82.8 Mbits/sec   31             
- - - - - - - - - - - - - - - - - - - - - - - - -
[  6]   9.00-10.00  sec  1.88 MBytes  15.7 Mbits/sec    8   12.3 KBytes       
[  9]   9.00-10.00  sec  1.62 MBytes  13.6 Mbits/sec    7   24.5 KBytes       
[ 11]   9.00-10.00  sec  1.75 MBytes  14.7 Mbits/sec    7   28.6 KBytes       
[ 13]   9.00-10.00  sec  1.62 MBytes  13.6 Mbits/sec    7   20.4 KBytes       
[ 15]   9.00-10.00  sec  1.12 MBytes  9.44 Mbits/sec    8   21.8 KBytes       
[SUM]   9.00-10.00  sec  8.00 MBytes  67.1 Mbits/sec   37             
- - - - - - - - - - - - - - - - - - - - - - - - -
[  6]  10.00-11.00  sec  1.88 MBytes  15.7 Mbits/sec    8   20.4 KBytes       
[  9]  10.00-11.00  sec  1.88 MBytes  15.7 Mbits/sec    6   32.7 KBytes       
[ 11]  10.00-11.00  sec  2.38 MBytes  19.9 Mbits/sec    6   16.3 KBytes       
[ 13]  10.00-11.00  sec  1.88 MBytes  15.7 Mbits/sec    5   21.8 KBytes       
[ 15]  10.00-11.00  sec  1.88 MBytes  15.7 Mbits/sec    8   20.4 KBytes       
[SUM]  10.00-11.00  sec  9.88 MBytes  82.8 Mbits/sec   33             
- - - - - - - - - - - - - - - - - - - - - - - - -
[  6]  11.00-12.00  sec  1.38 MBytes  11.5 Mbits/sec   12   19.1 KBytes       
[  9]  11.00-12.00  sec  2.00 MBytes  16.8 Mbits/sec    6   23.1 KBytes       
[ 11]  11.00-12.00  sec  1.88 MBytes  15.7 Mbits/sec    6   20.4 KBytes       
[ 13]  11.00-12.00  sec  1.75 MBytes  14.7 Mbits/sec    8   16.3 KBytes       
[ 15]  11.00-12.00  sec  1.50 MBytes  12.6 Mbits/sec    9   16.3 KBytes       
[SUM]  11.00-12.00  sec  8.50 MBytes  71.3 Mbits/sec   41             
- - - - - - - - - - - - - - - - - - - - - - - - -
[  6]  12.00-13.00  sec  2.12 MBytes  17.8 Mbits/sec    9   13.6 KBytes       
[  9]  12.00-13.00  sec  2.25 MBytes  18.9 Mbits/sec   10   15.0 KBytes       
[ 11]  12.00-13.00  sec  1.62 MBytes  13.6 Mbits/sec    6   24.5 KBytes       
[ 13]  12.00-13.00  sec  1.62 MBytes  13.6 Mbits/sec    6   20.4 KBytes       
[ 15]  12.00-13.00  sec  2.12 MBytes  17.8 Mbits/sec    7   15.0 KBytes       
[SUM]  12.00-13.00  sec  9.75 MBytes  81.8 Mbits/sec   38             
- - - - - - - - - - - - - - - - - - - - - - - - -
[  6]  13.00-14.00  sec  2.38 MBytes  19.9 Mbits/sec    8   16.3 KBytes       
[  9]  13.00-14.00  sec  1.75 MBytes  14.7 Mbits/sec    5   24.5 KBytes       
[ 11]  13.00-14.00  sec  1.62 MBytes  13.6 Mbits/sec   10   16.3 KBytes       
[ 13]  13.00-14.00  sec  1.88 MBytes  15.7 Mbits/sec   10   8.17 KBytes       
[ 15]  13.00-14.00  sec  1.50 MBytes  12.6 Mbits/sec    6   20.4 KBytes       
[SUM]  13.00-14.00  sec  9.12 MBytes  76.5 Mbits/sec   39             
- - - - - - - - - - - - - - - - - - - - - - - - -
[  6]  14.00-15.00  sec  1.38 MBytes  11.5 Mbits/sec    9   13.6 KBytes       
[  9]  14.00-15.00  sec  1.88 MBytes  15.7 Mbits/sec    8   12.3 KBytes       
[ 11]  14.00-15.00  sec  1.75 MBytes  14.7 Mbits/sec    6   15.0 KBytes       
[ 13]  14.00-15.00  sec  1.75 MBytes  14.7 Mbits/sec    8   13.6 KBytes       
[ 15]  14.00-15.00  sec  2.88 MBytes  24.1 Mbits/sec    4   23.1 KBytes       
[SUM]  14.00-15.00  sec  9.62 MBytes  80.7 Mbits/sec   35             
- - - - - - - - - - - - - - - - - - - - - - - - -
[  6]  15.00-16.00  sec  2.25 MBytes  18.9 Mbits/sec   10   16.3 KBytes       
[  9]  15.00-16.00  sec  1.12 MBytes  9.44 Mbits/sec    9   21.8 KBytes       
[ 11]  15.00-16.00  sec  1.50 MBytes  12.6 Mbits/sec    7   28.6 KBytes       
[ 13]  15.00-16.00  sec  1.62 MBytes  13.6 Mbits/sec    6   20.4 KBytes       
[ 15]  15.00-16.00  sec  2.25 MBytes  18.9 Mbits/sec    6   24.5 KBytes       
[SUM]  15.00-16.00  sec  8.75 MBytes  73.4 Mbits/sec   38             
- - - - - - - - - - - - - - - - - - - - - - - - -
[  6]  16.00-17.00  sec  2.75 MBytes  23.1 Mbits/sec    5   25.9 KBytes       
[  9]  16.00-17.00  sec  2.00 MBytes  16.8 Mbits/sec    5   24.5 KBytes       
[ 11]  16.00-17.00  sec  2.00 MBytes  16.8 Mbits/sec    6   23.1 KBytes       
[ 13]  16.00-17.00  sec  1.38 MBytes  11.5 Mbits/sec    8   21.8 KBytes       
[ 15]  16.00-17.00  sec  1.12 MBytes  9.44 Mbits/sec    9   16.3 KBytes       
[SUM]  16.00-17.00  sec  9.25 MBytes  77.6 Mbits/sec   33             
- - - - - - - - - - - - - - - - - - - - - - - - -
[  6]  17.00-18.00  sec  1.88 MBytes  15.7 Mbits/sec    9   23.1 KBytes       
[  9]  17.00-18.00  sec  1.88 MBytes  15.7 Mbits/sec    7   21.8 KBytes       
[ 11]  17.00-18.00  sec  1.75 MBytes  14.7 Mbits/sec    6   20.4 KBytes       
[ 13]  17.00-18.00  sec  1.75 MBytes  14.7 Mbits/sec    7   17.7 KBytes       
[ 15]  17.00-18.00  sec  1.50 MBytes  12.6 Mbits/sec    8   15.0 KBytes       
[SUM]  17.00-18.00  sec  8.75 MBytes  73.4 Mbits/sec   37             
- - - - - - - - - - - - - - - - - - - - - - - - -
[  6]  18.00-19.00  sec  2.25 MBytes  18.9 Mbits/sec    8   19.1 KBytes       
[  9]  18.00-19.00  sec  1.38 MBytes  11.5 Mbits/sec    9   10.9 KBytes       
[ 11]  18.00-19.00  sec  2.50 MBytes  21.0 Mbits/sec    5   16.3 KBytes       
[ 13]  18.00-19.00  sec  1.38 MBytes  11.5 Mbits/sec    6   23.1 KBytes       
[ 15]  18.00-19.00  sec  1.75 MBytes  14.7 Mbits/sec    5   23.1 KBytes       
[SUM]  18.00-19.00  sec  9.25 MBytes  77.6 Mbits/sec   33             
- - - - - - - - - - - - - - - - - - - - - - - - -
[  6]  19.00-20.00  sec  1.75 MBytes  14.7 Mbits/sec    7   23.1 KBytes       
[  9]  19.00-20.00  sec  1.88 MBytes  15.7 Mbits/sec    5   23.1 KBytes       
[ 11]  19.00-20.00  sec  1.88 MBytes  15.7 Mbits/sec    6   20.4 KBytes       
[ 13]  19.00-20.00  sec  1.62 MBytes  13.6 Mbits/sec    8   12.3 KBytes       
[ 15]  19.00-20.00  sec  1.88 MBytes  15.7 Mbits/sec    6   19.1 KBytes       
[SUM]  19.00-20.00  sec  9.00 MBytes  75.5 Mbits/sec   32             
- - - - - - - - - - - - - - - - - - - - - - - - -
[  6]  20.00-21.00  sec  2.50 MBytes  21.0 Mbits/sec    7   21.8 KBytes       
[  9]  20.00-21.00  sec  1.50 MBytes  12.6 Mbits/sec    9   12.3 KBytes       
[ 11]  20.00-21.00  sec  1.75 MBytes  14.7 Mbits/sec    6   28.6 KBytes       
[ 13]  20.00-21.00  sec  1.38 MBytes  11.5 Mbits/sec    5   24.5 KBytes       
[ 15]  20.00-21.00  sec  1.50 MBytes  12.6 Mbits/sec    6   19.1 KBytes       
[SUM]  20.00-21.00  sec  8.62 MBytes  72.4 Mbits/sec   33             
- - - - - - - - - - - - - - - - - - - - - - - - -
[  6]  21.00-22.00  sec  2.38 MBytes  19.9 Mbits/sec    9   20.4 KBytes       
[  9]  21.00-22.00  sec  1.88 MBytes  15.7 Mbits/sec    5   16.3 KBytes       
[ 11]  21.00-22.00  sec  1.50 MBytes  12.6 Mbits/sec    8   23.1 KBytes       
[ 13]  21.00-22.00  sec  1.88 MBytes  15.7 Mbits/sec    6   24.5 KBytes       
[ 15]  21.00-22.00  sec  1.38 MBytes  11.5 Mbits/sec    9   19.1 KBytes       
[SUM]  21.00-22.00  sec  9.00 MBytes  75.5 Mbits/sec   37             
- - - - - - - - - - - - - - - - - - - - - - - - -
[  6]  22.00-23.00  sec  1.88 MBytes  15.7 Mbits/sec    9   19.1 KBytes       
[  9]  22.00-23.00  sec  1.62 MBytes  13.6 Mbits/sec    6   13.6 KBytes       
[ 11]  22.00-23.00  sec  2.38 MBytes  19.9 Mbits/sec    5   16.3 KBytes       
[ 13]  22.00-23.00  sec  1.50 MBytes  12.6 Mbits/sec    8   13.6 KBytes       
[ 15]  22.00-23.00  sec  1.88 MBytes  15.7 Mbits/sec    8   17.7 KBytes       
[SUM]  22.00-23.00  sec  9.25 MBytes  77.6 Mbits/sec   36             
- - - - - - - - - - - - - - - - - - - - - - - - -
[  6]  23.00-24.00  sec  2.00 MBytes  16.8 Mbits/sec    6   20.4 KBytes       
[  9]  23.00-24.00  sec  2.12 MBytes  17.8 Mbits/sec    4   20.4 KBytes       
[ 11]  23.00-24.00  sec  1.75 MBytes  14.7 Mbits/sec    4   28.6 KBytes       
[ 13]  23.00-24.00  sec  2.50 MBytes  21.0 Mbits/sec    1   50.4 KBytes       
[ 15]  23.00-24.00  sec  1.88 MBytes  15.7 Mbits/sec    3   36.8 KBytes       
[SUM]  23.00-24.00  sec  10.2 MBytes  86.0 Mbits/sec   18             
- - - - - - - - - - - - - - - - - - - - - - - - -
[  6]  24.00-25.00  sec  1.50 MBytes  12.6 Mbits/sec   10   21.8 KBytes       
[  9]  24.00-25.00  sec  1.88 MBytes  15.7 Mbits/sec    6   21.8 KBytes       
[ 11]  24.00-25.00  sec  1.75 MBytes  14.7 Mbits/sec    6   21.8 KBytes       
[ 13]  24.00-25.00  sec  1.75 MBytes  14.7 Mbits/sec    9   17.7 KBytes       
[ 15]  24.00-25.00  sec  2.12 MBytes  17.8 Mbits/sec    6   21.8 KBytes       
[SUM]  24.00-25.00  sec  9.00 MBytes  75.5 Mbits/sec   37             
- - - - - - - - - - - - - - - - - - - - - - - - -
[  6]  25.00-26.00  sec  1.75 MBytes  14.7 Mbits/sec   10   13.6 KBytes       
[  9]  25.00-26.00  sec  2.25 MBytes  18.9 Mbits/sec    6   34.0 KBytes       
[ 11]  25.00-26.00  sec  1.88 MBytes  15.7 Mbits/sec    7   15.0 KBytes       
[ 13]  25.00-26.00  sec  1.50 MBytes  12.6 Mbits/sec    6   24.5 KBytes       
[ 15]  25.00-26.00  sec  1.50 MBytes  12.6 Mbits/sec    6   23.1 KBytes       
[SUM]  25.00-26.00  sec  8.88 MBytes  74.4 Mbits/sec   35             
- - - - - - - - - - - - - - - - - - - - - - - - -
[  6]  26.00-27.00  sec  1.75 MBytes  14.7 Mbits/sec    6   32.7 KBytes       
[  9]  26.00-27.00  sec  1.38 MBytes  11.5 Mbits/sec    8   15.0 KBytes       
[ 11]  26.00-27.00  sec  1.62 MBytes  13.6 Mbits/sec    6   16.3 KBytes       
[ 13]  26.00-27.00  sec  1.50 MBytes  12.6 Mbits/sec    6   28.6 KBytes       
[ 15]  26.00-27.00  sec  2.25 MBytes  18.9 Mbits/sec    5   29.9 KBytes       
[SUM]  26.00-27.00  sec  8.50 MBytes  71.3 Mbits/sec   31             
- - - - - - - - - - - - - - - - - - - - - - - - -
[  6]  27.00-28.00  sec  2.50 MBytes  21.0 Mbits/sec    9   23.1 KBytes       
[  9]  27.00-28.00  sec  1.50 MBytes  12.6 Mbits/sec    6   25.9 KBytes       
[ 11]  27.00-28.00  sec  1.75 MBytes  14.7 Mbits/sec    4   34.0 KBytes       
[ 13]  27.00-28.00  sec  1.88 MBytes  15.7 Mbits/sec    6   20.4 KBytes       
[ 15]  27.00-28.00  sec  1.75 MBytes  14.7 Mbits/sec    6   38.1 KBytes       
[SUM]  27.00-28.00  sec  9.38 MBytes  78.6 Mbits/sec   31             
- - - - - - - - - - - - - - - - - - - - - - - - -
[  6]  28.00-29.00  sec  1.38 MBytes  11.5 Mbits/sec   10   21.8 KBytes       
[  9]  28.00-29.00  sec  1.88 MBytes  15.7 Mbits/sec   10   16.3 KBytes       
[ 11]  28.00-29.00  sec  1.38 MBytes  11.5 Mbits/sec   11   9.53 KBytes       
[ 13]  28.00-29.00  sec  1.50 MBytes  12.6 Mbits/sec   12   10.9 KBytes       
[ 15]  28.00-29.00  sec  1.50 MBytes  12.6 Mbits/sec   15   24.5 KBytes       
[SUM]  28.00-29.00  sec  7.62 MBytes  64.0 Mbits/sec   58             
- - - - - - - - - - - - - - - - - - - - - - - - -
[  6]  29.00-30.00  sec  2.38 MBytes  19.9 Mbits/sec    6   31.3 KBytes       
[  9]  29.00-30.00  sec  1.62 MBytes  13.6 Mbits/sec    5   28.6 KBytes       
[ 11]  29.00-30.00  sec  1.50 MBytes  12.6 Mbits/sec    6   17.7 KBytes       
[ 13]  29.00-30.00  sec  1.38 MBytes  11.5 Mbits/sec    8   16.3 KBytes       
[ 15]  29.00-30.00  sec  2.25 MBytes  18.9 Mbits/sec    5   31.3 KBytes       
[SUM]  29.00-30.00  sec  9.12 MBytes  76.5 Mbits/sec   30             
- - - - - - - - - - - - - - - - - - - - - - - - -
[ ID] Interval           Transfer     Bitrate         Retr
[  6]   0.00-30.01  sec  65.2 MBytes  18.2 Mbits/sec  256            sender
[  9]   0.00-30.01  sec  54.8 MBytes  15.3 Mbits/sec  205            sender
[ 11]   0.00-30.01  sec  53.1 MBytes  14.9 Mbits/sec  198            sender
[ 13]   0.00-30.01  sec  51.9 MBytes  14.5 Mbits/sec  216            sender
[ 15]   0.00-30.01  sec  56.2 MBytes  15.7 Mbits/sec  211            sender
[SUM]   0.00-30.01  sec   281 MBytes  78.6 Mbits/sec  1086             sender
-----------------------------------------------------------
Server listening on 5201 (test #4)
-----------------------------------------------------------
Accepted connection from 128.220.159.221, port 57678
[  6] local 192.168.135.129 port 5201 connected to 128.220.159.221 port 17099
[  9] local 192.168.135.129 port 5201 connected to 128.220.159.221 port 14987
[ 11] local 192.168.135.129 port 5201 connected to 128.220.159.221 port 36268
[ 13] local 192.168.135.129 port 5201 connected to 128.220.159.221 port 50379
[ 15] local 192.168.135.129 port 5201 connected to 128.220.159.221 port 10169
[ ID] Interval           Transfer     Bitrate         Retr  Cwnd
[  6]   0.00-1.00   sec  5.50 MBytes  46.1 Mbits/sec   14   13.6 KBytes       
[  9]   0.00-1.00   sec  6.00 MBytes  50.3 Mbits/sec   15   69.4 KBytes       
[ 11]   0.00-1.00   sec  3.12 MBytes  26.2 Mbits/sec   11   10.9 KBytes       
[ 13]   0.00-1.00   sec  1.62 MBytes  13.6 Mbits/sec    5   20.4 KBytes       
[ 15]   0.00-1.00   sec  7.00 MBytes  58.7 Mbits/sec   18   16.3 KBytes       
[SUM]   0.00-1.00   sec  23.2 MBytes   195 Mbits/sec   63             
- - - - - - - - - - - - - - - - - - - - - - - - -
[  6]   1.00-2.00   sec  1.50 MBytes  12.6 Mbits/sec   13   16.3 KBytes       
[  9]   1.00-2.00   sec  1.38 MBytes  11.5 Mbits/sec   15   10.9 KBytes       
[ 11]   1.00-2.00   sec  2.50 MBytes  21.0 Mbits/sec   11   10.9 KBytes       
[ 13]   1.00-2.00   sec  2.12 MBytes  17.8 Mbits/sec    6   23.1 KBytes       
[ 15]   1.00-2.00   sec  1.88 MBytes  15.7 Mbits/sec    6   28.6 KBytes       
[SUM]   1.00-2.00   sec  9.38 MBytes  78.6 Mbits/sec   51             
- - - - - - - - - - - - - - - - - - - - - - - - -
[  6]   2.00-3.00   sec  2.12 MBytes  17.8 Mbits/sec   11   12.3 KBytes       
[  9]   2.00-3.00   sec  1.50 MBytes  12.6 Mbits/sec    5   17.7 KBytes       
[ 11]   2.00-3.00   sec  2.00 MBytes  16.8 Mbits/sec   10   16.3 KBytes       
[ 13]   2.00-3.00   sec  1.62 MBytes  13.6 Mbits/sec   12   10.9 KBytes       
[ 15]   2.00-3.00   sec  1.88 MBytes  15.7 Mbits/sec   19   12.3 KBytes       
[SUM]   2.00-3.00   sec  9.12 MBytes  76.5 Mbits/sec   57             
- - - - - - - - - - - - - - - - - - - - - - - - -
[  6]   3.00-4.00   sec  2.62 MBytes  22.0 Mbits/sec    8   35.4 KBytes       
[  9]   3.00-4.00   sec  1.50 MBytes  12.6 Mbits/sec    5   20.4 KBytes       
[ 11]   3.00-4.00   sec  3.38 MBytes  28.3 Mbits/sec    7   23.1 KBytes       
[ 13]   3.00-4.00   sec  2.25 MBytes  18.9 Mbits/sec    4   32.7 KBytes       
[ 15]   3.00-4.00   sec  1.50 MBytes  12.6 Mbits/sec    8   17.7 KBytes       
[SUM]   3.00-4.00   sec  11.2 MBytes  94.4 Mbits/sec   32             
- - - - - - - - - - - - - - - - - - - - - - - - -
[  6]   4.00-5.00   sec  3.88 MBytes  32.5 Mbits/sec    9   32.7 KBytes       
[  9]   4.00-5.00   sec  1.50 MBytes  12.6 Mbits/sec    6   13.6 KBytes       
[ 11]   4.00-5.00   sec  2.50 MBytes  21.0 Mbits/sec   10   16.3 KBytes       
[ 13]   4.00-5.00   sec  3.00 MBytes  25.2 Mbits/sec    4   31.3 KBytes       
[ 15]   4.00-5.00   sec  2.25 MBytes  18.9 Mbits/sec    9   20.4 KBytes       
[SUM]   4.00-5.00   sec  13.1 MBytes   110 Mbits/sec   38             
- - - - - - - - - - - - - - - - - - - - - - - - -
[  6]   5.00-6.00   sec  2.88 MBytes  24.1 Mbits/sec   11   13.6 KBytes       
[  9]   5.00-6.00   sec  1.00 MBytes  8.39 Mbits/sec    7   19.1 KBytes       
[ 11]   5.00-6.00   sec  2.12 MBytes  17.8 Mbits/sec   10   20.4 KBytes       
[ 13]   5.00-6.00   sec  2.25 MBytes  18.9 Mbits/sec    5   28.6 KBytes       
[ 15]   5.00-6.00   sec  1.75 MBytes  14.7 Mbits/sec    9   12.3 KBytes       
[SUM]   5.00-6.00   sec  10.0 MBytes  83.9 Mbits/sec   42             
- - - - - - - - - - - - - - - - - - - - - - - - -
[  6]   6.00-7.00   sec  2.62 MBytes  22.0 Mbits/sec   11   8.17 KBytes       
[  9]   6.00-7.00   sec  1.88 MBytes  15.7 Mbits/sec    8   17.7 KBytes       
[ 11]   6.00-7.00   sec  2.50 MBytes  21.0 Mbits/sec    8   21.8 KBytes       
[ 13]   6.00-7.00   sec  3.00 MBytes  25.2 Mbits/sec    5   28.6 KBytes       
[ 15]   6.00-7.00   sec  2.38 MBytes  19.9 Mbits/sec    7   13.6 KBytes       
[SUM]   6.00-7.00   sec  12.4 MBytes   104 Mbits/sec   39             
- - - - - - - - - - - - - - - - - - - - - - - - -
[  6]   7.00-8.00   sec  1.88 MBytes  15.7 Mbits/sec   10   17.7 KBytes       
[  9]   7.00-8.00   sec  1.88 MBytes  15.7 Mbits/sec    4   50.4 KBytes       
[ 11]   7.00-8.00   sec  2.62 MBytes  22.0 Mbits/sec    8   31.3 KBytes       
[ 13]   7.00-8.00   sec  2.00 MBytes  16.8 Mbits/sec    9   10.9 KBytes       
[ 15]   7.00-8.00   sec  2.50 MBytes  21.0 Mbits/sec    7   15.0 KBytes       
[SUM]   7.00-8.00   sec  10.9 MBytes  91.2 Mbits/sec   38             
- - - - - - - - - - - - - - - - - - - - - - - - -
[  6]   8.00-9.00   sec  2.88 MBytes  24.1 Mbits/sec    9   31.3 KBytes       
[  9]   8.00-9.00   sec  1.50 MBytes  12.6 Mbits/sec   12   12.3 KBytes       
[ 11]   8.00-9.00   sec  2.38 MBytes  19.9 Mbits/sec    9   20.4 KBytes       
[ 13]   8.00-9.00   sec  2.25 MBytes  18.9 Mbits/sec    3   38.1 KBytes       
[ 15]   8.00-9.00   sec  1.50 MBytes  12.6 Mbits/sec    9   15.0 KBytes       
[SUM]   8.00-9.00   sec  10.5 MBytes  88.1 Mbits/sec   42             
- - - - - - - - - - - - - - - - - - - - - - - - -
[  6]   9.00-10.00  sec  2.25 MBytes  18.9 Mbits/sec   11   16.3 KBytes       
[  9]   9.00-10.00  sec  1.75 MBytes  14.7 Mbits/sec    5   16.3 KBytes       
[ 11]   9.00-10.00  sec  2.12 MBytes  17.8 Mbits/sec   10   16.3 KBytes       
[ 13]   9.00-10.00  sec  1.75 MBytes  14.7 Mbits/sec    8   17.7 KBytes       
[ 15]   9.00-10.00  sec  1.88 MBytes  15.7 Mbits/sec    7   21.8 KBytes       
[SUM]   9.00-10.00  sec  9.75 MBytes  81.8 Mbits/sec   41             
- - - - - - - - - - - - - - - - - - - - - - - - -
[  6]  10.00-11.00  sec  3.38 MBytes  28.3 Mbits/sec    8   36.8 KBytes       
[  9]  10.00-11.00  sec  1.50 MBytes  12.6 Mbits/sec    3   35.4 KBytes       
[ 11]  10.00-11.00  sec  2.62 MBytes  22.0 Mbits/sec   10   19.1 KBytes       
[ 13]  10.00-11.00  sec  2.00 MBytes  16.8 Mbits/sec    6   17.7 KBytes       
[ 15]  10.00-11.00  sec  1.75 MBytes  14.7 Mbits/sec    9   17.7 KBytes       
[SUM]  10.00-11.00  sec  11.2 MBytes  94.4 Mbits/sec   36             
- - - - - - - - - - - - - - - - - - - - - - - - -
[  6]  11.00-12.00  sec  3.00 MBytes  25.2 Mbits/sec   10   15.0 KBytes       
[  9]  11.00-12.00  sec  1.88 MBytes  15.7 Mbits/sec    7   19.1 KBytes       
[ 11]  11.00-12.00  sec  2.88 MBytes  24.1 Mbits/sec    8   23.1 KBytes       
[ 13]  11.00-12.00  sec  1.88 MBytes  15.7 Mbits/sec    5   21.8 KBytes       
[ 15]  11.00-12.00  sec  1.50 MBytes  12.6 Mbits/sec    9   21.8 KBytes       
[SUM]  11.00-12.00  sec  11.1 MBytes  93.3 Mbits/sec   39             
- - - - - - - - - - - - - - - - - - - - - - - - -
[  6]  12.00-13.00  sec  2.25 MBytes  18.9 Mbits/sec    9   29.9 KBytes       
[  9]  12.00-13.00  sec  1.38 MBytes  11.5 Mbits/sec    5   25.9 KBytes       
[ 11]  12.00-13.00  sec  3.50 MBytes  29.4 Mbits/sec    8   17.7 KBytes       
[ 13]  12.00-13.00  sec  1.75 MBytes  14.7 Mbits/sec    7   28.6 KBytes       
[ 15]  12.00-13.00  sec  2.38 MBytes  19.9 Mbits/sec    8   16.3 KBytes       
[SUM]  12.00-13.00  sec  11.2 MBytes  94.4 Mbits/sec   37             
- - - - - - - - - - - - - - - - - - - - - - - - -
[  6]  13.00-14.00  sec  2.50 MBytes  21.0 Mbits/sec   10   27.2 KBytes       
[  9]  13.00-14.00  sec  1.88 MBytes  15.7 Mbits/sec    4   29.9 KBytes       
[ 11]  13.00-14.00  sec  2.62 MBytes  22.0 Mbits/sec   13   19.1 KBytes       
[ 13]  13.00-14.00  sec  2.38 MBytes  19.9 Mbits/sec   10   24.5 KBytes       
[ 15]  13.00-14.00  sec  1.75 MBytes  14.7 Mbits/sec   12   12.3 KBytes       
[SUM]  13.00-14.00  sec  11.1 MBytes  93.3 Mbits/sec   49             
- - - - - - - - - - - - - - - - - - - - - - - - -
[  6]  14.00-15.00  sec  1.88 MBytes  15.7 Mbits/sec   13   16.3 KBytes       
[  9]  14.00-15.00  sec  1.50 MBytes  12.6 Mbits/sec    7   17.7 KBytes       
[ 11]  14.00-15.00  sec  2.00 MBytes  16.8 Mbits/sec   14   13.6 KBytes       
[ 13]  14.00-15.00  sec  2.12 MBytes  17.8 Mbits/sec    6   25.9 KBytes       
[ 15]  14.00-15.00  sec  1.88 MBytes  15.7 Mbits/sec    8   9.53 KBytes       
[SUM]  14.00-15.00  sec  9.38 MBytes  78.6 Mbits/sec   48             
- - - - - - - - - - - - - - - - - - - - - - - - -
[  6]  15.00-16.00  sec  2.12 MBytes  17.8 Mbits/sec   11   20.4 KBytes       
[  9]  15.00-16.00  sec  1.12 MBytes  9.44 Mbits/sec    7   16.3 KBytes       
[ 11]  15.00-16.00  sec  2.25 MBytes  18.9 Mbits/sec    9   28.6 KBytes       
[ 13]  15.00-16.00  sec  1.88 MBytes  15.7 Mbits/sec    9   9.53 KBytes       
[ 15]  15.00-16.00  sec  1.88 MBytes  15.7 Mbits/sec    8   15.0 KBytes       
[SUM]  15.00-16.00  sec  9.25 MBytes  77.6 Mbits/sec   44             
- - - - - - - - - - - - - - - - - - - - - - - - -
[  6]  16.00-17.00  sec  2.62 MBytes  22.0 Mbits/sec   12   17.7 KBytes       
[  9]  16.00-17.00  sec  1.00 MBytes  8.39 Mbits/sec    6   21.8 KBytes       
[ 11]  16.00-17.00  sec  3.00 MBytes  25.2 Mbits/sec    9   19.1 KBytes       
[ 13]  16.00-17.00  sec  1.62 MBytes  13.6 Mbits/sec    6   34.0 KBytes       
[ 15]  16.00-17.00  sec  1.38 MBytes  11.5 Mbits/sec    8   21.8 KBytes       
[SUM]  16.00-17.00  sec  9.62 MBytes  80.7 Mbits/sec   41             
- - - - - - - - - - - - - - - - - - - - - - - - -
[  6]  17.00-18.00  sec  2.62 MBytes  22.0 Mbits/sec    9   31.3 KBytes       
[  9]  17.00-18.00  sec  1.12 MBytes  9.44 Mbits/sec    6   21.8 KBytes       
[ 11]  17.00-18.00  sec  2.62 MBytes  22.0 Mbits/sec   10   16.3 KBytes       
[ 13]  17.00-18.00  sec  1.62 MBytes  13.6 Mbits/sec    7   34.0 KBytes       
[ 15]  17.00-18.00  sec  1.88 MBytes  15.7 Mbits/sec   12   10.9 KBytes       
[SUM]  17.00-18.00  sec  9.88 MBytes  82.8 Mbits/sec   44             
- - - - - - - - - - - - - - - - - - - - - - - - -
[  6]  18.00-19.00  sec  3.25 MBytes  27.3 Mbits/sec   10   15.0 KBytes       
[  9]  18.00-19.00  sec  2.25 MBytes  18.9 Mbits/sec    4   27.2 KBytes       
[ 11]  18.00-19.00  sec  2.25 MBytes  18.9 Mbits/sec    9   21.8 KBytes       
[ 13]  18.00-19.00  sec  1.75 MBytes  14.7 Mbits/sec    8   17.7 KBytes       
[ 15]  18.00-19.00  sec  1.50 MBytes  12.6 Mbits/sec    8   27.2 KBytes       
[SUM]  18.00-19.00  sec  11.0 MBytes  92.3 Mbits/sec   39             
- - - - - - - - - - - - - - - - - - - - - - - - -
[  6]  19.00-20.00  sec  3.38 MBytes  28.3 Mbits/sec    8   20.4 KBytes       
[  9]  19.00-20.00  sec  1.50 MBytes  12.6 Mbits/sec    5   21.8 KBytes       
[ 11]  19.00-20.00  sec  2.38 MBytes  19.9 Mbits/sec    9   25.9 KBytes       
[ 13]  19.00-20.00  sec  2.25 MBytes  18.9 Mbits/sec    4   34.0 KBytes       
[ 15]  19.00-20.00  sec  2.25 MBytes  18.9 Mbits/sec    7   29.9 KBytes       
[SUM]  19.00-20.00  sec  11.8 MBytes  98.6 Mbits/sec   33             
- - - - - - - - - - - - - - - - - - - - - - - - -
[  6]  20.00-21.00  sec  2.50 MBytes  21.0 Mbits/sec    9   21.8 KBytes       
[  9]  20.00-21.00  sec  1.75 MBytes  14.7 Mbits/sec    6   27.2 KBytes       
[ 11]  20.00-21.00  sec  2.88 MBytes  24.1 Mbits/sec   10   10.9 KBytes       
[ 13]  20.00-21.00  sec  2.50 MBytes  21.0 Mbits/sec    6   32.7 KBytes       
[ 15]  20.00-21.00  sec  1.75 MBytes  14.7 Mbits/sec   12   10.9 KBytes       
[SUM]  20.00-21.00  sec  11.4 MBytes  95.4 Mbits/sec   43             
- - - - - - - - - - - - - - - - - - - - - - - - -
[  6]  21.00-22.00  sec  3.75 MBytes  31.5 Mbits/sec    6   27.2 KBytes       
[  9]  21.00-22.00  sec  1.50 MBytes  12.6 Mbits/sec    6   20.4 KBytes       
[ 11]  21.00-22.00  sec  2.38 MBytes  19.9 Mbits/sec    7   24.5 KBytes       
[ 13]  21.00-22.00  sec  2.00 MBytes  16.8 Mbits/sec    6   27.2 KBytes       
[ 15]  21.00-22.00  sec  1.88 MBytes  15.7 Mbits/sec    7   20.4 KBytes       
[SUM]  21.00-22.00  sec  11.5 MBytes  96.5 Mbits/sec   32             
- - - - - - - - - - - - - - - - - - - - - - - - -
[  6]  22.00-23.00  sec  3.38 MBytes  28.3 Mbits/sec   10   23.1 KBytes       
[  9]  22.00-23.00  sec  1.12 MBytes  9.44 Mbits/sec    6   28.6 KBytes       
[ 11]  22.00-23.00  sec  2.00 MBytes  16.8 Mbits/sec   12   17.7 KBytes       
[ 13]  22.00-23.00  sec  1.88 MBytes  15.7 Mbits/sec   10   17.7 KBytes       
[ 15]  22.00-23.00  sec  1.88 MBytes  15.7 Mbits/sec    6   27.2 KBytes       
[SUM]  22.00-23.00  sec  10.2 MBytes  86.0 Mbits/sec   44             
- - - - - - - - - - - - - - - - - - - - - - - - -
[  6]  23.00-24.00  sec  2.50 MBytes  21.0 Mbits/sec   11   34.0 KBytes       
[  9]  23.00-24.00  sec  1.75 MBytes  14.7 Mbits/sec   15   20.4 KBytes       
[ 11]  23.00-24.00  sec  2.12 MBytes  17.8 Mbits/sec   12   21.8 KBytes       
[ 13]  23.00-24.00  sec  1.12 MBytes  9.44 Mbits/sec   11   10.9 KBytes       
[ 15]  23.00-24.00  sec  1.88 MBytes  15.7 Mbits/sec    8   28.6 KBytes       
[SUM]  23.00-24.00  sec  9.38 MBytes  78.6 Mbits/sec   57             
- - - - - - - - - - - - - - - - - - - - - - - - -
[  6]  24.00-25.00  sec  2.25 MBytes  18.9 Mbits/sec   14   25.9 KBytes       
[  9]  24.00-25.00  sec  1.12 MBytes  9.44 Mbits/sec    6   31.3 KBytes       
[ 11]  24.00-25.00  sec  2.38 MBytes  19.9 Mbits/sec   10   16.3 KBytes       
[ 13]  24.00-25.00  sec  1.75 MBytes  14.7 Mbits/sec    5   28.6 KBytes       
[ 15]  24.00-25.00  sec  2.12 MBytes  17.8 Mbits/sec    8   25.9 KBytes       
[SUM]  24.00-25.00  sec  9.62 MBytes  80.7 Mbits/sec   43             
- - - - - - - - - - - - - - - - - - - - - - - - -
[  6]  25.00-26.00  sec  3.12 MBytes  26.2 Mbits/sec    9   17.7 KBytes       
[  9]  25.00-26.00  sec  2.62 MBytes  22.0 Mbits/sec    4   25.9 KBytes       
[ 11]  25.00-26.00  sec  2.12 MBytes  17.8 Mbits/sec    9   23.1 KBytes       
[ 13]  25.00-26.00  sec  2.00 MBytes  16.8 Mbits/sec    8   19.1 KBytes       
[ 15]  25.00-26.00  sec  1.88 MBytes  15.7 Mbits/sec    9   13.6 KBytes       
[SUM]  25.00-26.00  sec  11.8 MBytes  98.6 Mbits/sec   39             
- - - - - - - - - - - - - - - - - - - - - - - - -
[  6]  26.00-27.00  sec  2.62 MBytes  22.0 Mbits/sec   11   23.1 KBytes       
[  9]  26.00-27.00  sec  1.50 MBytes  12.6 Mbits/sec    8   19.1 KBytes       
[ 11]  26.00-27.00  sec  2.25 MBytes  18.9 Mbits/sec   11   19.1 KBytes       
[ 13]  26.00-27.00  sec  1.38 MBytes  11.5 Mbits/sec    7   21.8 KBytes       
[ 15]  26.00-27.00  sec  2.25 MBytes  18.9 Mbits/sec    8   27.2 KBytes       
[SUM]  26.00-27.00  sec  10.0 MBytes  83.9 Mbits/sec   45             
- - - - - - - - - - - - - - - - - - - - - - - - -
[  6]  27.00-28.00  sec  2.50 MBytes  21.0 Mbits/sec   11   35.4 KBytes       
[  9]  27.00-28.00  sec  1.75 MBytes  14.7 Mbits/sec    3   47.6 KBytes       
[ 11]  27.00-28.00  sec  2.38 MBytes  19.9 Mbits/sec   10   13.6 KBytes       
[ 13]  27.00-28.00  sec  1.12 MBytes  9.44 Mbits/sec   10   23.1 KBytes       
[ 15]  27.00-28.00  sec  2.25 MBytes  18.9 Mbits/sec    7   24.5 KBytes       
[SUM]  27.00-28.00  sec  10.0 MBytes  83.9 Mbits/sec   41             
- - - - - - - - - - - - - - - - - - - - - - - - -
[  6]  28.00-29.00  sec  2.62 MBytes  22.0 Mbits/sec   10   19.1 KBytes       
[  9]  28.00-29.00  sec  1.88 MBytes  15.7 Mbits/sec    6   20.4 KBytes       
[ 11]  28.00-29.00  sec  2.25 MBytes  18.9 Mbits/sec    8   35.4 KBytes       
[ 13]  28.00-29.00  sec  1.88 MBytes  15.7 Mbits/sec    6   24.5 KBytes       
[ 15]  28.00-29.00  sec  1.88 MBytes  15.7 Mbits/sec    9   17.7 KBytes       
[SUM]  28.00-29.00  sec  10.5 MBytes  88.1 Mbits/sec   39             
- - - - - - - - - - - - - - - - - - - - - - - - -
[  6]  29.00-30.00  sec  1.88 MBytes  15.7 Mbits/sec   12   20.4 KBytes       
[  9]  29.00-30.00  sec  1.50 MBytes  12.6 Mbits/sec    6   17.7 KBytes       
[ 11]  29.00-30.00  sec  3.25 MBytes  27.3 Mbits/sec    7   27.2 KBytes       
[ 13]  29.00-30.00  sec  2.00 MBytes  16.8 Mbits/sec    6   20.4 KBytes       
[ 15]  29.00-30.00  sec  2.25 MBytes  18.9 Mbits/sec    7   23.1 KBytes       
[SUM]  29.00-30.00  sec  10.9 MBytes  91.2 Mbits/sec   38             
- - - - - - - - - - - - - - - - - - - - - - - - -
[ ID] Interval           Transfer     Bitrate         Retr
[  6]   0.00-30.01  sec  82.2 MBytes  23.0 Mbits/sec  310            sender
[  9]   0.00-30.01  sec  51.5 MBytes  14.4 Mbits/sec  202            sender
[ 11]   0.00-30.01  sec  75.4 MBytes  21.1 Mbits/sec  289            sender
[ 13]   0.00-30.01  sec  58.8 MBytes  16.4 Mbits/sec  204            sender
[ 15]   0.00-30.01  sec  62.6 MBytes  17.5 Mbits/sec  269            sender
[SUM]   0.00-30.01  sec   330 MBytes  92.4 Mbits/sec  1274             sender
-----------------------------------------------------------
Server listening on 5201 (test #5)
-----------------------------------------------------------
iperf3: interrupt - the server has terminated by signal Interrupt(2)
