-----------------------------------------------------------
Server listening on 5201 (test #1)
-----------------------------------------------------------
Accepted connection from 128.220.159.221, port 31982
[  6] local 192.168.135.129 port 5201 connected to 128.220.159.221 port 6558
[  9] local 192.168.135.129 port 5201 connected to 128.220.159.221 port 31057
[ 11] local 192.168.135.129 port 5201 connected to 128.220.159.221 port 2056
[ 13] local 192.168.135.129 port 5201 connected to 128.220.159.221 port 28926
[ 15] local 192.168.135.129 port 5201 connected to 128.220.159.221 port 31322
[ ID] Interval           Transfer     Bitrate         Retr  Cwnd
[  6]   0.00-1.00   sec  5.62 MBytes  47.1 Mbits/sec    4   66.7 KBytes       
[  9]   0.00-1.00   sec  6.88 MBytes  57.6 Mbits/sec    4   98.0 KBytes       
[ 11]   0.00-1.00   sec  6.88 MBytes  57.6 Mbits/sec    8   43.6 KBytes       
[ 13]   0.00-1.00   sec  4.12 MBytes  34.6 Mbits/sec    4   73.5 KBytes       
[ 15]   0.00-1.00   sec  5.62 MBytes  47.1 Mbits/sec    6   27.2 KBytes       
[SUM]   0.00-1.00   sec  29.1 MBytes   244 Mbits/sec   26             
- - - - - - - - - - - - - - - - - - - - - - - - -
[  6]   1.00-2.00   sec  3.50 MBytes  29.4 Mbits/sec    7   40.8 KBytes       
[  9]   1.00-2.00   sec  3.88 MBytes  32.5 Mbits/sec    5   44.9 KBytes       
[ 11]   1.00-2.00   sec  6.00 MBytes  50.3 Mbits/sec    5   20.4 KBytes       
[ 13]   1.00-2.00   sec  4.62 MBytes  38.8 Mbits/sec    4   66.7 KBytes       
[ 15]   1.00-2.00   sec  3.25 MBytes  27.3 Mbits/sec    5   25.9 KBytes       
[SUM]   1.00-2.00   sec  21.2 MBytes   178 Mbits/sec   26             
- - - - - - - - - - - - - - - - - - - - - - - - -
[  6]   2.00-3.00   sec  4.38 MBytes  36.7 Mbits/sec    4   47.6 KBytes       
[  9]   2.00-3.00   sec  3.12 MBytes  26.2 Mbits/sec    3   46.3 KBytes       
[ 11]   2.00-3.00   sec  2.88 MBytes  24.1 Mbits/sec    6   19.1 KBytes       
[ 13]   2.00-3.00   sec  6.00 MBytes  50.3 Mbits/sec    4   54.5 KBytes       
[ 15]   2.00-3.00   sec  3.88 MBytes  32.5 Mbits/sec    3   44.9 KBytes       
[SUM]   2.00-3.00   sec  20.2 MBytes   170 Mbits/sec   20             
- - - - - - - - - - - - - - - - - - - - - - - - -
[  6]   3.00-4.00   sec  3.50 MBytes  29.4 Mbits/sec   12   38.1 KBytes       
[  9]   3.00-4.00   sec  4.12 MBytes  34.6 Mbits/sec    1   81.7 KBytes       
[ 11]   3.00-4.00   sec  3.50 MBytes  29.4 Mbits/sec    1   65.3 KBytes       
[ 13]   3.00-4.00   sec  4.62 MBytes  38.8 Mbits/sec    5   57.2 KBytes       
[ 15]   3.00-4.00   sec  3.75 MBytes  31.5 Mbits/sec    8   27.2 KBytes       
[SUM]   3.00-4.00   sec  19.5 MBytes   164 Mbits/sec   27             
- - - - - - - - - - - - - - - - - - - - - - - - -
[  6]   4.00-5.00   sec  4.62 MBytes  38.8 Mbits/sec    3   49.0 KBytes       
[  9]   4.00-5.00   sec  4.38 MBytes  36.7 Mbits/sec    4   43.6 KBytes       
[ 11]   4.00-5.00   sec  5.25 MBytes  44.0 Mbits/sec    5   35.4 KBytes       
[ 13]   4.00-5.00   sec  6.00 MBytes  50.3 Mbits/sec    2   80.3 KBytes       
[ 15]   4.00-5.00   sec  2.50 MBytes  21.0 Mbits/sec    3   51.7 KBytes       
[SUM]   4.00-5.00   sec  22.8 MBytes   191 Mbits/sec   17             
- - - - - - - - - - - - - - - - - - - - - - - - -
[  6]   5.00-6.00   sec  3.62 MBytes  30.4 Mbits/sec    4   40.8 KBytes       
[  9]   5.00-6.00   sec  3.50 MBytes  29.4 Mbits/sec    3   46.3 KBytes       
[ 11]   5.00-6.00   sec  2.88 MBytes  24.1 Mbits/sec    4   43.6 KBytes       
[ 13]   5.00-6.00   sec  4.25 MBytes  35.7 Mbits/sec    6   31.3 KBytes       
[ 15]   5.00-6.00   sec  6.62 MBytes  55.6 Mbits/sec    1   83.0 KBytes       
[SUM]   5.00-6.00   sec  20.9 MBytes   175 Mbits/sec   18             
- - - - - - - - - - - - - - - - - - - - - - - - -
[  6]   6.00-7.00   sec  4.88 MBytes  40.9 Mbits/sec    3   44.9 KBytes       
[  9]   6.00-7.00   sec  2.75 MBytes  23.1 Mbits/sec    4   35.4 KBytes       
[ 11]   6.00-7.00   sec  3.00 MBytes  25.2 Mbits/sec    6   36.8 KBytes       
[ 13]   6.00-7.00   sec  4.75 MBytes  39.8 Mbits/sec    3   50.4 KBytes       
[ 15]   6.00-7.00   sec  5.75 MBytes  48.2 Mbits/sec    3   70.8 KBytes       
[SUM]   6.00-7.00   sec  21.1 MBytes   177 Mbits/sec   19             
- - - - - - - - - - - - - - - - - - - - - - - - -
[  6]   7.00-8.00   sec  5.75 MBytes  48.2 Mbits/sec    2   57.2 KBytes       
[  9]   7.00-8.00   sec  2.75 MBytes  23.1 Mbits/sec    4   32.7 KBytes       
[ 11]   7.00-8.00   sec  4.25 MBytes  35.7 Mbits/sec    3   43.6 KBytes       
[ 13]   7.00-8.00   sec  3.88 MBytes  32.5 Mbits/sec    4   39.5 KBytes       
[ 15]   7.00-8.00   sec  6.00 MBytes  50.3 Mbits/sec    4   36.8 KBytes       
[SUM]   7.00-8.00   sec  22.6 MBytes   190 Mbits/sec   17             
- - - - - - - - - - - - - - - - - - - - - - - - -
[  6]   8.00-9.00   sec  5.12 MBytes  43.0 Mbits/sec    5   36.8 KBytes       
[  9]   8.00-9.00   sec  2.88 MBytes  24.1 Mbits/sec    3   38.1 KBytes       
[ 11]   8.00-9.00   sec  4.25 MBytes  35.7 Mbits/sec    5   36.8 KBytes       
[ 13]   8.00-9.00   sec  4.12 MBytes  34.6 Mbits/sec    5   29.9 KBytes       
[ 15]   8.00-9.00   sec  3.88 MBytes  32.5 Mbits/sec    5   29.9 KBytes       
[SUM]   8.00-9.00   sec  20.2 MBytes   170 Mbits/sec   23             
- - - - - - - - - - - - - - - - - - - - - - - - -
[  6]   9.00-10.00  sec  4.00 MBytes  33.6 Mbits/sec    6   23.1 KBytes       
[  9]   9.00-10.00  sec  2.62 MBytes  22.0 Mbits/sec    4   53.1 KBytes       
[ 11]   9.00-10.00  sec  3.00 MBytes  25.2 Mbits/sec    7   25.9 KBytes       
[ 13]   9.00-10.00  sec  5.62 MBytes  47.2 Mbits/sec    2   58.5 KBytes       
[ 15]   9.00-10.00  sec  4.50 MBytes  37.7 Mbits/sec    3   47.6 KBytes       
[SUM]   9.00-10.00  sec  19.8 MBytes   166 Mbits/sec   22             
- - - - - - - - - - - - - - - - - - - - - - - - -
[  6]  10.00-11.00  sec  2.88 MBytes  24.1 Mbits/sec    5   42.2 KBytes       
[  9]  10.00-11.00  sec  3.62 MBytes  30.4 Mbits/sec    4   36.8 KBytes       
[ 11]  10.00-11.00  sec  3.88 MBytes  32.5 Mbits/sec    5   29.9 KBytes       
[ 13]  10.00-11.00  sec  6.00 MBytes  50.3 Mbits/sec    3   61.3 KBytes       
[ 15]  10.00-11.00  sec  4.75 MBytes  39.8 Mbits/sec    4   47.6 KBytes       
[SUM]  10.00-11.00  sec  21.1 MBytes   177 Mbits/sec   21             
- - - - - - - - - - - - - - - - - - - - - - - - -
[  6]  11.00-12.00  sec  4.00 MBytes  33.6 Mbits/sec    5   35.4 KBytes       
[  9]  11.00-12.00  sec  3.38 MBytes  28.3 Mbits/sec    5   16.3 KBytes       
[ 11]  11.00-12.00  sec  4.12 MBytes  34.6 Mbits/sec    4   50.4 KBytes       
[ 13]  11.00-12.00  sec  4.88 MBytes  40.9 Mbits/sec    4   57.2 KBytes       
[ 15]  11.00-12.00  sec  3.12 MBytes  26.2 Mbits/sec    7   34.0 KBytes       
[SUM]  11.00-12.00  sec  19.5 MBytes   164 Mbits/sec   25             
- - - - - - - - - - - - - - - - - - - - - - - - -
[  6]  12.00-13.00  sec  4.62 MBytes  38.8 Mbits/sec    3   50.4 KBytes       
[  9]  12.00-13.00  sec  2.00 MBytes  16.8 Mbits/sec    3   31.3 KBytes       
[ 11]  12.00-13.00  sec  4.62 MBytes  38.8 Mbits/sec    3   59.9 KBytes       
[ 13]  12.00-13.00  sec  5.50 MBytes  46.1 Mbits/sec    6   20.4 KBytes       
[ 15]  12.00-13.00  sec  3.75 MBytes  31.5 Mbits/sec    5   21.8 KBytes       
[SUM]  12.00-13.00  sec  20.5 MBytes   172 Mbits/sec   20             
- - - - - - - - - - - - - - - - - - - - - - - - -
[  6]  13.00-14.00  sec  5.25 MBytes  44.0 Mbits/sec   10   25.9 KBytes       
[  9]  13.00-14.00  sec  2.62 MBytes  22.0 Mbits/sec    3   42.2 KBytes       
[ 11]  13.00-14.00  sec  3.88 MBytes  32.5 Mbits/sec   13   42.2 KBytes       
[ 13]  13.00-14.00  sec  3.12 MBytes  26.2 Mbits/sec    6   25.9 KBytes       
[ 15]  13.00-14.00  sec  4.62 MBytes  38.8 Mbits/sec    3   53.1 KBytes       
[SUM]  13.00-14.00  sec  19.5 MBytes   164 Mbits/sec   35             
- - - - - - - - - - - - - - - - - - - - - - - - -
[  6]  14.00-15.00  sec  4.25 MBytes  35.7 Mbits/sec    4   27.2 KBytes       
[  9]  14.00-15.00  sec  4.12 MBytes  34.6 Mbits/sec    2   54.5 KBytes       
[ 11]  14.00-15.00  sec  3.75 MBytes  31.5 Mbits/sec    5   43.6 KBytes       
[ 13]  14.00-15.00  sec  3.88 MBytes  32.5 Mbits/sec    3   57.2 KBytes       
[ 15]  14.00-15.00  sec  4.00 MBytes  33.6 Mbits/sec    5   35.4 KBytes       
[SUM]  14.00-15.00  sec  20.0 MBytes   168 Mbits/sec   19             
- - - - - - - - - - - - - - - - - - - - - - - - -
[  6]  15.00-16.00  sec  4.25 MBytes  35.7 Mbits/sec    4   46.3 KBytes       
[  9]  15.00-16.00  sec  3.12 MBytes  26.2 Mbits/sec    7   10.9 KBytes       
[ 11]  15.00-16.00  sec  4.62 MBytes  38.8 Mbits/sec    4   40.8 KBytes       
[ 13]  15.00-16.00  sec  6.25 MBytes  52.4 Mbits/sec    4   53.1 KBytes       
[ 15]  15.00-16.00  sec  2.75 MBytes  23.1 Mbits/sec    9   16.3 KBytes       
[SUM]  15.00-16.00  sec  21.0 MBytes   176 Mbits/sec   28             
- - - - - - - - - - - - - - - - - - - - - - - - -
[  6]  16.00-17.00  sec  3.88 MBytes  32.5 Mbits/sec    5   34.0 KBytes       
[  9]  16.00-17.00  sec  3.12 MBytes  26.2 Mbits/sec    0   65.3 KBytes       
[ 11]  16.00-17.00  sec  4.75 MBytes  39.8 Mbits/sec    2   73.5 KBytes       
[ 13]  16.00-17.00  sec  3.62 MBytes  30.4 Mbits/sec    5   40.8 KBytes       
[ 15]  16.00-17.00  sec  4.75 MBytes  39.8 Mbits/sec    1   65.3 KBytes       
[SUM]  16.00-17.00  sec  20.1 MBytes   169 Mbits/sec   13             
- - - - - - - - - - - - - - - - - - - - - - - - -
[  6]  17.00-18.00  sec  3.50 MBytes  29.4 Mbits/sec    4   46.3 KBytes       
[  9]  17.00-18.00  sec  5.00 MBytes  41.9 Mbits/sec    2   62.6 KBytes       
[ 11]  17.00-18.00  sec  4.62 MBytes  38.8 Mbits/sec    6   25.9 KBytes       
[ 13]  17.00-18.00  sec  5.38 MBytes  45.1 Mbits/sec    1   79.0 KBytes       
[ 15]  17.00-18.00  sec  4.12 MBytes  34.6 Mbits/sec    4   47.6 KBytes       
[SUM]  17.00-18.00  sec  22.6 MBytes   190 Mbits/sec   17             
- - - - - - - - - - - - - - - - - - - - - - - - -
[  6]  18.00-19.00  sec  3.50 MBytes  29.4 Mbits/sec    6   47.6 KBytes       
[  9]  18.00-19.00  sec  4.00 MBytes  33.6 Mbits/sec    4   40.8 KBytes       
[ 11]  18.00-19.00  sec  3.00 MBytes  25.2 Mbits/sec    8   15.0 KBytes       
[ 13]  18.00-19.00  sec  4.88 MBytes  40.9 Mbits/sec    5   49.0 KBytes       
[ 15]  18.00-19.00  sec  4.12 MBytes  34.6 Mbits/sec    6   28.6 KBytes       
[SUM]  18.00-19.00  sec  19.5 MBytes   164 Mbits/sec   29             
- - - - - - - - - - - - - - - - - - - - - - - - -
[  6]  19.00-20.00  sec  5.38 MBytes  45.1 Mbits/sec    3   61.3 KBytes       
[  9]  19.00-20.00  sec  3.75 MBytes  31.5 Mbits/sec    2   55.8 KBytes       
[ 11]  19.00-20.00  sec  3.75 MBytes  31.5 Mbits/sec    2   50.4 KBytes       
[ 13]  19.00-20.00  sec  5.00 MBytes  41.9 Mbits/sec    3   69.4 KBytes       
[ 15]  19.00-20.00  sec  3.62 MBytes  30.4 Mbits/sec    4   40.8 KBytes       
[SUM]  19.00-20.00  sec  21.5 MBytes   180 Mbits/sec   14             
- - - - - - - - - - - - - - - - - - - - - - - - -
[  6]  20.00-21.00  sec  5.00 MBytes  42.0 Mbits/sec    4   65.3 KBytes       
[  9]  20.00-21.00  sec  2.38 MBytes  19.9 Mbits/sec    5   34.0 KBytes       
[ 11]  20.00-21.00  sec  3.38 MBytes  28.3 Mbits/sec    7   44.9 KBytes       
[ 13]  20.00-21.00  sec  5.38 MBytes  45.1 Mbits/sec    4   64.0 KBytes       
[ 15]  20.00-21.00  sec  4.00 MBytes  33.6 Mbits/sec    4   51.7 KBytes       
[SUM]  20.00-21.00  sec  20.1 MBytes   169 Mbits/sec   24             
- - - - - - - - - - - - - - - - - - - - - - - - -
[  6]  21.00-22.00  sec  2.88 MBytes  24.1 Mbits/sec    9   16.3 KBytes       
[  9]  21.00-22.00  sec  4.50 MBytes  37.7 Mbits/sec    3   29.9 KBytes       
[ 11]  21.00-22.00  sec  3.38 MBytes  28.3 Mbits/sec    5   39.5 KBytes       
[ 13]  21.00-22.00  sec  4.62 MBytes  38.8 Mbits/sec    6   32.7 KBytes       
[ 15]  21.00-22.00  sec  5.62 MBytes  47.2 Mbits/sec    4   38.1 KBytes       
[SUM]  21.00-22.00  sec  21.0 MBytes   176 Mbits/sec   27             
- - - - - - - - - - - - - - - - - - - - - - - - -
[  6]  22.00-23.00  sec  3.25 MBytes  27.3 Mbits/sec    5   36.8 KBytes       
[  9]  22.00-23.00  sec  2.12 MBytes  17.8 Mbits/sec    4   28.6 KBytes       
[ 11]  22.00-23.00  sec  6.50 MBytes  54.5 Mbits/sec    2   58.5 KBytes       
[ 13]  22.00-23.00  sec  4.38 MBytes  36.7 Mbits/sec    4   32.7 KBytes       
[ 15]  22.00-23.00  sec  3.75 MBytes  31.5 Mbits/sec    4   43.6 KBytes       
[SUM]  22.00-23.00  sec  20.0 MBytes   168 Mbits/sec   19             
- - - - - - - - - - - - - - - - - - - - - - - - -
[  6]  23.00-24.00  sec  4.62 MBytes  38.8 Mbits/sec    3   54.5 KBytes       
[  9]  23.00-24.00  sec  2.62 MBytes  22.0 Mbits/sec    4   44.9 KBytes       
[ 11]  23.00-24.00  sec  4.75 MBytes  39.8 Mbits/sec    5   43.6 KBytes       
[ 13]  23.00-24.00  sec  4.25 MBytes  35.7 Mbits/sec    5   25.9 KBytes       
[ 15]  23.00-24.00  sec  4.00 MBytes  33.6 Mbits/sec    6   40.8 KBytes       
[SUM]  23.00-24.00  sec  20.2 MBytes   170 Mbits/sec   23             
- - - - - - - - - - - - - - - - - - - - - - - - -
[  6]  24.00-25.00  sec  3.25 MBytes  27.3 Mbits/sec    9   50.4 KBytes       
[  9]  24.00-25.00  sec  3.88 MBytes  32.5 Mbits/sec    3   36.8 KBytes       
[ 11]  24.00-25.00  sec  5.88 MBytes  49.3 Mbits/sec    5   96.7 KBytes       
[ 13]  24.00-25.00  sec  2.38 MBytes  19.9 Mbits/sec    6   21.8 KBytes       
[ 15]  24.00-25.00  sec  3.88 MBytes  32.5 Mbits/sec    9   44.9 KBytes       
[SUM]  24.00-25.00  sec  19.2 MBytes   161 Mbits/sec   32             
- - - - - - - - - - - - - - - - - - - - - - - - -
[  6]  25.00-26.00  sec  4.75 MBytes  39.8 Mbits/sec    5   38.1 KBytes       
[  9]  25.00-26.00  sec  2.88 MBytes  24.1 Mbits/sec    4   27.2 KBytes       
[ 11]  25.00-26.00  sec  6.00 MBytes  50.3 Mbits/sec    4   68.1 KBytes       
[ 13]  25.00-26.00  sec  3.12 MBytes  26.2 Mbits/sec    5   25.9 KBytes       
[ 15]  25.00-26.00  sec  4.00 MBytes  33.6 Mbits/sec    4   43.6 KBytes       
[SUM]  25.00-26.00  sec  20.8 MBytes   174 Mbits/sec   22             
- - - - - - - - - - - - - - - - - - - - - - - - -
[  6]  26.00-27.00  sec  4.00 MBytes  33.6 Mbits/sec    5   31.3 KBytes       
[  9]  26.00-27.00  sec  2.75 MBytes  23.1 Mbits/sec    3   35.4 KBytes       
[ 11]  26.00-27.00  sec  6.00 MBytes  50.3 Mbits/sec    7   32.7 KBytes       
[ 13]  26.00-27.00  sec  3.62 MBytes  30.4 Mbits/sec    3   58.5 KBytes       
[ 15]  26.00-27.00  sec  5.38 MBytes  45.1 Mbits/sec    2   74.9 KBytes       
[SUM]  26.00-27.00  sec  21.8 MBytes   182 Mbits/sec   20             
- - - - - - - - - - - - - - - - - - - - - - - - -
[  6]  27.00-28.00  sec  4.00 MBytes  33.6 Mbits/sec    5   39.5 KBytes       
[  9]  27.00-28.00  sec  2.75 MBytes  23.1 Mbits/sec    3   43.6 KBytes       
[ 11]  27.00-28.00  sec  4.12 MBytes  34.6 Mbits/sec    3   57.2 KBytes       
[ 13]  27.00-28.00  sec  4.25 MBytes  35.7 Mbits/sec    7   20.4 KBytes       
[ 15]  27.00-28.00  sec  5.38 MBytes  45.1 Mbits/sec    9   23.1 KBytes       
[SUM]  27.00-28.00  sec  20.5 MBytes   172 Mbits/sec   27             
- - - - - - - - - - - - - - - - - - - - - - - - -
[  6]  28.00-29.00  sec  3.62 MBytes  30.4 Mbits/sec    8   21.8 KBytes       
[  9]  28.00-29.00  sec  2.75 MBytes  23.1 Mbits/sec    4   38.1 KBytes       
[ 11]  28.00-29.00  sec  4.75 MBytes  39.8 Mbits/sec    6   31.3 KBytes       
[ 13]  28.00-29.00  sec  2.75 MBytes  23.1 Mbits/sec    6   35.4 KBytes       
[ 15]  28.00-29.00  sec  4.50 MBytes  37.7 Mbits/sec    4   43.6 KBytes       
[SUM]  28.00-29.00  sec  18.4 MBytes   154 Mbits/sec   28             
- - - - - - - - - - - - - - - - - - - - - - - - -
[  6]  29.00-30.00  sec  3.38 MBytes  28.3 Mbits/sec    3   55.8 KBytes       
[  9]  29.00-30.00  sec  3.00 MBytes  25.2 Mbits/sec    3   43.6 KBytes       
[ 11]  29.00-30.00  sec  3.00 MBytes  25.2 Mbits/sec    7   20.4 KBytes       
[ 13]  29.00-30.00  sec  4.12 MBytes  34.6 Mbits/sec    3   65.3 KBytes       
[ 15]  29.00-30.00  sec  5.25 MBytes  44.0 Mbits/sec    3   55.8 KBytes       
[SUM]  29.00-30.00  sec  18.8 MBytes   157 Mbits/sec   19             
- - - - - - - - - - - - - - - - - - - - - - - - -
[ ID] Interval           Transfer     Bitrate         Retr
[  6]   0.00-30.01  sec   126 MBytes  35.1 Mbits/sec  155            sender
[  9]   0.00-30.01  sec   101 MBytes  28.3 Mbits/sec  103            sender
[ 11]   0.00-30.01  sec   131 MBytes  36.5 Mbits/sec  153            sender
[ 13]   0.00-30.01  sec   135 MBytes  37.8 Mbits/sec  128            sender
[ 15]   0.00-30.01  sec   131 MBytes  36.6 Mbits/sec  138            sender
[SUM]   0.00-30.01  sec   624 MBytes   174 Mbits/sec  677             sender
-----------------------------------------------------------
Server listening on 5201 (test #2)
-----------------------------------------------------------
iperf3: interrupt - the server has terminated by signal Interrupt(2)
