-----------------------------------------------------------
Server listening on 5201 (test #1)
-----------------------------------------------------------
Accepted connection from 128.220.159.221, port 8807
[  6] local 192.168.135.129 port 5201 connected to 128.220.159.221 port 24674
[  9] local 192.168.135.129 port 5201 connected to 128.220.159.221 port 12136
[ 11] local 192.168.135.129 port 5201 connected to 128.220.159.221 port 57253
[ 13] local 192.168.135.129 port 5201 connected to 128.220.159.221 port 40268
[ 15] local 192.168.135.129 port 5201 connected to 128.220.159.221 port 48350
[ ID] Interval           Transfer     Bitrate         Retr  Cwnd
[  6]   0.00-1.00   sec  4.88 MBytes  40.9 Mbits/sec    6   50.4 KBytes       
[  9]   0.00-1.00   sec  6.50 MBytes  54.5 Mbits/sec    8   51.7 KBytes       
[ 11]   0.00-1.00   sec  6.62 MBytes  55.5 Mbits/sec    7   50.4 KBytes       
[ 13]   0.00-1.00   sec  5.12 MBytes  42.9 Mbits/sec    4   84.4 KBytes       
[ 15]   0.00-1.00   sec  2.75 MBytes  23.0 Mbits/sec    4   46.3 KBytes       
[SUM]   0.00-1.00   sec  25.9 MBytes   217 Mbits/sec   29             
- - - - - - - - - - - - - - - - - - - - - - - - -
[  6]   1.00-2.00   sec  4.38 MBytes  36.7 Mbits/sec    5   28.6 KBytes       
[  9]   1.00-2.00   sec  4.25 MBytes  35.7 Mbits/sec    3   54.5 KBytes       
[ 11]   1.00-2.00   sec  3.25 MBytes  27.3 Mbits/sec    3   66.7 KBytes       
[ 13]   1.00-2.00   sec  6.25 MBytes  52.5 Mbits/sec   14   59.9 KBytes       
[ 15]   1.00-2.00   sec  4.12 MBytes  34.6 Mbits/sec    2   73.5 KBytes       
[SUM]   1.00-2.00   sec  22.2 MBytes   187 Mbits/sec   27             
- - - - - - - - - - - - - - - - - - - - - - - - -
[  6]   2.00-3.00   sec  2.75 MBytes  23.1 Mbits/sec    4   36.8 KBytes       
[  9]   2.00-3.00   sec  4.38 MBytes  36.7 Mbits/sec    4   36.8 KBytes       
[ 11]   2.00-3.00   sec  4.75 MBytes  39.8 Mbits/sec    5   27.2 KBytes       
[ 13]   2.00-3.00   sec  4.62 MBytes  38.8 Mbits/sec    4   39.5 KBytes       
[ 15]   2.00-3.00   sec  7.00 MBytes  58.7 Mbits/sec    2   74.9 KBytes       
[SUM]   2.00-3.00   sec  23.5 MBytes   197 Mbits/sec   19             
- - - - - - - - - - - - - - - - - - - - - - - - -
[  6]   3.00-4.00   sec  4.50 MBytes  37.7 Mbits/sec    2   65.3 KBytes       
[  9]   3.00-4.00   sec  3.88 MBytes  32.5 Mbits/sec    3   43.6 KBytes       
[ 11]   3.00-4.00   sec  3.12 MBytes  26.2 Mbits/sec    3   49.0 KBytes       
[ 13]   3.00-4.00   sec  3.25 MBytes  27.3 Mbits/sec    5   27.2 KBytes       
[ 15]   3.00-4.00   sec  5.00 MBytes  41.9 Mbits/sec    4   49.0 KBytes       
[SUM]   3.00-4.00   sec  19.8 MBytes   166 Mbits/sec   17             
- - - - - - - - - - - - - - - - - - - - - - - - -
[  6]   4.00-5.00   sec  3.75 MBytes  31.5 Mbits/sec    6   31.3 KBytes       
[  9]   4.00-5.00   sec  4.75 MBytes  39.8 Mbits/sec    3   58.5 KBytes       
[ 11]   4.00-5.00   sec  3.75 MBytes  31.5 Mbits/sec    6   27.2 KBytes       
[ 13]   4.00-5.00   sec  3.00 MBytes  25.2 Mbits/sec    4   31.3 KBytes       
[ 15]   4.00-5.00   sec  3.38 MBytes  28.3 Mbits/sec    6   40.8 KBytes       
[SUM]   4.00-5.00   sec  18.6 MBytes   156 Mbits/sec   25             
- - - - - - - - - - - - - - - - - - - - - - - - -
[  6]   5.00-6.00   sec  4.25 MBytes  35.7 Mbits/sec    5   19.1 KBytes       
[  9]   5.00-6.00   sec  4.25 MBytes  35.7 Mbits/sec    7   19.1 KBytes       
[ 11]   5.00-6.00   sec  3.38 MBytes  28.3 Mbits/sec    5   27.2 KBytes       
[ 13]   5.00-6.00   sec  3.25 MBytes  27.3 Mbits/sec    4   32.7 KBytes       
[ 15]   5.00-6.00   sec  3.62 MBytes  30.4 Mbits/sec    4   43.6 KBytes       
[SUM]   5.00-6.00   sec  18.8 MBytes   157 Mbits/sec   25             
- - - - - - - - - - - - - - - - - - - - - - - - -
[  6]   6.00-7.00   sec  3.12 MBytes  26.2 Mbits/sec    4   34.0 KBytes       
[  9]   6.00-7.00   sec  4.12 MBytes  34.6 Mbits/sec    3   32.7 KBytes       
[ 11]   6.00-7.00   sec  4.12 MBytes  34.6 Mbits/sec    4   35.4 KBytes       
[ 13]   6.00-7.00   sec  4.50 MBytes  37.7 Mbits/sec    2   53.1 KBytes       
[ 15]   6.00-7.00   sec  4.88 MBytes  40.9 Mbits/sec    2   81.7 KBytes       
[SUM]   6.00-7.00   sec  20.8 MBytes   174 Mbits/sec   15             
- - - - - - - - - - - - - - - - - - - - - - - - -
[  6]   7.00-8.00   sec  4.25 MBytes  35.7 Mbits/sec    3   39.5 KBytes       
[  9]   7.00-8.00   sec  5.50 MBytes  46.1 Mbits/sec    1   72.2 KBytes       
[ 11]   7.00-8.00   sec  4.25 MBytes  35.7 Mbits/sec    2   61.3 KBytes       
[ 13]   7.00-8.00   sec  4.00 MBytes  33.6 Mbits/sec    5   25.9 KBytes       
[ 15]   7.00-8.00   sec  5.88 MBytes  49.3 Mbits/sec    4   49.0 KBytes       
[SUM]   7.00-8.00   sec  23.9 MBytes   200 Mbits/sec   15             
- - - - - - - - - - - - - - - - - - - - - - - - -
[  6]   8.00-9.00   sec  3.88 MBytes  32.5 Mbits/sec    6   34.0 KBytes       
[  9]   8.00-9.00   sec  4.25 MBytes  35.7 Mbits/sec    7   32.7 KBytes       
[ 11]   8.00-9.00   sec  5.12 MBytes  43.0 Mbits/sec    5   40.8 KBytes       
[ 13]   8.00-9.00   sec  3.38 MBytes  28.3 Mbits/sec    3   43.6 KBytes       
[ 15]   8.00-9.00   sec  4.12 MBytes  34.6 Mbits/sec    6   32.7 KBytes       
[SUM]   8.00-9.00   sec  20.8 MBytes   174 Mbits/sec   27             
- - - - - - - - - - - - - - - - - - - - - - - - -
[  6]   9.00-10.00  sec  2.75 MBytes  23.1 Mbits/sec    7   20.4 KBytes       
[  9]   9.00-10.00  sec  3.12 MBytes  26.2 Mbits/sec    4   65.3 KBytes       
[ 11]   9.00-10.00  sec  5.50 MBytes  46.1 Mbits/sec    3   51.7 KBytes       
[ 13]   9.00-10.00  sec  6.00 MBytes  50.3 Mbits/sec    2   53.1 KBytes       
[ 15]   9.00-10.00  sec  3.12 MBytes  26.2 Mbits/sec    5   35.4 KBytes       
[SUM]   9.00-10.00  sec  20.5 MBytes   172 Mbits/sec   21             
- - - - - - - - - - - - - - - - - - - - - - - - -
[  6]  10.00-11.00  sec  2.88 MBytes  24.1 Mbits/sec    5   47.6 KBytes       
[  9]  10.00-11.00  sec  5.25 MBytes  44.0 Mbits/sec    4   58.5 KBytes       
[ 11]  10.00-11.00  sec  4.62 MBytes  38.8 Mbits/sec    5   35.4 KBytes       
[ 13]  10.00-11.00  sec  3.25 MBytes  27.3 Mbits/sec    5   35.4 KBytes       
[ 15]  10.00-11.00  sec  4.50 MBytes  37.7 Mbits/sec    4   44.9 KBytes       
[SUM]  10.00-11.00  sec  20.5 MBytes   172 Mbits/sec   23             
- - - - - - - - - - - - - - - - - - - - - - - - -
[  6]  11.00-12.00  sec  5.88 MBytes  49.3 Mbits/sec    3   68.1 KBytes       
[  9]  11.00-12.00  sec  6.12 MBytes  51.4 Mbits/sec    7   51.7 KBytes       
[ 11]  11.00-12.00  sec  3.38 MBytes  28.3 Mbits/sec    7   43.6 KBytes       
[ 13]  11.00-12.00  sec  3.88 MBytes  32.5 Mbits/sec    2   55.8 KBytes       
[ 15]  11.00-12.00  sec  2.88 MBytes  24.1 Mbits/sec    7   28.6 KBytes       
[SUM]  11.00-12.00  sec  22.1 MBytes   186 Mbits/sec   26             
- - - - - - - - - - - - - - - - - - - - - - - - -
[  6]  12.00-13.00  sec  5.25 MBytes  44.0 Mbits/sec    4   35.4 KBytes       
[  9]  12.00-13.00  sec  4.38 MBytes  36.7 Mbits/sec    5   35.4 KBytes       
[ 11]  12.00-13.00  sec  3.75 MBytes  31.5 Mbits/sec    4   43.6 KBytes       
[ 13]  12.00-13.00  sec  5.25 MBytes  44.0 Mbits/sec    4   32.7 KBytes       
[ 15]  12.00-13.00  sec  3.12 MBytes  26.2 Mbits/sec    4   36.8 KBytes       
[SUM]  12.00-13.00  sec  21.8 MBytes   182 Mbits/sec   21             
- - - - - - - - - - - - - - - - - - - - - - - - -
[  6]  13.00-14.00  sec  4.00 MBytes  33.6 Mbits/sec    3   68.1 KBytes       
[  9]  13.00-14.00  sec  4.25 MBytes  35.7 Mbits/sec    4   39.5 KBytes       
[ 11]  13.00-14.00  sec  4.50 MBytes  37.7 Mbits/sec    3   66.7 KBytes       
[ 13]  13.00-14.00  sec  3.38 MBytes  28.3 Mbits/sec    4   34.0 KBytes       
[ 15]  13.00-14.00  sec  3.25 MBytes  27.3 Mbits/sec    4   55.8 KBytes       
[SUM]  13.00-14.00  sec  19.4 MBytes   163 Mbits/sec   18             
- - - - - - - - - - - - - - - - - - - - - - - - -
[  6]  14.00-15.00  sec  4.25 MBytes  35.7 Mbits/sec    7   50.4 KBytes       
[  9]  14.00-15.00  sec  3.75 MBytes  31.5 Mbits/sec    5   50.4 KBytes       
[ 11]  14.00-15.00  sec  3.25 MBytes  27.3 Mbits/sec    7   36.8 KBytes       
[ 13]  14.00-15.00  sec  4.00 MBytes  33.6 Mbits/sec    2   62.6 KBytes       
[ 15]  14.00-15.00  sec  5.12 MBytes  43.0 Mbits/sec    5   35.4 KBytes       
[SUM]  14.00-15.00  sec  20.4 MBytes   171 Mbits/sec   26             
- - - - - - - - - - - - - - - - - - - - - - - - -
[  6]  15.00-16.00  sec  3.75 MBytes  31.4 Mbits/sec    5   38.1 KBytes       
[  9]  15.00-16.00  sec  6.12 MBytes  51.4 Mbits/sec    3   80.3 KBytes       
[ 11]  15.00-16.00  sec  3.50 MBytes  29.3 Mbits/sec    8   20.4 KBytes       
[ 13]  15.00-16.00  sec  3.25 MBytes  27.2 Mbits/sec    6   35.4 KBytes       
[ 15]  15.00-16.00  sec  4.00 MBytes  33.5 Mbits/sec    5   40.8 KBytes       
[SUM]  15.00-16.00  sec  20.6 MBytes   173 Mbits/sec   27             
- - - - - - - - - - - - - - - - - - - - - - - - -
[  6]  16.00-17.00  sec  4.12 MBytes  34.6 Mbits/sec    3   55.8 KBytes       
[  9]  16.00-17.00  sec  5.25 MBytes  44.0 Mbits/sec    5   38.1 KBytes       
[ 11]  16.00-17.00  sec  5.00 MBytes  41.9 Mbits/sec    1   62.6 KBytes       
[ 13]  16.00-17.00  sec  2.62 MBytes  22.0 Mbits/sec    6   39.5 KBytes       
[ 15]  16.00-17.00  sec  5.00 MBytes  41.9 Mbits/sec    3   62.6 KBytes       
[SUM]  16.00-17.00  sec  22.0 MBytes   185 Mbits/sec   18             
- - - - - - - - - - - - - - - - - - - - - - - - -
[  6]  17.00-18.00  sec  3.62 MBytes  30.4 Mbits/sec    7   34.0 KBytes       
[  9]  17.00-18.00  sec  4.25 MBytes  35.7 Mbits/sec    5   44.9 KBytes       
[ 11]  17.00-18.00  sec  4.88 MBytes  40.9 Mbits/sec    5   36.8 KBytes       
[ 13]  17.00-18.00  sec  4.12 MBytes  34.6 Mbits/sec    3   49.0 KBytes       
[ 15]  17.00-18.00  sec  4.62 MBytes  38.8 Mbits/sec    7   42.2 KBytes       
[SUM]  17.00-18.00  sec  21.5 MBytes   180 Mbits/sec   27             
- - - - - - - - - - - - - - - - - - - - - - - - -
[  6]  18.00-19.00  sec  4.00 MBytes  33.6 Mbits/sec    4   55.8 KBytes       
[  9]  18.00-19.00  sec  3.62 MBytes  30.4 Mbits/sec    7   40.8 KBytes       
[ 11]  18.00-19.00  sec  3.12 MBytes  26.2 Mbits/sec    6   40.8 KBytes       
[ 13]  18.00-19.00  sec  4.25 MBytes  35.7 Mbits/sec    5   38.1 KBytes       
[ 15]  18.00-19.00  sec  4.25 MBytes  35.7 Mbits/sec    5   53.1 KBytes       
[SUM]  18.00-19.00  sec  19.2 MBytes   161 Mbits/sec   27             
- - - - - - - - - - - - - - - - - - - - - - - - -
[  6]  19.00-20.00  sec  6.12 MBytes  51.4 Mbits/sec    3   53.1 KBytes       
[  9]  19.00-20.00  sec  5.62 MBytes  47.2 Mbits/sec    1   92.6 KBytes       
[ 11]  19.00-20.00  sec  3.62 MBytes  30.4 Mbits/sec    5   32.7 KBytes       
[ 13]  19.00-20.00  sec  3.88 MBytes  32.5 Mbits/sec    3   53.1 KBytes       
[ 15]  19.00-20.00  sec  3.62 MBytes  30.4 Mbits/sec    5   44.9 KBytes       
[SUM]  19.00-20.00  sec  22.9 MBytes   192 Mbits/sec   17             
- - - - - - - - - - - - - - - - - - - - - - - - -
[  6]  20.00-21.00  sec  4.50 MBytes  37.7 Mbits/sec    4   36.8 KBytes       
[  9]  20.00-21.00  sec  4.38 MBytes  36.7 Mbits/sec    5   43.6 KBytes       
[ 11]  20.00-21.00  sec  4.12 MBytes  34.6 Mbits/sec    2   55.8 KBytes       
[ 13]  20.00-21.00  sec  6.75 MBytes  56.6 Mbits/sec    2   54.5 KBytes       
[ 15]  20.00-21.00  sec  4.25 MBytes  35.7 Mbits/sec    3   47.6 KBytes       
[SUM]  20.00-21.00  sec  24.0 MBytes   201 Mbits/sec   16             
- - - - - - - - - - - - - - - - - - - - - - - - -
[  6]  21.00-22.00  sec  4.62 MBytes  38.8 Mbits/sec    3   50.4 KBytes       
[  9]  21.00-22.00  sec  3.62 MBytes  30.4 Mbits/sec    4   50.4 KBytes       
[ 11]  21.00-22.00  sec  5.00 MBytes  41.9 Mbits/sec    4   46.3 KBytes       
[ 13]  21.00-22.00  sec  4.50 MBytes  37.8 Mbits/sec    3   58.5 KBytes       
[ 15]  21.00-22.00  sec  5.12 MBytes  43.0 Mbits/sec    3   53.1 KBytes       
[SUM]  21.00-22.00  sec  22.9 MBytes   192 Mbits/sec   17             
- - - - - - - - - - - - - - - - - - - - - - - - -
[  6]  22.00-23.00  sec  2.50 MBytes  21.0 Mbits/sec    1   68.1 KBytes       
[  9]  22.00-23.00  sec  1.88 MBytes  15.7 Mbits/sec    4   28.6 KBytes       
[ 11]  22.00-23.00  sec  2.62 MBytes  22.0 Mbits/sec    2   43.6 KBytes       
[ 13]  22.00-23.00  sec  3.00 MBytes  25.2 Mbits/sec    2   43.6 KBytes       
[ 15]  22.00-23.00  sec  2.75 MBytes  23.1 Mbits/sec    3   46.3 KBytes       
[SUM]  22.00-23.00  sec  12.8 MBytes   107 Mbits/sec   12             
- - - - - - - - - - - - - - - - - - - - - - - - -
[  6]  23.00-24.00  sec  4.12 MBytes  34.6 Mbits/sec    3   42.2 KBytes       
[  9]  23.00-24.00  sec  2.12 MBytes  17.8 Mbits/sec    2   39.5 KBytes       
[ 11]  23.00-24.00  sec  2.50 MBytes  21.0 Mbits/sec    3   38.1 KBytes       
[ 13]  23.00-24.00  sec  2.75 MBytes  23.1 Mbits/sec    2   44.9 KBytes       
[ 15]  23.00-24.00  sec  3.00 MBytes  25.2 Mbits/sec    2   50.4 KBytes       
[SUM]  23.00-24.00  sec  14.5 MBytes   122 Mbits/sec   12             
- - - - - - - - - - - - - - - - - - - - - - - - -
[  6]  24.00-25.00  sec  4.25 MBytes  35.7 Mbits/sec    4   54.5 KBytes       
[  9]  24.00-25.00  sec  4.25 MBytes  35.7 Mbits/sec    5   32.7 KBytes       
[ 11]  24.00-25.00  sec  4.12 MBytes  34.6 Mbits/sec    4   54.5 KBytes       
[ 13]  24.00-25.00  sec  4.62 MBytes  38.8 Mbits/sec    3   51.7 KBytes       
[ 15]  24.00-25.00  sec  3.50 MBytes  29.4 Mbits/sec    8   25.9 KBytes       
[SUM]  24.00-25.00  sec  20.8 MBytes   174 Mbits/sec   24             
- - - - - - - - - - - - - - - - - - - - - - - - -
[  6]  25.00-26.00  sec  4.88 MBytes  40.9 Mbits/sec    4   43.6 KBytes       
[  9]  25.00-26.00  sec  3.75 MBytes  31.5 Mbits/sec    4   35.4 KBytes       
[ 11]  25.00-26.00  sec  5.00 MBytes  41.9 Mbits/sec    6   20.4 KBytes       
[ 13]  25.00-26.00  sec  3.75 MBytes  31.5 Mbits/sec    8   39.5 KBytes       
[ 15]  25.00-26.00  sec  5.25 MBytes  44.0 Mbits/sec    2   47.6 KBytes       
[SUM]  25.00-26.00  sec  22.6 MBytes   190 Mbits/sec   24             
- - - - - - - - - - - - - - - - - - - - - - - - -
[  6]  26.00-27.00  sec  3.88 MBytes  32.5 Mbits/sec    8   16.3 KBytes       
[  9]  26.00-27.00  sec  4.88 MBytes  40.9 Mbits/sec    4   70.8 KBytes       
[ 11]  26.00-27.00  sec  2.75 MBytes  23.1 Mbits/sec    6   40.8 KBytes       
[ 13]  26.00-27.00  sec  3.25 MBytes  27.3 Mbits/sec    5   49.0 KBytes       
[ 15]  26.00-27.00  sec  4.00 MBytes  33.6 Mbits/sec    6   29.9 KBytes       
[SUM]  26.00-27.00  sec  18.8 MBytes   157 Mbits/sec   29             
- - - - - - - - - - - - - - - - - - - - - - - - -
[  6]  27.00-28.00  sec  4.50 MBytes  37.7 Mbits/sec    0   84.4 KBytes       
[  9]  27.00-28.00  sec  4.12 MBytes  34.6 Mbits/sec    6   40.8 KBytes       
[ 11]  27.00-28.00  sec  6.75 MBytes  56.6 Mbits/sec    0    109 KBytes       
[ 13]  27.00-28.00  sec  4.62 MBytes  38.8 Mbits/sec    3   49.0 KBytes       
[ 15]  27.00-28.00  sec  3.62 MBytes  30.4 Mbits/sec    4   40.8 KBytes       
[SUM]  27.00-28.00  sec  23.6 MBytes   198 Mbits/sec   13             
- - - - - - - - - - - - - - - - - - - - - - - - -
[  6]  28.00-29.00  sec  5.25 MBytes  44.0 Mbits/sec    4   57.2 KBytes       
[  9]  28.00-29.00  sec  2.75 MBytes  23.1 Mbits/sec    6   32.7 KBytes       
[ 11]  28.00-29.00  sec  7.75 MBytes  65.0 Mbits/sec    2    109 KBytes       
[ 13]  28.00-29.00  sec  4.88 MBytes  40.9 Mbits/sec    2   62.6 KBytes       
[ 15]  28.00-29.00  sec  3.12 MBytes  26.2 Mbits/sec    5   34.0 KBytes       
[SUM]  28.00-29.00  sec  23.8 MBytes   199 Mbits/sec   19             
- - - - - - - - - - - - - - - - - - - - - - - - -
[  6]  29.00-30.00  sec  3.50 MBytes  29.4 Mbits/sec    4   49.0 KBytes       
[  9]  29.00-30.00  sec  3.38 MBytes  28.3 Mbits/sec    3   49.0 KBytes       
[ 11]  29.00-30.00  sec  6.00 MBytes  50.3 Mbits/sec    4   59.9 KBytes       
[ 13]  29.00-30.00  sec  5.62 MBytes  47.2 Mbits/sec    4   49.0 KBytes       
[ 15]  29.00-30.00  sec  4.75 MBytes  39.8 Mbits/sec    1   74.9 KBytes       
[SUM]  29.00-30.00  sec  23.2 MBytes   195 Mbits/sec   16             
- - - - - - - - - - - - - - - - - - - - - - - - -
[ ID] Interval           Transfer     Bitrate         Retr
[  6]   0.00-30.02  sec   124 MBytes  34.8 Mbits/sec  127            sender
[  9]   0.00-30.02  sec   129 MBytes  36.0 Mbits/sec  132            sender
[ 11]   0.00-30.02  sec   130 MBytes  36.4 Mbits/sec  127            sender
[ 13]   0.00-30.02  sec   125 MBytes  34.9 Mbits/sec  121            sender
[ 15]   0.00-30.02  sec   124 MBytes  34.6 Mbits/sec  126            sender
[SUM]   0.00-30.02  sec   632 MBytes   177 Mbits/sec  633             sender
-----------------------------------------------------------
Server listening on 5201 (test #2)
-----------------------------------------------------------
Accepted connection from 128.220.159.221, port 31865
[  6] local 192.168.135.129 port 5201 connected to 128.220.159.221 port 51560
[  9] local 192.168.135.129 port 5201 connected to 128.220.159.221 port 51848
[ 11] local 192.168.135.129 port 5201 connected to 128.220.159.221 port 29590
[ 13] local 192.168.135.129 port 5201 connected to 128.220.159.221 port 12831
[ 15] local 192.168.135.129 port 5201 connected to 128.220.159.221 port 44611
[ ID] Interval           Transfer     Bitrate         Retr  Cwnd
[  6]   0.00-1.00   sec  2.12 MBytes  17.8 Mbits/sec    5   21.8 KBytes       
[  9]   0.00-1.00   sec  7.38 MBytes  61.8 Mbits/sec   10   35.4 KBytes       
[ 11]   0.00-1.00   sec  3.75 MBytes  31.4 Mbits/sec   11   20.4 KBytes       
[ 13]   0.00-1.00   sec  4.50 MBytes  37.7 Mbits/sec   10   34.0 KBytes       
[ 15]   0.00-1.00   sec  6.88 MBytes  57.6 Mbits/sec    9   32.7 KBytes       
[SUM]   0.00-1.00   sec  24.6 MBytes   206 Mbits/sec   45             
- - - - - - - - - - - - - - - - - - - - - - - - -
[  6]   1.00-2.00   sec  3.00 MBytes  25.2 Mbits/sec    4   20.4 KBytes       
[  9]   1.00-2.00   sec  3.00 MBytes  25.2 Mbits/sec    4   36.8 KBytes       
[ 11]   1.00-2.00   sec  2.50 MBytes  21.0 Mbits/sec    6   24.5 KBytes       
[ 13]   1.00-2.00   sec  3.75 MBytes  31.5 Mbits/sec    7   20.4 KBytes       
[ 15]   1.00-2.00   sec  3.00 MBytes  25.2 Mbits/sec    7   13.6 KBytes       
[SUM]   1.00-2.00   sec  15.2 MBytes   128 Mbits/sec   28             
- - - - - - - - - - - - - - - - - - - - - - - - -
[  6]   2.00-3.00   sec  2.62 MBytes  22.0 Mbits/sec    2   59.9 KBytes       
[  9]   2.00-3.00   sec  3.00 MBytes  25.2 Mbits/sec    4   34.0 KBytes       
[ 11]   2.00-3.00   sec  3.62 MBytes  30.4 Mbits/sec    5   29.9 KBytes       
[ 13]   2.00-3.00   sec  4.12 MBytes  34.6 Mbits/sec    4   39.5 KBytes       
[ 15]   2.00-3.00   sec  3.25 MBytes  27.3 Mbits/sec    2   42.2 KBytes       
[SUM]   2.00-3.00   sec  16.6 MBytes   139 Mbits/sec   17             
- - - - - - - - - - - - - - - - - - - - - - - - -
[  6]   3.00-4.00   sec  3.50 MBytes  29.4 Mbits/sec    5   46.3 KBytes       
[  9]   3.00-4.00   sec  3.00 MBytes  25.2 Mbits/sec    6   21.8 KBytes       
[ 11]   3.00-4.00   sec  3.62 MBytes  30.4 Mbits/sec    4   35.4 KBytes       
[ 13]   3.00-4.00   sec  3.12 MBytes  26.2 Mbits/sec    8   27.2 KBytes       
[ 15]   3.00-4.00   sec  3.88 MBytes  32.5 Mbits/sec    4   39.5 KBytes       
[SUM]   3.00-4.00   sec  17.1 MBytes   144 Mbits/sec   27             
- - - - - - - - - - - - - - - - - - - - - - - - -
[  6]   4.00-5.00   sec  2.62 MBytes  22.0 Mbits/sec    6   21.8 KBytes       
[  9]   4.00-5.00   sec  1.62 MBytes  13.6 Mbits/sec    4   31.3 KBytes       
[ 11]   4.00-5.00   sec  3.38 MBytes  28.3 Mbits/sec    8   12.3 KBytes       
[ 13]   4.00-5.00   sec  5.12 MBytes  43.0 Mbits/sec    4   39.5 KBytes       
[ 15]   4.00-5.00   sec  4.88 MBytes  40.9 Mbits/sec    4   31.3 KBytes       
[SUM]   4.00-5.00   sec  17.6 MBytes   148 Mbits/sec   26             
- - - - - - - - - - - - - - - - - - - - - - - - -
[  6]   5.00-6.00   sec  3.25 MBytes  27.3 Mbits/sec    2   42.2 KBytes       
[  9]   5.00-6.00   sec  2.25 MBytes  18.9 Mbits/sec    4   40.8 KBytes       
[ 11]   5.00-6.00   sec  2.75 MBytes  23.1 Mbits/sec   10   23.1 KBytes       
[ 13]   5.00-6.00   sec  5.00 MBytes  41.9 Mbits/sec    9   42.2 KBytes       
[ 15]   5.00-6.00   sec  2.25 MBytes  18.9 Mbits/sec    8   34.0 KBytes       
[SUM]   5.00-6.00   sec  15.5 MBytes   130 Mbits/sec   33             
- - - - - - - - - - - - - - - - - - - - - - - - -
[  6]   6.00-7.00   sec  3.12 MBytes  26.2 Mbits/sec    5   28.6 KBytes       
[  9]   6.00-7.00   sec  2.50 MBytes  21.0 Mbits/sec    5   29.9 KBytes       
[ 11]   6.00-7.00   sec  2.38 MBytes  19.9 Mbits/sec    7   16.3 KBytes       
[ 13]   6.00-7.00   sec  4.50 MBytes  37.7 Mbits/sec    8   24.5 KBytes       
[ 15]   6.00-7.00   sec  3.88 MBytes  32.5 Mbits/sec    6   23.1 KBytes       
[SUM]   6.00-7.00   sec  16.4 MBytes   137 Mbits/sec   31             
- - - - - - - - - - - - - - - - - - - - - - - - -
[  6]   7.00-8.00   sec  3.12 MBytes  26.2 Mbits/sec    3   55.8 KBytes       
[  9]   7.00-8.00   sec  3.50 MBytes  29.4 Mbits/sec    2   59.9 KBytes       
[ 11]   7.00-8.00   sec  2.75 MBytes  23.1 Mbits/sec    5   21.8 KBytes       
[ 13]   7.00-8.00   sec  4.00 MBytes  33.6 Mbits/sec    5   28.6 KBytes       
[ 15]   7.00-8.00   sec  3.50 MBytes  29.4 Mbits/sec    4   23.1 KBytes       
[SUM]   7.00-8.00   sec  16.9 MBytes   142 Mbits/sec   19             
- - - - - - - - - - - - - - - - - - - - - - - - -
[  6]   8.00-9.00   sec  2.12 MBytes  17.8 Mbits/sec    7   27.2 KBytes       
[  9]   8.00-9.00   sec  3.88 MBytes  32.5 Mbits/sec    6   38.1 KBytes       
[ 11]   8.00-9.00   sec  3.38 MBytes  28.3 Mbits/sec    4   34.0 KBytes       
[ 13]   8.00-9.00   sec  4.12 MBytes  34.6 Mbits/sec    5   40.8 KBytes       
[ 15]   8.00-9.00   sec  3.12 MBytes  26.2 Mbits/sec    3   43.6 KBytes       
[SUM]   8.00-9.00   sec  16.6 MBytes   139 Mbits/sec   25             
- - - - - - - - - - - - - - - - - - - - - - - - -
[  6]   9.00-10.00  sec  2.38 MBytes  19.9 Mbits/sec    5   24.5 KBytes       
[  9]   9.00-10.00  sec  2.50 MBytes  21.0 Mbits/sec    4   38.1 KBytes       
[ 11]   9.00-10.00  sec  2.75 MBytes  23.1 Mbits/sec    5   36.8 KBytes       
[ 13]   9.00-10.00  sec  5.75 MBytes  48.2 Mbits/sec    7   17.7 KBytes       
[ 15]   9.00-10.00  sec  4.25 MBytes  35.7 Mbits/sec    3   49.0 KBytes       
[SUM]   9.00-10.00  sec  17.6 MBytes   148 Mbits/sec   24             
- - - - - - - - - - - - - - - - - - - - - - - - -
[  6]  10.00-11.00  sec  3.00 MBytes  25.2 Mbits/sec    2   47.6 KBytes       
[  9]  10.00-11.00  sec  3.00 MBytes  25.2 Mbits/sec    5   50.4 KBytes       
[ 11]  10.00-11.00  sec  2.75 MBytes  23.1 Mbits/sec    6   24.5 KBytes       
[ 13]  10.00-11.00  sec  4.12 MBytes  34.6 Mbits/sec    5   39.5 KBytes       
[ 15]  10.00-11.00  sec  2.75 MBytes  23.1 Mbits/sec    5   43.6 KBytes       
[SUM]  10.00-11.00  sec  15.6 MBytes   131 Mbits/sec   23             
- - - - - - - - - - - - - - - - - - - - - - - - -
[  6]  11.00-12.00  sec  4.75 MBytes  39.8 Mbits/sec    2   57.2 KBytes       
[  9]  11.00-12.00  sec  2.12 MBytes  17.8 Mbits/sec    7   20.4 KBytes       
[ 11]  11.00-12.00  sec  3.75 MBytes  31.5 Mbits/sec    2   51.7 KBytes       
[ 13]  11.00-12.00  sec  3.75 MBytes  31.5 Mbits/sec    6   31.3 KBytes       
[ 15]  11.00-12.00  sec  2.62 MBytes  22.0 Mbits/sec    6   24.5 KBytes       
[SUM]  11.00-12.00  sec  17.0 MBytes   143 Mbits/sec   23             
- - - - - - - - - - - - - - - - - - - - - - - - -
[  6]  12.00-13.00  sec  3.25 MBytes  27.3 Mbits/sec    6   50.4 KBytes       
[  9]  12.00-13.00  sec  1.75 MBytes  14.7 Mbits/sec    6   17.7 KBytes       
[ 11]  12.00-13.00  sec  3.88 MBytes  32.5 Mbits/sec    4   51.7 KBytes       
[ 13]  12.00-13.00  sec  3.88 MBytes  32.5 Mbits/sec    7   23.1 KBytes       
[ 15]  12.00-13.00  sec  3.50 MBytes  29.4 Mbits/sec    4   38.1 KBytes       
[SUM]  12.00-13.00  sec  16.2 MBytes   136 Mbits/sec   27             
- - - - - - - - - - - - - - - - - - - - - - - - -
[  6]  13.00-14.00  sec  3.00 MBytes  25.2 Mbits/sec    7   16.3 KBytes       
[  9]  13.00-14.00  sec  2.12 MBytes  17.8 Mbits/sec    3   42.2 KBytes       
[ 11]  13.00-14.00  sec  5.62 MBytes  47.2 Mbits/sec    5   36.8 KBytes       
[ 13]  13.00-14.00  sec  3.50 MBytes  29.4 Mbits/sec    5   39.5 KBytes       
[ 15]  13.00-14.00  sec  3.88 MBytes  32.5 Mbits/sec    4   32.7 KBytes       
[SUM]  13.00-14.00  sec  18.1 MBytes   152 Mbits/sec   24             
- - - - - - - - - - - - - - - - - - - - - - - - -
[  6]  14.00-15.00  sec  2.25 MBytes  18.9 Mbits/sec    5   28.6 KBytes       
[  9]  14.00-15.00  sec  2.62 MBytes  22.0 Mbits/sec    5   32.7 KBytes       
[ 11]  14.00-15.00  sec  2.50 MBytes  21.0 Mbits/sec    7   35.4 KBytes       
[ 13]  14.00-15.00  sec  4.50 MBytes  37.7 Mbits/sec    6   47.6 KBytes       
[ 15]  14.00-15.00  sec  2.75 MBytes  23.1 Mbits/sec    7   15.0 KBytes       
[SUM]  14.00-15.00  sec  14.6 MBytes   123 Mbits/sec   30             
- - - - - - - - - - - - - - - - - - - - - - - - -
[  6]  15.00-16.00  sec  2.62 MBytes  22.0 Mbits/sec    4   29.9 KBytes       
[  9]  15.00-16.00  sec  2.50 MBytes  21.0 Mbits/sec    4   35.4 KBytes       
[ 11]  15.00-16.00  sec  2.75 MBytes  23.1 Mbits/sec    7   24.5 KBytes       
[ 13]  15.00-16.00  sec  4.00 MBytes  33.6 Mbits/sec    6   43.6 KBytes       
[ 15]  15.00-16.00  sec  2.75 MBytes  23.1 Mbits/sec   14   12.3 KBytes       
[SUM]  15.00-16.00  sec  14.6 MBytes   123 Mbits/sec   35             
- - - - - - - - - - - - - - - - - - - - - - - - -
[  6]  16.00-17.00  sec  2.75 MBytes  23.1 Mbits/sec    6   17.7 KBytes       
[  9]  16.00-17.00  sec  3.00 MBytes  25.2 Mbits/sec    5   19.1 KBytes       
[ 11]  16.00-17.00  sec  3.50 MBytes  29.4 Mbits/sec    3   36.8 KBytes       
[ 13]  16.00-17.00  sec  5.50 MBytes  46.1 Mbits/sec    6   20.4 KBytes       
[ 15]  16.00-17.00  sec  2.25 MBytes  18.9 Mbits/sec    4   25.9 KBytes       
[SUM]  16.00-17.00  sec  17.0 MBytes   143 Mbits/sec   24             
- - - - - - - - - - - - - - - - - - - - - - - - -
[  6]  17.00-18.00  sec  2.50 MBytes  21.0 Mbits/sec    3   35.4 KBytes       
[  9]  17.00-18.00  sec  2.12 MBytes  17.8 Mbits/sec    3   49.0 KBytes       
[ 11]  17.00-18.00  sec  5.25 MBytes  44.0 Mbits/sec    3   57.2 KBytes       
[ 13]  17.00-18.00  sec  3.38 MBytes  28.3 Mbits/sec    4   64.0 KBytes       
[ 15]  17.00-18.00  sec  3.12 MBytes  26.2 Mbits/sec    4   39.5 KBytes       
[SUM]  17.00-18.00  sec  16.4 MBytes   137 Mbits/sec   17             
- - - - - - - - - - - - - - - - - - - - - - - - -
[  6]  18.00-19.00  sec  3.25 MBytes  27.3 Mbits/sec    5   42.2 KBytes       
[  9]  18.00-19.00  sec  2.75 MBytes  23.1 Mbits/sec    5   29.9 KBytes       
[ 11]  18.00-19.00  sec  2.75 MBytes  23.1 Mbits/sec    8   21.8 KBytes       
[ 13]  18.00-19.00  sec  5.25 MBytes  44.0 Mbits/sec    6   43.6 KBytes       
[ 15]  18.00-19.00  sec  3.50 MBytes  29.4 Mbits/sec    6   13.6 KBytes       
[SUM]  18.00-19.00  sec  17.5 MBytes   147 Mbits/sec   30             
- - - - - - - - - - - - - - - - - - - - - - - - -
[  6]  19.00-20.00  sec  2.62 MBytes  22.0 Mbits/sec    6   27.2 KBytes       
[  9]  19.00-20.00  sec  2.12 MBytes  17.8 Mbits/sec    7   20.4 KBytes       
[ 11]  19.00-20.00  sec  3.00 MBytes  25.2 Mbits/sec    4   36.8 KBytes       
[ 13]  19.00-20.00  sec  3.25 MBytes  27.3 Mbits/sec    7   42.2 KBytes       
[ 15]  19.00-20.00  sec  2.25 MBytes  18.9 Mbits/sec    4   25.9 KBytes       
[SUM]  19.00-20.00  sec  13.2 MBytes   111 Mbits/sec   28             
- - - - - - - - - - - - - - - - - - - - - - - - -
[  6]  20.00-21.00  sec  2.62 MBytes  22.0 Mbits/sec    4   29.9 KBytes       
[  9]  20.00-21.00  sec  1.62 MBytes  13.6 Mbits/sec    5   34.0 KBytes       
[ 11]  20.00-21.00  sec  2.50 MBytes  21.0 Mbits/sec    6   38.1 KBytes       
[ 13]  20.00-21.00  sec  5.00 MBytes  41.9 Mbits/sec    5   66.7 KBytes       
[ 15]  20.00-21.00  sec  2.62 MBytes  22.0 Mbits/sec    4   43.6 KBytes       
[SUM]  20.00-21.00  sec  14.4 MBytes   121 Mbits/sec   24             
- - - - - - - - - - - - - - - - - - - - - - - - -
[  6]  21.00-22.00  sec  2.62 MBytes  22.0 Mbits/sec    3   46.3 KBytes       
[  9]  21.00-22.00  sec  2.12 MBytes  17.8 Mbits/sec    5   23.1 KBytes       
[ 11]  21.00-22.00  sec  3.62 MBytes  30.4 Mbits/sec    4   36.8 KBytes       
[ 13]  21.00-22.00  sec  3.88 MBytes  32.5 Mbits/sec    9   23.1 KBytes       
[ 15]  21.00-22.00  sec  3.75 MBytes  31.5 Mbits/sec    5   28.6 KBytes       
[SUM]  21.00-22.00  sec  16.0 MBytes   134 Mbits/sec   26             
- - - - - - - - - - - - - - - - - - - - - - - - -
[  6]  22.00-23.00  sec  2.38 MBytes  19.9 Mbits/sec    7   23.1 KBytes       
[  9]  22.00-23.00  sec  2.62 MBytes  22.0 Mbits/sec    3   38.1 KBytes       
[ 11]  22.00-23.00  sec  2.75 MBytes  23.1 Mbits/sec    5   40.8 KBytes       
[ 13]  22.00-23.00  sec  3.50 MBytes  29.4 Mbits/sec    9   39.5 KBytes       
[ 15]  22.00-23.00  sec  2.75 MBytes  23.1 Mbits/sec    5   27.2 KBytes       
[SUM]  22.00-23.00  sec  14.0 MBytes   117 Mbits/sec   29             
- - - - - - - - - - - - - - - - - - - - - - - - -
[  6]  23.00-24.00  sec  2.50 MBytes  21.0 Mbits/sec    4   28.6 KBytes       
[  9]  23.00-24.00  sec  3.00 MBytes  25.2 Mbits/sec    4   47.6 KBytes       
[ 11]  23.00-24.00  sec  3.38 MBytes  28.3 Mbits/sec    5   36.8 KBytes       
[ 13]  23.00-24.00  sec  3.38 MBytes  28.3 Mbits/sec    7   29.9 KBytes       
[ 15]  23.00-24.00  sec  3.50 MBytes  29.4 Mbits/sec    3   49.0 KBytes       
[SUM]  23.00-24.00  sec  15.8 MBytes   132 Mbits/sec   23             
- - - - - - - - - - - - - - - - - - - - - - - - -
[  6]  24.00-25.00  sec  2.50 MBytes  21.0 Mbits/sec    5   21.8 KBytes       
[  9]  24.00-25.00  sec  3.00 MBytes  25.2 Mbits/sec    5   27.2 KBytes       
[ 11]  24.00-25.00  sec  3.38 MBytes  28.3 Mbits/sec    4   40.8 KBytes       
[ 13]  24.00-25.00  sec  4.00 MBytes  33.6 Mbits/sec    5   35.4 KBytes       
[ 15]  24.00-25.00  sec  4.50 MBytes  37.7 Mbits/sec    2   66.7 KBytes       
[SUM]  24.00-25.00  sec  17.4 MBytes   146 Mbits/sec   21             
- - - - - - - - - - - - - - - - - - - - - - - - -
[  6]  25.00-26.00  sec  1.88 MBytes  15.7 Mbits/sec   17   15.0 KBytes       
[  9]  25.00-26.00  sec  2.25 MBytes  18.9 Mbits/sec   12   23.1 KBytes       
[ 11]  25.00-26.00  sec  3.75 MBytes  31.5 Mbits/sec    7   21.8 KBytes       
[ 13]  25.00-26.00  sec  4.12 MBytes  34.6 Mbits/sec    6   31.3 KBytes       
[ 15]  25.00-26.00  sec  5.00 MBytes  41.9 Mbits/sec    4   49.0 KBytes       
[SUM]  25.00-26.00  sec  17.0 MBytes   143 Mbits/sec   46             
- - - - - - - - - - - - - - - - - - - - - - - - -
[  6]  26.00-27.00  sec  1.88 MBytes  15.7 Mbits/sec   15   27.2 KBytes       
[  9]  26.00-27.00  sec  2.12 MBytes  17.8 Mbits/sec   16   21.8 KBytes       
[ 11]  26.00-27.00  sec  2.75 MBytes  23.1 Mbits/sec    4   51.7 KBytes       
[ 13]  26.00-27.00  sec  3.25 MBytes  27.3 Mbits/sec    8   32.7 KBytes       
[ 15]  26.00-27.00  sec  2.62 MBytes  22.0 Mbits/sec   19   15.0 KBytes       
[SUM]  26.00-27.00  sec  12.6 MBytes   106 Mbits/sec   62             
- - - - - - - - - - - - - - - - - - - - - - - - -
[  6]  27.00-28.00  sec  1.88 MBytes  15.7 Mbits/sec    5   27.2 KBytes       
[  9]  27.00-28.00  sec  3.00 MBytes  25.2 Mbits/sec    2   43.6 KBytes       
[ 11]  27.00-28.00  sec  4.50 MBytes  37.7 Mbits/sec    4   43.6 KBytes       
[ 13]  27.00-28.00  sec  3.38 MBytes  28.3 Mbits/sec    6   31.3 KBytes       
[ 15]  27.00-28.00  sec  2.62 MBytes  22.0 Mbits/sec    4   36.8 KBytes       
[SUM]  27.00-28.00  sec  15.4 MBytes   129 Mbits/sec   21             
- - - - - - - - - - - - - - - - - - - - - - - - -
[  6]  28.00-29.00  sec  2.12 MBytes  17.8 Mbits/sec    9   16.3 KBytes       
[  9]  28.00-29.00  sec  3.50 MBytes  29.4 Mbits/sec   13   31.3 KBytes       
[ 11]  28.00-29.00  sec  3.75 MBytes  31.5 Mbits/sec    9   20.4 KBytes       
[ 13]  28.00-29.00  sec  3.50 MBytes  29.4 Mbits/sec    8   28.6 KBytes       
[ 15]  28.00-29.00  sec  3.62 MBytes  30.4 Mbits/sec    4   51.7 KBytes       
[SUM]  28.00-29.00  sec  16.5 MBytes   138 Mbits/sec   43             
- - - - - - - - - - - - - - - - - - - - - - - - -
[  6]  29.00-30.00  sec  3.25 MBytes  27.3 Mbits/sec    2   39.5 KBytes       
[  9]  29.00-30.00  sec  2.12 MBytes  17.8 Mbits/sec    5   23.1 KBytes       
[ 11]  29.00-30.00  sec  2.75 MBytes  23.1 Mbits/sec    5   21.8 KBytes       
[ 13]  29.00-30.00  sec  5.00 MBytes  41.9 Mbits/sec    4   64.0 KBytes       
[ 15]  29.00-30.00  sec  2.62 MBytes  22.0 Mbits/sec    8   36.8 KBytes       
[SUM]  29.00-30.00  sec  15.8 MBytes   132 Mbits/sec   24             
- - - - - - - - - - - - - - - - - - - - - - - - -
[ ID] Interval           Transfer     Bitrate         Retr
[  6]   0.00-30.01  sec  81.5 MBytes  22.8 Mbits/sec  161            sender
[  9]   0.00-30.01  sec  82.1 MBytes  23.0 Mbits/sec  169            sender
[ 11]   0.00-30.01  sec  99.8 MBytes  27.9 Mbits/sec  167            sender
[ 13]   0.00-30.01  sec   124 MBytes  34.7 Mbits/sec  192            sender
[ 15]   0.00-30.01  sec   102 MBytes  28.5 Mbits/sec  166            sender
[SUM]   0.00-30.01  sec   489 MBytes   137 Mbits/sec  855             sender
-----------------------------------------------------------
Server listening on 5201 (test #3)
-----------------------------------------------------------
Accepted connection from 128.220.159.221, port 9785
[  6] local 192.168.135.129 port 5201 connected to 128.220.159.221 port 45931
[  9] local 192.168.135.129 port 5201 connected to 128.220.159.221 port 25203
[ 11] local 192.168.135.129 port 5201 connected to 128.220.159.221 port 36781
[ 13] local 192.168.135.129 port 5201 connected to 128.220.159.221 port 65470
[ 15] local 192.168.135.129 port 5201 connected to 128.220.159.221 port 63739
[ ID] Interval           Transfer     Bitrate         Retr  Cwnd
[  6]   0.00-1.00   sec  1.75 MBytes  14.7 Mbits/sec    6   19.1 KBytes       
[  9]   0.00-1.00   sec  7.38 MBytes  61.8 Mbits/sec    6   50.4 KBytes       
[ 11]   0.00-1.00   sec  1.62 MBytes  13.6 Mbits/sec    4   35.4 KBytes       
[ 13]   0.00-1.00   sec  8.25 MBytes  69.1 Mbits/sec    8   39.5 KBytes       
[ 15]   0.00-1.00   sec  8.38 MBytes  70.2 Mbits/sec    5   61.3 KBytes       
[SUM]   0.00-1.00   sec  27.4 MBytes   229 Mbits/sec   29             
- - - - - - - - - - - - - - - - - - - - - - - - -
[  6]   1.00-2.00   sec  3.88 MBytes  32.5 Mbits/sec    3   23.1 KBytes       
[  9]   1.00-2.00   sec  5.25 MBytes  44.0 Mbits/sec    4   35.4 KBytes       
[ 11]   1.00-2.00   sec  2.62 MBytes  22.0 Mbits/sec    8   19.1 KBytes       
[ 13]   1.00-2.00   sec  4.00 MBytes  33.6 Mbits/sec    8   17.7 KBytes       
[ 15]   1.00-2.00   sec  4.00 MBytes  33.6 Mbits/sec    7   21.8 KBytes       
[SUM]   1.00-2.00   sec  19.8 MBytes   166 Mbits/sec   30             
- - - - - - - - - - - - - - - - - - - - - - - - -
[  6]   2.00-3.00   sec  2.62 MBytes  22.0 Mbits/sec    4   50.4 KBytes       
[  9]   2.00-3.00   sec  1.88 MBytes  15.7 Mbits/sec    7   32.7 KBytes       
[ 11]   2.00-3.00   sec  2.38 MBytes  19.9 Mbits/sec    7   24.5 KBytes       
[ 13]   2.00-3.00   sec  4.12 MBytes  34.6 Mbits/sec    5   24.5 KBytes       
[ 15]   2.00-3.00   sec  4.25 MBytes  35.7 Mbits/sec    6   17.7 KBytes       
[SUM]   2.00-3.00   sec  15.2 MBytes   128 Mbits/sec   29             
- - - - - - - - - - - - - - - - - - - - - - - - -
[  6]   3.00-4.00   sec  3.50 MBytes  29.4 Mbits/sec    6   38.1 KBytes       
[  9]   3.00-4.00   sec  1.88 MBytes  15.7 Mbits/sec    6   31.3 KBytes       
[ 11]   3.00-4.00   sec  3.38 MBytes  28.3 Mbits/sec    4   31.3 KBytes       
[ 13]   3.00-4.00   sec  3.25 MBytes  27.3 Mbits/sec    7   17.7 KBytes       
[ 15]   3.00-4.00   sec  4.00 MBytes  33.6 Mbits/sec    5   32.7 KBytes       
[SUM]   3.00-4.00   sec  16.0 MBytes   134 Mbits/sec   28             
- - - - - - - - - - - - - - - - - - - - - - - - -
[  6]   4.00-5.00   sec  3.88 MBytes  32.5 Mbits/sec    4   39.5 KBytes       
[  9]   4.00-5.00   sec  2.12 MBytes  17.8 Mbits/sec    5   29.9 KBytes       
[ 11]   4.00-5.00   sec  3.50 MBytes  29.4 Mbits/sec    6   40.8 KBytes       
[ 13]   4.00-5.00   sec  3.25 MBytes  27.3 Mbits/sec    4   61.3 KBytes       
[ 15]   4.00-5.00   sec  4.88 MBytes  40.9 Mbits/sec    3   51.7 KBytes       
[SUM]   4.00-5.00   sec  17.6 MBytes   148 Mbits/sec   22             
- - - - - - - - - - - - - - - - - - - - - - - - -
[  6]   5.00-6.00   sec  3.00 MBytes  25.2 Mbits/sec    6   38.1 KBytes       
[  9]   5.00-6.00   sec  2.38 MBytes  19.9 Mbits/sec    5   29.9 KBytes       
[ 11]   5.00-6.00   sec  3.12 MBytes  26.2 Mbits/sec    8   15.0 KBytes       
[ 13]   5.00-6.00   sec  4.88 MBytes  40.9 Mbits/sec   24   31.3 KBytes       
[ 15]   5.00-6.00   sec  3.12 MBytes  26.2 Mbits/sec   13   28.6 KBytes       
[SUM]   5.00-6.00   sec  16.5 MBytes   138 Mbits/sec   56             
- - - - - - - - - - - - - - - - - - - - - - - - -
[  6]   6.00-7.00   sec  2.62 MBytes  22.0 Mbits/sec    6   28.6 KBytes       
[  9]   6.00-7.00   sec  3.12 MBytes  26.2 Mbits/sec    2   61.3 KBytes       
[ 11]   6.00-7.00   sec  3.75 MBytes  31.5 Mbits/sec    1   59.9 KBytes       
[ 13]   6.00-7.00   sec  4.75 MBytes  39.8 Mbits/sec    3   49.0 KBytes       
[ 15]   6.00-7.00   sec  5.50 MBytes  46.1 Mbits/sec    2   61.3 KBytes       
[SUM]   6.00-7.00   sec  19.8 MBytes   166 Mbits/sec   14             
- - - - - - - - - - - - - - - - - - - - - - - - -
[  6]   7.00-8.00   sec  2.25 MBytes  18.9 Mbits/sec    6   25.9 KBytes       
[  9]   7.00-8.00   sec  2.75 MBytes  23.1 Mbits/sec    5   36.8 KBytes       
[ 11]   7.00-8.00   sec  4.50 MBytes  37.7 Mbits/sec    6   28.6 KBytes       
[ 13]   7.00-8.00   sec  4.25 MBytes  35.7 Mbits/sec    5   53.1 KBytes       
[ 15]   7.00-8.00   sec  3.38 MBytes  28.3 Mbits/sec   11   25.9 KBytes       
[SUM]   7.00-8.00   sec  17.1 MBytes   144 Mbits/sec   33             
- - - - - - - - - - - - - - - - - - - - - - - - -
[  6]   8.00-9.00   sec  3.62 MBytes  30.4 Mbits/sec    4   42.2 KBytes       
[  9]   8.00-9.00   sec  2.38 MBytes  19.9 Mbits/sec    5   29.9 KBytes       
[ 11]   8.00-9.00   sec  2.62 MBytes  22.0 Mbits/sec    6   27.2 KBytes       
[ 13]   8.00-9.00   sec  4.38 MBytes  36.7 Mbits/sec    5   55.8 KBytes       
[ 15]   8.00-9.00   sec  3.75 MBytes  31.5 Mbits/sec    4   46.3 KBytes       
[SUM]   8.00-9.00   sec  16.8 MBytes   141 Mbits/sec   24             
- - - - - - - - - - - - - - - - - - - - - - - - -
[  6]   9.00-10.00  sec  4.12 MBytes  34.6 Mbits/sec    4   35.4 KBytes       
[  9]   9.00-10.00  sec  1.88 MBytes  15.7 Mbits/sec    6   25.9 KBytes       
[ 11]   9.00-10.00  sec  2.62 MBytes  22.0 Mbits/sec    5   31.3 KBytes       
[ 13]   9.00-10.00  sec  4.75 MBytes  39.8 Mbits/sec    6   39.5 KBytes       
[ 15]   9.00-10.00  sec  3.62 MBytes  30.4 Mbits/sec    7   40.8 KBytes       
[SUM]   9.00-10.00  sec  17.0 MBytes   143 Mbits/sec   28             
- - - - - - - - - - - - - - - - - - - - - - - - -
[  6]  10.00-11.00  sec  2.38 MBytes  19.9 Mbits/sec    6   28.6 KBytes       
[  9]  10.00-11.00  sec  3.38 MBytes  28.3 Mbits/sec    2   42.2 KBytes       
[ 11]  10.00-11.00  sec  2.88 MBytes  24.1 Mbits/sec    5   40.8 KBytes       
[ 13]  10.00-11.00  sec  4.12 MBytes  34.6 Mbits/sec    7   17.7 KBytes       
[ 15]  10.00-11.00  sec  4.00 MBytes  33.6 Mbits/sec    7   32.7 KBytes       
[SUM]  10.00-11.00  sec  16.8 MBytes   141 Mbits/sec   27             
- - - - - - - - - - - - - - - - - - - - - - - - -
[  6]  11.00-12.00  sec  2.75 MBytes  23.1 Mbits/sec    6   36.8 KBytes       
[  9]  11.00-12.00  sec  1.88 MBytes  15.7 Mbits/sec    7   23.1 KBytes       
[ 11]  11.00-12.00  sec  2.75 MBytes  23.1 Mbits/sec    7   24.5 KBytes       
[ 13]  11.00-12.00  sec  3.62 MBytes  30.4 Mbits/sec    4   42.2 KBytes       
[ 15]  11.00-12.00  sec  4.00 MBytes  33.6 Mbits/sec    5   39.5 KBytes       
[SUM]  11.00-12.00  sec  15.0 MBytes   126 Mbits/sec   29             
- - - - - - - - - - - - - - - - - - - - - - - - -
[  6]  12.00-13.00  sec  3.25 MBytes  27.3 Mbits/sec    6   25.9 KBytes       
[  9]  12.00-13.00  sec  2.75 MBytes  23.1 Mbits/sec    4   24.5 KBytes       
[ 11]  12.00-13.00  sec  2.62 MBytes  22.0 Mbits/sec    8   20.4 KBytes       
[ 13]  12.00-13.00  sec  4.75 MBytes  39.8 Mbits/sec    7   24.5 KBytes       
[ 15]  12.00-13.00  sec  4.25 MBytes  35.7 Mbits/sec    4   53.1 KBytes       
[SUM]  12.00-13.00  sec  17.6 MBytes   148 Mbits/sec   29             
- - - - - - - - - - - - - - - - - - - - - - - - -
[  6]  13.00-14.00  sec  4.62 MBytes  38.8 Mbits/sec    2   49.0 KBytes       
[  9]  13.00-14.00  sec  3.38 MBytes  28.3 Mbits/sec    3   29.9 KBytes       
[ 11]  13.00-14.00  sec  2.50 MBytes  21.0 Mbits/sec    5   38.1 KBytes       
[ 13]  13.00-14.00  sec  4.12 MBytes  34.6 Mbits/sec    4   34.0 KBytes       
[ 15]  13.00-14.00  sec  5.88 MBytes  49.3 Mbits/sec    4   42.2 KBytes       
[SUM]  13.00-14.00  sec  20.5 MBytes   172 Mbits/sec   18             
- - - - - - - - - - - - - - - - - - - - - - - - -
[  6]  14.00-15.00  sec  3.00 MBytes  25.2 Mbits/sec    6   32.7 KBytes       
[  9]  14.00-15.00  sec  2.12 MBytes  17.8 Mbits/sec    5   32.7 KBytes       
[ 11]  14.00-15.00  sec  4.50 MBytes  37.7 Mbits/sec    3   49.0 KBytes       
[ 13]  14.00-15.00  sec  4.88 MBytes  40.9 Mbits/sec    7   19.1 KBytes       
[ 15]  14.00-15.00  sec  3.75 MBytes  31.5 Mbits/sec    7   19.1 KBytes       
[SUM]  14.00-15.00  sec  18.2 MBytes   153 Mbits/sec   28             
- - - - - - - - - - - - - - - - - - - - - - - - -
[  6]  15.00-16.00  sec  2.25 MBytes  18.9 Mbits/sec    7   21.8 KBytes       
[  9]  15.00-16.00  sec  1.88 MBytes  15.7 Mbits/sec    6   21.8 KBytes       
[ 11]  15.00-16.00  sec  4.50 MBytes  37.7 Mbits/sec    4   42.2 KBytes       
[ 13]  15.00-16.00  sec  2.88 MBytes  24.1 Mbits/sec    6   29.9 KBytes       
[ 15]  15.00-16.00  sec  3.88 MBytes  32.5 Mbits/sec    3   49.0 KBytes       
[SUM]  15.00-16.00  sec  15.4 MBytes   129 Mbits/sec   26             
- - - - - - - - - - - - - - - - - - - - - - - - -
[  6]  16.00-17.00  sec  2.75 MBytes  23.1 Mbits/sec    4   34.0 KBytes       
[  9]  16.00-17.00  sec  2.12 MBytes  17.8 Mbits/sec    3   46.3 KBytes       
[ 11]  16.00-17.00  sec  2.25 MBytes  18.9 Mbits/sec    8   25.9 KBytes       
[ 13]  16.00-17.00  sec  3.38 MBytes  28.3 Mbits/sec    7   21.8 KBytes       
[ 15]  16.00-17.00  sec  4.00 MBytes  33.6 Mbits/sec    6   39.5 KBytes       
[SUM]  16.00-17.00  sec  14.5 MBytes   122 Mbits/sec   28             
- - - - - - - - - - - - - - - - - - - - - - - - -
[  6]  17.00-18.00  sec  2.38 MBytes  19.9 Mbits/sec    8   25.9 KBytes       
[  9]  17.00-18.00  sec  2.50 MBytes  21.0 Mbits/sec    8   17.7 KBytes       
[ 11]  17.00-18.00  sec  2.62 MBytes  22.0 Mbits/sec    7   25.9 KBytes       
[ 13]  17.00-18.00  sec  3.25 MBytes  27.3 Mbits/sec    5   43.6 KBytes       
[ 15]  17.00-18.00  sec  3.12 MBytes  26.2 Mbits/sec   10   35.4 KBytes       
[SUM]  17.00-18.00  sec  13.9 MBytes   116 Mbits/sec   38             
- - - - - - - - - - - - - - - - - - - - - - - - -
[  6]  18.00-19.00  sec  2.38 MBytes  19.9 Mbits/sec    6   29.9 KBytes       
[  9]  18.00-19.00  sec  1.75 MBytes  14.7 Mbits/sec    6   15.0 KBytes       
[ 11]  18.00-19.00  sec  2.12 MBytes  17.8 Mbits/sec    9   12.3 KBytes       
[ 13]  18.00-19.00  sec  3.25 MBytes  27.3 Mbits/sec    6   39.5 KBytes       
[ 15]  18.00-19.00  sec  3.38 MBytes  28.3 Mbits/sec    6   25.9 KBytes       
[SUM]  18.00-19.00  sec  12.9 MBytes   108 Mbits/sec   33             
- - - - - - - - - - - - - - - - - - - - - - - - -
[  6]  19.00-20.00  sec  2.25 MBytes  18.9 Mbits/sec    6   32.7 KBytes       
[  9]  19.00-20.00  sec  1.88 MBytes  15.7 Mbits/sec    5   20.4 KBytes       
[ 11]  19.00-20.00  sec  2.12 MBytes  17.8 Mbits/sec    6   24.5 KBytes       
[ 13]  19.00-20.00  sec  4.12 MBytes  34.6 Mbits/sec    7   34.0 KBytes       
[ 15]  19.00-20.00  sec  2.38 MBytes  19.9 Mbits/sec   10   16.3 KBytes       
[SUM]  19.00-20.00  sec  12.8 MBytes   107 Mbits/sec   34             
- - - - - - - - - - - - - - - - - - - - - - - - -
[  6]  20.00-21.00  sec  2.38 MBytes  19.9 Mbits/sec    6   32.7 KBytes       
[  9]  20.00-21.00  sec  2.12 MBytes  17.8 Mbits/sec    3   47.6 KBytes       
[ 11]  20.00-21.00  sec  3.38 MBytes  28.3 Mbits/sec    5   21.8 KBytes       
[ 13]  20.00-21.00  sec  3.25 MBytes  27.3 Mbits/sec    9   24.5 KBytes       
[ 15]  20.00-21.00  sec  3.12 MBytes  26.2 Mbits/sec    6   43.6 KBytes       
[SUM]  20.00-21.00  sec  14.2 MBytes   120 Mbits/sec   29             
- - - - - - - - - - - - - - - - - - - - - - - - -
[  6]  21.00-22.00  sec  3.00 MBytes  25.2 Mbits/sec    4   46.3 KBytes       
[  9]  21.00-22.00  sec  2.50 MBytes  21.0 Mbits/sec    5   34.0 KBytes       
[ 11]  21.00-22.00  sec  2.25 MBytes  18.9 Mbits/sec    6   31.3 KBytes       
[ 13]  21.00-22.00  sec  2.25 MBytes  18.9 Mbits/sec    8   35.4 KBytes       
[ 15]  21.00-22.00  sec  5.25 MBytes  44.0 Mbits/sec    3   72.2 KBytes       
[SUM]  21.00-22.00  sec  15.2 MBytes   128 Mbits/sec   26             
- - - - - - - - - - - - - - - - - - - - - - - - -
[  6]  22.00-23.00  sec  4.62 MBytes  38.8 Mbits/sec    4   34.0 KBytes       
[  9]  22.00-23.00  sec  1.88 MBytes  15.7 Mbits/sec    6   20.4 KBytes       
[ 11]  22.00-23.00  sec  4.00 MBytes  33.6 Mbits/sec    3   43.6 KBytes       
[ 13]  22.00-23.00  sec  4.38 MBytes  36.7 Mbits/sec    5   31.3 KBytes       
[ 15]  22.00-23.00  sec  4.62 MBytes  38.8 Mbits/sec    8   25.9 KBytes       
[SUM]  22.00-23.00  sec  19.5 MBytes   164 Mbits/sec   26             
- - - - - - - - - - - - - - - - - - - - - - - - -
[  6]  23.00-24.00  sec  3.12 MBytes  26.2 Mbits/sec    6   20.4 KBytes       
[  9]  23.00-24.00  sec  2.12 MBytes  17.8 Mbits/sec    5   19.1 KBytes       
[ 11]  23.00-24.00  sec  3.62 MBytes  30.4 Mbits/sec    6   21.8 KBytes       
[ 13]  23.00-24.00  sec  2.88 MBytes  24.1 Mbits/sec   11   16.3 KBytes       
[ 15]  23.00-24.00  sec  2.38 MBytes  19.9 Mbits/sec    7   27.2 KBytes       
[SUM]  23.00-24.00  sec  14.1 MBytes   118 Mbits/sec   35             
- - - - - - - - - - - - - - - - - - - - - - - - -
[  6]  24.00-25.00  sec  2.12 MBytes  17.8 Mbits/sec    6   21.8 KBytes       
[  9]  24.00-25.00  sec  2.12 MBytes  17.8 Mbits/sec    4   40.8 KBytes       
[ 11]  24.00-25.00  sec  2.12 MBytes  17.8 Mbits/sec    6   38.1 KBytes       
[ 13]  24.00-25.00  sec  3.00 MBytes  25.2 Mbits/sec    6   38.1 KBytes       
[ 15]  24.00-25.00  sec  3.75 MBytes  31.5 Mbits/sec    5   35.4 KBytes       
[SUM]  24.00-25.00  sec  13.1 MBytes   110 Mbits/sec   27             
- - - - - - - - - - - - - - - - - - - - - - - - -
[  6]  25.00-26.00  sec  2.38 MBytes  19.9 Mbits/sec    6   13.6 KBytes       
[  9]  25.00-26.00  sec  3.00 MBytes  25.2 Mbits/sec   18   17.7 KBytes       
[ 11]  25.00-26.00  sec  2.88 MBytes  24.1 Mbits/sec   11   23.1 KBytes       
[ 13]  25.00-26.00  sec  4.00 MBytes  33.6 Mbits/sec    6   27.2 KBytes       
[ 15]  25.00-26.00  sec  3.62 MBytes  30.4 Mbits/sec    7   19.1 KBytes       
[SUM]  25.00-26.00  sec  15.9 MBytes   133 Mbits/sec   48             
- - - - - - - - - - - - - - - - - - - - - - - - -
[  6]  26.00-27.00  sec  1.88 MBytes  15.7 Mbits/sec    6   23.1 KBytes       
[  9]  26.00-27.00  sec  1.25 MBytes  10.5 Mbits/sec    5   34.0 KBytes       
[ 11]  26.00-27.00  sec  4.00 MBytes  33.6 Mbits/sec    2   55.8 KBytes       
[ 13]  26.00-27.00  sec  3.00 MBytes  25.2 Mbits/sec    7   27.2 KBytes       
[ 15]  26.00-27.00  sec  3.12 MBytes  26.2 Mbits/sec    8   24.5 KBytes       
[SUM]  26.00-27.00  sec  13.2 MBytes   111 Mbits/sec   28             
- - - - - - - - - - - - - - - - - - - - - - - - -
[  6]  27.00-28.00  sec  2.75 MBytes  23.1 Mbits/sec    3   53.1 KBytes       
[  9]  27.00-28.00  sec  3.12 MBytes  26.2 Mbits/sec    6   10.9 KBytes       
[ 11]  27.00-28.00  sec  5.38 MBytes  45.1 Mbits/sec    2   83.0 KBytes       
[ 13]  27.00-28.00  sec  2.88 MBytes  24.1 Mbits/sec    6   39.5 KBytes       
[ 15]  27.00-28.00  sec  3.38 MBytes  28.3 Mbits/sec    6   28.6 KBytes       
[SUM]  27.00-28.00  sec  17.5 MBytes   147 Mbits/sec   23             
- - - - - - - - - - - - - - - - - - - - - - - - -
[  6]  28.00-29.00  sec  4.50 MBytes  37.7 Mbits/sec    5   36.8 KBytes       
[  9]  28.00-29.00  sec  2.12 MBytes  17.8 Mbits/sec    2   44.9 KBytes       
[ 11]  28.00-29.00  sec  5.88 MBytes  49.3 Mbits/sec    5   73.5 KBytes       
[ 13]  28.00-29.00  sec  3.38 MBytes  28.3 Mbits/sec    6   34.0 KBytes       
[ 15]  28.00-29.00  sec  4.00 MBytes  33.6 Mbits/sec    3   46.3 KBytes       
[SUM]  28.00-29.00  sec  19.9 MBytes   167 Mbits/sec   21             
- - - - - - - - - - - - - - - - - - - - - - - - -
[  6]  29.00-30.00  sec  3.00 MBytes  25.2 Mbits/sec    6   31.3 KBytes       
[  9]  29.00-30.00  sec  2.75 MBytes  23.1 Mbits/sec    4   40.8 KBytes       
[ 11]  29.00-30.00  sec  3.50 MBytes  29.4 Mbits/sec    7   27.2 KBytes       
[ 13]  29.00-30.00  sec  4.00 MBytes  33.6 Mbits/sec    7   28.6 KBytes       
[ 15]  29.00-30.00  sec  3.38 MBytes  28.3 Mbits/sec    7   23.1 KBytes       
[SUM]  29.00-30.00  sec  16.6 MBytes   139 Mbits/sec   31             
- - - - - - - - - - - - - - - - - - - - - - - - -
[  6]  30.00-30.01  sec  0.00 Bytes  0.00 bits/sec    0   31.3 KBytes       
[  9]  30.00-30.01  sec  0.00 Bytes  0.00 bits/sec    0   42.2 KBytes       
[ 11]  30.00-30.01  sec  0.00 Bytes  0.00 bits/sec    0   27.2 KBytes       
[ 13]  30.00-30.01  sec   384 KBytes   528 Mbits/sec    0   28.6 KBytes       
[ 15]  30.00-30.01  sec  0.00 Bytes  0.00 bits/sec    0   23.1 KBytes       
[SUM]  30.00-30.01  sec   384 KBytes   527 Mbits/sec    0             
- - - - - - - - - - - - - - - - - - - - - - - - -
[ ID] Interval           Transfer     Bitrate         Retr
[  6]   0.00-30.01  sec  89.0 MBytes  24.9 Mbits/sec  158            sender
[  9]   0.00-30.01  sec  77.6 MBytes  21.7 Mbits/sec  158            sender
[ 11]   0.00-30.01  sec  96.0 MBytes  26.8 Mbits/sec  170            sender
[ 13]   0.00-30.01  sec   118 MBytes  32.9 Mbits/sec  206            sender
[ 15]   0.00-30.01  sec   120 MBytes  33.6 Mbits/sec  185            sender
[SUM]   0.00-30.01  sec   500 MBytes   140 Mbits/sec  877             sender
-----------------------------------------------------------
Server listening on 5201 (test #4)
-----------------------------------------------------------
Accepted connection from 128.220.159.221, port 65242
[  6] local 192.168.135.129 port 5201 connected to 128.220.159.221 port 4078
[  9] local 192.168.135.129 port 5201 connected to 128.220.159.221 port 54885
[ 11] local 192.168.135.129 port 5201 connected to 128.220.159.221 port 52581
[ 13] local 192.168.135.129 port 5201 connected to 128.220.159.221 port 53768
[ 15] local 192.168.135.129 port 5201 connected to 128.220.159.221 port 32007
[ ID] Interval           Transfer     Bitrate         Retr  Cwnd
[  6]   0.00-1.00   sec  9.62 MBytes  80.7 Mbits/sec   13   27.2 KBytes       
[  9]   0.00-1.00   sec  6.50 MBytes  54.5 Mbits/sec   12   21.8 KBytes       
[ 11]   0.00-1.00   sec  2.12 MBytes  17.8 Mbits/sec    6   16.3 KBytes       
[ 13]   0.00-1.00   sec  2.00 MBytes  16.8 Mbits/sec    4   32.7 KBytes       
[ 15]   0.00-1.00   sec  7.12 MBytes  59.7 Mbits/sec   12   28.6 KBytes       
[SUM]   0.00-1.00   sec  27.4 MBytes   229 Mbits/sec   47             
- - - - - - - - - - - - - - - - - - - - - - - - -
[  6]   1.00-2.00   sec  3.88 MBytes  32.5 Mbits/sec   24   39.5 KBytes       
[  9]   1.00-2.00   sec  3.00 MBytes  25.2 Mbits/sec    2   39.5 KBytes       
[ 11]   1.00-2.00   sec  2.88 MBytes  24.1 Mbits/sec    3   39.5 KBytes       
[ 13]   1.00-2.00   sec  2.88 MBytes  24.1 Mbits/sec    5   29.9 KBytes       
[ 15]   1.00-2.00   sec  4.38 MBytes  36.7 Mbits/sec   17   64.0 KBytes       
[SUM]   1.00-2.00   sec  17.0 MBytes   143 Mbits/sec   51             
- - - - - - - - - - - - - - - - - - - - - - - - -
[  6]   2.00-3.00   sec  3.88 MBytes  32.5 Mbits/sec    6   49.0 KBytes       
[  9]   2.00-3.00   sec  3.88 MBytes  32.5 Mbits/sec    2   57.2 KBytes       
[ 11]   2.00-3.00   sec  3.12 MBytes  26.2 Mbits/sec    5   38.1 KBytes       
[ 13]   2.00-3.00   sec  3.12 MBytes  26.2 Mbits/sec    4   39.5 KBytes       
[ 15]   2.00-3.00   sec  5.00 MBytes  41.9 Mbits/sec    6   34.0 KBytes       
[SUM]   2.00-3.00   sec  19.0 MBytes   159 Mbits/sec   23             
- - - - - - - - - - - - - - - - - - - - - - - - -
[  6]   3.00-4.00   sec  3.88 MBytes  32.5 Mbits/sec    8   39.5 KBytes       
[  9]   3.00-4.00   sec  3.50 MBytes  29.4 Mbits/sec    7   28.6 KBytes       
[ 11]   3.00-4.00   sec  3.50 MBytes  29.4 Mbits/sec    5   31.3 KBytes       
[ 13]   3.00-4.00   sec  3.38 MBytes  28.3 Mbits/sec    4   49.0 KBytes       
[ 15]   3.00-4.00   sec  3.88 MBytes  32.5 Mbits/sec    5   50.4 KBytes       
[SUM]   3.00-4.00   sec  18.1 MBytes   152 Mbits/sec   29             
- - - - - - - - - - - - - - - - - - - - - - - - -
[  6]   4.00-5.00   sec  3.88 MBytes  32.5 Mbits/sec    5   47.6 KBytes       
[  9]   4.00-5.00   sec  3.00 MBytes  25.2 Mbits/sec    2   51.7 KBytes       
[ 11]   4.00-5.00   sec  4.38 MBytes  36.7 Mbits/sec    3   42.2 KBytes       
[ 13]   4.00-5.00   sec  4.12 MBytes  34.6 Mbits/sec    4   65.3 KBytes       
[ 15]   4.00-5.00   sec  3.25 MBytes  27.3 Mbits/sec    6   58.5 KBytes       
[SUM]   4.00-5.00   sec  18.6 MBytes   156 Mbits/sec   20             
- - - - - - - - - - - - - - - - - - - - - - - - -
[  6]   5.00-6.00   sec  4.38 MBytes  36.7 Mbits/sec    6   29.9 KBytes       
[  9]   5.00-6.00   sec  3.00 MBytes  25.2 Mbits/sec    7   21.8 KBytes       
[ 11]   5.00-6.00   sec  3.38 MBytes  28.3 Mbits/sec   10   10.9 KBytes       
[ 13]   5.00-6.00   sec  3.38 MBytes  28.3 Mbits/sec    8   21.8 KBytes       
[ 15]   5.00-6.00   sec  4.50 MBytes  37.7 Mbits/sec    7   23.1 KBytes       
[SUM]   5.00-6.00   sec  18.6 MBytes   156 Mbits/sec   38             
- - - - - - - - - - - - - - - - - - - - - - - - -
[  6]   6.00-7.00   sec  3.88 MBytes  32.5 Mbits/sec    6   49.0 KBytes       
[  9]   6.00-7.00   sec  2.12 MBytes  17.8 Mbits/sec    5   21.8 KBytes       
[ 11]   6.00-7.00   sec  2.62 MBytes  22.0 Mbits/sec    4   25.9 KBytes       
[ 13]   6.00-7.00   sec  4.50 MBytes  37.7 Mbits/sec    2   44.9 KBytes       
[ 15]   6.00-7.00   sec  3.88 MBytes  32.5 Mbits/sec    7   36.8 KBytes       
[SUM]   6.00-7.00   sec  17.0 MBytes   143 Mbits/sec   24             
- - - - - - - - - - - - - - - - - - - - - - - - -
[  6]   7.00-8.00   sec  4.50 MBytes  37.7 Mbits/sec    6   46.3 KBytes       
[  9]   7.00-8.00   sec  1.62 MBytes  13.6 Mbits/sec    4   31.3 KBytes       
[ 11]   7.00-8.00   sec  2.25 MBytes  18.9 Mbits/sec    6   28.6 KBytes       
[ 13]   7.00-8.00   sec  3.12 MBytes  26.2 Mbits/sec    6   32.7 KBytes       
[ 15]   7.00-8.00   sec  3.25 MBytes  27.3 Mbits/sec    6   44.9 KBytes       
[SUM]   7.00-8.00   sec  14.8 MBytes   124 Mbits/sec   28             
- - - - - - - - - - - - - - - - - - - - - - - - -
[  6]   8.00-9.00   sec  3.75 MBytes  31.5 Mbits/sec    7   42.2 KBytes       
[  9]   8.00-9.00   sec  2.25 MBytes  18.9 Mbits/sec    6   16.3 KBytes       
[ 11]   8.00-9.00   sec  2.62 MBytes  22.0 Mbits/sec    6   23.1 KBytes       
[ 13]   8.00-9.00   sec  2.75 MBytes  23.1 Mbits/sec    7   38.1 KBytes       
[ 15]   8.00-9.00   sec  3.88 MBytes  32.5 Mbits/sec    9   28.6 KBytes       
[SUM]   8.00-9.00   sec  15.2 MBytes   128 Mbits/sec   35             
- - - - - - - - - - - - - - - - - - - - - - - - -
[  6]   9.00-10.00  sec  4.50 MBytes  37.7 Mbits/sec    5   50.4 KBytes       
[  9]   9.00-10.00  sec  2.50 MBytes  21.0 Mbits/sec    3   34.0 KBytes       
[ 11]   9.00-10.00  sec  3.25 MBytes  27.3 Mbits/sec    7   20.4 KBytes       
[ 13]   9.00-10.00  sec  2.88 MBytes  24.1 Mbits/sec    5   40.8 KBytes       
[ 15]   9.00-10.00  sec  3.88 MBytes  32.5 Mbits/sec    6   25.9 KBytes       
[SUM]   9.00-10.00  sec  17.0 MBytes   143 Mbits/sec   26             
- - - - - - - - - - - - - - - - - - - - - - - - -
[  6]  10.00-11.00  sec  4.88 MBytes  40.9 Mbits/sec    5   36.8 KBytes       
[  9]  10.00-11.00  sec  3.38 MBytes  28.3 Mbits/sec    3   51.7 KBytes       
[ 11]  10.00-11.00  sec  2.75 MBytes  23.1 Mbits/sec    4   42.2 KBytes       
[ 13]  10.00-11.00  sec  3.62 MBytes  30.4 Mbits/sec    5   43.6 KBytes       
[ 15]  10.00-11.00  sec  3.88 MBytes  32.5 Mbits/sec    3   59.9 KBytes       
[SUM]  10.00-11.00  sec  18.5 MBytes   155 Mbits/sec   20             
- - - - - - - - - - - - - - - - - - - - - - - - -
[  6]  11.00-12.00  sec  3.88 MBytes  32.5 Mbits/sec    5   38.1 KBytes       
[  9]  11.00-12.00  sec  3.50 MBytes  29.4 Mbits/sec    3   59.9 KBytes       
[ 11]  11.00-12.00  sec  3.50 MBytes  29.4 Mbits/sec    5   42.2 KBytes       
[ 13]  11.00-12.00  sec  5.12 MBytes  43.0 Mbits/sec    3   61.3 KBytes       
[ 15]  11.00-12.00  sec  4.38 MBytes  36.7 Mbits/sec    6   38.1 KBytes       
[SUM]  11.00-12.00  sec  20.4 MBytes   171 Mbits/sec   22             
- - - - - - - - - - - - - - - - - - - - - - - - -
[  6]  12.00-13.00  sec  5.00 MBytes  41.9 Mbits/sec    7   25.9 KBytes       
[  9]  12.00-13.00  sec  3.00 MBytes  25.2 Mbits/sec    6   32.7 KBytes       
[ 11]  12.00-13.00  sec  3.38 MBytes  28.3 Mbits/sec    5   36.8 KBytes       
[ 13]  12.00-13.00  sec  3.38 MBytes  28.3 Mbits/sec    6   42.2 KBytes       
[ 15]  12.00-13.00  sec  3.25 MBytes  27.3 Mbits/sec    8   27.2 KBytes       
[SUM]  12.00-13.00  sec  18.0 MBytes   151 Mbits/sec   32             
- - - - - - - - - - - - - - - - - - - - - - - - -
[  6]  13.00-14.00  sec  3.75 MBytes  31.5 Mbits/sec    6   31.3 KBytes       
[  9]  13.00-14.00  sec  2.12 MBytes  17.8 Mbits/sec    7   31.3 KBytes       
[ 11]  13.00-14.00  sec  2.75 MBytes  23.1 Mbits/sec    7   23.1 KBytes       
[ 13]  13.00-14.00  sec  2.50 MBytes  21.0 Mbits/sec    7   25.9 KBytes       
[ 15]  13.00-14.00  sec  2.75 MBytes  23.1 Mbits/sec    7   27.2 KBytes       
[SUM]  13.00-14.00  sec  13.9 MBytes   116 Mbits/sec   34             
- - - - - - - - - - - - - - - - - - - - - - - - -
[  6]  14.00-15.00  sec  3.88 MBytes  32.5 Mbits/sec    6   29.9 KBytes       
[  9]  14.00-15.00  sec  2.25 MBytes  18.9 Mbits/sec    4   47.6 KBytes       
[ 11]  14.00-15.00  sec  2.88 MBytes  24.1 Mbits/sec    5   32.7 KBytes       
[ 13]  14.00-15.00  sec  3.38 MBytes  28.3 Mbits/sec    3   58.5 KBytes       
[ 15]  14.00-15.00  sec  3.88 MBytes  32.5 Mbits/sec    5   42.2 KBytes       
[SUM]  14.00-15.00  sec  16.2 MBytes   136 Mbits/sec   23             
- - - - - - - - - - - - - - - - - - - - - - - - -
[  6]  15.00-16.00  sec  3.38 MBytes  28.3 Mbits/sec    8   29.9 KBytes       
[  9]  15.00-16.00  sec  3.00 MBytes  25.2 Mbits/sec    6   31.3 KBytes       
[ 11]  15.00-16.00  sec  2.50 MBytes  21.0 Mbits/sec    8   23.1 KBytes       
[ 13]  15.00-16.00  sec  4.75 MBytes  39.8 Mbits/sec    5   27.2 KBytes       
[ 15]  15.00-16.00  sec  3.38 MBytes  28.3 Mbits/sec    8   16.3 KBytes       
[SUM]  15.00-16.00  sec  17.0 MBytes   143 Mbits/sec   35             
- - - - - - - - - - - - - - - - - - - - - - - - -
[  6]  16.00-17.00  sec  4.38 MBytes  36.7 Mbits/sec    6   24.5 KBytes       
[  9]  16.00-17.00  sec  2.88 MBytes  24.1 Mbits/sec    5   27.2 KBytes       
[ 11]  16.00-17.00  sec  2.88 MBytes  24.1 Mbits/sec    5   27.2 KBytes       
[ 13]  16.00-17.00  sec  2.75 MBytes  23.1 Mbits/sec    5   31.3 KBytes       
[ 15]  16.00-17.00  sec  2.75 MBytes  23.1 Mbits/sec    5   42.2 KBytes       
[SUM]  16.00-17.00  sec  15.6 MBytes   131 Mbits/sec   26             
- - - - - - - - - - - - - - - - - - - - - - - - -
[  6]  17.00-18.00  sec  3.25 MBytes  27.3 Mbits/sec    7   24.5 KBytes       
[  9]  17.00-18.00  sec  3.00 MBytes  25.2 Mbits/sec    3   36.8 KBytes       
[ 11]  17.00-18.00  sec  2.62 MBytes  22.0 Mbits/sec    8   16.3 KBytes       
[ 13]  17.00-18.00  sec  3.00 MBytes  25.2 Mbits/sec    6   28.6 KBytes       
[ 15]  17.00-18.00  sec  4.38 MBytes  36.7 Mbits/sec    9   20.4 KBytes       
[SUM]  17.00-18.00  sec  16.2 MBytes   136 Mbits/sec   33             
- - - - - - - - - - - - - - - - - - - - - - - - -
[  6]  18.00-19.00  sec  2.75 MBytes  23.1 Mbits/sec    7   31.3 KBytes       
[  9]  18.00-19.00  sec  1.75 MBytes  14.7 Mbits/sec    7   20.4 KBytes       
[ 11]  18.00-19.00  sec  2.75 MBytes  23.1 Mbits/sec    5   25.9 KBytes       
[ 13]  18.00-19.00  sec  1.75 MBytes  14.7 Mbits/sec   10   12.3 KBytes       
[ 15]  18.00-19.00  sec  2.12 MBytes  17.8 Mbits/sec   12   17.7 KBytes       
[SUM]  18.00-19.00  sec  11.1 MBytes  93.3 Mbits/sec   41             
- - - - - - - - - - - - - - - - - - - - - - - - -
[  6]  19.00-20.00  sec  3.88 MBytes  32.5 Mbits/sec    8   38.1 KBytes       
[  9]  19.00-20.00  sec  2.62 MBytes  22.0 Mbits/sec    2   51.7 KBytes       
[ 11]  19.00-20.00  sec  3.25 MBytes  27.3 Mbits/sec    5   24.5 KBytes       
[ 13]  19.00-20.00  sec  2.75 MBytes  23.1 Mbits/sec    3   47.6 KBytes       
[ 15]  19.00-20.00  sec  5.00 MBytes  41.9 Mbits/sec    4   47.6 KBytes       
[SUM]  19.00-20.00  sec  17.5 MBytes   147 Mbits/sec   22             
- - - - - - - - - - - - - - - - - - - - - - - - -
[  6]  20.00-21.00  sec  3.38 MBytes  28.3 Mbits/sec    9   23.1 KBytes       
[  9]  20.00-21.00  sec  3.00 MBytes  25.2 Mbits/sec    6   40.8 KBytes       
[ 11]  20.00-21.00  sec  2.88 MBytes  24.1 Mbits/sec    8   9.53 KBytes       
[ 13]  20.00-21.00  sec  2.88 MBytes  24.1 Mbits/sec    7   25.9 KBytes       
[ 15]  20.00-21.00  sec  3.88 MBytes  32.5 Mbits/sec    6   42.2 KBytes       
[SUM]  20.00-21.00  sec  16.0 MBytes   134 Mbits/sec   36             
- - - - - - - - - - - - - - - - - - - - - - - - -
[  6]  21.00-22.00  sec  3.75 MBytes  31.5 Mbits/sec    6   35.4 KBytes       
[  9]  21.00-22.00  sec  4.75 MBytes  39.8 Mbits/sec    1   83.0 KBytes       
[ 11]  21.00-22.00  sec  2.62 MBytes  22.0 Mbits/sec    3   38.1 KBytes       
[ 13]  21.00-22.00  sec  3.38 MBytes  28.3 Mbits/sec    4   32.7 KBytes       
[ 15]  21.00-22.00  sec  4.38 MBytes  36.7 Mbits/sec    6   28.6 KBytes       
[SUM]  21.00-22.00  sec  18.9 MBytes   158 Mbits/sec   20             
- - - - - - - - - - - - - - - - - - - - - - - - -
[  6]  22.00-23.00  sec  2.75 MBytes  23.1 Mbits/sec   20   21.8 KBytes       
[  9]  22.00-23.00  sec  3.88 MBytes  32.5 Mbits/sec    5   31.3 KBytes       
[ 11]  22.00-23.00  sec  3.38 MBytes  28.3 Mbits/sec    5   32.7 KBytes       
[ 13]  22.00-23.00  sec  4.38 MBytes  36.7 Mbits/sec    3   43.6 KBytes       
[ 15]  22.00-23.00  sec  3.25 MBytes  27.3 Mbits/sec   10   24.5 KBytes       
[SUM]  22.00-23.00  sec  17.6 MBytes   148 Mbits/sec   43             
- - - - - - - - - - - - - - - - - - - - - - - - -
[  6]  23.00-24.00  sec  3.88 MBytes  32.5 Mbits/sec    5   51.7 KBytes       
[  9]  23.00-24.00  sec  2.50 MBytes  21.0 Mbits/sec    3   53.1 KBytes       
[ 11]  23.00-24.00  sec  3.88 MBytes  32.5 Mbits/sec    3   44.9 KBytes       
[ 13]  23.00-24.00  sec  2.75 MBytes  23.1 Mbits/sec    7   21.8 KBytes       
[ 15]  23.00-24.00  sec  4.50 MBytes  37.7 Mbits/sec    4   50.4 KBytes       
[SUM]  23.00-24.00  sec  17.5 MBytes   147 Mbits/sec   22             
- - - - - - - - - - - - - - - - - - - - - - - - -
[  6]  24.00-25.00  sec  3.38 MBytes  28.3 Mbits/sec    8   21.8 KBytes       
[  9]  24.00-25.00  sec  4.25 MBytes  35.7 Mbits/sec    5   44.9 KBytes       
[ 11]  24.00-25.00  sec  3.00 MBytes  25.2 Mbits/sec    6   38.1 KBytes       
[ 13]  24.00-25.00  sec  3.12 MBytes  26.2 Mbits/sec    4   29.9 KBytes       
[ 15]  24.00-25.00  sec  2.75 MBytes  23.1 Mbits/sec   10   19.1 KBytes       
[SUM]  24.00-25.00  sec  16.5 MBytes   138 Mbits/sec   33             
- - - - - - - - - - - - - - - - - - - - - - - - -
[  6]  25.00-26.00  sec  2.75 MBytes  23.1 Mbits/sec    8   27.2 KBytes       
[  9]  25.00-26.00  sec  3.50 MBytes  29.4 Mbits/sec    5   34.0 KBytes       
[ 11]  25.00-26.00  sec  3.62 MBytes  30.4 Mbits/sec    5   25.9 KBytes       
[ 13]  25.00-26.00  sec  3.00 MBytes  25.2 Mbits/sec    4   39.5 KBytes       
[ 15]  25.00-26.00  sec  4.38 MBytes  36.7 Mbits/sec    6   28.6 KBytes       
[SUM]  25.00-26.00  sec  17.2 MBytes   145 Mbits/sec   28             
- - - - - - - - - - - - - - - - - - - - - - - - -
[  6]  26.00-27.00  sec  5.50 MBytes  46.1 Mbits/sec    3   58.5 KBytes       
[  9]  26.00-27.00  sec  2.50 MBytes  21.0 Mbits/sec    6   20.4 KBytes       
[ 11]  26.00-27.00  sec  3.38 MBytes  28.3 Mbits/sec    3   55.8 KBytes       
[ 13]  26.00-27.00  sec  3.12 MBytes  26.2 Mbits/sec    6   24.5 KBytes       
[ 15]  26.00-27.00  sec  3.88 MBytes  32.5 Mbits/sec    6   34.0 KBytes       
[SUM]  26.00-27.00  sec  18.4 MBytes   154 Mbits/sec   24             
- - - - - - - - - - - - - - - - - - - - - - - - -
[  6]  27.00-28.00  sec  4.50 MBytes  37.7 Mbits/sec    6   40.8 KBytes       
[  9]  27.00-28.00  sec  2.25 MBytes  18.9 Mbits/sec    3   35.4 KBytes       
[ 11]  27.00-28.00  sec  3.12 MBytes  26.2 Mbits/sec    6   34.0 KBytes       
[ 13]  27.00-28.00  sec  1.88 MBytes  15.7 Mbits/sec    8   25.9 KBytes       
[ 15]  27.00-28.00  sec  3.88 MBytes  32.5 Mbits/sec    6   44.9 KBytes       
[SUM]  27.00-28.00  sec  15.6 MBytes   131 Mbits/sec   29             
- - - - - - - - - - - - - - - - - - - - - - - - -
[  6]  28.00-29.00  sec  3.88 MBytes  32.5 Mbits/sec    9   24.5 KBytes       
[  9]  28.00-29.00  sec  3.38 MBytes  28.3 Mbits/sec    3   42.2 KBytes       
[ 11]  28.00-29.00  sec  3.25 MBytes  27.3 Mbits/sec    5   29.9 KBytes       
[ 13]  28.00-29.00  sec  2.62 MBytes  22.0 Mbits/sec    4   42.2 KBytes       
[ 15]  28.00-29.00  sec  3.75 MBytes  31.5 Mbits/sec    7   43.6 KBytes       
[SUM]  28.00-29.00  sec  16.9 MBytes   142 Mbits/sec   28             
- - - - - - - - - - - - - - - - - - - - - - - - -
[  6]  29.00-30.00  sec  3.88 MBytes  32.5 Mbits/sec    4   44.9 KBytes       
[  9]  29.00-30.00  sec  2.12 MBytes  17.8 Mbits/sec    7   23.1 KBytes       
[ 11]  29.00-30.00  sec  4.50 MBytes  37.7 Mbits/sec    3   36.8 KBytes       
[ 13]  29.00-30.00  sec  3.25 MBytes  27.3 Mbits/sec    6   46.3 KBytes       
[ 15]  29.00-30.00  sec  2.75 MBytes  23.1 Mbits/sec    8   28.6 KBytes       
[SUM]  29.00-30.00  sec  16.5 MBytes   138 Mbits/sec   28             
- - - - - - - - - - - - - - - - - - - - - - - - -
[  6]  30.00-30.01  sec  0.00 Bytes  0.00 bits/sec    0   44.9 KBytes       
[  9]  30.00-30.01  sec  0.00 Bytes  0.00 bits/sec    0   23.1 KBytes       
[ 11]  30.00-30.01  sec  0.00 Bytes  0.00 bits/sec    0   36.8 KBytes       
[ 13]  30.00-30.01  sec   128 KBytes   168 Mbits/sec    0   46.3 KBytes       
[ 15]  30.00-30.01  sec  0.00 Bytes  0.00 bits/sec    0   29.9 KBytes       
[SUM]  30.00-30.01  sec   128 KBytes   168 Mbits/sec    0             
- - - - - - - - - - - - - - - - - - - - - - - - -
[ ID] Interval           Transfer     Bitrate         Retr
[  6]   0.00-30.01  sec   123 MBytes  34.3 Mbits/sec  229            sender
[  9]   0.00-30.01  sec  91.0 MBytes  25.4 Mbits/sec  140            sender
[ 11]   0.00-30.01  sec  93.0 MBytes  26.0 Mbits/sec  159            sender
[ 13]   0.00-30.01  sec  95.6 MBytes  26.7 Mbits/sec  155            sender
[ 15]   0.00-30.01  sec   116 MBytes  32.5 Mbits/sec  217            sender
[SUM]   0.00-30.01  sec   518 MBytes   145 Mbits/sec  900             sender
-----------------------------------------------------------
Server listening on 5201 (test #5)
-----------------------------------------------------------
iperf3: interrupt - the server has terminated by signal Interrupt(2)
