-----------------------------------------------------------
Server listening on 5201 (test #1)
-----------------------------------------------------------
Accepted connection from 128.220.159.221, port 3753
[  6] local 192.168.135.129 port 5201 connected to 128.220.159.221 port 54775
[  9] local 192.168.135.129 port 5201 connected to 128.220.159.221 port 12353
[ 11] local 192.168.135.129 port 5201 connected to 128.220.159.221 port 14881
[ 13] local 192.168.135.129 port 5201 connected to 128.220.159.221 port 56320
[ 15] local 192.168.135.129 port 5201 connected to 128.220.159.221 port 38372
[ ID] Interval           Transfer     Bitrate         Retr  Cwnd
[  6]   0.00-1.00   sec  1.38 MBytes  11.5 Mbits/sec    3   36.8 KBytes       
[  9]   0.00-1.00   sec  5.75 MBytes  48.2 Mbits/sec   32   42.2 KBytes       
[ 11]   0.00-1.00   sec  4.38 MBytes  36.7 Mbits/sec    9   28.6 KBytes       
[ 13]   0.00-1.00   sec  3.62 MBytes  30.4 Mbits/sec    4   43.6 KBytes       
[ 15]   0.00-1.00   sec  5.38 MBytes  45.0 Mbits/sec   12   23.1 KBytes       
[SUM]   0.00-1.00   sec  20.5 MBytes   172 Mbits/sec   60             
- - - - - - - - - - - - - - - - - - - - - - - - -
[  6]   1.00-2.00   sec  1.88 MBytes  15.7 Mbits/sec    6   27.2 KBytes       
[  9]   1.00-2.00   sec  4.00 MBytes  33.6 Mbits/sec    8   50.4 KBytes       
[ 11]   1.00-2.00   sec  1.25 MBytes  10.5 Mbits/sec    6   32.7 KBytes       
[ 13]   1.00-2.00   sec  2.62 MBytes  22.0 Mbits/sec    5   35.4 KBytes       
[ 15]   1.00-2.00   sec  1.75 MBytes  14.7 Mbits/sec    7   29.9 KBytes       
[SUM]   1.00-2.00   sec  11.5 MBytes  96.5 Mbits/sec   32             
- - - - - - - - - - - - - - - - - - - - - - - - -
[  6]   2.00-3.00   sec  2.62 MBytes  22.0 Mbits/sec    2   40.8 KBytes       
[  9]   2.00-3.00   sec  3.38 MBytes  28.3 Mbits/sec    7   25.9 KBytes       
[ 11]   2.00-3.00   sec  2.75 MBytes  23.1 Mbits/sec    2   47.6 KBytes       
[ 13]   2.00-3.00   sec  2.38 MBytes  19.9 Mbits/sec    5   16.3 KBytes       
[ 15]   2.00-3.00   sec  2.75 MBytes  23.1 Mbits/sec    3   28.6 KBytes       
[SUM]   2.00-3.00   sec  13.9 MBytes   116 Mbits/sec   19             
- - - - - - - - - - - - - - - - - - - - - - - - -
[  6]   3.00-4.00   sec  2.38 MBytes  19.9 Mbits/sec    7   23.1 KBytes       
[  9]   3.00-4.00   sec  3.38 MBytes  28.3 Mbits/sec    7   17.7 KBytes       
[ 11]   3.00-4.00   sec  1.75 MBytes  14.7 Mbits/sec   12   19.1 KBytes       
[ 13]   3.00-4.00   sec  2.00 MBytes  16.8 Mbits/sec    5   29.9 KBytes       
[ 15]   3.00-4.00   sec  2.88 MBytes  24.1 Mbits/sec    3   34.0 KBytes       
[SUM]   3.00-4.00   sec  12.4 MBytes   104 Mbits/sec   34             
- - - - - - - - - - - - - - - - - - - - - - - - -
[  6]   4.00-5.00   sec  1.25 MBytes  10.5 Mbits/sec   11   19.1 KBytes       
[  9]   4.00-5.00   sec  3.25 MBytes  27.3 Mbits/sec    9   34.0 KBytes       
[ 11]   4.00-5.00   sec  2.25 MBytes  18.9 Mbits/sec    4   27.2 KBytes       
[ 13]   4.00-5.00   sec  1.62 MBytes  13.6 Mbits/sec   11   19.1 KBytes       
[ 15]   4.00-5.00   sec  1.75 MBytes  14.7 Mbits/sec    9   38.1 KBytes       
[SUM]   4.00-5.00   sec  10.1 MBytes  84.9 Mbits/sec   44             
- - - - - - - - - - - - - - - - - - - - - - - - -
[  6]   5.00-6.00   sec  1.88 MBytes  15.7 Mbits/sec    5   19.1 KBytes       
[  9]   5.00-6.00   sec  3.00 MBytes  25.2 Mbits/sec   10   17.7 KBytes       
[ 11]   5.00-6.00   sec  2.25 MBytes  18.9 Mbits/sec    5   31.3 KBytes       
[ 13]   5.00-6.00   sec  1.75 MBytes  14.7 Mbits/sec    5   29.9 KBytes       
[ 15]   5.00-6.00   sec  2.50 MBytes  21.0 Mbits/sec    6   23.1 KBytes       
[SUM]   5.00-6.00   sec  11.4 MBytes  95.4 Mbits/sec   31             
- - - - - - - - - - - - - - - - - - - - - - - - -
[  6]   6.00-7.00   sec  1.62 MBytes  13.6 Mbits/sec    5   36.8 KBytes       
[  9]   6.00-7.00   sec  2.88 MBytes  24.1 Mbits/sec    8   25.9 KBytes       
[ 11]   6.00-7.00   sec  2.75 MBytes  23.1 Mbits/sec    4   35.4 KBytes       
[ 13]   6.00-7.00   sec  1.38 MBytes  11.5 Mbits/sec    9   15.0 KBytes       
[ 15]   6.00-7.00   sec  1.75 MBytes  14.7 Mbits/sec    5   36.8 KBytes       
[SUM]   6.00-7.00   sec  10.4 MBytes  87.0 Mbits/sec   31             
- - - - - - - - - - - - - - - - - - - - - - - - -
[  6]   7.00-8.00   sec  2.88 MBytes  24.1 Mbits/sec    6   20.4 KBytes       
[  9]   7.00-8.00   sec  2.62 MBytes  22.0 Mbits/sec    8   20.4 KBytes       
[ 11]   7.00-8.00   sec  2.62 MBytes  22.0 Mbits/sec    3   49.0 KBytes       
[ 13]   7.00-8.00   sec  1.75 MBytes  14.7 Mbits/sec    4   23.1 KBytes       
[ 15]   7.00-8.00   sec  2.75 MBytes  23.1 Mbits/sec    6   17.7 KBytes       
[SUM]   7.00-8.00   sec  12.6 MBytes   106 Mbits/sec   27             
- - - - - - - - - - - - - - - - - - - - - - - - -
[  6]   8.00-9.00   sec  2.00 MBytes  16.8 Mbits/sec    4   27.2 KBytes       
[  9]   8.00-9.00   sec  2.88 MBytes  24.1 Mbits/sec    6   29.9 KBytes       
[ 11]   8.00-9.00   sec  2.62 MBytes  22.0 Mbits/sec    5   29.9 KBytes       
[ 13]   8.00-9.00   sec  2.88 MBytes  24.1 Mbits/sec    2   43.6 KBytes       
[ 15]   8.00-9.00   sec  1.88 MBytes  15.7 Mbits/sec    3   36.8 KBytes       
[SUM]   8.00-9.00   sec  12.2 MBytes   103 Mbits/sec   20             
- - - - - - - - - - - - - - - - - - - - - - - - -
[  6]   9.00-10.00  sec  1.62 MBytes  13.6 Mbits/sec   10   16.3 KBytes       
[  9]   9.00-10.00  sec  4.38 MBytes  36.7 Mbits/sec    8   20.4 KBytes       
[ 11]   9.00-10.00  sec  2.25 MBytes  18.9 Mbits/sec    6   27.2 KBytes       
[ 13]   9.00-10.00  sec  2.12 MBytes  17.8 Mbits/sec    7   16.3 KBytes       
[ 15]   9.00-10.00  sec  2.75 MBytes  23.1 Mbits/sec    5   24.5 KBytes       
[SUM]   9.00-10.00  sec  13.1 MBytes   110 Mbits/sec   36             
- - - - - - - - - - - - - - - - - - - - - - - - -
[  6]  10.00-11.00  sec  1.88 MBytes  15.7 Mbits/sec    3   46.3 KBytes       
[  9]  10.00-11.00  sec  3.38 MBytes  28.3 Mbits/sec    7   28.6 KBytes       
[ 11]  10.00-11.00  sec  1.75 MBytes  14.7 Mbits/sec    6   28.6 KBytes       
[ 13]  10.00-11.00  sec  2.50 MBytes  21.0 Mbits/sec    2   51.7 KBytes       
[ 15]  10.00-11.00  sec  2.75 MBytes  23.1 Mbits/sec    4   38.1 KBytes       
[SUM]  10.00-11.00  sec  12.2 MBytes   103 Mbits/sec   22             
- - - - - - - - - - - - - - - - - - - - - - - - -
[  6]  11.00-12.00  sec  2.00 MBytes  16.8 Mbits/sec    6   19.1 KBytes       
[  9]  11.00-12.00  sec  2.25 MBytes  18.9 Mbits/sec    9   15.0 KBytes       
[ 11]  11.00-12.00  sec  2.38 MBytes  19.9 Mbits/sec    4   23.1 KBytes       
[ 13]  11.00-12.00  sec  2.50 MBytes  21.0 Mbits/sec    5   28.6 KBytes       
[ 15]  11.00-12.00  sec  2.12 MBytes  17.8 Mbits/sec    5   27.2 KBytes       
[SUM]  11.00-12.00  sec  11.2 MBytes  94.4 Mbits/sec   29             
- - - - - - - - - - - - - - - - - - - - - - - - -
[  6]  12.00-13.00  sec  1.62 MBytes  13.6 Mbits/sec    6   20.4 KBytes       
[  9]  12.00-13.00  sec  2.12 MBytes  17.8 Mbits/sec    9   28.6 KBytes       
[ 11]  12.00-13.00  sec  1.62 MBytes  13.6 Mbits/sec    8   9.53 KBytes       
[ 13]  12.00-13.00  sec  1.88 MBytes  15.7 Mbits/sec    7   16.3 KBytes       
[ 15]  12.00-13.00  sec  1.25 MBytes  10.5 Mbits/sec    7   25.9 KBytes       
[SUM]  12.00-13.00  sec  8.50 MBytes  71.3 Mbits/sec   37             
- - - - - - - - - - - - - - - - - - - - - - - - -
[  6]  13.00-14.00  sec  2.75 MBytes  23.1 Mbits/sec    1   59.9 KBytes       
[  9]  13.00-14.00  sec  2.62 MBytes  22.0 Mbits/sec    8   21.8 KBytes       
[ 11]  13.00-14.00  sec  2.12 MBytes  17.8 Mbits/sec    1   57.2 KBytes       
[ 13]  13.00-14.00  sec  1.75 MBytes  14.7 Mbits/sec    7   9.53 KBytes       
[ 15]  13.00-14.00  sec  2.50 MBytes  21.0 Mbits/sec    4   27.2 KBytes       
[SUM]  13.00-14.00  sec  11.8 MBytes  98.6 Mbits/sec   21             
- - - - - - - - - - - - - - - - - - - - - - - - -
[  6]  14.00-15.00  sec  2.88 MBytes  24.1 Mbits/sec    6   19.1 KBytes       
[  9]  14.00-15.00  sec  2.88 MBytes  24.1 Mbits/sec    5   36.8 KBytes       
[ 11]  14.00-15.00  sec  3.38 MBytes  28.3 Mbits/sec    4   38.1 KBytes       
[ 13]  14.00-15.00  sec  1.62 MBytes  13.6 Mbits/sec    5   19.1 KBytes       
[ 15]  14.00-15.00  sec  1.75 MBytes  14.7 Mbits/sec    5   24.5 KBytes       
[SUM]  14.00-15.00  sec  12.5 MBytes   105 Mbits/sec   25             
- - - - - - - - - - - - - - - - - - - - - - - - -
[  6]  15.00-16.00  sec  1.75 MBytes  14.7 Mbits/sec    5   28.6 KBytes       
[  9]  15.00-16.00  sec  3.38 MBytes  28.3 Mbits/sec    8   24.5 KBytes       
[ 11]  15.00-16.00  sec  2.12 MBytes  17.8 Mbits/sec    7   20.4 KBytes       
[ 13]  15.00-16.00  sec  1.88 MBytes  15.7 Mbits/sec    5   19.1 KBytes       
[ 15]  15.00-16.00  sec  1.88 MBytes  15.7 Mbits/sec    6   20.4 KBytes       
[SUM]  15.00-16.00  sec  11.0 MBytes  92.3 Mbits/sec   31             
- - - - - - - - - - - - - - - - - - - - - - - - -
[  6]  16.00-17.00  sec  2.38 MBytes  19.9 Mbits/sec    7   19.1 KBytes       
[  9]  16.00-17.00  sec  3.62 MBytes  30.4 Mbits/sec    6   32.7 KBytes       
[ 11]  16.00-17.00  sec  1.50 MBytes  12.6 Mbits/sec    6   16.3 KBytes       
[ 13]  16.00-17.00  sec  2.50 MBytes  21.0 Mbits/sec    3   32.7 KBytes       
[ 15]  16.00-17.00  sec  2.12 MBytes  17.8 Mbits/sec    5   20.4 KBytes       
[SUM]  16.00-17.00  sec  12.1 MBytes   102 Mbits/sec   27             
- - - - - - - - - - - - - - - - - - - - - - - - -
[  6]  17.00-18.00  sec  2.00 MBytes  16.8 Mbits/sec    4   35.4 KBytes       
[  9]  17.00-18.00  sec  3.62 MBytes  30.4 Mbits/sec    8   25.9 KBytes       
[ 11]  17.00-18.00  sec  1.50 MBytes  12.6 Mbits/sec    6   25.9 KBytes       
[ 13]  17.00-18.00  sec  1.75 MBytes  14.7 Mbits/sec    8   24.5 KBytes       
[ 15]  17.00-18.00  sec  2.50 MBytes  21.0 Mbits/sec    3   39.5 KBytes       
[SUM]  17.00-18.00  sec  11.4 MBytes  95.4 Mbits/sec   29             
- - - - - - - - - - - - - - - - - - - - - - - - -
[  6]  18.00-19.00  sec  3.25 MBytes  27.3 Mbits/sec    5   27.2 KBytes       
[  9]  18.00-19.00  sec  3.75 MBytes  31.5 Mbits/sec    4   43.6 KBytes       
[ 11]  18.00-19.00  sec  2.00 MBytes  16.8 Mbits/sec    5   23.1 KBytes       
[ 13]  18.00-19.00  sec  2.12 MBytes  17.8 Mbits/sec    5   20.4 KBytes       
[ 15]  18.00-19.00  sec  2.38 MBytes  19.9 Mbits/sec    4   38.1 KBytes       
[SUM]  18.00-19.00  sec  13.5 MBytes   113 Mbits/sec   23             
- - - - - - - - - - - - - - - - - - - - - - - - -
[  6]  19.00-20.00  sec  1.75 MBytes  14.7 Mbits/sec    3   32.7 KBytes       
[  9]  19.00-20.00  sec  2.88 MBytes  24.1 Mbits/sec    7   17.7 KBytes       
[ 11]  19.00-20.00  sec  1.88 MBytes  15.7 Mbits/sec    4   27.2 KBytes       
[ 13]  19.00-20.00  sec  2.25 MBytes  18.9 Mbits/sec    2   32.7 KBytes       
[ 15]  19.00-20.00  sec  1.88 MBytes  15.7 Mbits/sec    4   27.2 KBytes       
[SUM]  19.00-20.00  sec  10.6 MBytes  89.1 Mbits/sec   20             
- - - - - - - - - - - - - - - - - - - - - - - - -
[  6]  20.00-21.00  sec  2.62 MBytes  22.0 Mbits/sec    4   31.3 KBytes       
[  9]  20.00-21.00  sec  3.00 MBytes  25.2 Mbits/sec    6   29.9 KBytes       
[ 11]  20.00-21.00  sec  1.75 MBytes  14.7 Mbits/sec    6   20.4 KBytes       
[ 13]  20.00-21.00  sec  1.75 MBytes  14.7 Mbits/sec    6   20.4 KBytes       
[ 15]  20.00-21.00  sec  2.75 MBytes  23.1 Mbits/sec    4   24.5 KBytes       
[SUM]  20.00-21.00  sec  11.9 MBytes  99.6 Mbits/sec   26             
- - - - - - - - - - - - - - - - - - - - - - - - -
[  6]  21.00-22.00  sec  2.38 MBytes  19.9 Mbits/sec    4   36.8 KBytes       
[  9]  21.00-22.00  sec  2.88 MBytes  24.1 Mbits/sec    9   13.6 KBytes       
[ 11]  21.00-22.00  sec  1.50 MBytes  12.6 Mbits/sec    8   13.6 KBytes       
[ 13]  21.00-22.00  sec  2.00 MBytes  16.8 Mbits/sec    5   21.8 KBytes       
[ 15]  21.00-22.00  sec  1.62 MBytes  13.6 Mbits/sec    5   31.3 KBytes       
[SUM]  21.00-22.00  sec  10.4 MBytes  87.0 Mbits/sec   31             
- - - - - - - - - - - - - - - - - - - - - - - - -
[  6]  22.00-23.00  sec  2.50 MBytes  21.0 Mbits/sec    4   39.5 KBytes       
[  9]  22.00-23.00  sec  3.00 MBytes  25.2 Mbits/sec    7   25.9 KBytes       
[ 11]  22.00-23.00  sec  2.25 MBytes  18.9 Mbits/sec    3   35.4 KBytes       
[ 13]  22.00-23.00  sec  2.50 MBytes  21.0 Mbits/sec    4   34.0 KBytes       
[ 15]  22.00-23.00  sec  3.38 MBytes  28.3 Mbits/sec    3   35.4 KBytes       
[SUM]  22.00-23.00  sec  13.6 MBytes   114 Mbits/sec   21             
- - - - - - - - - - - - - - - - - - - - - - - - -
[  6]  23.00-24.00  sec  2.62 MBytes  22.0 Mbits/sec    4   39.5 KBytes       
[  9]  23.00-24.00  sec  3.62 MBytes  30.4 Mbits/sec    5   39.5 KBytes       
[ 11]  23.00-24.00  sec  2.62 MBytes  22.0 Mbits/sec    4   32.7 KBytes       
[ 13]  23.00-24.00  sec  2.38 MBytes  19.9 Mbits/sec    5   27.2 KBytes       
[ 15]  23.00-24.00  sec  2.12 MBytes  17.8 Mbits/sec    6   20.4 KBytes       
[SUM]  23.00-24.00  sec  13.4 MBytes   112 Mbits/sec   24             
- - - - - - - - - - - - - - - - - - - - - - - - -
[  6]  24.00-25.00  sec  2.25 MBytes  18.9 Mbits/sec    7   16.3 KBytes       
[  9]  24.00-25.00  sec  4.00 MBytes  33.6 Mbits/sec    7   23.1 KBytes       
[ 11]  24.00-25.00  sec  2.38 MBytes  19.9 Mbits/sec    4   35.4 KBytes       
[ 13]  24.00-25.00  sec  2.50 MBytes  21.0 Mbits/sec    3   40.8 KBytes       
[ 15]  24.00-25.00  sec  1.75 MBytes  14.7 Mbits/sec    6   21.8 KBytes       
[SUM]  24.00-25.00  sec  12.9 MBytes   108 Mbits/sec   27             
- - - - - - - - - - - - - - - - - - - - - - - - -
[  6]  25.00-26.00  sec  2.25 MBytes  18.9 Mbits/sec    5   27.2 KBytes       
[  9]  25.00-26.00  sec  3.75 MBytes  31.5 Mbits/sec    8   20.4 KBytes       
[ 11]  25.00-26.00  sec  2.38 MBytes  19.9 Mbits/sec    4   43.6 KBytes       
[ 13]  25.00-26.00  sec  2.50 MBytes  21.0 Mbits/sec    6   31.3 KBytes       
[ 15]  25.00-26.00  sec  1.62 MBytes  13.6 Mbits/sec    6   23.1 KBytes       
[SUM]  25.00-26.00  sec  12.5 MBytes   105 Mbits/sec   29             
- - - - - - - - - - - - - - - - - - - - - - - - -
[  6]  26.00-27.00  sec  2.75 MBytes  23.1 Mbits/sec    4   21.8 KBytes       
[  9]  26.00-27.00  sec  2.50 MBytes  21.0 Mbits/sec    8   27.2 KBytes       
[ 11]  26.00-27.00  sec  2.88 MBytes  24.1 Mbits/sec    6   25.9 KBytes       
[ 13]  26.00-27.00  sec  2.38 MBytes  19.9 Mbits/sec    7   23.1 KBytes       
[ 15]  26.00-27.00  sec  1.75 MBytes  14.7 Mbits/sec    7   17.7 KBytes       
[SUM]  26.00-27.00  sec  12.2 MBytes   103 Mbits/sec   32             
- - - - - - - - - - - - - - - - - - - - - - - - -
[  6]  27.00-28.00  sec  2.12 MBytes  17.8 Mbits/sec    6   19.1 KBytes       
[  9]  27.00-28.00  sec  6.00 MBytes  50.3 Mbits/sec    6   32.7 KBytes       
[ 11]  27.00-28.00  sec  2.25 MBytes  18.9 Mbits/sec    4   27.2 KBytes       
[ 13]  27.00-28.00  sec  1.62 MBytes  13.6 Mbits/sec    8   10.9 KBytes       
[ 15]  27.00-28.00  sec  1.62 MBytes  13.6 Mbits/sec    7   21.8 KBytes       
[SUM]  27.00-28.00  sec  13.6 MBytes   114 Mbits/sec   31             
- - - - - - - - - - - - - - - - - - - - - - - - -
[  6]  28.00-29.00  sec  1.75 MBytes  14.7 Mbits/sec    4   29.9 KBytes       
[  9]  28.00-29.00  sec  3.25 MBytes  27.3 Mbits/sec    6   27.2 KBytes       
[ 11]  28.00-29.00  sec  2.25 MBytes  18.9 Mbits/sec    7   21.8 KBytes       
[ 13]  28.00-29.00  sec  1.75 MBytes  14.7 Mbits/sec    4   28.6 KBytes       
[ 15]  28.00-29.00  sec  1.50 MBytes  12.6 Mbits/sec    6   20.4 KBytes       
[SUM]  28.00-29.00  sec  10.5 MBytes  88.1 Mbits/sec   27             
- - - - - - - - - - - - - - - - - - - - - - - - -
[  6]  29.00-30.00  sec  1.00 MBytes  8.39 Mbits/sec    3   23.1 KBytes       
[  9]  29.00-30.00  sec  1.12 MBytes  9.44 Mbits/sec    3   24.5 KBytes       
[ 11]  29.00-30.00  sec   896 KBytes  7.34 Mbits/sec    3   28.6 KBytes       
[ 13]  29.00-30.00  sec  1.50 MBytes  12.6 Mbits/sec    1   38.1 KBytes       
[ 15]  29.00-30.00  sec   896 KBytes  7.34 Mbits/sec    3   20.4 KBytes       
[SUM]  29.00-30.00  sec  5.38 MBytes  45.1 Mbits/sec   13             
- - - - - - - - - - - - - - - - - - - - - - - - -
[  6]  30.00-30.03  sec  0.00 Bytes  0.00 bits/sec    0   23.1 KBytes       
[  9]  30.00-30.03  sec   128 KBytes  43.4 Mbits/sec    0   27.2 KBytes       
[ 11]  30.00-30.03  sec  0.00 Bytes  0.00 bits/sec    0   28.6 KBytes       
[ 13]  30.00-30.03  sec  0.00 Bytes  0.00 bits/sec    0   38.1 KBytes       
[ 15]  30.00-30.03  sec  0.00 Bytes  0.00 bits/sec    0   20.4 KBytes       
[SUM]  30.00-30.03  sec   128 KBytes  43.4 Mbits/sec    0             
- - - - - - - - - - - - - - - - - - - - - - - - -
[ ID] Interval           Transfer     Bitrate         Retr
[  6]   0.00-30.03  sec  64.0 MBytes  17.9 Mbits/sec  150            sender
[  9]   0.00-30.03  sec  99.5 MBytes  27.8 Mbits/sec  239            sender
[ 11]   0.00-30.03  sec  66.2 MBytes  18.5 Mbits/sec  156            sender
[ 13]   0.00-30.03  sec  63.8 MBytes  17.8 Mbits/sec  155            sender
[ 15]   0.00-30.03  sec  66.2 MBytes  18.5 Mbits/sec  159            sender
[SUM]   0.00-30.03  sec   360 MBytes   101 Mbits/sec  859             sender
-----------------------------------------------------------
Server listening on 5201 (test #2)
-----------------------------------------------------------
Accepted connection from 128.220.159.221, port 48323
[  6] local 192.168.135.129 port 5201 connected to 128.220.159.221 port 30788
[  9] local 192.168.135.129 port 5201 connected to 128.220.159.221 port 28763
[ 11] local 192.168.135.129 port 5201 connected to 128.220.159.221 port 47224
[ 13] local 192.168.135.129 port 5201 connected to 128.220.159.221 port 50454
[ 15] local 192.168.135.129 port 5201 connected to 128.220.159.221 port 10355
[ ID] Interval           Transfer     Bitrate         Retr  Cwnd
[  6]   0.00-1.00   sec  3.75 MBytes  31.4 Mbits/sec    8   27.2 KBytes       
[  9]   0.00-1.00   sec  5.62 MBytes  47.1 Mbits/sec   11   28.6 KBytes       
[ 11]   0.00-1.00   sec  5.00 MBytes  41.9 Mbits/sec    6   54.5 KBytes       
[ 13]   0.00-1.00   sec  3.00 MBytes  25.1 Mbits/sec    5   29.9 KBytes       
[ 15]   0.00-1.00   sec  1.25 MBytes  10.5 Mbits/sec    4   39.5 KBytes       
[SUM]   0.00-1.00   sec  18.6 MBytes   156 Mbits/sec   34             
- - - - - - - - - - - - - - - - - - - - - - - - -
[  6]   1.00-2.00   sec  2.00 MBytes  16.8 Mbits/sec    4   47.6 KBytes       
[  9]   1.00-2.00   sec  1.62 MBytes  13.6 Mbits/sec   10   8.17 KBytes       
[ 11]   1.00-2.00   sec  3.00 MBytes  25.2 Mbits/sec    8   20.4 KBytes       
[ 13]   1.00-2.00   sec  2.75 MBytes  23.1 Mbits/sec    5   24.5 KBytes       
[ 15]   1.00-2.00   sec  1.88 MBytes  15.7 Mbits/sec   12   19.1 KBytes       
[SUM]   1.00-2.00   sec  11.2 MBytes  94.4 Mbits/sec   39             
- - - - - - - - - - - - - - - - - - - - - - - - -
[  6]   2.00-3.00   sec  2.62 MBytes  22.0 Mbits/sec    5   31.3 KBytes       
[  9]   2.00-3.00   sec  1.50 MBytes  12.6 Mbits/sec    6   32.7 KBytes       
[ 11]   2.00-3.00   sec  2.12 MBytes  17.8 Mbits/sec    7   16.3 KBytes       
[ 13]   2.00-3.00   sec  2.25 MBytes  18.9 Mbits/sec    7   27.2 KBytes       
[ 15]   2.00-3.00   sec  3.00 MBytes  25.2 Mbits/sec    6   39.5 KBytes       
[SUM]   2.00-3.00   sec  11.5 MBytes  96.5 Mbits/sec   31             
- - - - - - - - - - - - - - - - - - - - - - - - -
[  6]   3.00-4.00   sec  2.62 MBytes  22.0 Mbits/sec    3   43.6 KBytes       
[  9]   3.00-4.00   sec  2.25 MBytes  18.9 Mbits/sec   14   19.1 KBytes       
[ 11]   3.00-4.00   sec  2.12 MBytes  17.8 Mbits/sec   10   34.0 KBytes       
[ 13]   3.00-4.00   sec  2.62 MBytes  22.0 Mbits/sec    6   29.9 KBytes       
[ 15]   3.00-4.00   sec  3.00 MBytes  25.2 Mbits/sec    9   10.9 KBytes       
[SUM]   3.00-4.00   sec  12.6 MBytes   106 Mbits/sec   42             
- - - - - - - - - - - - - - - - - - - - - - - - -
[  6]   4.00-5.00   sec  2.62 MBytes  22.0 Mbits/sec    6   28.6 KBytes       
[  9]   4.00-5.00   sec  2.12 MBytes  17.8 Mbits/sec    5   28.6 KBytes       
[ 11]   4.00-5.00   sec  3.38 MBytes  28.3 Mbits/sec    4   36.8 KBytes       
[ 13]   4.00-5.00   sec  3.38 MBytes  28.3 Mbits/sec    4   27.2 KBytes       
[ 15]   4.00-5.00   sec  2.62 MBytes  22.0 Mbits/sec    7   20.4 KBytes       
[SUM]   4.00-5.00   sec  14.1 MBytes   118 Mbits/sec   26             
- - - - - - - - - - - - - - - - - - - - - - - - -
[  6]   5.00-6.00   sec  2.25 MBytes  18.9 Mbits/sec    5   29.9 KBytes       
[  9]   5.00-6.00   sec  2.50 MBytes  21.0 Mbits/sec    6   27.2 KBytes       
[ 11]   5.00-6.00   sec  2.50 MBytes  21.0 Mbits/sec    7   46.3 KBytes       
[ 13]   5.00-6.00   sec  2.62 MBytes  22.0 Mbits/sec    6   29.9 KBytes       
[ 15]   5.00-6.00   sec  2.50 MBytes  21.0 Mbits/sec   10   9.53 KBytes       
[SUM]   5.00-6.00   sec  12.4 MBytes   104 Mbits/sec   34             
- - - - - - - - - - - - - - - - - - - - - - - - -
[  6]   6.00-7.00   sec  2.50 MBytes  21.0 Mbits/sec    5   35.4 KBytes       
[  9]   6.00-7.00   sec  3.00 MBytes  25.2 Mbits/sec    5   27.2 KBytes       
[ 11]   6.00-7.00   sec  3.75 MBytes  31.5 Mbits/sec    5   31.3 KBytes       
[ 13]   6.00-7.00   sec  3.12 MBytes  26.2 Mbits/sec    4   36.8 KBytes       
[ 15]   6.00-7.00   sec  2.12 MBytes  17.8 Mbits/sec    6   24.5 KBytes       
[SUM]   6.00-7.00   sec  14.5 MBytes   122 Mbits/sec   25             
- - - - - - - - - - - - - - - - - - - - - - - - -
[  6]   7.00-8.00   sec  1.50 MBytes  12.6 Mbits/sec    7   23.1 KBytes       
[  9]   7.00-8.00   sec  1.75 MBytes  14.7 Mbits/sec   11   17.7 KBytes       
[ 11]   7.00-8.00   sec  3.00 MBytes  25.2 Mbits/sec    4   32.7 KBytes       
[ 13]   7.00-8.00   sec  3.38 MBytes  28.3 Mbits/sec    4   25.9 KBytes       
[ 15]   7.00-8.00   sec  3.12 MBytes  26.2 Mbits/sec    6   17.7 KBytes       
[SUM]   7.00-8.00   sec  12.8 MBytes   107 Mbits/sec   32             
- - - - - - - - - - - - - - - - - - - - - - - - -
[  6]   8.00-9.00   sec  2.00 MBytes  16.8 Mbits/sec    5   23.1 KBytes       
[  9]   8.00-9.00   sec  2.75 MBytes  23.1 Mbits/sec    3   49.0 KBytes       
[ 11]   8.00-9.00   sec  3.12 MBytes  26.2 Mbits/sec    6   20.4 KBytes       
[ 13]   8.00-9.00   sec  2.75 MBytes  23.1 Mbits/sec    5   25.9 KBytes       
[ 15]   8.00-9.00   sec  3.00 MBytes  25.2 Mbits/sec    6   23.1 KBytes       
[SUM]   8.00-9.00   sec  13.6 MBytes   114 Mbits/sec   25             
- - - - - - - - - - - - - - - - - - - - - - - - -
[  6]   9.00-10.00  sec  2.38 MBytes  19.9 Mbits/sec    6   25.9 KBytes       
[  9]   9.00-10.00  sec  4.00 MBytes  33.6 Mbits/sec    4   49.0 KBytes       
[ 11]   9.00-10.00  sec  2.38 MBytes  19.9 Mbits/sec    4   39.5 KBytes       
[ 13]   9.00-10.00  sec  3.38 MBytes  28.3 Mbits/sec    4   31.3 KBytes       
[ 15]   9.00-10.00  sec  3.00 MBytes  25.2 Mbits/sec    6   25.9 KBytes       
[SUM]   9.00-10.00  sec  15.1 MBytes   127 Mbits/sec   24             
- - - - - - - - - - - - - - - - - - - - - - - - -
[  6]  10.00-11.00  sec  2.50 MBytes  21.0 Mbits/sec    6   31.3 KBytes       
[  9]  10.00-11.00  sec  3.88 MBytes  32.5 Mbits/sec    7   34.0 KBytes       
[ 11]  10.00-11.00  sec  2.12 MBytes  17.8 Mbits/sec    8   23.1 KBytes       
[ 13]  10.00-11.00  sec  2.75 MBytes  23.1 Mbits/sec    6   32.7 KBytes       
[ 15]  10.00-11.00  sec  3.25 MBytes  27.3 Mbits/sec    7   25.9 KBytes       
[SUM]  10.00-11.00  sec  14.5 MBytes   122 Mbits/sec   34             
- - - - - - - - - - - - - - - - - - - - - - - - -
[  6]  11.00-12.00  sec  1.88 MBytes  15.7 Mbits/sec    7   31.3 KBytes       
[  9]  11.00-12.00  sec  4.50 MBytes  37.7 Mbits/sec    1   83.0 KBytes       
[ 11]  11.00-12.00  sec  2.12 MBytes  17.8 Mbits/sec    5   43.6 KBytes       
[ 13]  11.00-12.00  sec  2.38 MBytes  19.9 Mbits/sec    7   15.0 KBytes       
[ 15]  11.00-12.00  sec  1.88 MBytes  15.7 Mbits/sec   10   27.2 KBytes       
[SUM]  11.00-12.00  sec  12.8 MBytes   107 Mbits/sec   30             
- - - - - - - - - - - - - - - - - - - - - - - - -
[  6]  12.00-13.00  sec  1.88 MBytes  15.7 Mbits/sec    6   25.9 KBytes       
[  9]  12.00-13.00  sec  3.25 MBytes  27.3 Mbits/sec    7   34.0 KBytes       
[ 11]  12.00-13.00  sec  2.25 MBytes  18.9 Mbits/sec    7   34.0 KBytes       
[ 13]  12.00-13.00  sec  2.62 MBytes  22.0 Mbits/sec    2   49.0 KBytes       
[ 15]  12.00-13.00  sec  2.88 MBytes  24.1 Mbits/sec    7   21.8 KBytes       
[SUM]  12.00-13.00  sec  12.9 MBytes   108 Mbits/sec   29             
- - - - - - - - - - - - - - - - - - - - - - - - -
[  6]  13.00-14.00  sec  1.62 MBytes  13.6 Mbits/sec    6   15.0 KBytes       
[  9]  13.00-14.00  sec  2.75 MBytes  23.1 Mbits/sec    7   23.1 KBytes       
[ 11]  13.00-14.00  sec  2.38 MBytes  19.9 Mbits/sec   10   19.1 KBytes       
[ 13]  13.00-14.00  sec  3.12 MBytes  26.2 Mbits/sec    8   24.5 KBytes       
[ 15]  13.00-14.00  sec  2.88 MBytes  24.1 Mbits/sec    6   29.9 KBytes       
[SUM]  13.00-14.00  sec  12.8 MBytes   107 Mbits/sec   37             
- - - - - - - - - - - - - - - - - - - - - - - - -
[  6]  14.00-15.00  sec  1.25 MBytes  10.5 Mbits/sec   16   25.9 KBytes       
[  9]  14.00-15.00  sec  2.25 MBytes  18.9 Mbits/sec    7   28.6 KBytes       
[ 11]  14.00-15.00  sec  3.12 MBytes  26.2 Mbits/sec    4   31.3 KBytes       
[ 13]  14.00-15.00  sec  2.00 MBytes  16.8 Mbits/sec    6   31.3 KBytes       
[ 15]  14.00-15.00  sec  2.38 MBytes  19.9 Mbits/sec    9   24.5 KBytes       
[SUM]  14.00-15.00  sec  11.0 MBytes  92.3 Mbits/sec   42             
- - - - - - - - - - - - - - - - - - - - - - - - -
[  6]  15.00-16.00  sec  1.88 MBytes  15.7 Mbits/sec    7   21.8 KBytes       
[  9]  15.00-16.00  sec  2.38 MBytes  19.9 Mbits/sec    8   15.0 KBytes       
[ 11]  15.00-16.00  sec  3.62 MBytes  30.4 Mbits/sec    6   21.8 KBytes       
[ 13]  15.00-16.00  sec  2.25 MBytes  18.9 Mbits/sec    7   20.4 KBytes       
[ 15]  15.00-16.00  sec  2.62 MBytes  22.0 Mbits/sec    9   27.2 KBytes       
[SUM]  15.00-16.00  sec  12.8 MBytes   107 Mbits/sec   37             
- - - - - - - - - - - - - - - - - - - - - - - - -
[  6]  16.00-17.00  sec  1.62 MBytes  13.6 Mbits/sec    9   27.2 KBytes       
[  9]  16.00-17.00  sec  1.62 MBytes  13.6 Mbits/sec    8   19.1 KBytes       
[ 11]  16.00-17.00  sec  1.88 MBytes  15.7 Mbits/sec    9   15.0 KBytes       
[ 13]  16.00-17.00  sec  3.12 MBytes  26.2 Mbits/sec    5   34.0 KBytes       
[ 15]  16.00-17.00  sec  2.50 MBytes  21.0 Mbits/sec    9   25.9 KBytes       
[SUM]  16.00-17.00  sec  10.8 MBytes  90.2 Mbits/sec   40             
- - - - - - - - - - - - - - - - - - - - - - - - -
[  6]  17.00-18.00  sec  2.50 MBytes  21.0 Mbits/sec    4   32.7 KBytes       
[  9]  17.00-18.00  sec  1.88 MBytes  15.7 Mbits/sec    6   24.5 KBytes       
[ 11]  17.00-18.00  sec  3.38 MBytes  28.3 Mbits/sec    2   54.5 KBytes       
[ 13]  17.00-18.00  sec  2.75 MBytes  23.1 Mbits/sec    6   35.4 KBytes       
[ 15]  17.00-18.00  sec  2.88 MBytes  24.1 Mbits/sec    7   46.3 KBytes       
[SUM]  17.00-18.00  sec  13.4 MBytes   112 Mbits/sec   25             
- - - - - - - - - - - - - - - - - - - - - - - - -
[  6]  18.00-19.00  sec  1.75 MBytes  14.7 Mbits/sec    7   19.1 KBytes       
[  9]  18.00-19.00  sec  2.25 MBytes  18.9 Mbits/sec    7   16.3 KBytes       
[ 11]  18.00-19.00  sec  2.38 MBytes  19.9 Mbits/sec    9   27.2 KBytes       
[ 13]  18.00-19.00  sec  3.00 MBytes  25.2 Mbits/sec    6   27.2 KBytes       
[ 15]  18.00-19.00  sec  3.50 MBytes  29.4 Mbits/sec    8   16.3 KBytes       
[SUM]  18.00-19.00  sec  12.9 MBytes   108 Mbits/sec   37             
- - - - - - - - - - - - - - - - - - - - - - - - -
[  6]  19.00-20.00  sec  2.12 MBytes  17.8 Mbits/sec    4   34.0 KBytes       
[  9]  19.00-20.00  sec  2.00 MBytes  16.8 Mbits/sec    7   35.4 KBytes       
[ 11]  19.00-20.00  sec  1.88 MBytes  15.7 Mbits/sec    9   19.1 KBytes       
[ 13]  19.00-20.00  sec  2.25 MBytes  18.9 Mbits/sec    6   27.2 KBytes       
[ 15]  19.00-20.00  sec  1.88 MBytes  15.7 Mbits/sec   12   12.3 KBytes       
[SUM]  19.00-20.00  sec  10.1 MBytes  84.9 Mbits/sec   38             
- - - - - - - - - - - - - - - - - - - - - - - - -
[  6]  20.00-21.00  sec  2.62 MBytes  22.0 Mbits/sec    7   13.6 KBytes       
[  9]  20.00-21.00  sec  2.75 MBytes  23.1 Mbits/sec    8   17.7 KBytes       
[ 11]  20.00-21.00  sec  2.12 MBytes  17.8 Mbits/sec    5   25.9 KBytes       
[ 13]  20.00-21.00  sec  2.75 MBytes  23.1 Mbits/sec    6   34.0 KBytes       
[ 15]  20.00-21.00  sec  2.62 MBytes  22.0 Mbits/sec    7   16.3 KBytes       
[SUM]  20.00-21.00  sec  12.9 MBytes   108 Mbits/sec   33             
- - - - - - - - - - - - - - - - - - - - - - - - -
[  6]  21.00-22.00  sec  2.00 MBytes  16.8 Mbits/sec    3   36.8 KBytes       
[  9]  21.00-22.00  sec  2.00 MBytes  16.8 Mbits/sec    4   36.8 KBytes       
[ 11]  21.00-22.00  sec  3.00 MBytes  25.2 Mbits/sec    6   24.5 KBytes       
[ 13]  21.00-22.00  sec  2.75 MBytes  23.1 Mbits/sec    8   19.1 KBytes       
[ 15]  21.00-22.00  sec  2.88 MBytes  24.1 Mbits/sec    6   23.1 KBytes       
[SUM]  21.00-22.00  sec  12.6 MBytes   106 Mbits/sec   27             
- - - - - - - - - - - - - - - - - - - - - - - - -
[  6]  22.00-23.00  sec  1.62 MBytes  13.6 Mbits/sec    6   19.1 KBytes       
[  9]  22.00-23.00  sec  2.00 MBytes  16.8 Mbits/sec    6   20.4 KBytes       
[ 11]  22.00-23.00  sec  2.12 MBytes  17.8 Mbits/sec    6   16.3 KBytes       
[ 13]  22.00-23.00  sec  2.12 MBytes  17.8 Mbits/sec    2   42.2 KBytes       
[ 15]  22.00-23.00  sec  1.88 MBytes  15.7 Mbits/sec    5   31.3 KBytes       
[SUM]  22.00-23.00  sec  9.75 MBytes  81.8 Mbits/sec   25             
- - - - - - - - - - - - - - - - - - - - - - - - -
[  6]  23.00-24.00  sec   768 KBytes  6.29 Mbits/sec    1   25.9 KBytes       
[  9]  23.00-24.00  sec   768 KBytes  6.29 Mbits/sec    2   23.1 KBytes       
[ 11]  23.00-24.00  sec  1.00 MBytes  8.39 Mbits/sec    0   39.5 KBytes       
[ 13]  23.00-24.00  sec  1.25 MBytes  10.5 Mbits/sec    1   49.0 KBytes       
[ 15]  23.00-24.00  sec   896 KBytes  7.34 Mbits/sec    3   31.3 KBytes       
[SUM]  23.00-24.00  sec  4.62 MBytes  38.8 Mbits/sec    7             
- - - - - - - - - - - - - - - - - - - - - - - - -
[  6]  24.00-25.00  sec   768 KBytes  6.29 Mbits/sec    1   31.3 KBytes       
[  9]  24.00-25.00  sec   640 KBytes  5.24 Mbits/sec    2   28.6 KBytes       
[ 11]  24.00-25.00  sec  1.25 MBytes  10.5 Mbits/sec    1   42.2 KBytes       
[ 13]  24.00-25.00  sec  1.12 MBytes  9.44 Mbits/sec    1   50.4 KBytes       
[ 15]  24.00-25.00  sec   768 KBytes  6.29 Mbits/sec    1   36.8 KBytes       
[SUM]  24.00-25.00  sec  4.50 MBytes  37.7 Mbits/sec    6             
- - - - - - - - - - - - - - - - - - - - - - - - -
[  6]  25.00-26.00  sec  1.38 MBytes  11.5 Mbits/sec    5   25.9 KBytes       
[  9]  25.00-26.00  sec  1.38 MBytes  11.5 Mbits/sec    2   29.9 KBytes       
[ 11]  25.00-26.00  sec  1.50 MBytes  12.6 Mbits/sec    3   35.4 KBytes       
[ 13]  25.00-26.00  sec  1.12 MBytes  9.44 Mbits/sec    8   15.0 KBytes       
[ 15]  25.00-26.00  sec  2.00 MBytes  16.8 Mbits/sec    3   36.8 KBytes       
[SUM]  25.00-26.00  sec  7.38 MBytes  61.9 Mbits/sec   21             
- - - - - - - - - - - - - - - - - - - - - - - - -
[  6]  26.00-27.00  sec   768 KBytes  6.29 Mbits/sec    3   25.9 KBytes       
[  9]  26.00-27.00  sec  1.62 MBytes  13.6 Mbits/sec    2   36.8 KBytes       
[ 11]  26.00-27.00  sec  1.88 MBytes  15.7 Mbits/sec    3   25.9 KBytes       
[ 13]  26.00-27.00  sec  1.12 MBytes  9.44 Mbits/sec    3   23.1 KBytes       
[ 15]  26.00-27.00  sec  1.12 MBytes  9.44 Mbits/sec    4   29.9 KBytes       
[SUM]  26.00-27.00  sec  6.50 MBytes  54.5 Mbits/sec   15             
- - - - - - - - - - - - - - - - - - - - - - - - -
[  6]  27.00-28.00  sec  1.38 MBytes  11.5 Mbits/sec    4   29.9 KBytes       
[  9]  27.00-28.00  sec  1.75 MBytes  14.7 Mbits/sec    4   27.2 KBytes       
[ 11]  27.00-28.00  sec  1.12 MBytes  9.44 Mbits/sec    4   31.3 KBytes       
[ 13]  27.00-28.00  sec  1.38 MBytes  11.5 Mbits/sec    5   13.6 KBytes       
[ 15]  27.00-28.00  sec  1.62 MBytes  13.6 Mbits/sec    7   32.7 KBytes       
[SUM]  27.00-28.00  sec  7.25 MBytes  60.8 Mbits/sec   24             
- - - - - - - - - - - - - - - - - - - - - - - - -
[  6]  28.00-29.00  sec  1.25 MBytes  10.5 Mbits/sec    7   13.6 KBytes       
[  9]  28.00-29.00  sec  2.38 MBytes  19.9 Mbits/sec    3   29.9 KBytes       
[ 11]  28.00-29.00  sec  2.12 MBytes  17.8 Mbits/sec    6   15.0 KBytes       
[ 13]  28.00-29.00  sec  1.38 MBytes  11.5 Mbits/sec    3   35.4 KBytes       
[ 15]  28.00-29.00  sec  1.88 MBytes  15.7 Mbits/sec    6   40.8 KBytes       
[SUM]  28.00-29.00  sec  9.00 MBytes  75.5 Mbits/sec   25             
- - - - - - - - - - - - - - - - - - - - - - - - -
[  6]  29.00-30.00  sec   768 KBytes  6.29 Mbits/sec    1   27.2 KBytes       
[  9]  29.00-30.00  sec  1.12 MBytes  9.44 Mbits/sec    4   23.1 KBytes       
[ 11]  29.00-30.00  sec  1.25 MBytes  10.5 Mbits/sec    1   38.1 KBytes       
[ 13]  29.00-30.00  sec  1.62 MBytes  13.6 Mbits/sec    5   16.3 KBytes       
[ 15]  29.00-30.00  sec  1.38 MBytes  11.5 Mbits/sec    6   10.9 KBytes       
[SUM]  29.00-30.00  sec  6.12 MBytes  51.4 Mbits/sec   17             
- - - - - - - - - - - - - - - - - - - - - - - - -
[ ID] Interval           Transfer     Bitrate         Retr
[  6]   0.00-30.01  sec  56.5 MBytes  15.8 Mbits/sec  164            sender
[  9]   0.00-30.01  sec  70.2 MBytes  19.6 Mbits/sec  177            sender
[ 11]   0.00-30.01  sec  72.9 MBytes  20.4 Mbits/sec  165            sender
[ 13]   0.00-30.01  sec  72.1 MBytes  20.2 Mbits/sec  151            sender
[ 15]   0.00-30.01  sec  69.1 MBytes  19.3 Mbits/sec  204            sender
[SUM]   0.00-30.01  sec   341 MBytes  95.3 Mbits/sec  861             sender
-----------------------------------------------------------
Server listening on 5201 (test #3)
-----------------------------------------------------------
Accepted connection from 128.220.159.221, port 2793
[  6] local 192.168.135.129 port 5201 connected to 128.220.159.221 port 41737
[  9] local 192.168.135.129 port 5201 connected to 128.220.159.221 port 35668
[ 11] local 192.168.135.129 port 5201 connected to 128.220.159.221 port 36643
[ 13] local 192.168.135.129 port 5201 connected to 128.220.159.221 port 45155
[ 15] local 192.168.135.129 port 5201 connected to 128.220.159.221 port 42008
[ ID] Interval           Transfer     Bitrate         Retr  Cwnd
[  6]   0.00-1.00   sec  5.38 MBytes  45.0 Mbits/sec   14   16.3 KBytes       
[  9]   0.00-1.00   sec  4.75 MBytes  39.8 Mbits/sec   11   31.3 KBytes       
[ 11]   0.00-1.00   sec  4.75 MBytes  39.8 Mbits/sec   10   13.6 KBytes       
[ 13]   0.00-1.00   sec  4.25 MBytes  35.6 Mbits/sec   10   21.8 KBytes       
[ 15]   0.00-1.00   sec  2.25 MBytes  18.9 Mbits/sec    6   27.2 KBytes       
[SUM]   0.00-1.00   sec  21.4 MBytes   179 Mbits/sec   51             
- - - - - - - - - - - - - - - - - - - - - - - - -
[  6]   1.00-2.00   sec  2.00 MBytes  16.8 Mbits/sec   10   25.9 KBytes       
[  9]   1.00-2.00   sec  3.00 MBytes  25.2 Mbits/sec   10   13.6 KBytes       
[ 11]   1.00-2.00   sec  2.50 MBytes  21.0 Mbits/sec    3   50.4 KBytes       
[ 13]   1.00-2.00   sec  2.50 MBytes  21.0 Mbits/sec    6   32.7 KBytes       
[ 15]   1.00-2.00   sec  2.62 MBytes  22.0 Mbits/sec    7   28.6 KBytes       
[SUM]   1.00-2.00   sec  12.6 MBytes   106 Mbits/sec   36             
- - - - - - - - - - - - - - - - - - - - - - - - -
[  6]   2.00-3.00   sec  2.38 MBytes  19.9 Mbits/sec   10   20.4 KBytes       
[  9]   2.00-3.00   sec  2.12 MBytes  17.8 Mbits/sec    9   24.5 KBytes       
[ 11]   2.00-3.00   sec  3.12 MBytes  26.2 Mbits/sec   10   16.3 KBytes       
[ 13]   2.00-3.00   sec  2.25 MBytes  18.9 Mbits/sec    8   27.2 KBytes       
[ 15]   2.00-3.00   sec  3.25 MBytes  27.3 Mbits/sec   10   21.8 KBytes       
[SUM]   2.00-3.00   sec  13.1 MBytes   110 Mbits/sec   47             
- - - - - - - - - - - - - - - - - - - - - - - - -
[  6]   3.00-4.00   sec  2.50 MBytes  21.0 Mbits/sec    4   42.2 KBytes       
[  9]   3.00-4.00   sec  2.75 MBytes  23.1 Mbits/sec    6   20.4 KBytes       
[ 11]   3.00-4.00   sec  1.75 MBytes  14.7 Mbits/sec    5   20.4 KBytes       
[ 13]   3.00-4.00   sec  3.25 MBytes  27.3 Mbits/sec    8   9.53 KBytes       
[ 15]   3.00-4.00   sec  2.75 MBytes  23.1 Mbits/sec    6   21.8 KBytes       
[SUM]   3.00-4.00   sec  13.0 MBytes   109 Mbits/sec   29             
- - - - - - - - - - - - - - - - - - - - - - - - -
[  6]   4.00-5.00   sec  3.50 MBytes  29.4 Mbits/sec    5   24.5 KBytes       
[  9]   4.00-5.00   sec  2.12 MBytes  17.8 Mbits/sec    5   36.8 KBytes       
[ 11]   4.00-5.00   sec  2.25 MBytes  18.9 Mbits/sec    2   46.3 KBytes       
[ 13]   4.00-5.00   sec  2.38 MBytes  19.9 Mbits/sec    1   51.7 KBytes       
[ 15]   4.00-5.00   sec  2.00 MBytes  16.8 Mbits/sec    6   24.5 KBytes       
[SUM]   4.00-5.00   sec  12.2 MBytes   103 Mbits/sec   19             
- - - - - - - - - - - - - - - - - - - - - - - - -
[  6]   5.00-6.00   sec  1.00 MBytes  8.39 Mbits/sec    4   27.2 KBytes       
[  9]   5.00-6.00   sec  1.50 MBytes  12.6 Mbits/sec    4   24.5 KBytes       
[ 11]   5.00-6.00   sec  1.38 MBytes  11.5 Mbits/sec    4   25.9 KBytes       
[ 13]   5.00-6.00   sec  1.25 MBytes  10.5 Mbits/sec    6   23.1 KBytes       
[ 15]   5.00-6.00   sec  1.25 MBytes  10.5 Mbits/sec    4   27.2 KBytes       
[SUM]   5.00-6.00   sec  6.38 MBytes  53.5 Mbits/sec   22             
- - - - - - - - - - - - - - - - - - - - - - - - -
[  6]   6.00-7.00   sec  2.25 MBytes  18.9 Mbits/sec    3   38.1 KBytes       
[  9]   6.00-7.00   sec  1.50 MBytes  12.6 Mbits/sec    8   20.4 KBytes       
[ 11]   6.00-7.00   sec  1.25 MBytes  10.5 Mbits/sec    5   27.2 KBytes       
[ 13]   6.00-7.00   sec  1.75 MBytes  14.7 Mbits/sec    3   34.0 KBytes       
[ 15]   6.00-7.00   sec  1.75 MBytes  14.7 Mbits/sec    5   31.3 KBytes       
[SUM]   6.00-7.00   sec  8.50 MBytes  71.3 Mbits/sec   24             
- - - - - - - - - - - - - - - - - - - - - - - - -
[  6]   7.00-8.00   sec  2.00 MBytes  16.8 Mbits/sec    5   24.5 KBytes       
[  9]   7.00-8.00   sec  1.00 MBytes  8.39 Mbits/sec    7   15.0 KBytes       
[ 11]   7.00-8.00   sec  1.12 MBytes  9.44 Mbits/sec    6   16.3 KBytes       
[ 13]   7.00-8.00   sec  1.25 MBytes  10.5 Mbits/sec    5   23.1 KBytes       
[ 15]   7.00-8.00   sec  2.00 MBytes  16.8 Mbits/sec    3   32.7 KBytes       
[SUM]   7.00-8.00   sec  7.38 MBytes  61.9 Mbits/sec   26             
- - - - - - - - - - - - - - - - - - - - - - - - -
[  6]   8.00-9.00   sec  2.62 MBytes  22.0 Mbits/sec    6   27.2 KBytes       
[  9]   8.00-9.00   sec  2.00 MBytes  16.8 Mbits/sec    8   19.1 KBytes       
[ 11]   8.00-9.00   sec  1.50 MBytes  12.6 Mbits/sec    8   12.3 KBytes       
[ 13]   8.00-9.00   sec  1.75 MBytes  14.7 Mbits/sec    8   17.7 KBytes       
[ 15]   8.00-9.00   sec  2.38 MBytes  19.9 Mbits/sec    9   17.7 KBytes       
[SUM]   8.00-9.00   sec  10.2 MBytes  86.0 Mbits/sec   39             
- - - - - - - - - - - - - - - - - - - - - - - - -
[  6]   9.00-10.00  sec  1.00 MBytes  8.39 Mbits/sec    3   34.0 KBytes       
[  9]   9.00-10.00  sec  1.25 MBytes  10.5 Mbits/sec    1   40.8 KBytes       
[ 11]   9.00-10.00  sec   768 KBytes  6.29 Mbits/sec    1   25.9 KBytes       
[ 13]   9.00-10.00  sec   768 KBytes  6.29 Mbits/sec    1   28.6 KBytes       
[ 15]   9.00-10.00  sec   896 KBytes  7.34 Mbits/sec    4   16.3 KBytes       
[SUM]   9.00-10.00  sec  4.62 MBytes  38.8 Mbits/sec   10             
- - - - - - - - - - - - - - - - - - - - - - - - -
[  6]  10.00-11.00  sec  3.88 MBytes  32.5 Mbits/sec    2   50.4 KBytes       
[  9]  10.00-11.00  sec  2.88 MBytes  24.1 Mbits/sec    5   27.2 KBytes       
[ 11]  10.00-11.00  sec  2.00 MBytes  16.8 Mbits/sec    5   25.9 KBytes       
[ 13]  10.00-11.00  sec  2.12 MBytes  17.8 Mbits/sec    5   21.8 KBytes       
[ 15]  10.00-11.00  sec  1.88 MBytes  15.7 Mbits/sec    4   34.0 KBytes       
[SUM]  10.00-11.00  sec  12.8 MBytes   107 Mbits/sec   21             
- - - - - - - - - - - - - - - - - - - - - - - - -
[  6]  11.00-12.00  sec  1.25 MBytes  10.5 Mbits/sec    5   19.1 KBytes       
[  9]  11.00-12.00  sec  1.00 MBytes  8.39 Mbits/sec    4   24.5 KBytes       
[ 11]  11.00-12.00  sec  1.25 MBytes  10.5 Mbits/sec    3   20.4 KBytes       
[ 13]  11.00-12.00  sec  1.00 MBytes  8.39 Mbits/sec    3   25.9 KBytes       
[ 15]  11.00-12.00  sec  1.38 MBytes  11.5 Mbits/sec    2   42.2 KBytes       
[SUM]  11.00-12.00  sec  5.88 MBytes  49.3 Mbits/sec   17             
- - - - - - - - - - - - - - - - - - - - - - - - -
[  6]  12.00-13.00  sec  1.50 MBytes  12.6 Mbits/sec    3   23.1 KBytes       
[  9]  12.00-13.00  sec  1.75 MBytes  14.7 Mbits/sec    2   38.1 KBytes       
[ 11]  12.00-13.00  sec  1.00 MBytes  8.39 Mbits/sec    2   35.4 KBytes       
[ 13]  12.00-13.00  sec  1.62 MBytes  13.6 Mbits/sec    4   20.4 KBytes       
[ 15]  12.00-13.00  sec  1.50 MBytes  12.6 Mbits/sec    6   31.3 KBytes       
[SUM]  12.00-13.00  sec  7.38 MBytes  61.9 Mbits/sec   17             
- - - - - - - - - - - - - - - - - - - - - - - - -
[  6]  13.00-14.00  sec  1.38 MBytes  11.5 Mbits/sec    5   12.3 KBytes       
[  9]  13.00-14.00  sec  1.75 MBytes  14.7 Mbits/sec    6   15.0 KBytes       
[ 11]  13.00-14.00  sec  1.75 MBytes  14.7 Mbits/sec    6   20.4 KBytes       
[ 13]  13.00-14.00  sec  1.00 MBytes  8.39 Mbits/sec    4   21.8 KBytes       
[ 15]  13.00-14.00  sec  1.50 MBytes  12.6 Mbits/sec    5   23.1 KBytes       
[SUM]  13.00-14.00  sec  7.38 MBytes  61.9 Mbits/sec   26             
- - - - - - - - - - - - - - - - - - - - - - - - -
[  6]  14.00-15.00  sec  1.50 MBytes  12.6 Mbits/sec    7   24.5 KBytes       
[  9]  14.00-15.00  sec  1.50 MBytes  12.6 Mbits/sec    8   23.1 KBytes       
[ 11]  14.00-15.00  sec  2.38 MBytes  19.9 Mbits/sec    2   51.7 KBytes       
[ 13]  14.00-15.00  sec  3.12 MBytes  26.2 Mbits/sec    2   43.6 KBytes       
[ 15]  14.00-15.00  sec  3.38 MBytes  28.3 Mbits/sec    3   35.4 KBytes       
[SUM]  14.00-15.00  sec  11.9 MBytes  99.6 Mbits/sec   22             
- - - - - - - - - - - - - - - - - - - - - - - - -
[  6]  15.00-16.00  sec  3.50 MBytes  29.4 Mbits/sec    5   24.5 KBytes       
[  9]  15.00-16.00  sec  3.12 MBytes  26.2 Mbits/sec    6   28.6 KBytes       
[ 11]  15.00-16.00  sec  3.50 MBytes  29.4 Mbits/sec    6   28.6 KBytes       
[ 13]  15.00-16.00  sec  2.88 MBytes  24.1 Mbits/sec    9   15.0 KBytes       
[ 15]  15.00-16.00  sec  3.12 MBytes  26.2 Mbits/sec    6   27.2 KBytes       
[SUM]  15.00-16.00  sec  16.1 MBytes   135 Mbits/sec   32             
- - - - - - - - - - - - - - - - - - - - - - - - -
[  6]  16.00-17.00  sec  1.62 MBytes  13.6 Mbits/sec    5   35.4 KBytes       
[  9]  16.00-17.00  sec  2.50 MBytes  21.0 Mbits/sec    7   21.8 KBytes       
[ 11]  16.00-17.00  sec  1.50 MBytes  12.6 Mbits/sec    6   21.8 KBytes       
[ 13]  16.00-17.00  sec  1.75 MBytes  14.7 Mbits/sec    4   27.2 KBytes       
[ 15]  16.00-17.00  sec  2.75 MBytes  23.1 Mbits/sec    4   40.8 KBytes       
[SUM]  16.00-17.00  sec  10.1 MBytes  84.9 Mbits/sec   26             
- - - - - - - - - - - - - - - - - - - - - - - - -
[  6]  17.00-18.00  sec  2.50 MBytes  21.0 Mbits/sec    4   38.1 KBytes       
[  9]  17.00-18.00  sec  1.25 MBytes  10.5 Mbits/sec    8   19.1 KBytes       
[ 11]  17.00-18.00  sec  2.12 MBytes  17.8 Mbits/sec    3   24.5 KBytes       
[ 13]  17.00-18.00  sec  1.50 MBytes  12.6 Mbits/sec    5   24.5 KBytes       
[ 15]  17.00-18.00  sec  3.12 MBytes  26.2 Mbits/sec    5   34.0 KBytes       
[SUM]  17.00-18.00  sec  10.5 MBytes  88.1 Mbits/sec   25             
- - - - - - - - - - - - - - - - - - - - - - - - -
[  6]  18.00-19.00  sec  1.25 MBytes  10.5 Mbits/sec    4   16.3 KBytes       
[  9]  18.00-19.00  sec   896 KBytes  7.34 Mbits/sec    3   20.4 KBytes       
[ 11]  18.00-19.00  sec  1.00 MBytes  8.39 Mbits/sec    4   15.0 KBytes       
[ 13]  18.00-19.00  sec  1.25 MBytes  10.5 Mbits/sec    2   28.6 KBytes       
[ 15]  18.00-19.00  sec  1.25 MBytes  10.5 Mbits/sec    3   28.6 KBytes       
[SUM]  18.00-19.00  sec  5.62 MBytes  47.2 Mbits/sec   16             
- - - - - - - - - - - - - - - - - - - - - - - - -
[  6]  19.00-20.00  sec  2.25 MBytes  18.9 Mbits/sec    6   35.4 KBytes       
[  9]  19.00-20.00  sec  2.50 MBytes  21.0 Mbits/sec    9   27.2 KBytes       
[ 11]  19.00-20.00  sec  1.50 MBytes  12.6 Mbits/sec    7   25.9 KBytes       
[ 13]  19.00-20.00  sec  2.38 MBytes  19.9 Mbits/sec    7   21.8 KBytes       
[ 15]  19.00-20.00  sec  2.50 MBytes  21.0 Mbits/sec    9   23.1 KBytes       
[SUM]  19.00-20.00  sec  11.1 MBytes  93.3 Mbits/sec   38             
- - - - - - - - - - - - - - - - - - - - - - - - -
[  6]  20.00-21.00  sec  2.38 MBytes  19.9 Mbits/sec   10   23.1 KBytes       
[  9]  20.00-21.00  sec  2.75 MBytes  23.1 Mbits/sec    8   40.8 KBytes       
[ 11]  20.00-21.00  sec  2.62 MBytes  22.0 Mbits/sec    5   25.9 KBytes       
[ 13]  20.00-21.00  sec  2.88 MBytes  24.1 Mbits/sec    4   32.7 KBytes       
[ 15]  20.00-21.00  sec  2.38 MBytes  19.9 Mbits/sec   10   17.7 KBytes       
[SUM]  20.00-21.00  sec  13.0 MBytes   109 Mbits/sec   37             
- - - - - - - - - - - - - - - - - - - - - - - - -
[  6]  21.00-22.00  sec  2.50 MBytes  21.0 Mbits/sec    8   29.9 KBytes       
[  9]  21.00-22.00  sec  3.50 MBytes  29.4 Mbits/sec    9   20.4 KBytes       
[ 11]  21.00-22.00  sec  2.50 MBytes  21.0 Mbits/sec    7   13.6 KBytes       
[ 13]  21.00-22.00  sec  2.50 MBytes  21.0 Mbits/sec    7   24.5 KBytes       
[ 15]  21.00-22.00  sec  2.50 MBytes  21.0 Mbits/sec    8   21.8 KBytes       
[SUM]  21.00-22.00  sec  13.5 MBytes   113 Mbits/sec   39             
- - - - - - - - - - - - - - - - - - - - - - - - -
[  6]  22.00-23.00  sec  3.12 MBytes  26.2 Mbits/sec    9   19.1 KBytes       
[  9]  22.00-23.00  sec  3.25 MBytes  27.3 Mbits/sec    6   28.6 KBytes       
[ 11]  22.00-23.00  sec  2.25 MBytes  18.9 Mbits/sec    5   24.5 KBytes       
[ 13]  22.00-23.00  sec  2.00 MBytes  16.8 Mbits/sec    8   12.3 KBytes       
[ 15]  22.00-23.00  sec  3.25 MBytes  27.3 Mbits/sec    7   23.1 KBytes       
[SUM]  22.00-23.00  sec  13.9 MBytes   116 Mbits/sec   35             
- - - - - - - - - - - - - - - - - - - - - - - - -
[  6]  23.00-24.00  sec  2.25 MBytes  18.9 Mbits/sec    7   32.7 KBytes       
[  9]  23.00-24.00  sec  2.75 MBytes  23.1 Mbits/sec   13   24.5 KBytes       
[ 11]  23.00-24.00  sec  2.25 MBytes  18.9 Mbits/sec    8   19.1 KBytes       
[ 13]  23.00-24.00  sec  1.62 MBytes  13.6 Mbits/sec    6   28.6 KBytes       
[ 15]  23.00-24.00  sec  2.62 MBytes  22.0 Mbits/sec    8   27.2 KBytes       
[SUM]  23.00-24.00  sec  11.5 MBytes  96.5 Mbits/sec   42             
- - - - - - - - - - - - - - - - - - - - - - - - -
[  6]  24.00-25.00  sec  2.62 MBytes  22.0 Mbits/sec    8   17.7 KBytes       
[  9]  24.00-25.00  sec  3.50 MBytes  29.4 Mbits/sec    6   35.4 KBytes       
[ 11]  24.00-25.00  sec  1.88 MBytes  15.7 Mbits/sec    6   20.4 KBytes       
[ 13]  24.00-25.00  sec  2.25 MBytes  18.9 Mbits/sec   10   23.1 KBytes       
[ 15]  24.00-25.00  sec  3.88 MBytes  32.5 Mbits/sec    7   29.9 KBytes       
[SUM]  24.00-25.00  sec  14.1 MBytes   118 Mbits/sec   37             
- - - - - - - - - - - - - - - - - - - - - - - - -
[  6]  25.00-26.00  sec  3.25 MBytes  27.3 Mbits/sec    8   16.3 KBytes       
[  9]  25.00-26.00  sec  3.62 MBytes  30.4 Mbits/sec   10   10.9 KBytes       
[ 11]  25.00-26.00  sec  2.25 MBytes  18.9 Mbits/sec    6   36.8 KBytes       
[ 13]  25.00-26.00  sec  1.88 MBytes  15.7 Mbits/sec    9   25.9 KBytes       
[ 15]  25.00-26.00  sec  2.62 MBytes  22.0 Mbits/sec    9   23.1 KBytes       
[SUM]  25.00-26.00  sec  13.6 MBytes   114 Mbits/sec   42             
- - - - - - - - - - - - - - - - - - - - - - - - -
[  6]  26.00-27.00  sec  3.12 MBytes  26.2 Mbits/sec    5   35.4 KBytes       
[  9]  26.00-27.00  sec  2.50 MBytes  21.0 Mbits/sec    8   20.4 KBytes       
[ 11]  26.00-27.00  sec  2.88 MBytes  24.1 Mbits/sec    6   40.8 KBytes       
[ 13]  26.00-27.00  sec  3.25 MBytes  27.3 Mbits/sec    6   27.2 KBytes       
[ 15]  26.00-27.00  sec  3.00 MBytes  25.2 Mbits/sec    7   29.9 KBytes       
[SUM]  26.00-27.00  sec  14.8 MBytes   124 Mbits/sec   32             
- - - - - - - - - - - - - - - - - - - - - - - - -
[  6]  27.00-28.00  sec  2.75 MBytes  23.1 Mbits/sec    8   31.3 KBytes       
[  9]  27.00-28.00  sec  2.50 MBytes  21.0 Mbits/sec    9   17.7 KBytes       
[ 11]  27.00-28.00  sec  2.50 MBytes  21.0 Mbits/sec    9   17.7 KBytes       
[ 13]  27.00-28.00  sec  2.62 MBytes  22.0 Mbits/sec    8   19.1 KBytes       
[ 15]  27.00-28.00  sec  4.62 MBytes  38.8 Mbits/sec    9   15.0 KBytes       
[SUM]  27.00-28.00  sec  15.0 MBytes   126 Mbits/sec   43             
- - - - - - - - - - - - - - - - - - - - - - - - -
[  6]  28.00-29.00  sec  3.12 MBytes  26.2 Mbits/sec   12   27.2 KBytes       
[  9]  28.00-29.00  sec  3.00 MBytes  25.2 Mbits/sec    7   34.0 KBytes       
[ 11]  28.00-29.00  sec  1.62 MBytes  13.6 Mbits/sec   11   19.1 KBytes       
[ 13]  28.00-29.00  sec  1.75 MBytes  14.7 Mbits/sec    8   15.0 KBytes       
[ 15]  28.00-29.00  sec  2.25 MBytes  18.9 Mbits/sec   16   12.3 KBytes       
[SUM]  28.00-29.00  sec  11.8 MBytes  98.6 Mbits/sec   54             
- - - - - - - - - - - - - - - - - - - - - - - - -
[  6]  29.00-30.00  sec  2.50 MBytes  21.0 Mbits/sec    8   28.6 KBytes       
[  9]  29.00-30.00  sec  3.00 MBytes  25.2 Mbits/sec   12   10.9 KBytes       
[ 11]  29.00-30.00  sec  2.25 MBytes  18.9 Mbits/sec    6   17.7 KBytes       
[ 13]  29.00-30.00  sec  2.38 MBytes  19.9 Mbits/sec    6   31.3 KBytes       
[ 15]  29.00-30.00  sec  3.38 MBytes  28.3 Mbits/sec    7   20.4 KBytes       
[SUM]  29.00-30.00  sec  13.5 MBytes   113 Mbits/sec   39             
- - - - - - - - - - - - - - - - - - - - - - - - -
[ ID] Interval           Transfer     Bitrate         Retr
[  6]   0.00-30.01  sec  72.9 MBytes  20.4 Mbits/sec  193            sender
[  9]   0.00-30.01  sec  71.5 MBytes  20.0 Mbits/sec  215            sender
[ 11]   0.00-30.01  sec  61.4 MBytes  17.2 Mbits/sec  167            sender
[ 13]   0.00-30.01  sec  63.1 MBytes  17.6 Mbits/sec  173            sender
[ 15]   0.00-30.01  sec  74.0 MBytes  20.7 Mbits/sec  195            sender
[SUM]   0.00-30.01  sec   343 MBytes  95.9 Mbits/sec  943             sender
-----------------------------------------------------------
Server listening on 5201 (test #4)
-----------------------------------------------------------
Accepted connection from 128.220.159.221, port 37812
[  6] local 192.168.135.129 port 5201 connected to 128.220.159.221 port 29189
[  9] local 192.168.135.129 port 5201 connected to 128.220.159.221 port 1373
[ 11] local 192.168.135.129 port 5201 connected to 128.220.159.221 port 11038
[ 13] local 192.168.135.129 port 5201 connected to 128.220.159.221 port 15718
[ 15] local 192.168.135.129 port 5201 connected to 128.220.159.221 port 39161
[ ID] Interval           Transfer     Bitrate         Retr  Cwnd
[  6]   0.00-1.00   sec  5.38 MBytes  45.0 Mbits/sec    9   40.8 KBytes       
[  9]   0.00-1.00   sec  3.75 MBytes  31.4 Mbits/sec   11   16.3 KBytes       
[ 11]   0.00-1.00   sec  3.25 MBytes  27.2 Mbits/sec   10   28.6 KBytes       
[ 13]   0.00-1.00   sec  2.00 MBytes  16.8 Mbits/sec    7   20.4 KBytes       
[ 15]   0.00-1.00   sec  5.00 MBytes  41.9 Mbits/sec   11   25.9 KBytes       
[SUM]   0.00-1.00   sec  19.4 MBytes   162 Mbits/sec   48             
- - - - - - - - - - - - - - - - - - - - - - - - -
[  6]   1.00-2.00   sec  4.62 MBytes  38.8 Mbits/sec    4   58.5 KBytes       
[  9]   1.00-2.00   sec  2.50 MBytes  21.0 Mbits/sec    4   24.5 KBytes       
[ 11]   1.00-2.00   sec  3.00 MBytes  25.2 Mbits/sec    6   25.9 KBytes       
[ 13]   1.00-2.00   sec  2.25 MBytes  18.9 Mbits/sec   10   25.9 KBytes       
[ 15]   1.00-2.00   sec  3.50 MBytes  29.4 Mbits/sec    3   58.5 KBytes       
[SUM]   1.00-2.00   sec  15.9 MBytes   133 Mbits/sec   27             
- - - - - - - - - - - - - - - - - - - - - - - - -
[  6]   2.00-3.00   sec  4.00 MBytes  33.6 Mbits/sec   10   21.8 KBytes       
[  9]   2.00-3.00   sec  2.62 MBytes  22.0 Mbits/sec    3   42.2 KBytes       
[ 11]   2.00-3.00   sec  2.25 MBytes  18.9 Mbits/sec    7   19.1 KBytes       
[ 13]   2.00-3.00   sec  2.38 MBytes  19.9 Mbits/sec   11   16.3 KBytes       
[ 15]   2.00-3.00   sec  2.12 MBytes  17.8 Mbits/sec    9   25.9 KBytes       
[SUM]   2.00-3.00   sec  13.4 MBytes   112 Mbits/sec   40             
- - - - - - - - - - - - - - - - - - - - - - - - -
[  6]   3.00-4.00   sec  2.75 MBytes  23.1 Mbits/sec    7   50.4 KBytes       
[  9]   3.00-4.00   sec  2.50 MBytes  21.0 Mbits/sec    5   46.3 KBytes       
[ 11]   3.00-4.00   sec  2.00 MBytes  16.8 Mbits/sec    5   42.2 KBytes       
[ 13]   3.00-4.00   sec  2.62 MBytes  22.0 Mbits/sec    7   25.9 KBytes       
[ 15]   3.00-4.00   sec  3.50 MBytes  29.4 Mbits/sec    3   55.8 KBytes       
[SUM]   3.00-4.00   sec  13.4 MBytes   112 Mbits/sec   27             
- - - - - - - - - - - - - - - - - - - - - - - - -
[  6]   4.00-5.00   sec  3.38 MBytes  28.3 Mbits/sec   10   16.3 KBytes       
[  9]   4.00-5.00   sec  2.00 MBytes  16.8 Mbits/sec    6   35.4 KBytes       
[ 11]   4.00-5.00   sec  3.12 MBytes  26.2 Mbits/sec    7   46.3 KBytes       
[ 13]   4.00-5.00   sec  3.25 MBytes  27.3 Mbits/sec    8   31.3 KBytes       
[ 15]   4.00-5.00   sec  2.62 MBytes  22.0 Mbits/sec    7   39.5 KBytes       
[SUM]   4.00-5.00   sec  14.4 MBytes   121 Mbits/sec   38             
- - - - - - - - - - - - - - - - - - - - - - - - -
[  6]   5.00-6.00   sec  3.12 MBytes  26.2 Mbits/sec   10   40.8 KBytes       
[  9]   5.00-6.00   sec  2.12 MBytes  17.8 Mbits/sec    5   42.2 KBytes       
[ 11]   5.00-6.00   sec  2.62 MBytes  22.0 Mbits/sec    7   23.1 KBytes       
[ 13]   5.00-6.00   sec  2.25 MBytes  18.9 Mbits/sec   10   24.5 KBytes       
[ 15]   5.00-6.00   sec  3.75 MBytes  31.5 Mbits/sec    5   46.3 KBytes       
[SUM]   5.00-6.00   sec  13.9 MBytes   116 Mbits/sec   37             
- - - - - - - - - - - - - - - - - - - - - - - - -
[  6]   6.00-7.00   sec  3.62 MBytes  30.4 Mbits/sec    7   20.4 KBytes       
[  9]   6.00-7.00   sec  2.75 MBytes  23.1 Mbits/sec    6   25.9 KBytes       
[ 11]   6.00-7.00   sec  3.00 MBytes  25.2 Mbits/sec    4   27.2 KBytes       
[ 13]   6.00-7.00   sec  3.00 MBytes  25.2 Mbits/sec    7   24.5 KBytes       
[ 15]   6.00-7.00   sec  3.00 MBytes  25.2 Mbits/sec    5   25.9 KBytes       
[SUM]   6.00-7.00   sec  15.4 MBytes   129 Mbits/sec   29             
- - - - - - - - - - - - - - - - - - - - - - - - -
[  6]   7.00-8.00   sec  3.38 MBytes  28.3 Mbits/sec    8   21.8 KBytes       
[  9]   7.00-8.00   sec  1.50 MBytes  12.6 Mbits/sec   10   12.3 KBytes       
[ 11]   7.00-8.00   sec  2.00 MBytes  16.8 Mbits/sec    8   15.0 KBytes       
[ 13]   7.00-8.00   sec  3.50 MBytes  29.4 Mbits/sec    7   19.1 KBytes       
[ 15]   7.00-8.00   sec  1.50 MBytes  12.6 Mbits/sec   10   12.3 KBytes       
[SUM]   7.00-8.00   sec  11.9 MBytes  99.6 Mbits/sec   43             
- - - - - - - - - - - - - - - - - - - - - - - - -
[  6]   8.00-9.00   sec  3.62 MBytes  30.4 Mbits/sec    6   34.0 KBytes       
[  9]   8.00-9.00   sec  1.62 MBytes  13.6 Mbits/sec    7   15.0 KBytes       
[ 11]   8.00-9.00   sec  2.12 MBytes  17.8 Mbits/sec    7   12.3 KBytes       
[ 13]   8.00-9.00   sec  2.25 MBytes  18.9 Mbits/sec   13   17.7 KBytes       
[ 15]   8.00-9.00   sec  2.62 MBytes  22.0 Mbits/sec    4   29.9 KBytes       
[SUM]   8.00-9.00   sec  12.2 MBytes   103 Mbits/sec   37             
- - - - - - - - - - - - - - - - - - - - - - - - -
[  6]   9.00-10.00  sec  3.75 MBytes  31.5 Mbits/sec    9   21.8 KBytes       
[  9]   9.00-10.00  sec  1.50 MBytes  12.6 Mbits/sec    6   36.8 KBytes       
[ 11]   9.00-10.00  sec  1.75 MBytes  14.7 Mbits/sec    7   17.7 KBytes       
[ 13]   9.00-10.00  sec  3.62 MBytes  30.4 Mbits/sec    6   23.1 KBytes       
[ 15]   9.00-10.00  sec  1.88 MBytes  15.7 Mbits/sec   10   12.3 KBytes       
[SUM]   9.00-10.00  sec  12.5 MBytes   105 Mbits/sec   38             
- - - - - - - - - - - - - - - - - - - - - - - - -
[  6]  10.00-11.00  sec  2.38 MBytes  19.9 Mbits/sec   10   20.4 KBytes       
[  9]  10.00-11.00  sec  2.00 MBytes  16.8 Mbits/sec    6   28.6 KBytes       
[ 11]  10.00-11.00  sec  2.38 MBytes  19.9 Mbits/sec    7   24.5 KBytes       
[ 13]  10.00-11.00  sec  2.75 MBytes  23.1 Mbits/sec   10   16.3 KBytes       
[ 15]  10.00-11.00  sec  2.12 MBytes  17.8 Mbits/sec    5   23.1 KBytes       
[SUM]  10.00-11.00  sec  11.6 MBytes  97.5 Mbits/sec   38             
- - - - - - - - - - - - - - - - - - - - - - - - -
[  6]  11.00-12.00  sec  2.75 MBytes  23.1 Mbits/sec    9   27.2 KBytes       
[  9]  11.00-12.00  sec  2.12 MBytes  17.8 Mbits/sec    6   23.1 KBytes       
[ 11]  11.00-12.00  sec  2.12 MBytes  17.8 Mbits/sec    8   20.4 KBytes       
[ 13]  11.00-12.00  sec  2.88 MBytes  24.1 Mbits/sec    8   24.5 KBytes       
[ 15]  11.00-12.00  sec  2.25 MBytes  18.9 Mbits/sec    7   32.7 KBytes       
[SUM]  11.00-12.00  sec  12.1 MBytes   102 Mbits/sec   38             
- - - - - - - - - - - - - - - - - - - - - - - - -
[  6]  12.00-13.00  sec  3.75 MBytes  31.5 Mbits/sec    8   29.9 KBytes       
[  9]  12.00-13.00  sec  1.75 MBytes  14.7 Mbits/sec    6   17.7 KBytes       
[ 11]  12.00-13.00  sec  2.62 MBytes  22.0 Mbits/sec    7   27.2 KBytes       
[ 13]  12.00-13.00  sec  4.00 MBytes  33.6 Mbits/sec   11   23.1 KBytes       
[ 15]  12.00-13.00  sec  3.12 MBytes  26.2 Mbits/sec    6   21.8 KBytes       
[SUM]  12.00-13.00  sec  15.2 MBytes   128 Mbits/sec   38             
- - - - - - - - - - - - - - - - - - - - - - - - -
[  6]  13.00-14.00  sec  2.38 MBytes  19.9 Mbits/sec    9   25.9 KBytes       
[  9]  13.00-14.00  sec  2.25 MBytes  18.9 Mbits/sec    5   19.1 KBytes       
[ 11]  13.00-14.00  sec  3.62 MBytes  30.4 Mbits/sec    4   31.3 KBytes       
[ 13]  13.00-14.00  sec  2.75 MBytes  23.1 Mbits/sec   23   21.8 KBytes       
[ 15]  13.00-14.00  sec  2.75 MBytes  23.1 Mbits/sec    5   23.1 KBytes       
[SUM]  13.00-14.00  sec  13.8 MBytes   115 Mbits/sec   46             
- - - - - - - - - - - - - - - - - - - - - - - - -
[  6]  14.00-15.00  sec  3.38 MBytes  28.3 Mbits/sec    9   28.6 KBytes       
[  9]  14.00-15.00  sec  1.38 MBytes  11.5 Mbits/sec    5   28.6 KBytes       
[ 11]  14.00-15.00  sec  3.25 MBytes  27.3 Mbits/sec    5   24.5 KBytes       
[ 13]  14.00-15.00  sec  3.75 MBytes  31.5 Mbits/sec    5   27.2 KBytes       
[ 15]  14.00-15.00  sec  2.12 MBytes  17.8 Mbits/sec    7   19.1 KBytes       
[SUM]  14.00-15.00  sec  13.9 MBytes   116 Mbits/sec   31             
- - - - - - - - - - - - - - - - - - - - - - - - -
[  6]  15.00-16.00  sec  3.38 MBytes  28.3 Mbits/sec    6   36.8 KBytes       
[  9]  15.00-16.00  sec  1.75 MBytes  14.7 Mbits/sec    9   19.1 KBytes       
[ 11]  15.00-16.00  sec  2.38 MBytes  19.9 Mbits/sec    7   19.1 KBytes       
[ 13]  15.00-16.00  sec  3.38 MBytes  28.3 Mbits/sec    8   23.1 KBytes       
[ 15]  15.00-16.00  sec  2.62 MBytes  22.0 Mbits/sec    3   50.4 KBytes       
[SUM]  15.00-16.00  sec  13.5 MBytes   113 Mbits/sec   33             
- - - - - - - - - - - - - - - - - - - - - - - - -
[  6]  16.00-17.00  sec  2.88 MBytes  24.1 Mbits/sec   14   16.3 KBytes       
[  9]  16.00-17.00  sec  2.00 MBytes  16.8 Mbits/sec    6   27.2 KBytes       
[ 11]  16.00-17.00  sec  1.75 MBytes  14.7 Mbits/sec    8   32.7 KBytes       
[ 13]  16.00-17.00  sec  2.25 MBytes  18.9 Mbits/sec   11   23.1 KBytes       
[ 15]  16.00-17.00  sec  3.38 MBytes  28.3 Mbits/sec   11   25.9 KBytes       
[SUM]  16.00-17.00  sec  12.2 MBytes   103 Mbits/sec   50             
- - - - - - - - - - - - - - - - - - - - - - - - -
[  6]  17.00-18.00  sec  2.38 MBytes  19.9 Mbits/sec   10   16.3 KBytes       
[  9]  17.00-18.00  sec  1.38 MBytes  11.5 Mbits/sec   11   6.81 KBytes       
[ 11]  17.00-18.00  sec  2.25 MBytes  18.9 Mbits/sec    9   15.0 KBytes       
[ 13]  17.00-18.00  sec  2.38 MBytes  19.9 Mbits/sec    9   20.4 KBytes       
[ 15]  17.00-18.00  sec  3.12 MBytes  26.2 Mbits/sec    4   34.0 KBytes       
[SUM]  17.00-18.00  sec  11.5 MBytes  96.5 Mbits/sec   43             
- - - - - - - - - - - - - - - - - - - - - - - - -
[  6]  18.00-19.00  sec  2.75 MBytes  23.1 Mbits/sec    7   23.1 KBytes       
[  9]  18.00-19.00  sec  1.50 MBytes  12.6 Mbits/sec    5   29.9 KBytes       
[ 11]  18.00-19.00  sec  1.75 MBytes  14.7 Mbits/sec    8   20.4 KBytes       
[ 13]  18.00-19.00  sec  2.50 MBytes  21.0 Mbits/sec    8   24.5 KBytes       
[ 15]  18.00-19.00  sec  1.75 MBytes  14.7 Mbits/sec    8   24.5 KBytes       
[SUM]  18.00-19.00  sec  10.2 MBytes  86.0 Mbits/sec   36             
- - - - - - - - - - - - - - - - - - - - - - - - -
[  6]  19.00-20.00  sec  2.50 MBytes  21.0 Mbits/sec   11   12.3 KBytes       
[  9]  19.00-20.00  sec  3.00 MBytes  25.2 Mbits/sec    5   28.6 KBytes       
[ 11]  19.00-20.00  sec  2.00 MBytes  16.8 Mbits/sec    8   13.6 KBytes       
[ 13]  19.00-20.00  sec  3.62 MBytes  30.4 Mbits/sec    9   24.5 KBytes       
[ 15]  19.00-20.00  sec  1.88 MBytes  15.7 Mbits/sec    6   28.6 KBytes       
[SUM]  19.00-20.00  sec  13.0 MBytes   109 Mbits/sec   39             
- - - - - - - - - - - - - - - - - - - - - - - - -
[  6]  20.00-21.00  sec  2.38 MBytes  19.9 Mbits/sec    9   20.4 KBytes       
[  9]  20.00-21.00  sec  2.12 MBytes  17.8 Mbits/sec    6   29.9 KBytes       
[ 11]  20.00-21.00  sec  1.75 MBytes  14.7 Mbits/sec    6   23.1 KBytes       
[ 13]  20.00-21.00  sec  2.38 MBytes  19.9 Mbits/sec    9   29.9 KBytes       
[ 15]  20.00-21.00  sec  1.88 MBytes  15.7 Mbits/sec   10   27.2 KBytes       
[SUM]  20.00-21.00  sec  10.5 MBytes  88.1 Mbits/sec   40             
- - - - - - - - - - - - - - - - - - - - - - - - -
[  6]  21.00-22.00  sec  3.38 MBytes  28.3 Mbits/sec    6   34.0 KBytes       
[  9]  21.00-22.00  sec  2.75 MBytes  23.1 Mbits/sec    5   21.8 KBytes       
[ 11]  21.00-22.00  sec  2.00 MBytes  16.8 Mbits/sec    6   32.7 KBytes       
[ 13]  21.00-22.00  sec  3.25 MBytes  27.3 Mbits/sec    8   53.1 KBytes       
[ 15]  21.00-22.00  sec  2.25 MBytes  18.9 Mbits/sec    6   24.5 KBytes       
[SUM]  21.00-22.00  sec  13.6 MBytes   114 Mbits/sec   31             
- - - - - - - - - - - - - - - - - - - - - - - - -
[  6]  22.00-23.00  sec  3.75 MBytes  31.5 Mbits/sec    7   29.9 KBytes       
[  9]  22.00-23.00  sec  2.38 MBytes  19.9 Mbits/sec    4   27.2 KBytes       
[ 11]  22.00-23.00  sec  2.25 MBytes  18.9 Mbits/sec    7   20.4 KBytes       
[ 13]  22.00-23.00  sec  4.50 MBytes  37.7 Mbits/sec   11   12.3 KBytes       
[ 15]  22.00-23.00  sec  2.25 MBytes  18.9 Mbits/sec    9   17.7 KBytes       
[SUM]  22.00-23.00  sec  15.1 MBytes   127 Mbits/sec   38             
- - - - - - - - - - - - - - - - - - - - - - - - -
[  6]  23.00-24.00  sec  4.88 MBytes  40.9 Mbits/sec    6   28.6 KBytes       
[  9]  23.00-24.00  sec  3.25 MBytes  27.3 Mbits/sec    6   15.0 KBytes       
[ 11]  23.00-24.00  sec  3.12 MBytes  26.2 Mbits/sec    6   20.4 KBytes       
[ 13]  23.00-24.00  sec  2.88 MBytes  24.1 Mbits/sec    7   13.6 KBytes       
[ 15]  23.00-24.00  sec  3.00 MBytes  25.2 Mbits/sec    3   28.6 KBytes       
[SUM]  23.00-24.00  sec  17.1 MBytes   144 Mbits/sec   28             
- - - - - - - - - - - - - - - - - - - - - - - - -
[  6]  24.00-25.00  sec  4.00 MBytes  33.6 Mbits/sec    6   25.9 KBytes       
[  9]  24.00-25.00  sec  2.38 MBytes  19.9 Mbits/sec    3   31.3 KBytes       
[ 11]  24.00-25.00  sec  1.62 MBytes  13.6 Mbits/sec   10   9.53 KBytes       
[ 13]  24.00-25.00  sec  2.62 MBytes  22.0 Mbits/sec    7   24.5 KBytes       
[ 15]  24.00-25.00  sec  3.75 MBytes  31.5 Mbits/sec    2   69.4 KBytes       
[SUM]  24.00-25.00  sec  14.4 MBytes   121 Mbits/sec   28             
- - - - - - - - - - - - - - - - - - - - - - - - -
[  6]  25.00-26.00  sec  2.75 MBytes  23.1 Mbits/sec    9   21.8 KBytes       
[  9]  25.00-26.00  sec  2.25 MBytes  18.9 Mbits/sec    7   24.5 KBytes       
[ 11]  25.00-26.00  sec  1.88 MBytes  15.7 Mbits/sec    4   44.9 KBytes       
[ 13]  25.00-26.00  sec  3.25 MBytes  27.3 Mbits/sec    7   20.4 KBytes       
[ 15]  25.00-26.00  sec  3.00 MBytes  25.2 Mbits/sec    8   20.4 KBytes       
[SUM]  25.00-26.00  sec  13.1 MBytes   110 Mbits/sec   35             
- - - - - - - - - - - - - - - - - - - - - - - - -
[  6]  26.00-27.00  sec  2.75 MBytes  23.1 Mbits/sec   10   20.4 KBytes       
[  9]  26.00-27.00  sec  2.38 MBytes  19.9 Mbits/sec    4   29.9 KBytes       
[ 11]  26.00-27.00  sec  2.38 MBytes  19.9 Mbits/sec    8   19.1 KBytes       
[ 13]  26.00-27.00  sec  2.50 MBytes  21.0 Mbits/sec    8   29.9 KBytes       
[ 15]  26.00-27.00  sec  2.25 MBytes  18.9 Mbits/sec   10   17.7 KBytes       
[SUM]  26.00-27.00  sec  12.2 MBytes   103 Mbits/sec   40             
- - - - - - - - - - - - - - - - - - - - - - - - -
[  6]  27.00-28.00  sec  2.75 MBytes  23.1 Mbits/sec    9   25.9 KBytes       
[  9]  27.00-28.00  sec  2.00 MBytes  16.8 Mbits/sec    6   27.2 KBytes       
[ 11]  27.00-28.00  sec  2.25 MBytes  18.9 Mbits/sec    7   16.3 KBytes       
[ 13]  27.00-28.00  sec  3.38 MBytes  28.3 Mbits/sec    9   23.1 KBytes       
[ 15]  27.00-28.00  sec  1.88 MBytes  15.7 Mbits/sec    6   38.1 KBytes       
[SUM]  27.00-28.00  sec  12.2 MBytes   103 Mbits/sec   37             
- - - - - - - - - - - - - - - - - - - - - - - - -
[  6]  28.00-29.00  sec  3.00 MBytes  25.2 Mbits/sec    9   24.5 KBytes       
[  9]  28.00-29.00  sec  2.00 MBytes  16.8 Mbits/sec    6   20.4 KBytes       
[ 11]  28.00-29.00  sec  1.50 MBytes  12.6 Mbits/sec    8   13.6 KBytes       
[ 13]  28.00-29.00  sec  3.88 MBytes  32.5 Mbits/sec    8   21.8 KBytes       
[ 15]  28.00-29.00  sec  1.88 MBytes  15.7 Mbits/sec    7   28.6 KBytes       
[SUM]  28.00-29.00  sec  12.2 MBytes   103 Mbits/sec   38             
- - - - - - - - - - - - - - - - - - - - - - - - -
[  6]  29.00-30.00  sec  3.00 MBytes  25.2 Mbits/sec    8   20.4 KBytes       
[  9]  29.00-30.00  sec  1.75 MBytes  14.7 Mbits/sec    7   15.0 KBytes       
[ 11]  29.00-30.00  sec  1.62 MBytes  13.6 Mbits/sec    8   12.3 KBytes       
[ 13]  29.00-30.00  sec  2.62 MBytes  22.0 Mbits/sec    9   17.7 KBytes       
[ 15]  29.00-30.00  sec  3.25 MBytes  27.3 Mbits/sec    5   24.5 KBytes       
[SUM]  29.00-30.00  sec  12.2 MBytes   103 Mbits/sec   37             
- - - - - - - - - - - - - - - - - - - - - - - - -
[  6]  30.00-30.01  sec   384 KBytes   501 Mbits/sec    0   20.4 KBytes       
[  9]  30.00-30.01  sec  0.00 Bytes  0.00 bits/sec    0   15.0 KBytes       
[ 11]  30.00-30.01  sec  0.00 Bytes  0.00 bits/sec    0   12.3 KBytes       
[ 13]  30.00-30.01  sec  0.00 Bytes  0.00 bits/sec    0   16.3 KBytes       
[ 15]  30.00-30.01  sec  0.00 Bytes  0.00 bits/sec    0   24.5 KBytes       
[SUM]  30.00-30.01  sec   384 KBytes   501 Mbits/sec    0             
- - - - - - - - - - - - - - - - - - - - - - - - -
[ ID] Interval           Transfer     Bitrate         Retr
[  6]   0.00-30.01  sec  99.4 MBytes  27.8 Mbits/sec  252            sender
[  9]   0.00-30.01  sec  65.2 MBytes  18.2 Mbits/sec  181            sender
[ 11]   0.00-30.01  sec  69.6 MBytes  19.5 Mbits/sec  209            sender
[ 13]   0.00-30.01  sec  88.6 MBytes  24.8 Mbits/sec  271            sender
[ 15]   0.00-30.01  sec  80.4 MBytes  22.5 Mbits/sec  195            sender
[SUM]   0.00-30.01  sec   403 MBytes   113 Mbits/sec  1108             sender
-----------------------------------------------------------
Server listening on 5201 (test #5)
-----------------------------------------------------------
iperf3: interrupt - the server has terminated by signal Interrupt(2)
