-----------------------------------------------------------
Server listening on 5201 (test #1)
-----------------------------------------------------------
Accepted connection from 128.220.159.221, port 12993
[  6] local 192.168.135.129 port 5201 connected to 128.220.159.221 port 46701
[  9] local 192.168.135.129 port 5201 connected to 128.220.159.221 port 24585
[ 11] local 192.168.135.129 port 5201 connected to 128.220.159.221 port 28925
[ 13] local 192.168.135.129 port 5201 connected to 128.220.159.221 port 38397
[ 15] local 192.168.135.129 port 5201 connected to 128.220.159.221 port 10536
[ ID] Interval           Transfer     Bitrate         Retr  Cwnd
[  6]   0.00-1.00   sec  8.12 MBytes  68.1 Mbits/sec    8   38.1 KBytes       
[  9]   0.00-1.00   sec  5.62 MBytes  47.1 Mbits/sec   15   17.7 KBytes       
[ 11]   0.00-1.00   sec  2.88 MBytes  24.1 Mbits/sec    9   16.3 KBytes       
[ 13]   0.00-1.00   sec  6.75 MBytes  56.6 Mbits/sec    8   23.1 KBytes       
[ 15]   0.00-1.00   sec  3.50 MBytes  29.3 Mbits/sec    8   24.5 KBytes       
[SUM]   0.00-1.00   sec  26.9 MBytes   225 Mbits/sec   48             
- - - - - - - - - - - - - - - - - - - - - - - - -
[  6]   1.00-2.00   sec  3.50 MBytes  29.4 Mbits/sec    9   28.6 KBytes       
[  9]   1.00-2.00   sec  1.50 MBytes  12.6 Mbits/sec    8   17.7 KBytes       
[ 11]   1.00-2.00   sec  2.75 MBytes  23.1 Mbits/sec    4   47.6 KBytes       
[ 13]   1.00-2.00   sec  2.25 MBytes  18.9 Mbits/sec    7   21.8 KBytes       
[ 15]   1.00-2.00   sec  3.50 MBytes  29.4 Mbits/sec    4   34.0 KBytes       
[SUM]   1.00-2.00   sec  13.5 MBytes   113 Mbits/sec   32             
- - - - - - - - - - - - - - - - - - - - - - - - -
[  6]   2.00-3.00   sec  2.88 MBytes  24.1 Mbits/sec   11   19.1 KBytes       
[  9]   2.00-3.00   sec  1.88 MBytes  15.7 Mbits/sec    7   25.9 KBytes       
[ 11]   2.00-3.00   sec  2.88 MBytes  24.1 Mbits/sec    6   38.1 KBytes       
[ 13]   2.00-3.00   sec  2.12 MBytes  17.8 Mbits/sec    8   16.3 KBytes       
[ 15]   2.00-3.00   sec  2.88 MBytes  24.1 Mbits/sec    5   35.4 KBytes       
[SUM]   2.00-3.00   sec  12.6 MBytes   106 Mbits/sec   37             
- - - - - - - - - - - - - - - - - - - - - - - - -
[  6]   3.00-4.00   sec  3.50 MBytes  29.4 Mbits/sec    7   31.3 KBytes       
[  9]   3.00-4.00   sec  1.00 MBytes  8.39 Mbits/sec    9   13.6 KBytes       
[ 11]   3.00-4.00   sec  3.50 MBytes  29.4 Mbits/sec    9   13.6 KBytes       
[ 13]   3.00-4.00   sec  2.75 MBytes  23.1 Mbits/sec    6   19.1 KBytes       
[ 15]   3.00-4.00   sec  2.25 MBytes  18.9 Mbits/sec    8   31.3 KBytes       
[SUM]   3.00-4.00   sec  13.0 MBytes   109 Mbits/sec   39             
- - - - - - - - - - - - - - - - - - - - - - - - -
[  6]   4.00-5.00   sec  3.88 MBytes  32.5 Mbits/sec    7   28.6 KBytes       
[  9]   4.00-5.00   sec  2.00 MBytes  16.8 Mbits/sec    5   25.9 KBytes       
[ 11]   4.00-5.00   sec  3.38 MBytes  28.3 Mbits/sec    4   36.8 KBytes       
[ 13]   4.00-5.00   sec  2.12 MBytes  17.8 Mbits/sec   10   12.3 KBytes       
[ 15]   4.00-5.00   sec  3.38 MBytes  28.3 Mbits/sec    6   21.8 KBytes       
[SUM]   4.00-5.00   sec  14.8 MBytes   124 Mbits/sec   32             
- - - - - - - - - - - - - - - - - - - - - - - - -
[  6]   5.00-6.00   sec  3.50 MBytes  29.4 Mbits/sec   10   28.6 KBytes       
[  9]   5.00-6.00   sec  2.38 MBytes  19.9 Mbits/sec    4   36.8 KBytes       
[ 11]   5.00-6.00   sec  2.50 MBytes  21.0 Mbits/sec    7   27.2 KBytes       
[ 13]   5.00-6.00   sec  2.38 MBytes  19.9 Mbits/sec    5   29.9 KBytes       
[ 15]   5.00-6.00   sec  3.62 MBytes  30.4 Mbits/sec    3   42.2 KBytes       
[SUM]   5.00-6.00   sec  14.4 MBytes   121 Mbits/sec   29             
- - - - - - - - - - - - - - - - - - - - - - - - -
[  6]   6.00-7.00   sec  3.50 MBytes  29.4 Mbits/sec   10   24.5 KBytes       
[  9]   6.00-7.00   sec  2.00 MBytes  16.8 Mbits/sec    7   29.9 KBytes       
[ 11]   6.00-7.00   sec  2.62 MBytes  22.0 Mbits/sec    7   31.3 KBytes       
[ 13]   6.00-7.00   sec  2.75 MBytes  23.1 Mbits/sec    6   28.6 KBytes       
[ 15]   6.00-7.00   sec  2.50 MBytes  21.0 Mbits/sec    7   32.7 KBytes       
[SUM]   6.00-7.00   sec  13.4 MBytes   112 Mbits/sec   37             
- - - - - - - - - - - - - - - - - - - - - - - - -
[  6]   7.00-8.00   sec  3.88 MBytes  32.5 Mbits/sec    5   55.8 KBytes       
[  9]   7.00-8.00   sec  2.00 MBytes  16.8 Mbits/sec   22   12.3 KBytes       
[ 11]   7.00-8.00   sec  2.12 MBytes  17.8 Mbits/sec    7   23.1 KBytes       
[ 13]   7.00-8.00   sec  3.12 MBytes  26.2 Mbits/sec    5   25.9 KBytes       
[ 15]   7.00-8.00   sec  2.25 MBytes  18.9 Mbits/sec    8   19.1 KBytes       
[SUM]   7.00-8.00   sec  13.4 MBytes   112 Mbits/sec   47             
- - - - - - - - - - - - - - - - - - - - - - - - -
[  6]   8.00-9.00   sec  4.38 MBytes  36.7 Mbits/sec   10   12.3 KBytes       
[  9]   8.00-9.00   sec  2.38 MBytes  19.9 Mbits/sec    6   24.5 KBytes       
[ 11]   8.00-9.00   sec  2.62 MBytes  22.0 Mbits/sec    5   31.3 KBytes       
[ 13]   8.00-9.00   sec  3.00 MBytes  25.2 Mbits/sec    6   19.1 KBytes       
[ 15]   8.00-9.00   sec  3.38 MBytes  28.3 Mbits/sec    4   38.1 KBytes       
[SUM]   8.00-9.00   sec  15.8 MBytes   132 Mbits/sec   31             
- - - - - - - - - - - - - - - - - - - - - - - - -
[  6]   9.00-10.00  sec  2.50 MBytes  21.0 Mbits/sec    7   28.6 KBytes       
[  9]   9.00-10.00  sec  2.50 MBytes  21.0 Mbits/sec    5   27.2 KBytes       
[ 11]   9.00-10.00  sec  3.12 MBytes  26.2 Mbits/sec    4   44.9 KBytes       
[ 13]   9.00-10.00  sec  2.75 MBytes  23.1 Mbits/sec    6   28.6 KBytes       
[ 15]   9.00-10.00  sec  3.62 MBytes  30.4 Mbits/sec    6   39.5 KBytes       
[SUM]   9.00-10.00  sec  14.5 MBytes   122 Mbits/sec   28             
- - - - - - - - - - - - - - - - - - - - - - - - -
[  6]  10.00-11.00  sec  3.88 MBytes  32.5 Mbits/sec    5   53.1 KBytes       
[  9]  10.00-11.00  sec  2.88 MBytes  24.1 Mbits/sec    2   55.8 KBytes       
[ 11]  10.00-11.00  sec  2.88 MBytes  24.1 Mbits/sec    7   29.9 KBytes       
[ 13]  10.00-11.00  sec  2.25 MBytes  18.9 Mbits/sec    7   25.9 KBytes       
[ 15]  10.00-11.00  sec  3.75 MBytes  31.5 Mbits/sec    3   55.8 KBytes       
[SUM]  10.00-11.00  sec  15.6 MBytes   131 Mbits/sec   24             
- - - - - - - - - - - - - - - - - - - - - - - - -
[  6]  11.00-12.00  sec  2.88 MBytes  24.1 Mbits/sec   10   19.1 KBytes       
[  9]  11.00-12.00  sec  2.00 MBytes  16.8 Mbits/sec    8   19.1 KBytes       
[ 11]  11.00-12.00  sec  2.62 MBytes  22.0 Mbits/sec    6   27.2 KBytes       
[ 13]  11.00-12.00  sec  2.75 MBytes  23.1 Mbits/sec    5   31.3 KBytes       
[ 15]  11.00-12.00  sec  3.50 MBytes  29.4 Mbits/sec    9   28.6 KBytes       
[SUM]  11.00-12.00  sec  13.8 MBytes   115 Mbits/sec   38             
- - - - - - - - - - - - - - - - - - - - - - - - -
[  6]  12.00-13.00  sec  4.50 MBytes  37.7 Mbits/sec    7   28.6 KBytes       
[  9]  12.00-13.00  sec  3.00 MBytes  25.2 Mbits/sec    4   32.7 KBytes       
[ 11]  12.00-13.00  sec  2.38 MBytes  19.9 Mbits/sec    6   32.7 KBytes       
[ 13]  12.00-13.00  sec  2.75 MBytes  23.1 Mbits/sec    7   16.3 KBytes       
[ 15]  12.00-13.00  sec  2.75 MBytes  23.1 Mbits/sec    5   31.3 KBytes       
[SUM]  12.00-13.00  sec  15.4 MBytes   129 Mbits/sec   29             
- - - - - - - - - - - - - - - - - - - - - - - - -
[  6]  13.00-14.00  sec  4.88 MBytes  40.9 Mbits/sec    5   32.7 KBytes       
[  9]  13.00-14.00  sec  2.88 MBytes  24.1 Mbits/sec    5   29.9 KBytes       
[ 11]  13.00-14.00  sec  2.38 MBytes  19.9 Mbits/sec    7   24.5 KBytes       
[ 13]  13.00-14.00  sec  2.50 MBytes  21.0 Mbits/sec    7   10.9 KBytes       
[ 15]  13.00-14.00  sec  3.38 MBytes  28.3 Mbits/sec    6   17.7 KBytes       
[SUM]  13.00-14.00  sec  16.0 MBytes   134 Mbits/sec   30             
- - - - - - - - - - - - - - - - - - - - - - - - -
[  6]  14.00-15.00  sec  2.88 MBytes  24.1 Mbits/sec    8   25.9 KBytes       
[  9]  14.00-15.00  sec  2.00 MBytes  16.8 Mbits/sec    6   21.8 KBytes       
[ 11]  14.00-15.00  sec  2.38 MBytes  19.9 Mbits/sec    4   49.0 KBytes       
[ 13]  14.00-15.00  sec  2.38 MBytes  19.9 Mbits/sec    4   40.8 KBytes       
[ 15]  14.00-15.00  sec  2.75 MBytes  23.1 Mbits/sec    4   35.4 KBytes       
[SUM]  14.00-15.00  sec  12.4 MBytes   104 Mbits/sec   26             
- - - - - - - - - - - - - - - - - - - - - - - - -
[  6]  15.00-16.00  sec  3.00 MBytes  25.2 Mbits/sec    9   36.8 KBytes       
[  9]  15.00-16.00  sec  2.00 MBytes  16.8 Mbits/sec    7   36.8 KBytes       
[ 11]  15.00-16.00  sec  3.25 MBytes  27.3 Mbits/sec    8   13.6 KBytes       
[ 13]  15.00-16.00  sec  2.50 MBytes  21.0 Mbits/sec    7   29.9 KBytes       
[ 15]  15.00-16.00  sec  2.62 MBytes  22.0 Mbits/sec    7   20.4 KBytes       
[SUM]  15.00-16.00  sec  13.4 MBytes   112 Mbits/sec   38             
- - - - - - - - - - - - - - - - - - - - - - - - -
[  6]  16.00-17.00  sec  4.50 MBytes  37.7 Mbits/sec    6   25.9 KBytes       
[  9]  16.00-17.00  sec  2.38 MBytes  19.9 Mbits/sec    6   24.5 KBytes       
[ 11]  16.00-17.00  sec  3.38 MBytes  28.3 Mbits/sec    4   20.4 KBytes       
[ 13]  16.00-17.00  sec  2.38 MBytes  19.9 Mbits/sec    7   31.3 KBytes       
[ 15]  16.00-17.00  sec  2.00 MBytes  16.8 Mbits/sec    8   23.1 KBytes       
[SUM]  16.00-17.00  sec  14.6 MBytes   123 Mbits/sec   31             
- - - - - - - - - - - - - - - - - - - - - - - - -
[  6]  17.00-18.00  sec  4.38 MBytes  36.7 Mbits/sec    5   38.1 KBytes       
[  9]  17.00-18.00  sec  3.00 MBytes  25.2 Mbits/sec    4   38.1 KBytes       
[ 11]  17.00-18.00  sec  2.75 MBytes  23.1 Mbits/sec    8   16.3 KBytes       
[ 13]  17.00-18.00  sec  2.50 MBytes  21.0 Mbits/sec    9   13.6 KBytes       
[ 15]  17.00-18.00  sec  2.12 MBytes  17.8 Mbits/sec    6   20.4 KBytes       
[SUM]  17.00-18.00  sec  14.8 MBytes   124 Mbits/sec   32             
- - - - - - - - - - - - - - - - - - - - - - - - -
[  6]  18.00-19.00  sec  3.88 MBytes  32.5 Mbits/sec    7   47.6 KBytes       
[  9]  18.00-19.00  sec  2.38 MBytes  19.9 Mbits/sec    5   28.6 KBytes       
[ 11]  18.00-19.00  sec  2.50 MBytes  21.0 Mbits/sec    6   27.2 KBytes       
[ 13]  18.00-19.00  sec  2.38 MBytes  19.9 Mbits/sec    6   28.6 KBytes       
[ 15]  18.00-19.00  sec  2.50 MBytes  21.0 Mbits/sec    7   13.6 KBytes       
[SUM]  18.00-19.00  sec  13.6 MBytes   114 Mbits/sec   31             
- - - - - - - - - - - - - - - - - - - - - - - - -
[  6]  19.00-20.00  sec  3.38 MBytes  28.3 Mbits/sec    6   34.0 KBytes       
[  9]  19.00-20.00  sec  2.00 MBytes  16.8 Mbits/sec    6   16.3 KBytes       
[ 11]  19.00-20.00  sec  2.75 MBytes  23.1 Mbits/sec    6   31.3 KBytes       
[ 13]  19.00-20.00  sec  3.38 MBytes  28.3 Mbits/sec    4   49.0 KBytes       
[ 15]  19.00-20.00  sec  2.00 MBytes  16.8 Mbits/sec    4   35.4 KBytes       
[SUM]  19.00-20.00  sec  13.5 MBytes   113 Mbits/sec   26             
- - - - - - - - - - - - - - - - - - - - - - - - -
[  6]  20.00-21.00  sec  4.00 MBytes  33.6 Mbits/sec    7   24.5 KBytes       
[  9]  20.00-21.00  sec  2.88 MBytes  24.1 Mbits/sec    3   38.1 KBytes       
[ 11]  20.00-21.00  sec  2.75 MBytes  23.1 Mbits/sec    6   21.8 KBytes       
[ 13]  20.00-21.00  sec  3.12 MBytes  26.2 Mbits/sec    7   35.4 KBytes       
[ 15]  20.00-21.00  sec  3.38 MBytes  28.3 Mbits/sec    5   39.5 KBytes       
[SUM]  20.00-21.00  sec  16.1 MBytes   135 Mbits/sec   28             
- - - - - - - - - - - - - - - - - - - - - - - - -
[  6]  21.00-22.00  sec  2.88 MBytes  24.1 Mbits/sec    7   27.2 KBytes       
[  9]  21.00-22.00  sec  3.00 MBytes  25.2 Mbits/sec    4   34.0 KBytes       
[ 11]  21.00-22.00  sec  2.62 MBytes  22.0 Mbits/sec    7   16.3 KBytes       
[ 13]  21.00-22.00  sec  2.38 MBytes  19.9 Mbits/sec    7   29.9 KBytes       
[ 15]  21.00-22.00  sec  4.50 MBytes  37.7 Mbits/sec    5   31.3 KBytes       
[SUM]  21.00-22.00  sec  15.4 MBytes   129 Mbits/sec   30             
- - - - - - - - - - - - - - - - - - - - - - - - -
[  6]  22.00-23.00  sec  3.50 MBytes  29.4 Mbits/sec    5   49.0 KBytes       
[  9]  22.00-23.00  sec  2.38 MBytes  19.9 Mbits/sec    5   24.5 KBytes       
[ 11]  22.00-23.00  sec  3.12 MBytes  26.2 Mbits/sec    4   43.6 KBytes       
[ 13]  22.00-23.00  sec  2.50 MBytes  21.0 Mbits/sec    5   43.6 KBytes       
[ 15]  22.00-23.00  sec  3.12 MBytes  26.2 Mbits/sec    4   42.2 KBytes       
[SUM]  22.00-23.00  sec  14.6 MBytes   123 Mbits/sec   23             
- - - - - - - - - - - - - - - - - - - - - - - - -
[  6]  23.00-24.00  sec  3.88 MBytes  32.5 Mbits/sec   10   32.7 KBytes       
[  9]  23.00-24.00  sec  2.00 MBytes  16.8 Mbits/sec    6   20.4 KBytes       
[ 11]  23.00-24.00  sec  2.88 MBytes  24.1 Mbits/sec    8   19.1 KBytes       
[ 13]  23.00-24.00  sec  4.62 MBytes  38.8 Mbits/sec    4   55.8 KBytes       
[ 15]  23.00-24.00  sec  3.88 MBytes  32.5 Mbits/sec    5   38.1 KBytes       
[SUM]  23.00-24.00  sec  17.2 MBytes   145 Mbits/sec   33             
- - - - - - - - - - - - - - - - - - - - - - - - -
[  6]  24.00-25.00  sec  3.88 MBytes  32.5 Mbits/sec    7   32.7 KBytes       
[  9]  24.00-25.00  sec  2.00 MBytes  16.8 Mbits/sec    6   25.9 KBytes       
[ 11]  24.00-25.00  sec  3.00 MBytes  25.2 Mbits/sec    3   42.2 KBytes       
[ 13]  24.00-25.00  sec  3.12 MBytes  26.2 Mbits/sec    9   20.4 KBytes       
[ 15]  24.00-25.00  sec  4.00 MBytes  33.6 Mbits/sec    5   23.1 KBytes       
[SUM]  24.00-25.00  sec  16.0 MBytes   134 Mbits/sec   30             
- - - - - - - - - - - - - - - - - - - - - - - - -
[  6]  25.00-26.00  sec  4.00 MBytes  33.6 Mbits/sec    6   28.6 KBytes       
[  9]  25.00-26.00  sec  2.50 MBytes  21.0 Mbits/sec    4   27.2 KBytes       
[ 11]  25.00-26.00  sec  3.12 MBytes  26.2 Mbits/sec    7   27.2 KBytes       
[ 13]  25.00-26.00  sec  3.62 MBytes  30.4 Mbits/sec    4   27.2 KBytes       
[ 15]  25.00-26.00  sec  2.75 MBytes  23.1 Mbits/sec    3   53.1 KBytes       
[SUM]  25.00-26.00  sec  16.0 MBytes   134 Mbits/sec   24             
- - - - - - - - - - - - - - - - - - - - - - - - -
[  6]  26.00-27.00  sec  3.38 MBytes  28.3 Mbits/sec    8   28.6 KBytes       
[  9]  26.00-27.00  sec  2.38 MBytes  19.9 Mbits/sec    6   17.7 KBytes       
[ 11]  26.00-27.00  sec  3.25 MBytes  27.3 Mbits/sec    4   35.4 KBytes       
[ 13]  26.00-27.00  sec  3.38 MBytes  28.3 Mbits/sec    4   34.0 KBytes       
[ 15]  26.00-27.00  sec  3.12 MBytes  26.2 Mbits/sec    7   25.9 KBytes       
[SUM]  26.00-27.00  sec  15.5 MBytes   130 Mbits/sec   29             
- - - - - - - - - - - - - - - - - - - - - - - - -
[  6]  27.00-28.00  sec  3.38 MBytes  28.3 Mbits/sec    6   40.8 KBytes       
[  9]  27.00-28.00  sec  2.00 MBytes  16.8 Mbits/sec    4   38.1 KBytes       
[ 11]  27.00-28.00  sec  1.88 MBytes  15.7 Mbits/sec   11   20.4 KBytes       
[ 13]  27.00-28.00  sec  3.38 MBytes  28.3 Mbits/sec    6   23.1 KBytes       
[ 15]  27.00-28.00  sec  2.75 MBytes  23.1 Mbits/sec    6   35.4 KBytes       
[SUM]  27.00-28.00  sec  13.4 MBytes   112 Mbits/sec   33             
- - - - - - - - - - - - - - - - - - - - - - - - -
[  6]  28.00-29.00  sec  3.50 MBytes  29.4 Mbits/sec   12   13.6 KBytes       
[  9]  28.00-29.00  sec  2.88 MBytes  24.1 Mbits/sec    4   31.3 KBytes       
[ 11]  28.00-29.00  sec  3.12 MBytes  26.2 Mbits/sec    3   34.0 KBytes       
[ 13]  28.00-29.00  sec  2.75 MBytes  23.1 Mbits/sec    7   15.0 KBytes       
[ 15]  28.00-29.00  sec  2.62 MBytes  22.0 Mbits/sec    6   36.8 KBytes       
[SUM]  28.00-29.00  sec  14.9 MBytes   125 Mbits/sec   32             
- - - - - - - - - - - - - - - - - - - - - - - - -
[  6]  29.00-30.00  sec  3.38 MBytes  28.3 Mbits/sec    7   25.9 KBytes       
[  9]  29.00-30.00  sec  3.00 MBytes  25.2 Mbits/sec    6   31.3 KBytes       
[ 11]  29.00-30.00  sec  2.88 MBytes  24.1 Mbits/sec    6   28.6 KBytes       
[ 13]  29.00-30.00  sec  2.50 MBytes  21.0 Mbits/sec    4   36.8 KBytes       
[ 15]  29.00-30.00  sec  3.75 MBytes  31.5 Mbits/sec    6   19.1 KBytes       
[SUM]  29.00-30.00  sec  15.5 MBytes   130 Mbits/sec   29             
- - - - - - - - - - - - - - - - - - - - - - - - -
[  6]  30.00-30.01  sec  0.00 Bytes  0.00 bits/sec    0   25.9 KBytes       
[  9]  30.00-30.01  sec  0.00 Bytes  0.00 bits/sec    0   31.3 KBytes       
[ 11]  30.00-30.01  sec  0.00 Bytes  0.00 bits/sec    0   28.6 KBytes       
[ 13]  30.00-30.01  sec   256 KBytes   281 Mbits/sec    0   36.8 KBytes       
[ 15]  30.00-30.01  sec  0.00 Bytes  0.00 bits/sec    0   19.1 KBytes       
[SUM]  30.00-30.01  sec   256 KBytes   281 Mbits/sec    0             
- - - - - - - - - - - - - - - - - - - - - - - - -
[ ID] Interval           Transfer     Bitrate         Retr
[  6]   0.00-30.01  sec   114 MBytes  31.7 Mbits/sec  227            sender
[  9]   0.00-30.01  sec  72.8 MBytes  20.3 Mbits/sec  189            sender
[ 11]   0.00-30.01  sec  84.2 MBytes  23.6 Mbits/sec  183            sender
[ 13]   0.00-30.01  sec  87.4 MBytes  24.4 Mbits/sec  187            sender
[ 15]   0.00-30.01  sec  92.1 MBytes  25.8 Mbits/sec  170            sender
[SUM]   0.00-30.01  sec   450 MBytes   126 Mbits/sec  956             sender
-----------------------------------------------------------
Server listening on 5201 (test #2)
-----------------------------------------------------------
Accepted connection from 128.220.159.221, port 58632
[  6] local 192.168.135.129 port 5201 connected to 128.220.159.221 port 58426
[  9] local 192.168.135.129 port 5201 connected to 128.220.159.221 port 25634
[ 11] local 192.168.135.129 port 5201 connected to 128.220.159.221 port 57395
[ 13] local 192.168.135.129 port 5201 connected to 128.220.159.221 port 53437
[ 15] local 192.168.135.129 port 5201 connected to 128.220.159.221 port 43197
[ ID] Interval           Transfer     Bitrate         Retr  Cwnd
[  6]   0.00-1.00   sec  2.12 MBytes  17.8 Mbits/sec    5   25.9 KBytes       
[  9]   0.00-1.00   sec  7.25 MBytes  60.8 Mbits/sec    8   42.2 KBytes       
[ 11]   0.00-1.00   sec  3.75 MBytes  31.4 Mbits/sec    8   20.4 KBytes       
[ 13]   0.00-1.00   sec  3.62 MBytes  30.4 Mbits/sec   10   34.0 KBytes       
[ 15]   0.00-1.00   sec  6.88 MBytes  57.6 Mbits/sec   11   34.0 KBytes       
[SUM]   0.00-1.00   sec  23.6 MBytes   198 Mbits/sec   42             
- - - - - - - - - - - - - - - - - - - - - - - - -
[  6]   1.00-2.00   sec  3.00 MBytes  25.2 Mbits/sec    5   27.2 KBytes       
[  9]   1.00-2.00   sec  3.62 MBytes  30.4 Mbits/sec    8   21.8 KBytes       
[ 11]   1.00-2.00   sec  2.00 MBytes  16.8 Mbits/sec    3   32.7 KBytes       
[ 13]   1.00-2.00   sec  5.00 MBytes  41.9 Mbits/sec    5   32.7 KBytes       
[ 15]   1.00-2.00   sec  3.00 MBytes  25.2 Mbits/sec    5   36.8 KBytes       
[SUM]   1.00-2.00   sec  16.6 MBytes   139 Mbits/sec   26             
- - - - - - - - - - - - - - - - - - - - - - - - -
[  6]   2.00-3.00   sec  3.00 MBytes  25.2 Mbits/sec    4   40.8 KBytes       
[  9]   2.00-3.00   sec  3.00 MBytes  25.2 Mbits/sec    4   36.8 KBytes       
[ 11]   2.00-3.00   sec  2.25 MBytes  18.9 Mbits/sec    4   27.2 KBytes       
[ 13]   2.00-3.00   sec  4.00 MBytes  33.6 Mbits/sec    8   17.7 KBytes       
[ 15]   2.00-3.00   sec  2.12 MBytes  17.8 Mbits/sec    8   17.7 KBytes       
[SUM]   2.00-3.00   sec  14.4 MBytes   121 Mbits/sec   28             
- - - - - - - - - - - - - - - - - - - - - - - - -
[  6]   3.00-4.00   sec  3.50 MBytes  29.4 Mbits/sec    5   34.0 KBytes       
[  9]   3.00-4.00   sec  3.38 MBytes  28.3 Mbits/sec    6   31.3 KBytes       
[ 11]   3.00-4.00   sec  2.38 MBytes  19.9 Mbits/sec    2   53.1 KBytes       
[ 13]   3.00-4.00   sec  2.38 MBytes  19.9 Mbits/sec    8   36.8 KBytes       
[ 15]   3.00-4.00   sec  2.12 MBytes  17.8 Mbits/sec    7   20.4 KBytes       
[SUM]   3.00-4.00   sec  13.8 MBytes   115 Mbits/sec   28             
- - - - - - - - - - - - - - - - - - - - - - - - -
[  6]   4.00-5.00   sec  3.25 MBytes  27.3 Mbits/sec    6   35.4 KBytes       
[  9]   4.00-5.00   sec  3.25 MBytes  27.3 Mbits/sec    8   16.3 KBytes       
[ 11]   4.00-5.00   sec  1.62 MBytes  13.6 Mbits/sec    7   24.5 KBytes       
[ 13]   4.00-5.00   sec  3.50 MBytes  29.4 Mbits/sec    9   16.3 KBytes       
[ 15]   4.00-5.00   sec  2.12 MBytes  17.8 Mbits/sec    9   15.0 KBytes       
[SUM]   4.00-5.00   sec  13.8 MBytes   115 Mbits/sec   39             
- - - - - - - - - - - - - - - - - - - - - - - - -
[  6]   5.00-6.00   sec  2.88 MBytes  24.1 Mbits/sec    7   23.1 KBytes       
[  9]   5.00-6.00   sec  2.62 MBytes  22.0 Mbits/sec    7   19.1 KBytes       
[ 11]   5.00-6.00   sec  1.88 MBytes  15.7 Mbits/sec    3   39.5 KBytes       
[ 13]   5.00-6.00   sec  5.00 MBytes  41.9 Mbits/sec    5   20.4 KBytes       
[ 15]   5.00-6.00   sec  2.12 MBytes  17.8 Mbits/sec    5   28.6 KBytes       
[SUM]   5.00-6.00   sec  14.5 MBytes   122 Mbits/sec   27             
- - - - - - - - - - - - - - - - - - - - - - - - -
[  6]   6.00-7.00   sec  1.88 MBytes  15.7 Mbits/sec    9   19.1 KBytes       
[  9]   6.00-7.00   sec  2.12 MBytes  17.8 Mbits/sec    6   25.9 KBytes       
[ 11]   6.00-7.00   sec  2.75 MBytes  23.1 Mbits/sec    5   17.7 KBytes       
[ 13]   6.00-7.00   sec  2.38 MBytes  19.9 Mbits/sec   10   19.1 KBytes       
[ 15]   6.00-7.00   sec  3.00 MBytes  25.2 Mbits/sec    8   17.7 KBytes       
[SUM]   6.00-7.00   sec  12.1 MBytes   102 Mbits/sec   38             
- - - - - - - - - - - - - - - - - - - - - - - - -
[  6]   7.00-8.00   sec  2.75 MBytes  23.1 Mbits/sec    5   20.4 KBytes       
[  9]   7.00-8.00   sec  3.38 MBytes  28.3 Mbits/sec    4   34.0 KBytes       
[ 11]   7.00-8.00   sec  2.25 MBytes  18.9 Mbits/sec    4   24.5 KBytes       
[ 13]   7.00-8.00   sec  3.38 MBytes  28.3 Mbits/sec    6   24.5 KBytes       
[ 15]   7.00-8.00   sec  3.00 MBytes  25.2 Mbits/sec    4   53.1 KBytes       
[SUM]   7.00-8.00   sec  14.8 MBytes   124 Mbits/sec   23             
- - - - - - - - - - - - - - - - - - - - - - - - -
[  6]   8.00-9.00   sec  3.00 MBytes  25.2 Mbits/sec    4   35.4 KBytes       
[  9]   8.00-9.00   sec  2.88 MBytes  24.1 Mbits/sec    7   21.8 KBytes       
[ 11]   8.00-9.00   sec  1.62 MBytes  13.6 Mbits/sec    4   31.3 KBytes       
[ 13]   8.00-9.00   sec  3.50 MBytes  29.4 Mbits/sec    7   44.9 KBytes       
[ 15]   8.00-9.00   sec  3.00 MBytes  25.2 Mbits/sec    7   50.4 KBytes       
[SUM]   8.00-9.00   sec  14.0 MBytes   117 Mbits/sec   29             
- - - - - - - - - - - - - - - - - - - - - - - - -
[  6]   9.00-10.00  sec  3.25 MBytes  27.3 Mbits/sec    6   27.2 KBytes       
[  9]   9.00-10.00  sec  2.62 MBytes  22.0 Mbits/sec    9   15.0 KBytes       
[ 11]   9.00-10.00  sec  2.25 MBytes  18.9 Mbits/sec    4   44.9 KBytes       
[ 13]   9.00-10.00  sec  3.25 MBytes  27.3 Mbits/sec    9   31.3 KBytes       
[ 15]   9.00-10.00  sec  3.00 MBytes  25.2 Mbits/sec    8   25.9 KBytes       
[SUM]   9.00-10.00  sec  14.4 MBytes   121 Mbits/sec   36             
- - - - - - - - - - - - - - - - - - - - - - - - -
[  6]  10.00-11.00  sec  2.12 MBytes  17.8 Mbits/sec   12   43.6 KBytes       
[  9]  10.00-11.00  sec  1.75 MBytes  14.7 Mbits/sec   19   28.6 KBytes       
[ 11]  10.00-11.00  sec  1.88 MBytes  15.7 Mbits/sec   19   34.0 KBytes       
[ 13]  10.00-11.00  sec  3.75 MBytes  31.5 Mbits/sec   20   35.4 KBytes       
[ 15]  10.00-11.00  sec  1.75 MBytes  14.7 Mbits/sec   14   15.0 KBytes       
[SUM]  10.00-11.00  sec  11.2 MBytes  94.4 Mbits/sec   84             
- - - - - - - - - - - - - - - - - - - - - - - - -
[  6]  11.00-12.00  sec  3.88 MBytes  32.5 Mbits/sec    6   21.8 KBytes       
[  9]  11.00-12.00  sec  4.12 MBytes  34.6 Mbits/sec    6   24.5 KBytes       
[ 11]  11.00-12.00  sec  1.62 MBytes  13.6 Mbits/sec    5   19.1 KBytes       
[ 13]  11.00-12.00  sec  3.38 MBytes  28.3 Mbits/sec    9   10.9 KBytes       
[ 15]  11.00-12.00  sec  2.62 MBytes  22.0 Mbits/sec    5   38.1 KBytes       
[SUM]  11.00-12.00  sec  15.6 MBytes   131 Mbits/sec   31             
- - - - - - - - - - - - - - - - - - - - - - - - -
[  6]  12.00-13.00  sec  3.38 MBytes  28.3 Mbits/sec    4   31.3 KBytes       
[  9]  12.00-13.00  sec  3.00 MBytes  25.2 Mbits/sec    6   49.0 KBytes       
[ 11]  12.00-13.00  sec  1.25 MBytes  10.5 Mbits/sec    5   28.6 KBytes       
[ 13]  12.00-13.00  sec  2.25 MBytes  18.9 Mbits/sec    9   24.5 KBytes       
[ 15]  12.00-13.00  sec  2.88 MBytes  24.1 Mbits/sec    5   46.3 KBytes       
[SUM]  12.00-13.00  sec  12.8 MBytes   107 Mbits/sec   29             
- - - - - - - - - - - - - - - - - - - - - - - - -
[  6]  13.00-14.00  sec  2.00 MBytes  16.8 Mbits/sec    6   38.1 KBytes       
[  9]  13.00-14.00  sec  2.88 MBytes  24.1 Mbits/sec    7   28.6 KBytes       
[ 11]  13.00-14.00  sec  2.25 MBytes  18.9 Mbits/sec    5   16.3 KBytes       
[ 13]  13.00-14.00  sec  3.88 MBytes  32.5 Mbits/sec    9   16.3 KBytes       
[ 15]  13.00-14.00  sec  3.88 MBytes  32.5 Mbits/sec    6   32.7 KBytes       
[SUM]  13.00-14.00  sec  14.9 MBytes   125 Mbits/sec   33             
- - - - - - - - - - - - - - - - - - - - - - - - -
[  6]  14.00-15.00  sec  3.62 MBytes  30.4 Mbits/sec    6   32.7 KBytes       
[  9]  14.00-15.00  sec  3.00 MBytes  25.2 Mbits/sec    7   28.6 KBytes       
[ 11]  14.00-15.00  sec  2.38 MBytes  19.9 Mbits/sec    2   32.7 KBytes       
[ 13]  14.00-15.00  sec  2.62 MBytes  22.0 Mbits/sec   11   13.6 KBytes       
[ 15]  14.00-15.00  sec  2.62 MBytes  22.0 Mbits/sec    7   16.3 KBytes       
[SUM]  14.00-15.00  sec  14.2 MBytes   120 Mbits/sec   33             
- - - - - - - - - - - - - - - - - - - - - - - - -
[  6]  15.00-16.00  sec  3.62 MBytes  30.4 Mbits/sec    5   29.9 KBytes       
[  9]  15.00-16.00  sec  2.88 MBytes  24.1 Mbits/sec    6   21.8 KBytes       
[ 11]  15.00-16.00  sec  2.25 MBytes  18.9 Mbits/sec    4   43.6 KBytes       
[ 13]  15.00-16.00  sec  2.38 MBytes  19.9 Mbits/sec    9   25.9 KBytes       
[ 15]  15.00-16.00  sec  3.38 MBytes  28.3 Mbits/sec    3   36.8 KBytes       
[SUM]  15.00-16.00  sec  14.5 MBytes   122 Mbits/sec   27             
- - - - - - - - - - - - - - - - - - - - - - - - -
[  6]  16.00-17.00  sec  2.12 MBytes  17.8 Mbits/sec    7   27.2 KBytes       
[  9]  16.00-17.00  sec  2.25 MBytes  18.9 Mbits/sec    8   21.8 KBytes       
[ 11]  16.00-17.00  sec  1.88 MBytes  15.7 Mbits/sec    4   35.4 KBytes       
[ 13]  16.00-17.00  sec  3.50 MBytes  29.4 Mbits/sec    6   32.7 KBytes       
[ 15]  16.00-17.00  sec  3.50 MBytes  29.4 Mbits/sec    5   29.9 KBytes       
[SUM]  16.00-17.00  sec  13.2 MBytes   111 Mbits/sec   30             
- - - - - - - - - - - - - - - - - - - - - - - - -
[  6]  17.00-18.00  sec  1.75 MBytes  14.7 Mbits/sec    9   13.6 KBytes       
[  9]  17.00-18.00  sec  2.50 MBytes  21.0 Mbits/sec    5   29.9 KBytes       
[ 11]  17.00-18.00  sec  2.12 MBytes  17.8 Mbits/sec    4   35.4 KBytes       
[ 13]  17.00-18.00  sec  4.12 MBytes  34.6 Mbits/sec    7   32.7 KBytes       
[ 15]  17.00-18.00  sec  3.38 MBytes  28.3 Mbits/sec    5   25.9 KBytes       
[SUM]  17.00-18.00  sec  13.9 MBytes   116 Mbits/sec   30             
- - - - - - - - - - - - - - - - - - - - - - - - -
[  6]  18.00-19.00  sec  2.38 MBytes  19.9 Mbits/sec    5   27.2 KBytes       
[  9]  18.00-19.00  sec  2.62 MBytes  22.0 Mbits/sec    7   20.4 KBytes       
[ 11]  18.00-19.00  sec  2.00 MBytes  16.8 Mbits/sec    6   21.8 KBytes       
[ 13]  18.00-19.00  sec  2.88 MBytes  24.1 Mbits/sec   10   21.8 KBytes       
[ 15]  18.00-19.00  sec  3.88 MBytes  32.5 Mbits/sec    4   28.6 KBytes       
[SUM]  18.00-19.00  sec  13.8 MBytes   115 Mbits/sec   32             
- - - - - - - - - - - - - - - - - - - - - - - - -
[  6]  19.00-20.00  sec  2.50 MBytes  21.0 Mbits/sec    5   42.2 KBytes       
[  9]  19.00-20.00  sec  3.75 MBytes  31.5 Mbits/sec    4   27.2 KBytes       
[ 11]  19.00-20.00  sec  1.50 MBytes  12.6 Mbits/sec    4   32.7 KBytes       
[ 13]  19.00-20.00  sec  4.88 MBytes  40.9 Mbits/sec    6   32.7 KBytes       
[ 15]  19.00-20.00  sec  2.50 MBytes  21.0 Mbits/sec    5   38.1 KBytes       
[SUM]  19.00-20.00  sec  15.1 MBytes   127 Mbits/sec   24             
- - - - - - - - - - - - - - - - - - - - - - - - -
[  6]  20.00-21.00  sec  3.00 MBytes  25.2 Mbits/sec    6   29.9 KBytes       
[  9]  20.00-21.00  sec  2.12 MBytes  17.8 Mbits/sec    6   39.5 KBytes       
[ 11]  20.00-21.00  sec  1.50 MBytes  12.6 Mbits/sec    9   27.2 KBytes       
[ 13]  20.00-21.00  sec  4.00 MBytes  33.6 Mbits/sec   12   34.0 KBytes       
[ 15]  20.00-21.00  sec  2.25 MBytes  18.9 Mbits/sec    7   39.5 KBytes       
[SUM]  20.00-21.00  sec  12.9 MBytes   108 Mbits/sec   40             
- - - - - - - - - - - - - - - - - - - - - - - - -
[  6]  21.00-22.00  sec  3.75 MBytes  31.5 Mbits/sec    4   44.9 KBytes       
[  9]  21.00-22.00  sec  2.62 MBytes  22.0 Mbits/sec    6   36.8 KBytes       
[ 11]  21.00-22.00  sec  2.25 MBytes  18.9 Mbits/sec    3   35.4 KBytes       
[ 13]  21.00-22.00  sec  5.62 MBytes  47.2 Mbits/sec    3   50.4 KBytes       
[ 15]  21.00-22.00  sec  2.88 MBytes  24.1 Mbits/sec    6   28.6 KBytes       
[SUM]  21.00-22.00  sec  17.1 MBytes   144 Mbits/sec   22             
- - - - - - - - - - - - - - - - - - - - - - - - -
[  6]  22.00-23.00  sec  2.50 MBytes  21.0 Mbits/sec    8   16.3 KBytes       
[  9]  22.00-23.00  sec  2.88 MBytes  24.1 Mbits/sec    6   27.2 KBytes       
[ 11]  22.00-23.00  sec  2.12 MBytes  17.8 Mbits/sec    4   34.0 KBytes       
[ 13]  22.00-23.00  sec  3.75 MBytes  31.5 Mbits/sec    7   39.5 KBytes       
[ 15]  22.00-23.00  sec  3.00 MBytes  25.2 Mbits/sec    6   20.4 KBytes       
[SUM]  22.00-23.00  sec  14.2 MBytes   120 Mbits/sec   31             
- - - - - - - - - - - - - - - - - - - - - - - - -
[  6]  23.00-24.00  sec  1.50 MBytes  12.6 Mbits/sec    8   15.0 KBytes       
[  9]  23.00-24.00  sec  2.62 MBytes  22.0 Mbits/sec    5   43.6 KBytes       
[ 11]  23.00-24.00  sec  2.25 MBytes  18.9 Mbits/sec    5   31.3 KBytes       
[ 13]  23.00-24.00  sec  4.12 MBytes  34.6 Mbits/sec    6   40.8 KBytes       
[ 15]  23.00-24.00  sec  2.62 MBytes  22.0 Mbits/sec    5   21.8 KBytes       
[SUM]  23.00-24.00  sec  13.1 MBytes   110 Mbits/sec   29             
- - - - - - - - - - - - - - - - - - - - - - - - -
[  6]  24.00-25.00  sec  2.12 MBytes  17.8 Mbits/sec    5   31.3 KBytes       
[  9]  24.00-25.00  sec  3.25 MBytes  27.3 Mbits/sec    8   20.4 KBytes       
[ 11]  24.00-25.00  sec  1.75 MBytes  14.7 Mbits/sec    5   19.1 KBytes       
[ 13]  24.00-25.00  sec  5.12 MBytes  43.0 Mbits/sec    6   42.2 KBytes       
[ 15]  24.00-25.00  sec  2.50 MBytes  21.0 Mbits/sec    6   27.2 KBytes       
[SUM]  24.00-25.00  sec  14.8 MBytes   124 Mbits/sec   30             
- - - - - - - - - - - - - - - - - - - - - - - - -
[  6]  25.00-26.00  sec  3.00 MBytes  25.2 Mbits/sec    7   23.1 KBytes       
[  9]  25.00-26.00  sec  2.25 MBytes  18.9 Mbits/sec    9   19.1 KBytes       
[ 11]  25.00-26.00  sec  1.88 MBytes  15.7 Mbits/sec    3   38.1 KBytes       
[ 13]  25.00-26.00  sec  4.25 MBytes  35.7 Mbits/sec    9   13.6 KBytes       
[ 15]  25.00-26.00  sec  3.00 MBytes  25.2 Mbits/sec    5   32.7 KBytes       
[SUM]  25.00-26.00  sec  14.4 MBytes   121 Mbits/sec   33             
- - - - - - - - - - - - - - - - - - - - - - - - -
[  6]  26.00-27.00  sec  2.25 MBytes  18.9 Mbits/sec    6   29.9 KBytes       
[  9]  26.00-27.00  sec  2.62 MBytes  22.0 Mbits/sec    4   39.5 KBytes       
[ 11]  26.00-27.00  sec  2.38 MBytes  19.9 Mbits/sec    5   35.4 KBytes       
[ 13]  26.00-27.00  sec  2.88 MBytes  24.1 Mbits/sec    6   27.2 KBytes       
[ 15]  26.00-27.00  sec  2.62 MBytes  22.0 Mbits/sec    6   27.2 KBytes       
[SUM]  26.00-27.00  sec  12.8 MBytes   107 Mbits/sec   27             
- - - - - - - - - - - - - - - - - - - - - - - - -
[  6]  27.00-28.00  sec  2.62 MBytes  22.0 Mbits/sec    6   23.1 KBytes       
[  9]  27.00-28.00  sec  2.50 MBytes  21.0 Mbits/sec    7   27.2 KBytes       
[ 11]  27.00-28.00  sec  2.25 MBytes  18.9 Mbits/sec    4   35.4 KBytes       
[ 13]  27.00-28.00  sec  3.12 MBytes  26.2 Mbits/sec    9   25.9 KBytes       
[ 15]  27.00-28.00  sec  3.00 MBytes  25.2 Mbits/sec    4   35.4 KBytes       
[SUM]  27.00-28.00  sec  13.5 MBytes   113 Mbits/sec   30             
- - - - - - - - - - - - - - - - - - - - - - - - -
[  6]  28.00-29.00  sec  2.75 MBytes  23.1 Mbits/sec    5   34.0 KBytes       
[  9]  28.00-29.00  sec  2.62 MBytes  22.0 Mbits/sec    7   20.4 KBytes       
[ 11]  28.00-29.00  sec  1.88 MBytes  15.7 Mbits/sec    5   29.9 KBytes       
[ 13]  28.00-29.00  sec  4.75 MBytes  39.8 Mbits/sec    3   61.3 KBytes       
[ 15]  28.00-29.00  sec  3.75 MBytes  31.5 Mbits/sec    6   19.1 KBytes       
[SUM]  28.00-29.00  sec  15.8 MBytes   132 Mbits/sec   26             
- - - - - - - - - - - - - - - - - - - - - - - - -
[  6]  29.00-30.00  sec  3.00 MBytes  25.2 Mbits/sec    7   16.3 KBytes       
[  9]  29.00-30.00  sec  2.25 MBytes  18.9 Mbits/sec    7   28.6 KBytes       
[ 11]  29.00-30.00  sec  2.00 MBytes  16.8 Mbits/sec    5   25.9 KBytes       
[ 13]  29.00-30.00  sec  2.62 MBytes  22.0 Mbits/sec   14   13.6 KBytes       
[ 15]  29.00-30.00  sec  2.25 MBytes  18.9 Mbits/sec    7   25.9 KBytes       
[SUM]  29.00-30.00  sec  12.1 MBytes   102 Mbits/sec   40             
- - - - - - - - - - - - - - - - - - - - - - - - -
[  6]  30.00-30.01  sec   128 KBytes   149 Mbits/sec    0   16.3 KBytes       
[  9]  30.00-30.01  sec  0.00 Bytes  0.00 bits/sec    0   28.6 KBytes       
[ 11]  30.00-30.01  sec  0.00 Bytes  0.00 bits/sec    0   25.9 KBytes       
[ 13]  30.00-30.01  sec  0.00 Bytes  0.00 bits/sec    0   13.6 KBytes       
[ 15]  30.00-30.01  sec  0.00 Bytes  0.00 bits/sec    0   25.9 KBytes       
[SUM]  30.00-30.01  sec   128 KBytes   149 Mbits/sec    0             
- - - - - - - - - - - - - - - - - - - - - - - - -
[ ID] Interval           Transfer     Bitrate         Retr
[  6]   0.00-30.01  sec  82.6 MBytes  23.1 Mbits/sec  183            sender
[  9]   0.00-30.01  sec  88.6 MBytes  24.8 Mbits/sec  207            sender
[ 11]   0.00-30.01  sec  62.1 MBytes  17.4 Mbits/sec  150            sender
[ 13]   0.00-30.01  sec   110 MBytes  30.7 Mbits/sec  248            sender
[ 15]   0.00-30.01  sec  88.6 MBytes  24.8 Mbits/sec  189            sender
[SUM]   0.00-30.01  sec   432 MBytes   121 Mbits/sec  977             sender
-----------------------------------------------------------
Server listening on 5201 (test #3)
-----------------------------------------------------------
Accepted connection from 128.220.159.221, port 53826
[  6] local 192.168.135.129 port 5201 connected to 128.220.159.221 port 64317
[  9] local 192.168.135.129 port 5201 connected to 128.220.159.221 port 24294
[ 11] local 192.168.135.129 port 5201 connected to 128.220.159.221 port 32956
[ 13] local 192.168.135.129 port 5201 connected to 128.220.159.221 port 9550
[ 15] local 192.168.135.129 port 5201 connected to 128.220.159.221 port 19552
[ ID] Interval           Transfer     Bitrate         Retr  Cwnd
[  6]   0.00-1.00   sec  4.62 MBytes  38.8 Mbits/sec   13   25.9 KBytes       
[  9]   0.00-1.00   sec  4.12 MBytes  34.6 Mbits/sec   22   32.7 KBytes       
[ 11]   0.00-1.00   sec  3.12 MBytes  26.2 Mbits/sec   10   15.0 KBytes       
[ 13]   0.00-1.00   sec  3.25 MBytes  27.2 Mbits/sec    8   31.3 KBytes       
[ 15]   0.00-1.00   sec  2.12 MBytes  17.8 Mbits/sec    7   24.5 KBytes       
[SUM]   0.00-1.00   sec  17.2 MBytes   145 Mbits/sec   60             
- - - - - - - - - - - - - - - - - - - - - - - - -
[  6]   1.00-2.00   sec  3.88 MBytes  32.5 Mbits/sec    6   28.6 KBytes       
[  9]   1.00-2.00   sec  3.62 MBytes  30.4 Mbits/sec    7   32.7 KBytes       
[ 11]   1.00-2.00   sec  1.88 MBytes  15.7 Mbits/sec    5   16.3 KBytes       
[ 13]   1.00-2.00   sec  2.75 MBytes  23.1 Mbits/sec    5   28.6 KBytes       
[ 15]   1.00-2.00   sec  2.12 MBytes  17.8 Mbits/sec    9   17.7 KBytes       
[SUM]   1.00-2.00   sec  14.2 MBytes   120 Mbits/sec   32             
- - - - - - - - - - - - - - - - - - - - - - - - -
[  6]   2.00-3.00   sec  2.62 MBytes  22.0 Mbits/sec    7   36.8 KBytes       
[  9]   2.00-3.00   sec  3.50 MBytes  29.4 Mbits/sec    8   28.6 KBytes       
[ 11]   2.00-3.00   sec  2.62 MBytes  22.0 Mbits/sec    2   47.6 KBytes       
[ 13]   2.00-3.00   sec  2.00 MBytes  16.8 Mbits/sec    8   20.4 KBytes       
[ 15]   2.00-3.00   sec  2.75 MBytes  23.1 Mbits/sec    3   51.7 KBytes       
[SUM]   2.00-3.00   sec  13.5 MBytes   113 Mbits/sec   28             
- - - - - - - - - - - - - - - - - - - - - - - - -
[  6]   3.00-4.00   sec  3.75 MBytes  31.5 Mbits/sec    8   19.1 KBytes       
[  9]   3.00-4.00   sec  4.12 MBytes  34.6 Mbits/sec    6   25.9 KBytes       
[ 11]   3.00-4.00   sec  2.75 MBytes  23.1 Mbits/sec    6   36.8 KBytes       
[ 13]   3.00-4.00   sec  1.75 MBytes  14.7 Mbits/sec    9   12.3 KBytes       
[ 15]   3.00-4.00   sec  2.62 MBytes  22.0 Mbits/sec    7   32.7 KBytes       
[SUM]   3.00-4.00   sec  15.0 MBytes   126 Mbits/sec   36             
- - - - - - - - - - - - - - - - - - - - - - - - -
[  6]   4.00-5.00   sec  2.50 MBytes  21.0 Mbits/sec    8   19.1 KBytes       
[  9]   4.00-5.00   sec  3.25 MBytes  27.3 Mbits/sec    6   32.7 KBytes       
[ 11]   4.00-5.00   sec  2.25 MBytes  18.9 Mbits/sec    9   20.4 KBytes       
[ 13]   4.00-5.00   sec  2.38 MBytes  19.9 Mbits/sec    4   29.9 KBytes       
[ 15]   4.00-5.00   sec  2.12 MBytes  17.8 Mbits/sec    8   19.1 KBytes       
[SUM]   4.00-5.00   sec  12.5 MBytes   105 Mbits/sec   35             
- - - - - - - - - - - - - - - - - - - - - - - - -
[  6]   5.00-6.00   sec  3.88 MBytes  32.5 Mbits/sec   14   43.6 KBytes       
[  9]   5.00-6.00   sec  2.75 MBytes  23.1 Mbits/sec   10   40.8 KBytes       
[ 11]   5.00-6.00   sec  1.88 MBytes  15.7 Mbits/sec    7   12.3 KBytes       
[ 13]   5.00-6.00   sec  2.75 MBytes  23.1 Mbits/sec    7   21.8 KBytes       
[ 15]   5.00-6.00   sec  2.88 MBytes  24.1 Mbits/sec    5   27.2 KBytes       
[SUM]   5.00-6.00   sec  14.1 MBytes   118 Mbits/sec   43             
- - - - - - - - - - - - - - - - - - - - - - - - -
[  6]   6.00-7.00   sec  2.62 MBytes  22.0 Mbits/sec   11   29.9 KBytes       
[  9]   6.00-7.00   sec  3.38 MBytes  28.3 Mbits/sec   10   21.8 KBytes       
[ 11]   6.00-7.00   sec  1.88 MBytes  15.7 Mbits/sec    5   42.2 KBytes       
[ 13]   6.00-7.00   sec  2.12 MBytes  17.8 Mbits/sec    7   32.7 KBytes       
[ 15]   6.00-7.00   sec  2.88 MBytes  24.1 Mbits/sec    4   42.2 KBytes       
[SUM]   6.00-7.00   sec  12.9 MBytes   108 Mbits/sec   37             
- - - - - - - - - - - - - - - - - - - - - - - - -
[  6]   7.00-8.00   sec  3.75 MBytes  31.5 Mbits/sec    7   12.3 KBytes       
[  9]   7.00-8.00   sec  3.00 MBytes  25.2 Mbits/sec    6   23.1 KBytes       
[ 11]   7.00-8.00   sec  2.00 MBytes  16.8 Mbits/sec    6   32.7 KBytes       
[ 13]   7.00-8.00   sec  2.50 MBytes  21.0 Mbits/sec    5   29.9 KBytes       
[ 15]   7.00-8.00   sec  3.25 MBytes  27.3 Mbits/sec    4   46.3 KBytes       
[SUM]   7.00-8.00   sec  14.5 MBytes   122 Mbits/sec   28             
- - - - - - - - - - - - - - - - - - - - - - - - -
[  6]   8.00-9.00   sec  1.88 MBytes  15.7 Mbits/sec    9   17.7 KBytes       
[  9]   8.00-9.00   sec  2.50 MBytes  21.0 Mbits/sec    8   31.3 KBytes       
[ 11]   8.00-9.00   sec  2.62 MBytes  22.0 Mbits/sec    4   36.8 KBytes       
[ 13]   8.00-9.00   sec  3.75 MBytes  31.5 Mbits/sec    4   31.3 KBytes       
[ 15]   8.00-9.00   sec  2.88 MBytes  24.1 Mbits/sec    7   19.1 KBytes       
[SUM]   8.00-9.00   sec  13.6 MBytes   114 Mbits/sec   32             
- - - - - - - - - - - - - - - - - - - - - - - - -
[  6]   9.00-10.00  sec  2.88 MBytes  24.1 Mbits/sec    6   29.9 KBytes       
[  9]   9.00-10.00  sec  3.75 MBytes  31.5 Mbits/sec    8   23.1 KBytes       
[ 11]   9.00-10.00  sec  1.38 MBytes  11.5 Mbits/sec    9   15.0 KBytes       
[ 13]   9.00-10.00  sec  2.50 MBytes  21.0 Mbits/sec    5   32.7 KBytes       
[ 15]   9.00-10.00  sec  2.62 MBytes  22.0 Mbits/sec    5   25.9 KBytes       
[SUM]   9.00-10.00  sec  13.1 MBytes   110 Mbits/sec   33             
- - - - - - - - - - - - - - - - - - - - - - - - -
[  6]  10.00-11.00  sec  2.75 MBytes  23.1 Mbits/sec   15   36.8 KBytes       
[  9]  10.00-11.00  sec  2.75 MBytes  23.1 Mbits/sec   13   32.7 KBytes       
[ 11]  10.00-11.00  sec  2.38 MBytes  19.9 Mbits/sec    4   24.5 KBytes       
[ 13]  10.00-11.00  sec  3.12 MBytes  26.2 Mbits/sec    5   35.4 KBytes       
[ 15]  10.00-11.00  sec  3.00 MBytes  25.2 Mbits/sec    4   39.5 KBytes       
[SUM]  10.00-11.00  sec  14.0 MBytes   117 Mbits/sec   41             
- - - - - - - - - - - - - - - - - - - - - - - - -
[  6]  11.00-12.00  sec  3.38 MBytes  28.3 Mbits/sec    9   19.1 KBytes       
[  9]  11.00-12.00  sec  3.88 MBytes  32.5 Mbits/sec    7   19.1 KBytes       
[ 11]  11.00-12.00  sec  2.00 MBytes  16.8 Mbits/sec    5   28.6 KBytes       
[ 13]  11.00-12.00  sec  3.25 MBytes  27.3 Mbits/sec    5   29.9 KBytes       
[ 15]  11.00-12.00  sec  2.38 MBytes  19.9 Mbits/sec    8   27.2 KBytes       
[SUM]  11.00-12.00  sec  14.9 MBytes   125 Mbits/sec   34             
- - - - - - - - - - - - - - - - - - - - - - - - -
[  6]  12.00-13.00  sec  3.00 MBytes  25.2 Mbits/sec    5   39.5 KBytes       
[  9]  12.00-13.00  sec  2.75 MBytes  23.1 Mbits/sec    7   24.5 KBytes       
[ 11]  12.00-13.00  sec  3.25 MBytes  27.3 Mbits/sec    7   24.5 KBytes       
[ 13]  12.00-13.00  sec  2.25 MBytes  18.9 Mbits/sec    6   27.2 KBytes       
[ 15]  12.00-13.00  sec  2.50 MBytes  21.0 Mbits/sec    6   21.8 KBytes       
[SUM]  12.00-13.00  sec  13.8 MBytes   115 Mbits/sec   31             
- - - - - - - - - - - - - - - - - - - - - - - - -
[  6]  13.00-14.00  sec  3.25 MBytes  27.3 Mbits/sec   11   27.2 KBytes       
[  9]  13.00-14.00  sec  3.00 MBytes  25.2 Mbits/sec    9   20.4 KBytes       
[ 11]  13.00-14.00  sec  1.88 MBytes  15.7 Mbits/sec    7   23.1 KBytes       
[ 13]  13.00-14.00  sec  2.38 MBytes  19.9 Mbits/sec   13   27.2 KBytes       
[ 15]  13.00-14.00  sec  2.00 MBytes  16.8 Mbits/sec    8   19.1 KBytes       
[SUM]  13.00-14.00  sec  12.5 MBytes   105 Mbits/sec   48             
- - - - - - - - - - - - - - - - - - - - - - - - -
[  6]  14.00-15.00  sec  3.38 MBytes  28.3 Mbits/sec    9   12.3 KBytes       
[  9]  14.00-15.00  sec  3.00 MBytes  25.2 Mbits/sec    7   44.9 KBytes       
[ 11]  14.00-15.00  sec  1.75 MBytes  14.7 Mbits/sec    5   44.9 KBytes       
[ 13]  14.00-15.00  sec  2.50 MBytes  21.0 Mbits/sec    5   36.8 KBytes       
[ 15]  14.00-15.00  sec  2.75 MBytes  23.1 Mbits/sec    5   47.6 KBytes       
[SUM]  14.00-15.00  sec  13.4 MBytes   112 Mbits/sec   31             
- - - - - - - - - - - - - - - - - - - - - - - - -
[  6]  15.00-16.00  sec  2.62 MBytes  22.0 Mbits/sec    6   21.8 KBytes       
[  9]  15.00-16.00  sec  4.00 MBytes  33.6 Mbits/sec    8   25.9 KBytes       
[ 11]  15.00-16.00  sec  2.50 MBytes  21.0 Mbits/sec    5   29.9 KBytes       
[ 13]  15.00-16.00  sec  2.88 MBytes  24.1 Mbits/sec    6   25.9 KBytes       
[ 15]  15.00-16.00  sec  4.12 MBytes  34.6 Mbits/sec    7   17.7 KBytes       
[SUM]  15.00-16.00  sec  16.1 MBytes   135 Mbits/sec   32             
- - - - - - - - - - - - - - - - - - - - - - - - -
[  6]  16.00-17.00  sec  3.50 MBytes  29.4 Mbits/sec    4   43.6 KBytes       
[  9]  16.00-17.00  sec  3.50 MBytes  29.4 Mbits/sec    5   51.7 KBytes       
[ 11]  16.00-17.00  sec  2.75 MBytes  23.1 Mbits/sec    4   29.9 KBytes       
[ 13]  16.00-17.00  sec  3.00 MBytes  25.2 Mbits/sec    5   35.4 KBytes       
[ 15]  16.00-17.00  sec  3.62 MBytes  30.4 Mbits/sec    6   16.3 KBytes       
[SUM]  16.00-17.00  sec  16.4 MBytes   137 Mbits/sec   24             
- - - - - - - - - - - - - - - - - - - - - - - - -
[  6]  17.00-18.00  sec  3.25 MBytes  27.3 Mbits/sec    8   28.6 KBytes       
[  9]  17.00-18.00  sec  3.62 MBytes  30.4 Mbits/sec    9   27.2 KBytes       
[ 11]  17.00-18.00  sec  2.38 MBytes  19.9 Mbits/sec    5   29.9 KBytes       
[ 13]  17.00-18.00  sec  2.38 MBytes  19.9 Mbits/sec    6   32.7 KBytes       
[ 15]  17.00-18.00  sec  2.50 MBytes  21.0 Mbits/sec    5   25.9 KBytes       
[SUM]  17.00-18.00  sec  14.1 MBytes   118 Mbits/sec   33             
- - - - - - - - - - - - - - - - - - - - - - - - -
[  6]  18.00-19.00  sec  2.25 MBytes  18.9 Mbits/sec    8   32.7 KBytes       
[  9]  18.00-19.00  sec  3.25 MBytes  27.3 Mbits/sec    8   24.5 KBytes       
[ 11]  18.00-19.00  sec  2.62 MBytes  22.0 Mbits/sec    6   35.4 KBytes       
[ 13]  18.00-19.00  sec  3.12 MBytes  26.2 Mbits/sec    5   40.8 KBytes       
[ 15]  18.00-19.00  sec  2.00 MBytes  16.8 Mbits/sec    8   23.1 KBytes       
[SUM]  18.00-19.00  sec  13.2 MBytes   111 Mbits/sec   35             
- - - - - - - - - - - - - - - - - - - - - - - - -
[  6]  19.00-20.00  sec  3.75 MBytes  31.5 Mbits/sec    8   20.4 KBytes       
[  9]  19.00-20.00  sec  3.62 MBytes  30.4 Mbits/sec    5   39.5 KBytes       
[ 11]  19.00-20.00  sec  2.50 MBytes  21.0 Mbits/sec    8   19.1 KBytes       
[ 13]  19.00-20.00  sec  2.38 MBytes  19.9 Mbits/sec    9   16.3 KBytes       
[ 15]  19.00-20.00  sec  1.88 MBytes  15.7 Mbits/sec   10   15.0 KBytes       
[SUM]  19.00-20.00  sec  14.1 MBytes   118 Mbits/sec   40             
- - - - - - - - - - - - - - - - - - - - - - - - -
[  6]  20.00-21.00  sec  2.38 MBytes  19.9 Mbits/sec   10   21.8 KBytes       
[  9]  20.00-21.00  sec  3.12 MBytes  26.2 Mbits/sec   13   29.9 KBytes       
[ 11]  20.00-21.00  sec  1.75 MBytes  14.7 Mbits/sec    6   27.2 KBytes       
[ 13]  20.00-21.00  sec  1.88 MBytes  15.7 Mbits/sec    6   24.5 KBytes       
[ 15]  20.00-21.00  sec  1.88 MBytes  15.7 Mbits/sec    6   19.1 KBytes       
[SUM]  20.00-21.00  sec  11.0 MBytes  92.3 Mbits/sec   41             
- - - - - - - - - - - - - - - - - - - - - - - - -
[  6]  21.00-22.00  sec  4.00 MBytes  33.6 Mbits/sec    8   20.4 KBytes       
[  9]  21.00-22.00  sec  2.88 MBytes  24.1 Mbits/sec    8   23.1 KBytes       
[ 11]  21.00-22.00  sec  2.00 MBytes  16.8 Mbits/sec    6   23.1 KBytes       
[ 13]  21.00-22.00  sec  2.38 MBytes  19.9 Mbits/sec    7   25.9 KBytes       
[ 15]  21.00-22.00  sec  2.62 MBytes  22.0 Mbits/sec    9   10.9 KBytes       
[SUM]  21.00-22.00  sec  13.9 MBytes   116 Mbits/sec   38             
- - - - - - - - - - - - - - - - - - - - - - - - -
[  6]  22.00-23.00  sec  3.38 MBytes  28.3 Mbits/sec    7   21.8 KBytes       
[  9]  22.00-23.00  sec  3.00 MBytes  25.2 Mbits/sec    9   28.6 KBytes       
[ 11]  22.00-23.00  sec  2.50 MBytes  21.0 Mbits/sec    3   39.5 KBytes       
[ 13]  22.00-23.00  sec  3.25 MBytes  27.3 Mbits/sec    5   21.8 KBytes       
[ 15]  22.00-23.00  sec  2.88 MBytes  24.1 Mbits/sec    2   62.6 KBytes       
[SUM]  22.00-23.00  sec  15.0 MBytes   126 Mbits/sec   26             
- - - - - - - - - - - - - - - - - - - - - - - - -
[  6]  23.00-24.00  sec  3.50 MBytes  29.4 Mbits/sec    5   27.2 KBytes       
[  9]  23.00-24.00  sec  3.50 MBytes  29.4 Mbits/sec    5   53.1 KBytes       
[ 11]  23.00-24.00  sec  2.62 MBytes  22.0 Mbits/sec    6   21.8 KBytes       
[ 13]  23.00-24.00  sec  2.25 MBytes  18.9 Mbits/sec    6   19.1 KBytes       
[ 15]  23.00-24.00  sec  4.50 MBytes  37.7 Mbits/sec    4   46.3 KBytes       
[SUM]  23.00-24.00  sec  16.4 MBytes   137 Mbits/sec   26             
- - - - - - - - - - - - - - - - - - - - - - - - -
[  6]  24.00-25.00  sec  3.62 MBytes  30.4 Mbits/sec    6   36.8 KBytes       
[  9]  24.00-25.00  sec  3.88 MBytes  32.5 Mbits/sec    7   38.1 KBytes       
[ 11]  24.00-25.00  sec  2.25 MBytes  18.9 Mbits/sec    3   42.2 KBytes       
[ 13]  24.00-25.00  sec  2.12 MBytes  17.8 Mbits/sec    5   35.4 KBytes       
[ 15]  24.00-25.00  sec  2.75 MBytes  23.1 Mbits/sec    6   36.8 KBytes       
[SUM]  24.00-25.00  sec  14.6 MBytes   123 Mbits/sec   27             
- - - - - - - - - - - - - - - - - - - - - - - - -
[  6]  25.00-26.00  sec  2.88 MBytes  24.1 Mbits/sec    9   27.2 KBytes       
[  9]  25.00-26.00  sec  3.88 MBytes  32.5 Mbits/sec    7   36.8 KBytes       
[ 11]  25.00-26.00  sec  2.75 MBytes  23.1 Mbits/sec    5   44.9 KBytes       
[ 13]  25.00-26.00  sec  3.62 MBytes  30.4 Mbits/sec    4   34.0 KBytes       
[ 15]  25.00-26.00  sec  2.50 MBytes  21.0 Mbits/sec    6   28.6 KBytes       
[SUM]  25.00-26.00  sec  15.6 MBytes   131 Mbits/sec   31             
- - - - - - - - - - - - - - - - - - - - - - - - -
[  6]  26.00-27.00  sec  3.00 MBytes  25.2 Mbits/sec    7   31.3 KBytes       
[  9]  26.00-27.00  sec  3.62 MBytes  30.4 Mbits/sec    7   24.5 KBytes       
[ 11]  26.00-27.00  sec  3.88 MBytes  32.5 Mbits/sec    7   20.4 KBytes       
[ 13]  26.00-27.00  sec  3.38 MBytes  28.3 Mbits/sec    4   40.8 KBytes       
[ 15]  26.00-27.00  sec  3.12 MBytes  26.2 Mbits/sec    3   55.8 KBytes       
[SUM]  26.00-27.00  sec  17.0 MBytes   143 Mbits/sec   28             
- - - - - - - - - - - - - - - - - - - - - - - - -
[  6]  27.00-28.00  sec  2.88 MBytes  24.1 Mbits/sec   14   15.0 KBytes       
[  9]  27.00-28.00  sec  2.88 MBytes  24.1 Mbits/sec    8   44.9 KBytes       
[ 11]  27.00-28.00  sec  1.75 MBytes  14.7 Mbits/sec    4   40.8 KBytes       
[ 13]  27.00-28.00  sec  2.50 MBytes  21.0 Mbits/sec    8   20.4 KBytes       
[ 15]  27.00-28.00  sec  2.75 MBytes  23.1 Mbits/sec    8   24.5 KBytes       
[SUM]  27.00-28.00  sec  12.8 MBytes   107 Mbits/sec   42             
- - - - - - - - - - - - - - - - - - - - - - - - -
[  6]  28.00-29.00  sec  3.88 MBytes  32.5 Mbits/sec    5   49.0 KBytes       
[  9]  28.00-29.00  sec  4.25 MBytes  35.7 Mbits/sec    7   23.1 KBytes       
[ 11]  28.00-29.00  sec  4.00 MBytes  33.6 Mbits/sec    5   24.5 KBytes       
[ 13]  28.00-29.00  sec  2.75 MBytes  23.1 Mbits/sec    7   19.1 KBytes       
[ 15]  28.00-29.00  sec  2.00 MBytes  16.8 Mbits/sec    8   17.7 KBytes       
[SUM]  28.00-29.00  sec  16.9 MBytes   142 Mbits/sec   32             
- - - - - - - - - - - - - - - - - - - - - - - - -
[  6]  29.00-30.00  sec  3.38 MBytes  28.3 Mbits/sec   10   28.6 KBytes       
[  9]  29.00-30.00  sec  2.38 MBytes  19.9 Mbits/sec   11   13.6 KBytes       
[ 11]  29.00-30.00  sec  1.75 MBytes  14.7 Mbits/sec    6   29.9 KBytes       
[ 13]  29.00-30.00  sec  2.50 MBytes  21.0 Mbits/sec    4   40.8 KBytes       
[ 15]  29.00-30.00  sec  2.12 MBytes  17.8 Mbits/sec    6   23.1 KBytes       
[SUM]  29.00-30.00  sec  12.1 MBytes   102 Mbits/sec   37             
- - - - - - - - - - - - - - - - - - - - - - - - -
[ ID] Interval           Transfer     Bitrate         Retr
[  6]   0.00-30.01  sec  96.4 MBytes  26.9 Mbits/sec  253            sender
[  9]   0.00-30.01  sec   101 MBytes  28.2 Mbits/sec  251            sender
[ 11]   0.00-30.01  sec  71.6 MBytes  20.0 Mbits/sec  170            sender
[ 13]   0.00-30.01  sec  79.6 MBytes  22.3 Mbits/sec  183            sender
[ 15]   0.00-30.01  sec  80.1 MBytes  22.4 Mbits/sec  184            sender
[SUM]   0.00-30.01  sec   428 MBytes   120 Mbits/sec  1041             sender
-----------------------------------------------------------
Server listening on 5201 (test #4)
-----------------------------------------------------------
Accepted connection from 128.220.159.221, port 50519
[  6] local 192.168.135.129 port 5201 connected to 128.220.159.221 port 22118
[  9] local 192.168.135.129 port 5201 connected to 128.220.159.221 port 32867
[ 11] local 192.168.135.129 port 5201 connected to 128.220.159.221 port 38599
[ 13] local 192.168.135.129 port 5201 connected to 128.220.159.221 port 59588
[ 15] local 192.168.135.129 port 5201 connected to 128.220.159.221 port 28186
[ ID] Interval           Transfer     Bitrate         Retr  Cwnd
[  6]   0.00-1.00   sec  2.25 MBytes  18.9 Mbits/sec    5   38.1 KBytes       
[  9]   0.00-1.00   sec  2.75 MBytes  23.0 Mbits/sec    6   36.8 KBytes       
[ 11]   0.00-1.00   sec  5.88 MBytes  49.2 Mbits/sec    7   57.2 KBytes       
[ 13]   0.00-1.00   sec  6.62 MBytes  55.5 Mbits/sec   13   42.2 KBytes       
[ 15]   0.00-1.00   sec  4.75 MBytes  39.8 Mbits/sec   12   36.8 KBytes       
[SUM]   0.00-1.00   sec  22.2 MBytes   186 Mbits/sec   43             
- - - - - - - - - - - - - - - - - - - - - - - - -
[  6]   1.00-2.00   sec  3.50 MBytes  29.4 Mbits/sec    5   29.9 KBytes       
[  9]   1.00-2.00   sec  2.62 MBytes  22.0 Mbits/sec    8   24.5 KBytes       
[ 11]   1.00-2.00   sec  4.25 MBytes  35.7 Mbits/sec    7   23.1 KBytes       
[ 13]   1.00-2.00   sec  4.38 MBytes  36.7 Mbits/sec    4   62.6 KBytes       
[ 15]   1.00-2.00   sec  2.88 MBytes  24.1 Mbits/sec    5   38.1 KBytes       
[SUM]   1.00-2.00   sec  17.6 MBytes   148 Mbits/sec   29             
- - - - - - - - - - - - - - - - - - - - - - - - -
[  6]   2.00-3.00   sec  2.38 MBytes  19.9 Mbits/sec    7   17.7 KBytes       
[  9]   2.00-3.00   sec  3.25 MBytes  27.2 Mbits/sec    5   21.8 KBytes       
[ 11]   2.00-3.00   sec  2.62 MBytes  22.0 Mbits/sec    9   27.2 KBytes       
[ 13]   2.00-3.00   sec  3.62 MBytes  30.4 Mbits/sec    8   38.1 KBytes       
[ 15]   2.00-3.00   sec  3.75 MBytes  31.4 Mbits/sec    4   40.8 KBytes       
[SUM]   2.00-3.00   sec  15.6 MBytes   131 Mbits/sec   33             
- - - - - - - - - - - - - - - - - - - - - - - - -
[  6]   3.00-4.00   sec  3.38 MBytes  28.3 Mbits/sec    3   54.5 KBytes       
[  9]   3.00-4.00   sec  2.88 MBytes  24.1 Mbits/sec    5   31.3 KBytes       
[ 11]   3.00-4.00   sec  3.62 MBytes  30.4 Mbits/sec    5   28.6 KBytes       
[ 13]   3.00-4.00   sec  3.12 MBytes  26.2 Mbits/sec    8   32.7 KBytes       
[ 15]   3.00-4.00   sec  3.38 MBytes  28.3 Mbits/sec    4   44.9 KBytes       
[SUM]   3.00-4.00   sec  16.4 MBytes   137 Mbits/sec   25             
- - - - - - - - - - - - - - - - - - - - - - - - -
[  6]   4.00-5.00   sec  3.00 MBytes  25.2 Mbits/sec    8   23.1 KBytes       
[  9]   4.00-5.00   sec  2.25 MBytes  18.9 Mbits/sec    8   23.1 KBytes       
[ 11]   4.00-5.00   sec  3.00 MBytes  25.2 Mbits/sec    6   42.2 KBytes       
[ 13]   4.00-5.00   sec  2.75 MBytes  23.1 Mbits/sec    8   29.9 KBytes       
[ 15]   4.00-5.00   sec  3.12 MBytes  26.2 Mbits/sec    7   17.7 KBytes       
[SUM]   4.00-5.00   sec  14.1 MBytes   118 Mbits/sec   37             
- - - - - - - - - - - - - - - - - - - - - - - - -
[  6]   5.00-6.00   sec  3.00 MBytes  25.2 Mbits/sec    3   44.9 KBytes       
[  9]   5.00-6.00   sec  2.88 MBytes  24.1 Mbits/sec    3   42.2 KBytes       
[ 11]   5.00-6.00   sec  3.25 MBytes  27.3 Mbits/sec    5   44.9 KBytes       
[ 13]   5.00-6.00   sec  2.50 MBytes  21.0 Mbits/sec    5   32.7 KBytes       
[ 15]   5.00-6.00   sec  3.25 MBytes  27.3 Mbits/sec    2   50.4 KBytes       
[SUM]   5.00-6.00   sec  14.9 MBytes   125 Mbits/sec   18             
- - - - - - - - - - - - - - - - - - - - - - - - -
[  6]   6.00-7.00   sec  2.88 MBytes  24.1 Mbits/sec    6   21.8 KBytes       
[  9]   6.00-7.00   sec  3.75 MBytes  31.5 Mbits/sec    6   17.7 KBytes       
[ 11]   6.00-7.00   sec  3.00 MBytes  25.2 Mbits/sec    7   32.7 KBytes       
[ 13]   6.00-7.00   sec  2.12 MBytes  17.8 Mbits/sec   11   16.3 KBytes       
[ 15]   6.00-7.00   sec  2.88 MBytes  24.1 Mbits/sec    7   24.5 KBytes       
[SUM]   6.00-7.00   sec  14.6 MBytes   123 Mbits/sec   37             
- - - - - - - - - - - - - - - - - - - - - - - - -
[  6]   7.00-8.00   sec  2.62 MBytes  22.0 Mbits/sec    5   27.2 KBytes       
[  9]   7.00-8.00   sec  2.25 MBytes  18.9 Mbits/sec    7   15.0 KBytes       
[ 11]   7.00-8.00   sec  3.25 MBytes  27.2 Mbits/sec    8   19.1 KBytes       
[ 13]   7.00-8.00   sec  2.38 MBytes  19.9 Mbits/sec    7   25.9 KBytes       
[ 15]   7.00-8.00   sec  2.75 MBytes  23.1 Mbits/sec    6   20.4 KBytes       
[SUM]   7.00-8.00   sec  13.2 MBytes   111 Mbits/sec   33             
- - - - - - - - - - - - - - - - - - - - - - - - -
[  6]   8.00-9.00   sec  2.12 MBytes  17.8 Mbits/sec   10   13.6 KBytes       
[  9]   8.00-9.00   sec  2.00 MBytes  16.8 Mbits/sec    6   27.2 KBytes       
[ 11]   8.00-9.00   sec  3.50 MBytes  29.4 Mbits/sec    7   35.4 KBytes       
[ 13]   8.00-9.00   sec  2.50 MBytes  21.0 Mbits/sec   12   24.5 KBytes       
[ 15]   8.00-9.00   sec  2.25 MBytes  18.9 Mbits/sec    8   23.1 KBytes       
[SUM]   8.00-9.00   sec  12.4 MBytes   104 Mbits/sec   43             
- - - - - - - - - - - - - - - - - - - - - - - - -
[  6]   9.00-10.00  sec  2.50 MBytes  21.0 Mbits/sec    6   16.3 KBytes       
[  9]   9.00-10.00  sec  2.62 MBytes  22.0 Mbits/sec    5   39.5 KBytes       
[ 11]   9.00-10.00  sec  2.75 MBytes  23.1 Mbits/sec    8   24.5 KBytes       
[ 13]   9.00-10.00  sec  3.38 MBytes  28.3 Mbits/sec    5   38.1 KBytes       
[ 15]   9.00-10.00  sec  2.62 MBytes  22.0 Mbits/sec    6   21.8 KBytes       
[SUM]   9.00-10.00  sec  13.9 MBytes   116 Mbits/sec   30             
- - - - - - - - - - - - - - - - - - - - - - - - -
[  6]  10.00-11.00  sec  2.88 MBytes  24.1 Mbits/sec    5   20.4 KBytes       
[  9]  10.00-11.00  sec  4.50 MBytes  37.7 Mbits/sec    3   51.7 KBytes       
[ 11]  10.00-11.00  sec  3.88 MBytes  32.5 Mbits/sec    3   44.9 KBytes       
[ 13]  10.00-11.00  sec  3.75 MBytes  31.5 Mbits/sec    6   27.2 KBytes       
[ 15]  10.00-11.00  sec  3.12 MBytes  26.2 Mbits/sec    3   34.0 KBytes       
[SUM]  10.00-11.00  sec  18.1 MBytes   152 Mbits/sec   20             
- - - - - - - - - - - - - - - - - - - - - - - - -
[  6]  11.00-12.00  sec  2.88 MBytes  24.1 Mbits/sec    6   16.3 KBytes       
[  9]  11.00-12.00  sec  4.12 MBytes  34.6 Mbits/sec    7   13.6 KBytes       
[ 11]  11.00-12.00  sec  3.00 MBytes  25.2 Mbits/sec   10   10.9 KBytes       
[ 13]  11.00-12.00  sec  3.25 MBytes  27.2 Mbits/sec    6   21.8 KBytes       
[ 15]  11.00-12.00  sec  2.75 MBytes  23.1 Mbits/sec    8   13.6 KBytes       
[SUM]  11.00-12.00  sec  16.0 MBytes   134 Mbits/sec   37             
- - - - - - - - - - - - - - - - - - - - - - - - -
[  6]  12.00-13.00  sec  2.00 MBytes  16.8 Mbits/sec    7   16.3 KBytes       
[  9]  12.00-13.00  sec  2.25 MBytes  18.9 Mbits/sec    5   28.6 KBytes       
[ 11]  12.00-13.00  sec  2.88 MBytes  24.1 Mbits/sec    7   31.3 KBytes       
[ 13]  12.00-13.00  sec  3.38 MBytes  28.3 Mbits/sec    6   43.6 KBytes       
[ 15]  12.00-13.00  sec  1.75 MBytes  14.7 Mbits/sec    5   28.6 KBytes       
[SUM]  12.00-13.00  sec  12.2 MBytes   103 Mbits/sec   30             
- - - - - - - - - - - - - - - - - - - - - - - - -
[  6]  13.00-14.00  sec  2.62 MBytes  22.0 Mbits/sec    6   19.1 KBytes       
[  9]  13.00-14.00  sec  3.00 MBytes  25.2 Mbits/sec    7   31.3 KBytes       
[ 11]  13.00-14.00  sec  2.38 MBytes  19.9 Mbits/sec    9   32.7 KBytes       
[ 13]  13.00-14.00  sec  2.75 MBytes  23.1 Mbits/sec    8   34.0 KBytes       
[ 15]  13.00-14.00  sec  2.88 MBytes  24.1 Mbits/sec    6   19.1 KBytes       
[SUM]  13.00-14.00  sec  13.6 MBytes   114 Mbits/sec   36             
- - - - - - - - - - - - - - - - - - - - - - - - -
[  6]  14.00-15.00  sec  2.75 MBytes  23.1 Mbits/sec    5   25.9 KBytes       
[  9]  14.00-15.00  sec  3.25 MBytes  27.3 Mbits/sec    5   28.6 KBytes       
[ 11]  14.00-15.00  sec  2.62 MBytes  22.0 Mbits/sec    9   31.3 KBytes       
[ 13]  14.00-15.00  sec  3.38 MBytes  28.3 Mbits/sec    6   39.5 KBytes       
[ 15]  14.00-15.00  sec  2.00 MBytes  16.8 Mbits/sec    7   23.1 KBytes       
[SUM]  14.00-15.00  sec  14.0 MBytes   117 Mbits/sec   32             
- - - - - - - - - - - - - - - - - - - - - - - - -
[  6]  15.00-16.00  sec  2.38 MBytes  19.9 Mbits/sec    7   19.1 KBytes       
[  9]  15.00-16.00  sec  3.75 MBytes  31.5 Mbits/sec    3   50.4 KBytes       
[ 11]  15.00-16.00  sec  3.88 MBytes  32.5 Mbits/sec    5   38.1 KBytes       
[ 13]  15.00-16.00  sec  3.88 MBytes  32.5 Mbits/sec    6   36.8 KBytes       
[ 15]  15.00-16.00  sec  3.50 MBytes  29.4 Mbits/sec    3   46.3 KBytes       
[SUM]  15.00-16.00  sec  17.4 MBytes   146 Mbits/sec   24             
- - - - - - - - - - - - - - - - - - - - - - - - -
[  6]  16.00-17.00  sec  2.88 MBytes  24.1 Mbits/sec    6   31.3 KBytes       
[  9]  16.00-17.00  sec  3.00 MBytes  25.2 Mbits/sec    8   19.1 KBytes       
[ 11]  16.00-17.00  sec  3.38 MBytes  28.3 Mbits/sec    9   19.1 KBytes       
[ 13]  16.00-17.00  sec  5.00 MBytes  41.9 Mbits/sec    5   35.4 KBytes       
[ 15]  16.00-17.00  sec  2.12 MBytes  17.8 Mbits/sec    9   17.7 KBytes       
[SUM]  16.00-17.00  sec  16.4 MBytes   137 Mbits/sec   37             
- - - - - - - - - - - - - - - - - - - - - - - - -
[  6]  17.00-18.00  sec  2.38 MBytes  19.9 Mbits/sec    9   24.5 KBytes       
[  9]  17.00-18.00  sec  2.25 MBytes  18.9 Mbits/sec    7   27.2 KBytes       
[ 11]  17.00-18.00  sec  3.25 MBytes  27.3 Mbits/sec   14   34.0 KBytes       
[ 13]  17.00-18.00  sec  2.50 MBytes  21.0 Mbits/sec   18   15.0 KBytes       
[ 15]  17.00-18.00  sec  3.25 MBytes  27.3 Mbits/sec    6   34.0 KBytes       
[SUM]  17.00-18.00  sec  13.6 MBytes   114 Mbits/sec   54             
- - - - - - - - - - - - - - - - - - - - - - - - -
[  6]  18.00-19.00  sec  1.88 MBytes  15.7 Mbits/sec    9   19.1 KBytes       
[  9]  18.00-19.00  sec  2.00 MBytes  16.8 Mbits/sec    8   21.8 KBytes       
[ 11]  18.00-19.00  sec  2.50 MBytes  21.0 Mbits/sec   10   24.5 KBytes       
[ 13]  18.00-19.00  sec  3.62 MBytes  30.4 Mbits/sec    5   36.8 KBytes       
[ 15]  18.00-19.00  sec  2.88 MBytes  24.1 Mbits/sec    8   25.9 KBytes       
[SUM]  18.00-19.00  sec  12.9 MBytes   108 Mbits/sec   40             
- - - - - - - - - - - - - - - - - - - - - - - - -
[  6]  19.00-20.00  sec  2.00 MBytes  16.8 Mbits/sec    8   16.3 KBytes       
[  9]  19.00-20.00  sec  2.62 MBytes  22.0 Mbits/sec    7   16.3 KBytes       
[ 11]  19.00-20.00  sec  3.38 MBytes  28.3 Mbits/sec    8   17.7 KBytes       
[ 13]  19.00-20.00  sec  4.00 MBytes  33.5 Mbits/sec    8   15.0 KBytes       
[ 15]  19.00-20.00  sec  2.50 MBytes  21.0 Mbits/sec    8   17.7 KBytes       
[SUM]  19.00-20.00  sec  14.5 MBytes   122 Mbits/sec   39             
- - - - - - - - - - - - - - - - - - - - - - - - -
[  6]  20.00-21.00  sec  2.88 MBytes  24.1 Mbits/sec    5   20.4 KBytes       
[  9]  20.00-21.00  sec  2.62 MBytes  22.0 Mbits/sec    4   35.4 KBytes       
[ 11]  20.00-21.00  sec  2.50 MBytes  21.0 Mbits/sec    7   25.9 KBytes       
[ 13]  20.00-21.00  sec  4.12 MBytes  34.6 Mbits/sec    3   34.0 KBytes       
[ 15]  20.00-21.00  sec  2.88 MBytes  24.1 Mbits/sec    3   39.5 KBytes       
[SUM]  20.00-21.00  sec  15.0 MBytes   126 Mbits/sec   22             
- - - - - - - - - - - - - - - - - - - - - - - - -
[  6]  21.00-22.00  sec  2.25 MBytes  18.9 Mbits/sec    8   17.7 KBytes       
[  9]  21.00-22.00  sec  3.00 MBytes  25.2 Mbits/sec    7   25.9 KBytes       
[ 11]  21.00-22.00  sec  3.12 MBytes  26.2 Mbits/sec    7   29.9 KBytes       
[ 13]  21.00-22.00  sec  4.38 MBytes  36.7 Mbits/sec    4   53.1 KBytes       
[ 15]  21.00-22.00  sec  3.00 MBytes  25.2 Mbits/sec   10   39.5 KBytes       
[SUM]  21.00-22.00  sec  15.8 MBytes   132 Mbits/sec   36             
- - - - - - - - - - - - - - - - - - - - - - - - -
[  6]  22.00-23.00  sec  3.38 MBytes  28.3 Mbits/sec    6   12.3 KBytes       
[  9]  22.00-23.00  sec  3.25 MBytes  27.3 Mbits/sec    4   31.3 KBytes       
[ 11]  22.00-23.00  sec  2.62 MBytes  22.0 Mbits/sec    7   25.9 KBytes       
[ 13]  22.00-23.00  sec  4.00 MBytes  33.6 Mbits/sec   10   15.0 KBytes       
[ 15]  22.00-23.00  sec  2.88 MBytes  24.1 Mbits/sec    7   10.9 KBytes       
[SUM]  22.00-23.00  sec  16.1 MBytes   135 Mbits/sec   34             
- - - - - - - - - - - - - - - - - - - - - - - - -
[  6]  23.00-24.00  sec  2.50 MBytes  21.0 Mbits/sec    5   19.1 KBytes       
[  9]  23.00-24.00  sec  3.25 MBytes  27.3 Mbits/sec    6   24.5 KBytes       
[ 11]  23.00-24.00  sec  3.38 MBytes  28.3 Mbits/sec    7   17.7 KBytes       
[ 13]  23.00-24.00  sec  3.25 MBytes  27.3 Mbits/sec    6   16.3 KBytes       
[ 15]  23.00-24.00  sec  2.50 MBytes  21.0 Mbits/sec    5   16.3 KBytes       
[SUM]  23.00-24.00  sec  14.9 MBytes   125 Mbits/sec   29             
- - - - - - - - - - - - - - - - - - - - - - - - -
[  6]  24.00-25.00  sec  2.62 MBytes  22.0 Mbits/sec    6   20.4 KBytes       
[  9]  24.00-25.00  sec  2.50 MBytes  21.0 Mbits/sec    6   25.9 KBytes       
[ 11]  24.00-25.00  sec  2.00 MBytes  16.8 Mbits/sec   10   19.1 KBytes       
[ 13]  24.00-25.00  sec  2.38 MBytes  19.9 Mbits/sec    8   16.3 KBytes       
[ 15]  24.00-25.00  sec  2.38 MBytes  19.9 Mbits/sec    6   25.9 KBytes       
[SUM]  24.00-25.00  sec  11.9 MBytes  99.6 Mbits/sec   36             
- - - - - - - - - - - - - - - - - - - - - - - - -
[  6]  25.00-26.00  sec  2.75 MBytes  23.1 Mbits/sec    7   19.1 KBytes       
[  9]  25.00-26.00  sec  2.12 MBytes  17.8 Mbits/sec    8   16.3 KBytes       
[ 11]  25.00-26.00  sec  3.88 MBytes  32.5 Mbits/sec    4   57.2 KBytes       
[ 13]  25.00-26.00  sec  2.25 MBytes  18.9 Mbits/sec   11   12.3 KBytes       
[ 15]  25.00-26.00  sec  3.25 MBytes  27.3 Mbits/sec    3   51.7 KBytes       
[SUM]  25.00-26.00  sec  14.2 MBytes   120 Mbits/sec   33             
- - - - - - - - - - - - - - - - - - - - - - - - -
[  6]  26.00-27.00  sec  2.25 MBytes  18.9 Mbits/sec    6   31.3 KBytes       
[  9]  26.00-27.00  sec  2.50 MBytes  21.0 Mbits/sec    7   16.3 KBytes       
[ 11]  26.00-27.00  sec  4.88 MBytes  40.9 Mbits/sec    6   34.0 KBytes       
[ 13]  26.00-27.00  sec  2.75 MBytes  23.1 Mbits/sec    7   19.1 KBytes       
[ 15]  26.00-27.00  sec  3.25 MBytes  27.3 Mbits/sec    5   40.8 KBytes       
[SUM]  26.00-27.00  sec  15.6 MBytes   131 Mbits/sec   31             
- - - - - - - - - - - - - - - - - - - - - - - - -
[  6]  27.00-28.00  sec  3.50 MBytes  29.4 Mbits/sec    5   28.6 KBytes       
[  9]  27.00-28.00  sec  3.00 MBytes  25.2 Mbits/sec    3   39.5 KBytes       
[ 11]  27.00-28.00  sec  2.88 MBytes  24.1 Mbits/sec    7   28.6 KBytes       
[ 13]  27.00-28.00  sec  2.50 MBytes  21.0 Mbits/sec   10   12.3 KBytes       
[ 15]  27.00-28.00  sec  2.25 MBytes  18.9 Mbits/sec    7   28.6 KBytes       
[SUM]  27.00-28.00  sec  14.1 MBytes   118 Mbits/sec   32             
- - - - - - - - - - - - - - - - - - - - - - - - -
[  6]  28.00-29.00  sec  4.25 MBytes  35.7 Mbits/sec    3   34.0 KBytes       
[  9]  28.00-29.00  sec  2.88 MBytes  24.1 Mbits/sec    9   35.4 KBytes       
[ 11]  28.00-29.00  sec  3.62 MBytes  30.4 Mbits/sec    4   34.0 KBytes       
[ 13]  28.00-29.00  sec  2.38 MBytes  19.9 Mbits/sec    5   28.6 KBytes       
[ 15]  28.00-29.00  sec  2.12 MBytes  17.8 Mbits/sec    6   23.1 KBytes       
[SUM]  28.00-29.00  sec  15.2 MBytes   128 Mbits/sec   27             
- - - - - - - - - - - - - - - - - - - - - - - - -
[  6]  29.00-30.00  sec  2.75 MBytes  23.1 Mbits/sec    5   40.8 KBytes       
[  9]  29.00-30.00  sec  3.12 MBytes  26.2 Mbits/sec    5   27.2 KBytes       
[ 11]  29.00-30.00  sec  3.00 MBytes  25.2 Mbits/sec    7   27.2 KBytes       
[ 13]  29.00-30.00  sec  3.88 MBytes  32.5 Mbits/sec    5   35.4 KBytes       
[ 15]  29.00-30.00  sec  2.75 MBytes  23.1 Mbits/sec    6   17.7 KBytes       
[SUM]  29.00-30.00  sec  15.5 MBytes   130 Mbits/sec   28             
- - - - - - - - - - - - - - - - - - - - - - - - -
[ ID] Interval           Transfer     Bitrate         Retr
[  6]   0.00-30.01  sec  81.4 MBytes  22.7 Mbits/sec  182            sender
[  9]   0.00-30.01  sec  86.2 MBytes  24.1 Mbits/sec  178            sender
[ 11]   0.00-30.01  sec  98.1 MBytes  27.4 Mbits/sec  219            sender
[ 13]   0.00-30.01  sec   101 MBytes  28.2 Mbits/sec  224            sender
[ 15]   0.00-30.01  sec  85.6 MBytes  23.9 Mbits/sec  182            sender
[SUM]   0.00-30.01  sec   452 MBytes   126 Mbits/sec  985             sender
-----------------------------------------------------------
Server listening on 5201 (test #5)
-----------------------------------------------------------
iperf3: interrupt - the server has terminated by signal Interrupt(2)
