-----------------------------------------------------------
Server listening on 5201 (test #1)
-----------------------------------------------------------
Accepted connection from 128.220.159.221, port 15060
[  6] local 192.168.135.129 port 5201 connected to 128.220.159.221 port 27341
[  9] local 192.168.135.129 port 5201 connected to 128.220.159.221 port 59197
[ 11] local 192.168.135.129 port 5201 connected to 128.220.159.221 port 16989
[ 13] local 192.168.135.129 port 5201 connected to 128.220.159.221 port 7801
[ 15] local 192.168.135.129 port 5201 connected to 128.220.159.221 port 64634
[ ID] Interval           Transfer     Bitrate         Retr  Cwnd
[  6]   0.00-1.00   sec  3.50 MBytes  29.3 Mbits/sec    7   24.5 KBytes       
[  9]   0.00-1.00   sec  6.25 MBytes  52.4 Mbits/sec   16   17.7 KBytes       
[ 11]   0.00-1.00   sec  7.88 MBytes  66.0 Mbits/sec    8   44.9 KBytes       
[ 13]   0.00-1.00   sec  6.00 MBytes  50.3 Mbits/sec   16   15.0 KBytes       
[ 15]   0.00-1.00   sec  3.62 MBytes  30.4 Mbits/sec    6   32.7 KBytes       
[SUM]   0.00-1.00   sec  27.2 MBytes   228 Mbits/sec   53             
- - - - - - - - - - - - - - - - - - - - - - - - -
[  6]   1.00-2.00   sec  2.75 MBytes  23.1 Mbits/sec    8   20.4 KBytes       
[  9]   1.00-2.00   sec  3.38 MBytes  28.3 Mbits/sec    4   36.8 KBytes       
[ 11]   1.00-2.00   sec  4.38 MBytes  36.7 Mbits/sec    5   36.8 KBytes       
[ 13]   1.00-2.00   sec  3.00 MBytes  25.2 Mbits/sec    5   29.9 KBytes       
[ 15]   1.00-2.00   sec  2.38 MBytes  19.9 Mbits/sec    4   35.4 KBytes       
[SUM]   1.00-2.00   sec  15.9 MBytes   133 Mbits/sec   26             
- - - - - - - - - - - - - - - - - - - - - - - - -
[  6]   2.00-3.00   sec  3.25 MBytes  27.3 Mbits/sec    4   43.6 KBytes       
[  9]   2.00-3.00   sec  3.88 MBytes  32.5 Mbits/sec    4   42.2 KBytes       
[ 11]   2.00-3.00   sec  3.38 MBytes  28.3 Mbits/sec    7   27.2 KBytes       
[ 13]   2.00-3.00   sec  3.75 MBytes  31.5 Mbits/sec    5   29.9 KBytes       
[ 15]   2.00-3.00   sec  4.25 MBytes  35.7 Mbits/sec    1   66.7 KBytes       
[SUM]   2.00-3.00   sec  18.5 MBytes   155 Mbits/sec   21             
- - - - - - - - - - - - - - - - - - - - - - - - -
[  6]   3.00-4.00   sec  3.25 MBytes  27.3 Mbits/sec    6   39.5 KBytes       
[  9]   3.00-4.00   sec  4.38 MBytes  36.7 Mbits/sec    5   31.3 KBytes       
[ 11]   3.00-4.00   sec  3.25 MBytes  27.3 Mbits/sec    5   36.8 KBytes       
[ 13]   3.00-4.00   sec  3.12 MBytes  26.2 Mbits/sec    6   35.4 KBytes       
[ 15]   3.00-4.00   sec  3.62 MBytes  30.4 Mbits/sec    6   21.8 KBytes       
[SUM]   3.00-4.00   sec  17.6 MBytes   148 Mbits/sec   28             
- - - - - - - - - - - - - - - - - - - - - - - - -
[  6]   4.00-5.00   sec  4.50 MBytes  37.7 Mbits/sec    3   59.9 KBytes       
[  9]   4.00-5.00   sec  5.12 MBytes  43.0 Mbits/sec    2   59.9 KBytes       
[ 11]   4.00-5.00   sec  4.12 MBytes  34.6 Mbits/sec    4   34.0 KBytes       
[ 13]   4.00-5.00   sec  4.12 MBytes  34.6 Mbits/sec    4   44.9 KBytes       
[ 15]   4.00-5.00   sec  3.00 MBytes  25.2 Mbits/sec    1   59.9 KBytes       
[SUM]   4.00-5.00   sec  20.9 MBytes   175 Mbits/sec   14             
- - - - - - - - - - - - - - - - - - - - - - - - -
[  6]   5.00-6.00   sec  4.50 MBytes  37.7 Mbits/sec    5   54.5 KBytes       
[  9]   5.00-6.00   sec  3.88 MBytes  32.5 Mbits/sec    7   19.1 KBytes       
[ 11]   5.00-6.00   sec  4.38 MBytes  36.7 Mbits/sec    3   50.4 KBytes       
[ 13]   5.00-6.00   sec  3.00 MBytes  25.2 Mbits/sec    7   23.1 KBytes       
[ 15]   5.00-6.00   sec  4.12 MBytes  34.6 Mbits/sec    4   35.4 KBytes       
[SUM]   5.00-6.00   sec  19.9 MBytes   167 Mbits/sec   26             
- - - - - - - - - - - - - - - - - - - - - - - - -
[  6]   6.00-7.00   sec  4.25 MBytes  35.7 Mbits/sec    6   58.5 KBytes       
[  9]   6.00-7.00   sec  5.12 MBytes  43.0 Mbits/sec    1   81.7 KBytes       
[ 11]   6.00-7.00   sec  3.38 MBytes  28.3 Mbits/sec    7   35.4 KBytes       
[ 13]   6.00-7.00   sec  3.12 MBytes  26.2 Mbits/sec    7   39.5 KBytes       
[ 15]   6.00-7.00   sec  3.12 MBytes  26.2 Mbits/sec    4   12.3 KBytes       
[SUM]   6.00-7.00   sec  19.0 MBytes   159 Mbits/sec   25             
- - - - - - - - - - - - - - - - - - - - - - - - -
[  6]   7.00-8.00   sec  4.00 MBytes  33.6 Mbits/sec    5   29.9 KBytes       
[  9]   7.00-8.00   sec  3.88 MBytes  32.5 Mbits/sec    7   38.1 KBytes       
[ 11]   7.00-8.00   sec  5.12 MBytes  43.0 Mbits/sec    2   50.4 KBytes       
[ 13]   7.00-8.00   sec  4.00 MBytes  33.6 Mbits/sec    3   51.7 KBytes       
[ 15]   7.00-8.00   sec  3.25 MBytes  27.3 Mbits/sec    3   28.6 KBytes       
[SUM]   7.00-8.00   sec  20.2 MBytes   170 Mbits/sec   20             
- - - - - - - - - - - - - - - - - - - - - - - - -
[  6]   8.00-9.00   sec  4.00 MBytes  33.6 Mbits/sec    5   31.3 KBytes       
[  9]   8.00-9.00   sec  3.88 MBytes  32.5 Mbits/sec    5   27.2 KBytes       
[ 11]   8.00-9.00   sec  5.50 MBytes  46.1 Mbits/sec    3   51.7 KBytes       
[ 13]   8.00-9.00   sec  3.12 MBytes  26.2 Mbits/sec    7   21.8 KBytes       
[ 15]   8.00-9.00   sec  2.88 MBytes  24.1 Mbits/sec    4   19.1 KBytes       
[SUM]   8.00-9.00   sec  19.4 MBytes   163 Mbits/sec   24             
- - - - - - - - - - - - - - - - - - - - - - - - -
[  6]   9.00-10.00  sec  4.75 MBytes  39.8 Mbits/sec    2   55.8 KBytes       
[  9]   9.00-10.00  sec  4.50 MBytes  37.7 Mbits/sec    1   79.0 KBytes       
[ 11]   9.00-10.00  sec  4.38 MBytes  36.7 Mbits/sec    4   47.6 KBytes       
[ 13]   9.00-10.00  sec  3.50 MBytes  29.4 Mbits/sec    2   59.9 KBytes       
[ 15]   9.00-10.00  sec  2.75 MBytes  23.1 Mbits/sec    3   29.9 KBytes       
[SUM]   9.00-10.00  sec  19.9 MBytes   167 Mbits/sec   12             
- - - - - - - - - - - - - - - - - - - - - - - - -
[  6]  10.00-11.00  sec  4.50 MBytes  37.7 Mbits/sec   12   24.5 KBytes       
[  9]  10.00-11.00  sec  5.38 MBytes  45.1 Mbits/sec    6   74.9 KBytes       
[ 11]  10.00-11.00  sec  3.25 MBytes  27.3 Mbits/sec    7   24.5 KBytes       
[ 13]  10.00-11.00  sec  3.38 MBytes  28.3 Mbits/sec   10   39.5 KBytes       
[ 15]  10.00-11.00  sec  3.38 MBytes  28.3 Mbits/sec    3   32.7 KBytes       
[SUM]  10.00-11.00  sec  19.9 MBytes   167 Mbits/sec   38             
- - - - - - - - - - - - - - - - - - - - - - - - -
[  6]  11.00-12.00  sec  3.88 MBytes  32.5 Mbits/sec    4   42.2 KBytes       
[  9]  11.00-12.00  sec  5.62 MBytes  47.2 Mbits/sec    4   76.2 KBytes       
[ 11]  11.00-12.00  sec  3.00 MBytes  25.2 Mbits/sec    6   25.9 KBytes       
[ 13]  11.00-12.00  sec  4.00 MBytes  33.6 Mbits/sec    8   21.8 KBytes       
[ 15]  11.00-12.00  sec  2.75 MBytes  23.1 Mbits/sec    5   24.5 KBytes       
[SUM]  11.00-12.00  sec  19.2 MBytes   161 Mbits/sec   27             
- - - - - - - - - - - - - - - - - - - - - - - - -
[  6]  12.00-13.00  sec  4.38 MBytes  36.7 Mbits/sec    3   62.6 KBytes       
[  9]  12.00-13.00  sec  4.62 MBytes  38.8 Mbits/sec    7   29.9 KBytes       
[ 11]  12.00-13.00  sec  3.75 MBytes  31.5 Mbits/sec    3   40.8 KBytes       
[ 13]  12.00-13.00  sec  3.75 MBytes  31.5 Mbits/sec    3   42.2 KBytes       
[ 15]  12.00-13.00  sec  2.50 MBytes  21.0 Mbits/sec    3   35.4 KBytes       
[SUM]  12.00-13.00  sec  19.0 MBytes   159 Mbits/sec   19             
- - - - - - - - - - - - - - - - - - - - - - - - -
[  6]  13.00-14.00  sec  6.62 MBytes  55.6 Mbits/sec    4   44.9 KBytes       
[  9]  13.00-14.00  sec  2.50 MBytes  21.0 Mbits/sec    6   28.6 KBytes       
[ 11]  13.00-14.00  sec  4.38 MBytes  36.7 Mbits/sec    3   55.8 KBytes       
[ 13]  13.00-14.00  sec  4.62 MBytes  38.8 Mbits/sec    4   40.8 KBytes       
[ 15]  13.00-14.00  sec  3.38 MBytes  28.3 Mbits/sec    3   39.5 KBytes       
[SUM]  13.00-14.00  sec  21.5 MBytes   180 Mbits/sec   20             
- - - - - - - - - - - - - - - - - - - - - - - - -
[  6]  14.00-15.00  sec  5.38 MBytes  45.1 Mbits/sec    3   57.2 KBytes       
[  9]  14.00-15.00  sec  3.12 MBytes  26.2 Mbits/sec    7   27.2 KBytes       
[ 11]  14.00-15.00  sec  3.62 MBytes  30.4 Mbits/sec    8   19.1 KBytes       
[ 13]  14.00-15.00  sec  4.38 MBytes  36.7 Mbits/sec    6   32.7 KBytes       
[ 15]  14.00-15.00  sec  2.50 MBytes  21.0 Mbits/sec    6   20.4 KBytes       
[SUM]  14.00-15.00  sec  19.0 MBytes   159 Mbits/sec   30             
- - - - - - - - - - - - - - - - - - - - - - - - -
[  6]  15.00-16.00  sec  4.75 MBytes  39.8 Mbits/sec    4   54.5 KBytes       
[  9]  15.00-16.00  sec  5.38 MBytes  45.1 Mbits/sec    3   53.1 KBytes       
[ 11]  15.00-16.00  sec  3.38 MBytes  28.3 Mbits/sec    3   54.5 KBytes       
[ 13]  15.00-16.00  sec  4.00 MBytes  33.6 Mbits/sec    4   47.6 KBytes       
[ 15]  15.00-16.00  sec  4.00 MBytes  33.6 Mbits/sec    1   54.5 KBytes       
[SUM]  15.00-16.00  sec  21.5 MBytes   180 Mbits/sec   15             
- - - - - - - - - - - - - - - - - - - - - - - - -
[  6]  16.00-17.00  sec  5.50 MBytes  46.1 Mbits/sec    4   31.3 KBytes       
[  9]  16.00-17.00  sec  2.88 MBytes  24.1 Mbits/sec    7   20.4 KBytes       
[ 11]  16.00-17.00  sec  3.25 MBytes  27.3 Mbits/sec    7   24.5 KBytes       
[ 13]  16.00-17.00  sec  3.75 MBytes  31.5 Mbits/sec    5   27.2 KBytes       
[ 15]  16.00-17.00  sec  2.88 MBytes  24.1 Mbits/sec    5   31.3 KBytes       
[SUM]  16.00-17.00  sec  18.2 MBytes   153 Mbits/sec   28             
- - - - - - - - - - - - - - - - - - - - - - - - -
[  6]  17.00-18.00  sec  4.50 MBytes  37.7 Mbits/sec    2   72.2 KBytes       
[  9]  17.00-18.00  sec  3.25 MBytes  27.3 Mbits/sec    3   38.1 KBytes       
[ 11]  17.00-18.00  sec  4.00 MBytes  33.6 Mbits/sec    2   58.5 KBytes       
[ 13]  17.00-18.00  sec  4.00 MBytes  33.6 Mbits/sec    4   40.8 KBytes       
[ 15]  17.00-18.00  sec  3.50 MBytes  29.4 Mbits/sec    1   70.8 KBytes       
[SUM]  17.00-18.00  sec  19.2 MBytes   161 Mbits/sec   12             
- - - - - - - - - - - - - - - - - - - - - - - - -
[  6]  18.00-19.00  sec  6.62 MBytes  55.6 Mbits/sec    2   83.0 KBytes       
[  9]  18.00-19.00  sec  4.00 MBytes  33.6 Mbits/sec    4   35.4 KBytes       
[ 11]  18.00-19.00  sec  4.50 MBytes  37.7 Mbits/sec    5   34.0 KBytes       
[ 13]  18.00-19.00  sec  3.38 MBytes  28.3 Mbits/sec    5   31.3 KBytes       
[ 15]  18.00-19.00  sec  4.50 MBytes  37.7 Mbits/sec    3   57.2 KBytes       
[SUM]  18.00-19.00  sec  23.0 MBytes   193 Mbits/sec   19             
- - - - - - - - - - - - - - - - - - - - - - - - -
[  6]  19.00-20.00  sec  5.38 MBytes  45.1 Mbits/sec    5   39.5 KBytes       
[  9]  19.00-20.00  sec  4.12 MBytes  34.6 Mbits/sec    5   28.6 KBytes       
[ 11]  19.00-20.00  sec  2.88 MBytes  24.1 Mbits/sec    7   24.5 KBytes       
[ 13]  19.00-20.00  sec  4.38 MBytes  36.7 Mbits/sec    2   59.9 KBytes       
[ 15]  19.00-20.00  sec  4.50 MBytes  37.7 Mbits/sec    6   34.0 KBytes       
[SUM]  19.00-20.00  sec  21.2 MBytes   178 Mbits/sec   25             
- - - - - - - - - - - - - - - - - - - - - - - - -
[  6]  20.00-21.00  sec  3.50 MBytes  29.4 Mbits/sec    6   32.7 KBytes       
[  9]  20.00-21.00  sec  2.62 MBytes  22.0 Mbits/sec   15   29.9 KBytes       
[ 11]  20.00-21.00  sec  3.25 MBytes  27.3 Mbits/sec    5   34.0 KBytes       
[ 13]  20.00-21.00  sec  5.75 MBytes  48.2 Mbits/sec   14   23.1 KBytes       
[ 15]  20.00-21.00  sec  3.62 MBytes  30.4 Mbits/sec    5   27.2 KBytes       
[SUM]  20.00-21.00  sec  18.8 MBytes   157 Mbits/sec   45             
- - - - - - - - - - - - - - - - - - - - - - - - -
[  6]  21.00-22.00  sec  5.88 MBytes  49.3 Mbits/sec    2   74.9 KBytes       
[  9]  21.00-22.00  sec  3.00 MBytes  25.2 Mbits/sec    7   27.2 KBytes       
[ 11]  21.00-22.00  sec  3.38 MBytes  28.3 Mbits/sec    6   25.9 KBytes       
[ 13]  21.00-22.00  sec  4.00 MBytes  33.6 Mbits/sec    6   17.7 KBytes       
[ 15]  21.00-22.00  sec  2.75 MBytes  23.1 Mbits/sec    4   27.2 KBytes       
[SUM]  21.00-22.00  sec  19.0 MBytes   159 Mbits/sec   25             
- - - - - - - - - - - - - - - - - - - - - - - - -
[  6]  22.00-23.00  sec  4.12 MBytes  34.6 Mbits/sec    6   58.5 KBytes       
[  9]  22.00-23.00  sec  3.88 MBytes  32.5 Mbits/sec    3   65.3 KBytes       
[ 11]  22.00-23.00  sec  5.12 MBytes  43.0 Mbits/sec    2   65.3 KBytes       
[ 13]  22.00-23.00  sec  2.38 MBytes  19.9 Mbits/sec    6   36.8 KBytes       
[ 15]  22.00-23.00  sec  2.00 MBytes  16.8 Mbits/sec    4   36.8 KBytes       
[SUM]  22.00-23.00  sec  17.5 MBytes   147 Mbits/sec   21             
- - - - - - - - - - - - - - - - - - - - - - - - -
[  6]  23.00-24.00  sec  5.12 MBytes  43.0 Mbits/sec    6   24.5 KBytes       
[  9]  23.00-24.00  sec  4.75 MBytes  39.8 Mbits/sec    4   57.2 KBytes       
[ 11]  23.00-24.00  sec  5.12 MBytes  43.0 Mbits/sec    3   79.0 KBytes       
[ 13]  23.00-24.00  sec  3.75 MBytes  31.5 Mbits/sec    4   58.5 KBytes       
[ 15]  23.00-24.00  sec  2.38 MBytes  19.9 Mbits/sec    5   31.3 KBytes       
[SUM]  23.00-24.00  sec  21.1 MBytes   177 Mbits/sec   22             
- - - - - - - - - - - - - - - - - - - - - - - - -
[  6]  24.00-25.00  sec  3.25 MBytes  27.3 Mbits/sec    5   32.7 KBytes       
[  9]  24.00-25.00  sec  6.25 MBytes  52.4 Mbits/sec    6   29.9 KBytes       
[ 11]  24.00-25.00  sec  5.25 MBytes  44.0 Mbits/sec    8   34.0 KBytes       
[ 13]  24.00-25.00  sec  4.62 MBytes  38.8 Mbits/sec    5   49.0 KBytes       
[ 15]  24.00-25.00  sec  2.12 MBytes  17.8 Mbits/sec    6   24.5 KBytes       
[SUM]  24.00-25.00  sec  21.5 MBytes   180 Mbits/sec   30             
- - - - - - - - - - - - - - - - - - - - - - - - -
[  6]  25.00-26.00  sec  5.12 MBytes  43.0 Mbits/sec    1   91.2 KBytes       
[  9]  25.00-26.00  sec  5.12 MBytes  43.0 Mbits/sec    1   72.2 KBytes       
[ 11]  25.00-26.00  sec  4.38 MBytes  36.7 Mbits/sec    3   46.3 KBytes       
[ 13]  25.00-26.00  sec  3.75 MBytes  31.5 Mbits/sec    5   51.7 KBytes       
[ 15]  25.00-26.00  sec  2.50 MBytes  21.0 Mbits/sec    2   57.2 KBytes       
[SUM]  25.00-26.00  sec  20.9 MBytes   175 Mbits/sec   12             
- - - - - - - - - - - - - - - - - - - - - - - - -
[  6]  26.00-27.00  sec  5.50 MBytes  46.1 Mbits/sec    3   69.4 KBytes       
[  9]  26.00-27.00  sec  5.12 MBytes  43.0 Mbits/sec    3   68.1 KBytes       
[ 11]  26.00-27.00  sec  1.88 MBytes  15.7 Mbits/sec    6   35.4 KBytes       
[ 13]  26.00-27.00  sec  5.25 MBytes  44.0 Mbits/sec    3   40.8 KBytes       
[ 15]  26.00-27.00  sec  3.75 MBytes  31.5 Mbits/sec    4   42.2 KBytes       
[SUM]  26.00-27.00  sec  21.5 MBytes   180 Mbits/sec   19             
- - - - - - - - - - - - - - - - - - - - - - - - -
[  6]  27.00-28.00  sec  5.25 MBytes  44.0 Mbits/sec    3   58.5 KBytes       
[  9]  27.00-28.00  sec  4.50 MBytes  37.7 Mbits/sec    4   43.6 KBytes       
[ 11]  27.00-28.00  sec  5.00 MBytes  41.9 Mbits/sec    3   32.7 KBytes       
[ 13]  27.00-28.00  sec  3.50 MBytes  29.4 Mbits/sec    4   32.7 KBytes       
[ 15]  27.00-28.00  sec  3.75 MBytes  31.5 Mbits/sec    3   38.1 KBytes       
[SUM]  27.00-28.00  sec  22.0 MBytes   185 Mbits/sec   17             
- - - - - - - - - - - - - - - - - - - - - - - - -
[  6]  28.00-29.00  sec  3.62 MBytes  30.4 Mbits/sec    8   23.1 KBytes       
[  9]  28.00-29.00  sec  3.62 MBytes  30.4 Mbits/sec    6   23.1 KBytes       
[ 11]  28.00-29.00  sec  4.00 MBytes  33.6 Mbits/sec    4   47.6 KBytes       
[ 13]  28.00-29.00  sec  6.12 MBytes  51.4 Mbits/sec    2   50.4 KBytes       
[ 15]  28.00-29.00  sec  3.25 MBytes  27.3 Mbits/sec    3   40.8 KBytes       
[SUM]  28.00-29.00  sec  20.6 MBytes   173 Mbits/sec   23             
- - - - - - - - - - - - - - - - - - - - - - - - -
[  6]  29.00-30.00  sec  3.75 MBytes  31.5 Mbits/sec    4   44.9 KBytes       
[  9]  29.00-30.00  sec  3.88 MBytes  32.5 Mbits/sec    2   73.5 KBytes       
[ 11]  29.00-30.00  sec  3.75 MBytes  31.5 Mbits/sec    5   38.1 KBytes       
[ 13]  29.00-30.00  sec  5.00 MBytes  41.9 Mbits/sec    5   46.3 KBytes       
[ 15]  29.00-30.00  sec  3.50 MBytes  29.4 Mbits/sec    2   61.3 KBytes       
[SUM]  29.00-30.00  sec  19.9 MBytes   167 Mbits/sec   18             
- - - - - - - - - - - - - - - - - - - - - - - - -
[ ID] Interval           Transfer     Bitrate         Retr
[  6]   0.00-30.01  sec   135 MBytes  37.8 Mbits/sec  138            sender
[  9]   0.00-30.01  sec   128 MBytes  35.7 Mbits/sec  155            sender
[ 11]   0.00-30.01  sec   123 MBytes  34.3 Mbits/sec  144            sender
[ 13]   0.00-30.01  sec   120 MBytes  33.7 Mbits/sec  167            sender
[ 15]   0.00-30.01  sec  96.5 MBytes  27.0 Mbits/sec  110            sender
[SUM]   0.00-30.01  sec   603 MBytes   169 Mbits/sec  714             sender
-----------------------------------------------------------
Server listening on 5201 (test #2)
-----------------------------------------------------------
Accepted connection from 128.220.159.221, port 25494
[  6] local 192.168.135.129 port 5201 connected to 128.220.159.221 port 9206
[  9] local 192.168.135.129 port 5201 connected to 128.220.159.221 port 53118
[ 11] local 192.168.135.129 port 5201 connected to 128.220.159.221 port 49906
[ 13] local 192.168.135.129 port 5201 connected to 128.220.159.221 port 54050
[ 15] local 192.168.135.129 port 5201 connected to 128.220.159.221 port 17034
[ ID] Interval           Transfer     Bitrate         Retr  Cwnd
[  6]   0.00-1.00   sec  6.00 MBytes  50.3 Mbits/sec    6   61.3 KBytes       
[  9]   0.00-1.00   sec  2.75 MBytes  23.0 Mbits/sec    7   23.1 KBytes       
[ 11]   0.00-1.00   sec  3.38 MBytes  28.3 Mbits/sec    7   35.4 KBytes       
[ 13]   0.00-1.00   sec  7.38 MBytes  61.8 Mbits/sec    6   54.5 KBytes       
[ 15]   0.00-1.00   sec  2.62 MBytes  22.0 Mbits/sec    8   36.8 KBytes       
[SUM]   0.00-1.00   sec  22.1 MBytes   185 Mbits/sec   34             
- - - - - - - - - - - - - - - - - - - - - - - - -
[  6]   1.00-2.00   sec  4.75 MBytes  39.8 Mbits/sec    3   47.6 KBytes       
[  9]   1.00-2.00   sec  3.00 MBytes  25.2 Mbits/sec    2   47.6 KBytes       
[ 11]   1.00-2.00   sec  4.12 MBytes  34.6 Mbits/sec    5   31.3 KBytes       
[ 13]   1.00-2.00   sec  5.88 MBytes  49.3 Mbits/sec    3   44.9 KBytes       
[ 15]   1.00-2.00   sec  3.62 MBytes  30.4 Mbits/sec    4   38.1 KBytes       
[SUM]   1.00-2.00   sec  21.4 MBytes   179 Mbits/sec   17             
- - - - - - - - - - - - - - - - - - - - - - - - -
[  6]   2.00-3.00   sec  2.38 MBytes  19.9 Mbits/sec    5   31.3 KBytes       
[  9]   2.00-3.00   sec  2.88 MBytes  24.1 Mbits/sec    6   39.5 KBytes       
[ 11]   2.00-3.00   sec  4.00 MBytes  33.6 Mbits/sec    4   49.0 KBytes       
[ 13]   2.00-3.00   sec  4.12 MBytes  34.6 Mbits/sec    5   34.0 KBytes       
[ 15]   2.00-3.00   sec  4.25 MBytes  35.7 Mbits/sec    8   10.9 KBytes       
[SUM]   2.00-3.00   sec  17.6 MBytes   148 Mbits/sec   28             
- - - - - - - - - - - - - - - - - - - - - - - - -
[  6]   3.00-4.00   sec  3.00 MBytes  25.2 Mbits/sec    3   61.3 KBytes       
[  9]   3.00-4.00   sec  4.12 MBytes  34.6 Mbits/sec    3   54.5 KBytes       
[ 11]   3.00-4.00   sec  5.00 MBytes  41.9 Mbits/sec    3   69.4 KBytes       
[ 13]   3.00-4.00   sec  2.62 MBytes  22.0 Mbits/sec    7   46.3 KBytes       
[ 15]   3.00-4.00   sec  2.50 MBytes  21.0 Mbits/sec    4   35.4 KBytes       
[SUM]   3.00-4.00   sec  17.2 MBytes   145 Mbits/sec   20             
- - - - - - - - - - - - - - - - - - - - - - - - -
[  6]   4.00-5.00   sec  3.50 MBytes  29.4 Mbits/sec    5   27.2 KBytes       
[  9]   4.00-5.00   sec  3.62 MBytes  30.4 Mbits/sec    3   54.5 KBytes       
[ 11]   4.00-5.00   sec  3.38 MBytes  28.3 Mbits/sec    7   27.2 KBytes       
[ 13]   4.00-5.00   sec  5.88 MBytes  49.3 Mbits/sec    1   76.2 KBytes       
[ 15]   4.00-5.00   sec  4.25 MBytes  35.7 Mbits/sec    2   53.1 KBytes       
[SUM]   4.00-5.00   sec  20.6 MBytes   173 Mbits/sec   18             
- - - - - - - - - - - - - - - - - - - - - - - - -
[  6]   5.00-6.00   sec  2.50 MBytes  21.0 Mbits/sec    4   32.7 KBytes       
[  9]   5.00-6.00   sec  3.75 MBytes  31.5 Mbits/sec    4   43.6 KBytes       
[ 11]   5.00-6.00   sec  3.62 MBytes  30.4 Mbits/sec    3   53.1 KBytes       
[ 13]   5.00-6.00   sec  5.88 MBytes  49.3 Mbits/sec    3   73.5 KBytes       
[ 15]   5.00-6.00   sec  5.75 MBytes  48.2 Mbits/sec    2   76.2 KBytes       
[SUM]   5.00-6.00   sec  21.5 MBytes   180 Mbits/sec   16             
- - - - - - - - - - - - - - - - - - - - - - - - -
[  6]   6.00-7.00   sec  3.00 MBytes  25.2 Mbits/sec    2   57.2 KBytes       
[  9]   6.00-7.00   sec  3.00 MBytes  25.2 Mbits/sec    4   46.3 KBytes       
[ 11]   6.00-7.00   sec  5.00 MBytes  41.9 Mbits/sec    4   36.8 KBytes       
[ 13]   6.00-7.00   sec  4.38 MBytes  36.7 Mbits/sec    6   39.5 KBytes       
[ 15]   6.00-7.00   sec  4.88 MBytes  40.9 Mbits/sec    4   53.1 KBytes       
[SUM]   6.00-7.00   sec  20.2 MBytes   170 Mbits/sec   20             
- - - - - - - - - - - - - - - - - - - - - - - - -
[  6]   7.00-8.00   sec  3.88 MBytes  32.5 Mbits/sec    2   68.1 KBytes       
[  9]   7.00-8.00   sec  4.62 MBytes  38.8 Mbits/sec    3   36.8 KBytes       
[ 11]   7.00-8.00   sec  4.62 MBytes  38.8 Mbits/sec    1   68.1 KBytes       
[ 13]   7.00-8.00   sec  4.62 MBytes  38.8 Mbits/sec    1   70.8 KBytes       
[ 15]   7.00-8.00   sec  3.38 MBytes  28.3 Mbits/sec    4   38.1 KBytes       
[SUM]   7.00-8.00   sec  21.1 MBytes   177 Mbits/sec   11             
- - - - - - - - - - - - - - - - - - - - - - - - -
[  6]   8.00-9.00   sec  5.12 MBytes  43.0 Mbits/sec    4   47.6 KBytes       
[  9]   8.00-9.00   sec  4.12 MBytes  34.6 Mbits/sec    2   57.2 KBytes       
[ 11]   8.00-9.00   sec  3.88 MBytes  32.5 Mbits/sec    6   36.8 KBytes       
[ 13]   8.00-9.00   sec  4.75 MBytes  39.8 Mbits/sec    5   44.9 KBytes       
[ 15]   8.00-9.00   sec  4.88 MBytes  40.9 Mbits/sec    1   79.0 KBytes       
[SUM]   8.00-9.00   sec  22.8 MBytes   191 Mbits/sec   18             
- - - - - - - - - - - - - - - - - - - - - - - - -
[  6]   9.00-10.00  sec  3.00 MBytes  25.2 Mbits/sec   15   23.1 KBytes       
[  9]   9.00-10.00  sec  3.62 MBytes  30.4 Mbits/sec    4   47.6 KBytes       
[ 11]   9.00-10.00  sec  4.00 MBytes  33.6 Mbits/sec    6   51.7 KBytes       
[ 13]   9.00-10.00  sec  5.38 MBytes  45.1 Mbits/sec    2   61.3 KBytes       
[ 15]   9.00-10.00  sec  3.75 MBytes  31.5 Mbits/sec    7   27.2 KBytes       
[SUM]   9.00-10.00  sec  19.8 MBytes   166 Mbits/sec   34             
- - - - - - - - - - - - - - - - - - - - - - - - -
[  6]  10.00-11.00  sec  2.88 MBytes  24.1 Mbits/sec    2   49.0 KBytes       
[  9]  10.00-11.00  sec  3.88 MBytes  32.5 Mbits/sec    4   35.4 KBytes       
[ 11]  10.00-11.00  sec  4.12 MBytes  34.6 Mbits/sec    4   53.1 KBytes       
[ 13]  10.00-11.00  sec  5.50 MBytes  46.1 Mbits/sec    3   62.6 KBytes       
[ 15]  10.00-11.00  sec  3.75 MBytes  31.5 Mbits/sec    3   51.7 KBytes       
[SUM]  10.00-11.00  sec  20.1 MBytes   169 Mbits/sec   16             
- - - - - - - - - - - - - - - - - - - - - - - - -
[  6]  11.00-12.00  sec  3.25 MBytes  27.3 Mbits/sec    4   54.5 KBytes       
[  9]  11.00-12.00  sec  4.62 MBytes  38.8 Mbits/sec    1   83.0 KBytes       
[ 11]  11.00-12.00  sec  3.88 MBytes  32.5 Mbits/sec    5   44.9 KBytes       
[ 13]  11.00-12.00  sec  3.88 MBytes  32.5 Mbits/sec    6   32.7 KBytes       
[ 15]  11.00-12.00  sec  3.50 MBytes  29.4 Mbits/sec    5   43.6 KBytes       
[SUM]  11.00-12.00  sec  19.1 MBytes   160 Mbits/sec   21             
- - - - - - - - - - - - - - - - - - - - - - - - -
[  6]  12.00-13.00  sec  4.50 MBytes  37.7 Mbits/sec    2   69.4 KBytes       
[  9]  12.00-13.00  sec  3.75 MBytes  31.5 Mbits/sec    5   46.3 KBytes       
[ 11]  12.00-13.00  sec  3.88 MBytes  32.5 Mbits/sec    5   36.8 KBytes       
[ 13]  12.00-13.00  sec  4.75 MBytes  39.8 Mbits/sec    2   62.6 KBytes       
[ 15]  12.00-13.00  sec  4.00 MBytes  33.6 Mbits/sec    5   25.9 KBytes       
[SUM]  12.00-13.00  sec  20.9 MBytes   175 Mbits/sec   19             
- - - - - - - - - - - - - - - - - - - - - - - - -
[  6]  13.00-14.00  sec  3.38 MBytes  28.3 Mbits/sec    6   50.4 KBytes       
[  9]  13.00-14.00  sec  3.50 MBytes  29.4 Mbits/sec    4   49.0 KBytes       
[ 11]  13.00-14.00  sec  3.88 MBytes  32.5 Mbits/sec    5   65.3 KBytes       
[ 13]  13.00-14.00  sec  3.88 MBytes  32.5 Mbits/sec    6   46.3 KBytes       
[ 15]  13.00-14.00  sec  3.12 MBytes  26.2 Mbits/sec    5   55.8 KBytes       
[SUM]  13.00-14.00  sec  17.8 MBytes   149 Mbits/sec   26             
- - - - - - - - - - - - - - - - - - - - - - - - -
[  6]  14.00-15.00  sec  3.12 MBytes  26.2 Mbits/sec    7   21.8 KBytes       
[  9]  14.00-15.00  sec  4.38 MBytes  36.7 Mbits/sec    3   44.9 KBytes       
[ 11]  14.00-15.00  sec  5.62 MBytes  47.2 Mbits/sec    4   57.2 KBytes       
[ 13]  14.00-15.00  sec  3.62 MBytes  30.4 Mbits/sec    5   32.7 KBytes       
[ 15]  14.00-15.00  sec  4.38 MBytes  36.7 Mbits/sec    6   19.1 KBytes       
[SUM]  14.00-15.00  sec  21.1 MBytes   177 Mbits/sec   25             
- - - - - - - - - - - - - - - - - - - - - - - - -
[  6]  15.00-16.00  sec  1.62 MBytes  13.6 Mbits/sec    4   32.7 KBytes       
[  9]  15.00-16.00  sec  4.88 MBytes  40.9 Mbits/sec    2   68.1 KBytes       
[ 11]  15.00-16.00  sec  4.00 MBytes  33.6 Mbits/sec    7   27.2 KBytes       
[ 13]  15.00-16.00  sec  4.38 MBytes  36.7 Mbits/sec    2   72.2 KBytes       
[ 15]  15.00-16.00  sec  3.38 MBytes  28.3 Mbits/sec    2   65.3 KBytes       
[SUM]  15.00-16.00  sec  18.2 MBytes   153 Mbits/sec   17             
- - - - - - - - - - - - - - - - - - - - - - - - -
[  6]  16.00-17.00  sec  2.88 MBytes  24.1 Mbits/sec    4   28.6 KBytes       
[  9]  16.00-17.00  sec  5.62 MBytes  47.2 Mbits/sec    2   72.2 KBytes       
[ 11]  16.00-17.00  sec  2.50 MBytes  21.0 Mbits/sec    4   38.1 KBytes       
[ 13]  16.00-17.00  sec  5.50 MBytes  46.1 Mbits/sec    4   38.1 KBytes       
[ 15]  16.00-17.00  sec  6.38 MBytes  53.5 Mbits/sec    3   64.0 KBytes       
[SUM]  16.00-17.00  sec  22.9 MBytes   192 Mbits/sec   17             
- - - - - - - - - - - - - - - - - - - - - - - - -
[  6]  17.00-18.00  sec  2.25 MBytes  18.9 Mbits/sec    5   34.0 KBytes       
[  9]  17.00-18.00  sec  4.12 MBytes  34.6 Mbits/sec    7   21.8 KBytes       
[ 11]  17.00-18.00  sec  3.50 MBytes  29.4 Mbits/sec    5   40.8 KBytes       
[ 13]  17.00-18.00  sec  4.50 MBytes  37.7 Mbits/sec    5   29.9 KBytes       
[ 15]  17.00-18.00  sec  3.25 MBytes  27.3 Mbits/sec    8   28.6 KBytes       
[SUM]  17.00-18.00  sec  17.6 MBytes   148 Mbits/sec   30             
- - - - - - - - - - - - - - - - - - - - - - - - -
[  6]  18.00-19.00  sec  2.75 MBytes  23.1 Mbits/sec    4   29.9 KBytes       
[  9]  18.00-19.00  sec  3.62 MBytes  30.4 Mbits/sec    3   29.9 KBytes       
[ 11]  18.00-19.00  sec  4.00 MBytes  33.6 Mbits/sec    6   20.4 KBytes       
[ 13]  18.00-19.00  sec  3.00 MBytes  25.2 Mbits/sec    5   31.3 KBytes       
[ 15]  18.00-19.00  sec  5.75 MBytes  48.2 Mbits/sec    2   50.4 KBytes       
[SUM]  18.00-19.00  sec  19.1 MBytes   160 Mbits/sec   20             
- - - - - - - - - - - - - - - - - - - - - - - - -
[  6]  19.00-20.00  sec  3.50 MBytes  29.4 Mbits/sec    1   65.3 KBytes       
[  9]  19.00-20.00  sec  3.12 MBytes  26.2 Mbits/sec    3   40.8 KBytes       
[ 11]  19.00-20.00  sec  3.88 MBytes  32.5 Mbits/sec    1   72.2 KBytes       
[ 13]  19.00-20.00  sec  5.38 MBytes  45.1 Mbits/sec    1   68.1 KBytes       
[ 15]  19.00-20.00  sec  3.88 MBytes  32.5 Mbits/sec    4   46.3 KBytes       
[SUM]  19.00-20.00  sec  19.8 MBytes   166 Mbits/sec   10             
- - - - - - - - - - - - - - - - - - - - - - - - -
[  6]  20.00-21.00  sec  4.50 MBytes  37.7 Mbits/sec   19   35.4 KBytes       
[  9]  20.00-21.00  sec  3.25 MBytes  27.3 Mbits/sec    3   44.9 KBytes       
[ 11]  20.00-21.00  sec  3.75 MBytes  31.5 Mbits/sec    6   27.2 KBytes       
[ 13]  20.00-21.00  sec  5.62 MBytes  47.2 Mbits/sec    4   55.8 KBytes       
[ 15]  20.00-21.00  sec  4.50 MBytes  37.7 Mbits/sec    3   42.2 KBytes       
[SUM]  20.00-21.00  sec  21.6 MBytes   181 Mbits/sec   35             
- - - - - - - - - - - - - - - - - - - - - - - - -
[  6]  21.00-22.00  sec  2.62 MBytes  22.0 Mbits/sec    6   19.1 KBytes       
[  9]  21.00-22.00  sec  3.38 MBytes  28.3 Mbits/sec    5   32.7 KBytes       
[ 11]  21.00-22.00  sec  3.50 MBytes  29.4 Mbits/sec    4   53.1 KBytes       
[ 13]  21.00-22.00  sec  5.88 MBytes  49.3 Mbits/sec    5   36.8 KBytes       
[ 15]  21.00-22.00  sec  3.38 MBytes  28.3 Mbits/sec    6   34.0 KBytes       
[SUM]  21.00-22.00  sec  18.8 MBytes   157 Mbits/sec   26             
- - - - - - - - - - - - - - - - - - - - - - - - -
[  6]  22.00-23.00  sec  1.88 MBytes  15.7 Mbits/sec    4   28.6 KBytes       
[  9]  22.00-23.00  sec  2.88 MBytes  24.1 Mbits/sec    7   20.4 KBytes       
[ 11]  22.00-23.00  sec  4.00 MBytes  33.6 Mbits/sec    6   24.5 KBytes       
[ 13]  22.00-23.00  sec  3.75 MBytes  31.5 Mbits/sec    5   27.2 KBytes       
[ 15]  22.00-23.00  sec  4.62 MBytes  38.8 Mbits/sec    4   34.0 KBytes       
[SUM]  22.00-23.00  sec  17.1 MBytes   144 Mbits/sec   26             
- - - - - - - - - - - - - - - - - - - - - - - - -
[  6]  23.00-24.00  sec  2.75 MBytes  23.1 Mbits/sec    4   29.9 KBytes       
[  9]  23.00-24.00  sec  2.62 MBytes  22.0 Mbits/sec    3   43.6 KBytes       
[ 11]  23.00-24.00  sec  3.25 MBytes  27.3 Mbits/sec    5   29.9 KBytes       
[ 13]  23.00-24.00  sec  2.88 MBytes  24.1 Mbits/sec    6   28.6 KBytes       
[ 15]  23.00-24.00  sec  6.12 MBytes  51.4 Mbits/sec    2   59.9 KBytes       
[SUM]  23.00-24.00  sec  17.6 MBytes   148 Mbits/sec   20             
- - - - - - - - - - - - - - - - - - - - - - - - -
[  6]  24.00-25.00  sec  2.75 MBytes  23.1 Mbits/sec    3   38.1 KBytes       
[  9]  24.00-25.00  sec  3.75 MBytes  31.5 Mbits/sec    3   51.7 KBytes       
[ 11]  24.00-25.00  sec  3.38 MBytes  28.3 Mbits/sec    4   42.2 KBytes       
[ 13]  24.00-25.00  sec  4.00 MBytes  33.6 Mbits/sec    5   47.6 KBytes       
[ 15]  24.00-25.00  sec  3.62 MBytes  30.4 Mbits/sec    7   31.3 KBytes       
[SUM]  24.00-25.00  sec  17.5 MBytes   147 Mbits/sec   22             
- - - - - - - - - - - - - - - - - - - - - - - - -
[  6]  25.00-26.00  sec  2.75 MBytes  23.1 Mbits/sec    3   43.6 KBytes       
[  9]  25.00-26.00  sec  4.12 MBytes  34.6 Mbits/sec    3   47.6 KBytes       
[ 11]  25.00-26.00  sec  4.50 MBytes  37.7 Mbits/sec    3   49.0 KBytes       
[ 13]  25.00-26.00  sec  4.62 MBytes  38.8 Mbits/sec    4   53.1 KBytes       
[ 15]  25.00-26.00  sec  3.38 MBytes  28.3 Mbits/sec    3   53.1 KBytes       
[SUM]  25.00-26.00  sec  19.4 MBytes   163 Mbits/sec   16             
- - - - - - - - - - - - - - - - - - - - - - - - -
[  6]  26.00-27.00  sec  2.00 MBytes  16.8 Mbits/sec    6   25.9 KBytes       
[  9]  26.00-27.00  sec  4.38 MBytes  36.7 Mbits/sec    4   32.7 KBytes       
[ 11]  26.00-27.00  sec  4.38 MBytes  36.7 Mbits/sec    4   42.2 KBytes       
[ 13]  26.00-27.00  sec  4.50 MBytes  37.7 Mbits/sec    4   42.2 KBytes       
[ 15]  26.00-27.00  sec  4.38 MBytes  36.7 Mbits/sec    4   44.9 KBytes       
[SUM]  26.00-27.00  sec  19.6 MBytes   165 Mbits/sec   22             
- - - - - - - - - - - - - - - - - - - - - - - - -
[  6]  27.00-28.00  sec  2.50 MBytes  21.0 Mbits/sec    2   46.3 KBytes       
[  9]  27.00-28.00  sec  3.25 MBytes  27.3 Mbits/sec    4   34.0 KBytes       
[ 11]  27.00-28.00  sec  3.88 MBytes  32.5 Mbits/sec    4   44.9 KBytes       
[ 13]  27.00-28.00  sec  5.25 MBytes  44.0 Mbits/sec    2   85.8 KBytes       
[ 15]  27.00-28.00  sec  3.50 MBytes  29.4 Mbits/sec    6   39.5 KBytes       
[SUM]  27.00-28.00  sec  18.4 MBytes   154 Mbits/sec   18             
- - - - - - - - - - - - - - - - - - - - - - - - -
[  6]  28.00-29.00  sec  4.50 MBytes  37.7 Mbits/sec    1   77.6 KBytes       
[  9]  28.00-29.00  sec  2.38 MBytes  19.9 Mbits/sec    6   31.3 KBytes       
[ 11]  28.00-29.00  sec  3.12 MBytes  26.2 Mbits/sec    5   36.8 KBytes       
[ 13]  28.00-29.00  sec  4.75 MBytes  39.8 Mbits/sec    5   53.1 KBytes       
[ 15]  28.00-29.00  sec  3.88 MBytes  32.5 Mbits/sec    3   44.9 KBytes       
[SUM]  28.00-29.00  sec  18.6 MBytes   156 Mbits/sec   20             
- - - - - - - - - - - - - - - - - - - - - - - - -
[  6]  29.00-30.00  sec  4.88 MBytes  40.9 Mbits/sec    3   53.1 KBytes       
[  9]  29.00-30.00  sec  3.25 MBytes  27.3 Mbits/sec    2   58.5 KBytes       
[ 11]  29.00-30.00  sec  4.12 MBytes  34.6 Mbits/sec   11   36.8 KBytes       
[ 13]  29.00-30.00  sec  4.50 MBytes  37.7 Mbits/sec    5   70.8 KBytes       
[ 15]  29.00-30.00  sec  5.00 MBytes  41.9 Mbits/sec    7   54.5 KBytes       
[SUM]  29.00-30.00  sec  21.8 MBytes   182 Mbits/sec   28             
- - - - - - - - - - - - - - - - - - - - - - - - -
[  6]  30.00-30.01  sec  0.00 Bytes  0.00 bits/sec    0   53.1 KBytes       
[  9]  30.00-30.01  sec  0.00 Bytes  0.00 bits/sec    0   58.5 KBytes       
[ 11]  30.00-30.01  sec   128 KBytes   213 Mbits/sec    0   36.8 KBytes       
[ 13]  30.00-30.01  sec  0.00 Bytes  0.00 bits/sec    0   70.8 KBytes       
[ 15]  30.00-30.01  sec   128 KBytes   214 Mbits/sec    0   54.5 KBytes       
[SUM]  30.00-30.01  sec   256 KBytes   426 Mbits/sec    0             
- - - - - - - - - - - - - - - - - - - - - - - - -
[ ID] Interval           Transfer     Bitrate         Retr
[  6]   0.00-30.01  sec  98.4 MBytes  27.5 Mbits/sec  139            sender
[  9]   0.00-30.01  sec   110 MBytes  30.8 Mbits/sec  112            sender
[ 11]   0.00-30.01  sec   118 MBytes  33.1 Mbits/sec  144            sender
[ 13]   0.00-30.01  sec   141 MBytes  39.4 Mbits/sec  123            sender
[ 15]   0.00-30.01  sec   124 MBytes  34.6 Mbits/sec  132            sender
[SUM]   0.00-30.01  sec   592 MBytes   165 Mbits/sec  650             sender
-----------------------------------------------------------
Server listening on 5201 (test #3)
-----------------------------------------------------------
Accepted connection from 128.220.159.221, port 5566
[  6] local 192.168.135.129 port 5201 connected to 128.220.159.221 port 58344
[  9] local 192.168.135.129 port 5201 connected to 128.220.159.221 port 50275
[ 11] local 192.168.135.129 port 5201 connected to 128.220.159.221 port 28081
[ 13] local 192.168.135.129 port 5201 connected to 128.220.159.221 port 2865
[ 15] local 192.168.135.129 port 5201 connected to 128.220.159.221 port 18703
[ ID] Interval           Transfer     Bitrate         Retr  Cwnd
[  6]   0.00-1.00   sec  4.88 MBytes  40.9 Mbits/sec    7   32.7 KBytes       
[  9]   0.00-1.00   sec  4.50 MBytes  37.7 Mbits/sec    4   83.0 KBytes       
[ 11]   0.00-1.00   sec  1.50 MBytes  12.6 Mbits/sec    2   36.8 KBytes       
[ 13]   0.00-1.00   sec  6.38 MBytes  53.4 Mbits/sec   10   25.9 KBytes       
[ 15]   0.00-1.00   sec  7.62 MBytes  63.9 Mbits/sec    4   91.2 KBytes       
[SUM]   0.00-1.00   sec  24.9 MBytes   208 Mbits/sec   27             
- - - - - - - - - - - - - - - - - - - - - - - - -
[  6]   1.00-2.00   sec  3.50 MBytes  29.4 Mbits/sec    3   39.5 KBytes       
[  9]   1.00-2.00   sec  4.50 MBytes  37.7 Mbits/sec    6   27.2 KBytes       
[ 11]   1.00-2.00   sec  3.62 MBytes  30.4 Mbits/sec    4   28.6 KBytes       
[ 13]   1.00-2.00   sec  2.12 MBytes  17.8 Mbits/sec    3   39.5 KBytes       
[ 15]   1.00-2.00   sec  4.88 MBytes  40.9 Mbits/sec    6   27.2 KBytes       
[SUM]   1.00-2.00   sec  18.6 MBytes   156 Mbits/sec   22             
- - - - - - - - - - - - - - - - - - - - - - - - -
[  6]   2.00-3.00   sec  2.38 MBytes  19.9 Mbits/sec    4   31.3 KBytes       
[  9]   2.00-3.00   sec  2.75 MBytes  23.1 Mbits/sec    2   47.6 KBytes       
[ 11]   2.00-3.00   sec  2.62 MBytes  22.0 Mbits/sec    1   49.0 KBytes       
[ 13]   2.00-3.00   sec  2.00 MBytes  16.8 Mbits/sec    3   32.7 KBytes       
[ 15]   2.00-3.00   sec  1.88 MBytes  15.7 Mbits/sec    2   49.0 KBytes       
[SUM]   2.00-3.00   sec  11.6 MBytes  97.5 Mbits/sec   12             
- - - - - - - - - - - - - - - - - - - - - - - - -
[  6]   3.00-4.00   sec  1.62 MBytes  13.6 Mbits/sec    3   28.6 KBytes       
[  9]   3.00-4.00   sec  1.88 MBytes  15.7 Mbits/sec    2   50.4 KBytes       
[ 11]   3.00-4.00   sec  1.88 MBytes  15.7 Mbits/sec    2   53.1 KBytes       
[ 13]   3.00-4.00   sec  1.62 MBytes  13.6 Mbits/sec    2   40.8 KBytes       
[ 15]   3.00-4.00   sec  2.50 MBytes  21.0 Mbits/sec    1   69.4 KBytes       
[SUM]   3.00-4.00   sec  9.50 MBytes  79.7 Mbits/sec   10             
- - - - - - - - - - - - - - - - - - - - - - - - -
[  6]   4.00-5.00   sec  1.75 MBytes  14.7 Mbits/sec    3   34.0 KBytes       
[  9]   4.00-5.00   sec  4.75 MBytes  39.8 Mbits/sec    0   95.3 KBytes       
[ 11]   4.00-5.00   sec  4.25 MBytes  35.7 Mbits/sec    1   72.2 KBytes       
[ 13]   4.00-5.00   sec  3.12 MBytes  26.2 Mbits/sec    2   43.6 KBytes       
[ 15]   4.00-5.00   sec  4.00 MBytes  33.6 Mbits/sec    2   68.1 KBytes       
[SUM]   4.00-5.00   sec  17.9 MBytes   150 Mbits/sec    8             
- - - - - - - - - - - - - - - - - - - - - - - - -
[  6]   5.00-6.00   sec  3.12 MBytes  26.2 Mbits/sec    2   44.9 KBytes       
[  9]   5.00-6.00   sec  4.50 MBytes  37.7 Mbits/sec    3   66.7 KBytes       
[ 11]   5.00-6.00   sec  4.25 MBytes  35.7 Mbits/sec    2   72.2 KBytes       
[ 13]   5.00-6.00   sec  3.38 MBytes  28.3 Mbits/sec    3   51.7 KBytes       
[ 15]   5.00-6.00   sec  3.12 MBytes  26.2 Mbits/sec    4   50.4 KBytes       
[SUM]   5.00-6.00   sec  18.4 MBytes   154 Mbits/sec   14             
- - - - - - - - - - - - - - - - - - - - - - - - -
[  6]   6.00-7.00   sec  4.12 MBytes  34.6 Mbits/sec    2   54.5 KBytes       
[  9]   6.00-7.00   sec  4.25 MBytes  35.7 Mbits/sec    3   49.0 KBytes       
[ 11]   6.00-7.00   sec  3.50 MBytes  29.4 Mbits/sec    3   68.1 KBytes       
[ 13]   6.00-7.00   sec  3.62 MBytes  30.4 Mbits/sec    2   64.0 KBytes       
[ 15]   6.00-7.00   sec  4.62 MBytes  38.8 Mbits/sec    2   57.2 KBytes       
[SUM]   6.00-7.00   sec  20.1 MBytes   169 Mbits/sec   12             
- - - - - - - - - - - - - - - - - - - - - - - - -
[  6]   7.00-8.00   sec  3.12 MBytes  26.2 Mbits/sec    6   20.4 KBytes       
[  9]   7.00-8.00   sec  3.25 MBytes  27.3 Mbits/sec    3   50.4 KBytes       
[ 11]   7.00-8.00   sec  4.00 MBytes  33.6 Mbits/sec    3   53.1 KBytes       
[ 13]   7.00-8.00   sec  4.38 MBytes  36.7 Mbits/sec    5   36.8 KBytes       
[ 15]   7.00-8.00   sec  4.12 MBytes  34.6 Mbits/sec    3   49.0 KBytes       
[SUM]   7.00-8.00   sec  18.9 MBytes   158 Mbits/sec   20             
- - - - - - - - - - - - - - - - - - - - - - - - -
[  6]   8.00-9.00   sec  2.75 MBytes  23.1 Mbits/sec    2   54.5 KBytes       
[  9]   8.00-9.00   sec  5.25 MBytes  44.0 Mbits/sec    3   42.2 KBytes       
[ 11]   8.00-9.00   sec  3.62 MBytes  30.4 Mbits/sec    4   39.5 KBytes       
[ 13]   8.00-9.00   sec  3.75 MBytes  31.5 Mbits/sec    1   73.5 KBytes       
[ 15]   8.00-9.00   sec  5.00 MBytes  41.9 Mbits/sec    2   66.7 KBytes       
[SUM]   8.00-9.00   sec  20.4 MBytes   171 Mbits/sec   12             
- - - - - - - - - - - - - - - - - - - - - - - - -
[  6]   9.00-10.00  sec  3.88 MBytes  32.5 Mbits/sec    1   80.3 KBytes       
[  9]   9.00-10.00  sec  3.38 MBytes  28.3 Mbits/sec    2   47.6 KBytes       
[ 11]   9.00-10.00  sec  2.88 MBytes  24.1 Mbits/sec    2   47.6 KBytes       
[ 13]   9.00-10.00  sec  3.88 MBytes  32.5 Mbits/sec    2   68.1 KBytes       
[ 15]   9.00-10.00  sec  4.38 MBytes  36.7 Mbits/sec    2   61.3 KBytes       
[SUM]   9.00-10.00  sec  18.4 MBytes   154 Mbits/sec    9             
- - - - - - - - - - - - - - - - - - - - - - - - -
[  6]  10.00-11.00  sec  5.38 MBytes  45.1 Mbits/sec    1   81.7 KBytes       
[  9]  10.00-11.00  sec  2.50 MBytes  21.0 Mbits/sec    2   65.3 KBytes       
[ 11]  10.00-11.00  sec  2.25 MBytes  18.9 Mbits/sec    4   20.4 KBytes       
[ 13]  10.00-11.00  sec  4.38 MBytes  36.7 Mbits/sec    1   74.9 KBytes       
[ 15]  10.00-11.00  sec  2.75 MBytes  23.1 Mbits/sec    4   38.1 KBytes       
[SUM]  10.00-11.00  sec  17.2 MBytes   145 Mbits/sec   12             
- - - - - - - - - - - - - - - - - - - - - - - - -
[  6]  11.00-12.00  sec  5.00 MBytes  41.9 Mbits/sec    5   39.5 KBytes       
[  9]  11.00-12.00  sec  3.62 MBytes  30.4 Mbits/sec    6   28.6 KBytes       
[ 11]  11.00-12.00  sec  3.12 MBytes  26.2 Mbits/sec    1   58.5 KBytes       
[ 13]  11.00-12.00  sec  3.62 MBytes  30.4 Mbits/sec    5   34.0 KBytes       
[ 15]  11.00-12.00  sec  3.75 MBytes  31.5 Mbits/sec    4   43.6 KBytes       
[SUM]  11.00-12.00  sec  19.1 MBytes   160 Mbits/sec   21             
- - - - - - - - - - - - - - - - - - - - - - - - -
[  6]  12.00-13.00  sec  4.00 MBytes  33.6 Mbits/sec    2   76.2 KBytes       
[  9]  12.00-13.00  sec  2.75 MBytes  23.1 Mbits/sec    4   34.0 KBytes       
[ 11]  12.00-13.00  sec  3.62 MBytes  30.4 Mbits/sec    4   46.3 KBytes       
[ 13]  12.00-13.00  sec  3.25 MBytes  27.3 Mbits/sec    3   38.1 KBytes       
[ 15]  12.00-13.00  sec  3.88 MBytes  32.5 Mbits/sec    4   43.6 KBytes       
[SUM]  12.00-13.00  sec  17.5 MBytes   147 Mbits/sec   17             
- - - - - - - - - - - - - - - - - - - - - - - - -
[  6]  13.00-14.00  sec  4.75 MBytes  39.8 Mbits/sec    4   66.7 KBytes       
[  9]  13.00-14.00  sec  3.12 MBytes  26.2 Mbits/sec    4   29.9 KBytes       
[ 11]  13.00-14.00  sec  4.00 MBytes  33.6 Mbits/sec    3   44.9 KBytes       
[ 13]  13.00-14.00  sec  2.75 MBytes  23.1 Mbits/sec    3   42.2 KBytes       
[ 15]  13.00-14.00  sec  5.62 MBytes  47.2 Mbits/sec    1   80.3 KBytes       
[SUM]  13.00-14.00  sec  20.2 MBytes   170 Mbits/sec   15             
- - - - - - - - - - - - - - - - - - - - - - - - -
[  6]  14.00-15.00  sec  2.50 MBytes  21.0 Mbits/sec    5   42.2 KBytes       
[  9]  14.00-15.00  sec  3.62 MBytes  30.4 Mbits/sec    2   44.9 KBytes       
[ 11]  14.00-15.00  sec  4.38 MBytes  36.7 Mbits/sec    1   85.8 KBytes       
[ 13]  14.00-15.00  sec  3.25 MBytes  27.3 Mbits/sec    3   61.3 KBytes       
[ 15]  14.00-15.00  sec  6.62 MBytes  55.6 Mbits/sec    4   51.7 KBytes       
[SUM]  14.00-15.00  sec  20.4 MBytes   171 Mbits/sec   15             
- - - - - - - - - - - - - - - - - - - - - - - - -
[  6]  15.00-16.00  sec  2.75 MBytes  23.1 Mbits/sec    4   44.9 KBytes       
[  9]  15.00-16.00  sec  4.25 MBytes  35.7 Mbits/sec    4   34.0 KBytes       
[ 11]  15.00-16.00  sec  3.62 MBytes  30.4 Mbits/sec    6   49.0 KBytes       
[ 13]  15.00-16.00  sec  2.62 MBytes  22.0 Mbits/sec    7   19.1 KBytes       
[ 15]  15.00-16.00  sec  4.62 MBytes  38.8 Mbits/sec    4   40.8 KBytes       
[SUM]  15.00-16.00  sec  17.9 MBytes   150 Mbits/sec   25             
- - - - - - - - - - - - - - - - - - - - - - - - -
[  6]  16.00-17.00  sec  3.12 MBytes  26.2 Mbits/sec    6   24.5 KBytes       
[  9]  16.00-17.00  sec  4.38 MBytes  36.7 Mbits/sec    2   54.5 KBytes       
[ 11]  16.00-17.00  sec  4.00 MBytes  33.6 Mbits/sec    3   57.2 KBytes       
[ 13]  16.00-17.00  sec  2.12 MBytes  17.8 Mbits/sec    2   47.6 KBytes       
[ 15]  16.00-17.00  sec  3.00 MBytes  25.2 Mbits/sec    6   31.3 KBytes       
[SUM]  16.00-17.00  sec  16.6 MBytes   139 Mbits/sec   19             
- - - - - - - - - - - - - - - - - - - - - - - - -
[  6]  17.00-18.00  sec  3.00 MBytes  25.2 Mbits/sec    3   44.9 KBytes       
[  9]  17.00-18.00  sec  2.88 MBytes  24.1 Mbits/sec    5   43.6 KBytes       
[ 11]  17.00-18.00  sec  3.50 MBytes  29.4 Mbits/sec    5   34.0 KBytes       
[ 13]  17.00-18.00  sec  2.62 MBytes  22.0 Mbits/sec    5   27.2 KBytes       
[ 15]  17.00-18.00  sec  2.50 MBytes  21.0 Mbits/sec    8   27.2 KBytes       
[SUM]  17.00-18.00  sec  14.5 MBytes   122 Mbits/sec   26             
- - - - - - - - - - - - - - - - - - - - - - - - -
[  6]  18.00-19.00  sec  3.12 MBytes  26.2 Mbits/sec    5   42.2 KBytes       
[  9]  18.00-19.00  sec  3.75 MBytes  31.5 Mbits/sec    6   28.6 KBytes       
[ 11]  18.00-19.00  sec  3.75 MBytes  31.5 Mbits/sec    5   36.8 KBytes       
[ 13]  18.00-19.00  sec  2.50 MBytes  21.0 Mbits/sec    4   29.9 KBytes       
[ 15]  18.00-19.00  sec  3.62 MBytes  30.4 Mbits/sec    4   43.6 KBytes       
[SUM]  18.00-19.00  sec  16.8 MBytes   140 Mbits/sec   24             
- - - - - - - - - - - - - - - - - - - - - - - - -
[  6]  19.00-20.00  sec  5.25 MBytes  44.0 Mbits/sec    1   77.6 KBytes       
[  9]  19.00-20.00  sec  2.25 MBytes  18.9 Mbits/sec    5   25.9 KBytes       
[ 11]  19.00-20.00  sec  4.00 MBytes  33.6 Mbits/sec    3   54.5 KBytes       
[ 13]  19.00-20.00  sec  1.75 MBytes  14.7 Mbits/sec    5   28.6 KBytes       
[ 15]  19.00-20.00  sec  4.62 MBytes  38.8 Mbits/sec    3   50.4 KBytes       
[SUM]  19.00-20.00  sec  17.9 MBytes   150 Mbits/sec   17             
- - - - - - - - - - - - - - - - - - - - - - - - -
[  6]  20.00-21.00  sec  3.25 MBytes  27.3 Mbits/sec    6   24.5 KBytes       
[  9]  20.00-21.00  sec  3.00 MBytes  25.2 Mbits/sec    2   47.6 KBytes       
[ 11]  20.00-21.00  sec  3.75 MBytes  31.5 Mbits/sec    3   51.7 KBytes       
[ 13]  20.00-21.00  sec  3.25 MBytes  27.3 Mbits/sec    2   19.1 KBytes       
[ 15]  20.00-21.00  sec  5.62 MBytes  47.2 Mbits/sec    1   87.1 KBytes       
[SUM]  20.00-21.00  sec  18.9 MBytes   158 Mbits/sec   14             
- - - - - - - - - - - - - - - - - - - - - - - - -
[  6]  21.00-22.00  sec  3.50 MBytes  29.4 Mbits/sec    2   54.5 KBytes       
[  9]  21.00-22.00  sec  2.62 MBytes  22.0 Mbits/sec    6   32.7 KBytes       
[ 11]  21.00-22.00  sec  3.88 MBytes  32.5 Mbits/sec    4   28.6 KBytes       
[ 13]  21.00-22.00  sec  4.25 MBytes  35.7 Mbits/sec    1   65.3 KBytes       
[ 15]  21.00-22.00  sec  4.75 MBytes  39.8 Mbits/sec    4   47.6 KBytes       
[SUM]  21.00-22.00  sec  19.0 MBytes   159 Mbits/sec   17             
- - - - - - - - - - - - - - - - - - - - - - - - -
[  6]  22.00-23.00  sec  3.38 MBytes  28.3 Mbits/sec    5   35.4 KBytes       
[  9]  22.00-23.00  sec  3.88 MBytes  32.5 Mbits/sec    2   51.7 KBytes       
[ 11]  22.00-23.00  sec  2.75 MBytes  23.1 Mbits/sec    3   47.6 KBytes       
[ 13]  22.00-23.00  sec  3.75 MBytes  31.5 Mbits/sec    5   39.5 KBytes       
[ 15]  22.00-23.00  sec  4.25 MBytes  35.7 Mbits/sec    5   29.9 KBytes       
[SUM]  22.00-23.00  sec  18.0 MBytes   151 Mbits/sec   20             
- - - - - - - - - - - - - - - - - - - - - - - - -
[  6]  23.00-24.00  sec  4.00 MBytes  33.6 Mbits/sec    2   54.5 KBytes       
[  9]  23.00-24.00  sec  4.00 MBytes  33.6 Mbits/sec    4   36.8 KBytes       
[ 11]  23.00-24.00  sec  3.62 MBytes  30.4 Mbits/sec    4   35.4 KBytes       
[ 13]  23.00-24.00  sec  2.75 MBytes  23.1 Mbits/sec    5   27.2 KBytes       
[ 15]  23.00-24.00  sec  3.00 MBytes  25.2 Mbits/sec    4   35.4 KBytes       
[SUM]  23.00-24.00  sec  17.4 MBytes   146 Mbits/sec   19             
- - - - - - - - - - - - - - - - - - - - - - - - -
[  6]  24.00-25.00  sec  3.75 MBytes  31.5 Mbits/sec    2   59.9 KBytes       
[  9]  24.00-25.00  sec  4.12 MBytes  34.6 Mbits/sec    0   87.1 KBytes       
[ 11]  24.00-25.00  sec  2.62 MBytes  22.0 Mbits/sec    3   43.6 KBytes       
[ 13]  24.00-25.00  sec  2.62 MBytes  22.0 Mbits/sec    1   57.2 KBytes       
[ 15]  24.00-25.00  sec  3.38 MBytes  28.3 Mbits/sec    1   73.5 KBytes       
[SUM]  24.00-25.00  sec  16.5 MBytes   138 Mbits/sec    7             
- - - - - - - - - - - - - - - - - - - - - - - - -
[  6]  25.00-26.00  sec  3.12 MBytes  26.2 Mbits/sec    4   32.7 KBytes       
[  9]  25.00-26.00  sec  4.75 MBytes  39.9 Mbits/sec    3   50.4 KBytes       
[ 11]  25.00-26.00  sec  2.38 MBytes  19.9 Mbits/sec    4   44.9 KBytes       
[ 13]  25.00-26.00  sec  3.25 MBytes  27.3 Mbits/sec    2   62.6 KBytes       
[ 15]  25.00-26.00  sec  3.12 MBytes  26.2 Mbits/sec    3   62.6 KBytes       
[SUM]  25.00-26.00  sec  16.6 MBytes   139 Mbits/sec   16             
- - - - - - - - - - - - - - - - - - - - - - - - -
[  6]  26.00-27.00  sec  2.12 MBytes  17.8 Mbits/sec    4   32.7 KBytes       
[  9]  26.00-27.00  sec  4.25 MBytes  35.6 Mbits/sec    1   77.6 KBytes       
[ 11]  26.00-27.00  sec  4.62 MBytes  38.8 Mbits/sec    2   64.0 KBytes       
[ 13]  26.00-27.00  sec  3.75 MBytes  31.5 Mbits/sec    3   47.6 KBytes       
[ 15]  26.00-27.00  sec  4.38 MBytes  36.7 Mbits/sec    2   66.7 KBytes       
[SUM]  26.00-27.00  sec  19.1 MBytes   160 Mbits/sec   12             
- - - - - - - - - - - - - - - - - - - - - - - - -
[  6]  27.00-28.00  sec  3.75 MBytes  31.5 Mbits/sec    2   62.6 KBytes       
[  9]  27.00-28.00  sec  4.25 MBytes  35.7 Mbits/sec    5   69.4 KBytes       
[ 11]  27.00-28.00  sec  3.38 MBytes  28.3 Mbits/sec    7   17.7 KBytes       
[ 13]  27.00-28.00  sec  3.88 MBytes  32.5 Mbits/sec    3   39.5 KBytes       
[ 15]  27.00-28.00  sec  4.25 MBytes  35.7 Mbits/sec    6   39.5 KBytes       
[SUM]  27.00-28.00  sec  19.5 MBytes   164 Mbits/sec   23             
- - - - - - - - - - - - - - - - - - - - - - - - -
[  6]  28.00-29.00  sec  4.00 MBytes  33.6 Mbits/sec    5   28.6 KBytes       
[  9]  28.00-29.00  sec  3.62 MBytes  30.4 Mbits/sec    7   24.5 KBytes       
[ 11]  28.00-29.00  sec  2.88 MBytes  24.1 Mbits/sec    2   44.9 KBytes       
[ 13]  28.00-29.00  sec  2.62 MBytes  22.0 Mbits/sec    4   34.0 KBytes       
[ 15]  28.00-29.00  sec  3.38 MBytes  28.3 Mbits/sec    3   62.6 KBytes       
[SUM]  28.00-29.00  sec  16.5 MBytes   138 Mbits/sec   21             
- - - - - - - - - - - - - - - - - - - - - - - - -
[  6]  29.00-30.00  sec  2.75 MBytes  23.1 Mbits/sec    4   32.7 KBytes       
[  9]  29.00-30.00  sec  2.75 MBytes  23.1 Mbits/sec    3   49.0 KBytes       
[ 11]  29.00-30.00  sec  3.88 MBytes  32.5 Mbits/sec    4   35.4 KBytes       
[ 13]  29.00-30.00  sec  2.62 MBytes  22.0 Mbits/sec    3   47.6 KBytes       
[ 15]  29.00-30.00  sec  4.88 MBytes  40.9 Mbits/sec    4   51.7 KBytes       
[SUM]  29.00-30.00  sec  16.9 MBytes   142 Mbits/sec   18             
- - - - - - - - - - - - - - - - - - - - - - - - -
[ ID] Interval           Transfer     Bitrate         Retr
[  6]   0.00-30.01  sec   104 MBytes  29.0 Mbits/sec  105            sender
[  9]   0.00-30.01  sec   109 MBytes  30.6 Mbits/sec  101            sender
[ 11]   0.00-30.01  sec   102 MBytes  28.5 Mbits/sec   95            sender
[ 13]   0.00-30.01  sec  95.9 MBytes  26.8 Mbits/sec  100            sender
[ 15]   0.00-30.01  sec   124 MBytes  34.7 Mbits/sec  103            sender
[SUM]   0.00-30.01  sec   535 MBytes   150 Mbits/sec  504             sender
-----------------------------------------------------------
Server listening on 5201 (test #4)
-----------------------------------------------------------
Accepted connection from 128.220.159.221, port 26354
[  6] local 192.168.135.129 port 5201 connected to 128.220.159.221 port 60153
[  9] local 192.168.135.129 port 5201 connected to 128.220.159.221 port 8199
[ 11] local 192.168.135.129 port 5201 connected to 128.220.159.221 port 16461
[ 13] local 192.168.135.129 port 5201 connected to 128.220.159.221 port 57143
[ 15] local 192.168.135.129 port 5201 connected to 128.220.159.221 port 24921
[ ID] Interval           Transfer     Bitrate         Retr  Cwnd
[  6]   0.00-1.00   sec  5.50 MBytes  46.1 Mbits/sec    5   49.0 KBytes       
[  9]   0.00-1.00   sec  4.25 MBytes  35.6 Mbits/sec    4   58.5 KBytes       
[ 11]   0.00-1.00   sec  6.75 MBytes  56.6 Mbits/sec    6   61.3 KBytes       
[ 13]   0.00-1.00   sec  7.38 MBytes  61.8 Mbits/sec    5   89.8 KBytes       
[ 15]   0.00-1.00   sec  6.00 MBytes  50.3 Mbits/sec    5   61.3 KBytes       
[SUM]   0.00-1.00   sec  29.9 MBytes   250 Mbits/sec   25             
- - - - - - - - - - - - - - - - - - - - - - - - -
[  6]   1.00-2.00   sec  3.50 MBytes  29.4 Mbits/sec    6   64.0 KBytes       
[  9]   1.00-2.00   sec  4.50 MBytes  37.7 Mbits/sec    3   44.9 KBytes       
[ 11]   1.00-2.00   sec  4.62 MBytes  38.8 Mbits/sec    8   15.0 KBytes       
[ 13]   1.00-2.00   sec  4.88 MBytes  40.9 Mbits/sec   16   36.8 KBytes       
[ 15]   1.00-2.00   sec  5.00 MBytes  41.9 Mbits/sec    7   13.6 KBytes       
[SUM]   1.00-2.00   sec  22.5 MBytes   189 Mbits/sec   40             
- - - - - - - - - - - - - - - - - - - - - - - - -
[  6]   2.00-3.00   sec  4.00 MBytes  33.6 Mbits/sec    5   36.8 KBytes       
[  9]   2.00-3.00   sec  4.75 MBytes  39.8 Mbits/sec    1   79.0 KBytes       
[ 11]   2.00-3.00   sec  4.75 MBytes  39.8 Mbits/sec    2   47.6 KBytes       
[ 13]   2.00-3.00   sec  3.62 MBytes  30.4 Mbits/sec    4   51.7 KBytes       
[ 15]   2.00-3.00   sec  3.75 MBytes  31.5 Mbits/sec    3   42.2 KBytes       
[SUM]   2.00-3.00   sec  20.9 MBytes   175 Mbits/sec   15             
- - - - - - - - - - - - - - - - - - - - - - - - -
[  6]   3.00-4.00   sec  3.38 MBytes  28.3 Mbits/sec    5   31.3 KBytes       
[  9]   3.00-4.00   sec  4.12 MBytes  34.6 Mbits/sec    6   19.1 KBytes       
[ 11]   3.00-4.00   sec  4.88 MBytes  40.9 Mbits/sec    2   66.7 KBytes       
[ 13]   3.00-4.00   sec  4.50 MBytes  37.7 Mbits/sec    3   42.2 KBytes       
[ 15]   3.00-4.00   sec  4.25 MBytes  35.7 Mbits/sec    5   32.7 KBytes       
[SUM]   3.00-4.00   sec  21.1 MBytes   177 Mbits/sec   21             
- - - - - - - - - - - - - - - - - - - - - - - - -
[  6]   4.00-5.00   sec  3.62 MBytes  30.4 Mbits/sec    3   44.9 KBytes       
[  9]   4.00-5.00   sec  2.25 MBytes  18.9 Mbits/sec    4   24.5 KBytes       
[ 11]   4.00-5.00   sec  6.38 MBytes  53.5 Mbits/sec    3   65.3 KBytes       
[ 13]   4.00-5.00   sec  3.25 MBytes  27.3 Mbits/sec    8   20.4 KBytes       
[ 15]   4.00-5.00   sec  5.00 MBytes  41.9 Mbits/sec    2   61.3 KBytes       
[SUM]   4.00-5.00   sec  20.5 MBytes   172 Mbits/sec   20             
- - - - - - - - - - - - - - - - - - - - - - - - -
[  6]   5.00-6.00   sec  5.75 MBytes  48.2 Mbits/sec    1   87.1 KBytes       
[  9]   5.00-6.00   sec  2.12 MBytes  17.8 Mbits/sec    2   50.4 KBytes       
[ 11]   5.00-6.00   sec  4.38 MBytes  36.7 Mbits/sec    4   54.5 KBytes       
[ 13]   5.00-6.00   sec  3.38 MBytes  28.3 Mbits/sec    2   43.6 KBytes       
[ 15]   5.00-6.00   sec  5.62 MBytes  47.2 Mbits/sec    5   25.9 KBytes       
[SUM]   5.00-6.00   sec  21.2 MBytes   178 Mbits/sec   14             
- - - - - - - - - - - - - - - - - - - - - - - - -
[  6]   6.00-7.00   sec  6.38 MBytes  53.5 Mbits/sec    3   64.0 KBytes       
[  9]   6.00-7.00   sec  4.00 MBytes  33.6 Mbits/sec    4   34.0 KBytes       
[ 11]   6.00-7.00   sec  3.25 MBytes  27.3 Mbits/sec    7   34.0 KBytes       
[ 13]   6.00-7.00   sec  3.62 MBytes  30.4 Mbits/sec    3   55.8 KBytes       
[ 15]   6.00-7.00   sec  3.12 MBytes  26.2 Mbits/sec    4   36.8 KBytes       
[SUM]   6.00-7.00   sec  20.4 MBytes   171 Mbits/sec   21             
- - - - - - - - - - - - - - - - - - - - - - - - -
[  6]   7.00-8.00   sec  3.38 MBytes  28.3 Mbits/sec    6   38.1 KBytes       
[  9]   7.00-8.00   sec  2.38 MBytes  19.9 Mbits/sec    5   25.9 KBytes       
[ 11]   7.00-8.00   sec  4.00 MBytes  33.6 Mbits/sec    5   34.0 KBytes       
[ 13]   7.00-8.00   sec  4.38 MBytes  36.7 Mbits/sec    4   27.2 KBytes       
[ 15]   7.00-8.00   sec  3.25 MBytes  27.3 Mbits/sec    6   43.6 KBytes       
[SUM]   7.00-8.00   sec  17.4 MBytes   146 Mbits/sec   26             
- - - - - - - - - - - - - - - - - - - - - - - - -
[  6]   8.00-9.00   sec  4.38 MBytes  36.7 Mbits/sec    2   57.2 KBytes       
[  9]   8.00-9.00   sec  3.75 MBytes  31.5 Mbits/sec    1   57.2 KBytes       
[ 11]   8.00-9.00   sec  3.62 MBytes  30.4 Mbits/sec    4   35.4 KBytes       
[ 13]   8.00-9.00   sec  5.38 MBytes  45.1 Mbits/sec    1   70.8 KBytes       
[ 15]   8.00-9.00   sec  3.88 MBytes  32.5 Mbits/sec    4   43.6 KBytes       
[SUM]   8.00-9.00   sec  21.0 MBytes   176 Mbits/sec   12             
- - - - - - - - - - - - - - - - - - - - - - - - -
[  6]   9.00-10.00  sec  4.75 MBytes  39.8 Mbits/sec    4   62.6 KBytes       
[  9]   9.00-10.00  sec  3.12 MBytes  26.2 Mbits/sec    3   68.1 KBytes       
[ 11]   9.00-10.00  sec  5.00 MBytes  41.9 Mbits/sec    1   87.1 KBytes       
[ 13]   9.00-10.00  sec  3.25 MBytes  27.3 Mbits/sec    5   43.6 KBytes       
[ 15]   9.00-10.00  sec  4.38 MBytes  36.7 Mbits/sec    4   36.8 KBytes       
[SUM]   9.00-10.00  sec  20.5 MBytes   172 Mbits/sec   17             
- - - - - - - - - - - - - - - - - - - - - - - - -
[  6]  10.00-11.00  sec  3.38 MBytes  28.3 Mbits/sec    6   25.9 KBytes       
[  9]  10.00-11.00  sec  4.75 MBytes  39.9 Mbits/sec    5   32.7 KBytes       
[ 11]  10.00-11.00  sec  5.00 MBytes  41.9 Mbits/sec    6   28.6 KBytes       
[ 13]  10.00-11.00  sec  4.88 MBytes  40.9 Mbits/sec    3   53.1 KBytes       
[ 15]  10.00-11.00  sec  3.62 MBytes  30.4 Mbits/sec    4   36.8 KBytes       
[SUM]  10.00-11.00  sec  21.6 MBytes   181 Mbits/sec   24             
- - - - - - - - - - - - - - - - - - - - - - - - -
[  6]  11.00-12.00  sec  3.88 MBytes  32.5 Mbits/sec    2   55.8 KBytes       
[  9]  11.00-12.00  sec  3.12 MBytes  26.2 Mbits/sec    1   61.3 KBytes       
[ 11]  11.00-12.00  sec  3.00 MBytes  25.2 Mbits/sec    6   42.2 KBytes       
[ 13]  11.00-12.00  sec  3.38 MBytes  28.3 Mbits/sec    5   39.5 KBytes       
[ 15]  11.00-12.00  sec  4.38 MBytes  36.7 Mbits/sec    4   47.6 KBytes       
[SUM]  11.00-12.00  sec  17.8 MBytes   149 Mbits/sec   18             
- - - - - - - - - - - - - - - - - - - - - - - - -
[  6]  12.00-13.00  sec  4.75 MBytes  39.8 Mbits/sec    4   39.5 KBytes       
[  9]  12.00-13.00  sec  3.75 MBytes  31.5 Mbits/sec    6   36.8 KBytes       
[ 11]  12.00-13.00  sec  2.75 MBytes  23.1 Mbits/sec    7   29.9 KBytes       
[ 13]  12.00-13.00  sec  2.88 MBytes  24.1 Mbits/sec    6   25.9 KBytes       
[ 15]  12.00-13.00  sec  4.88 MBytes  40.9 Mbits/sec    4   47.6 KBytes       
[SUM]  12.00-13.00  sec  19.0 MBytes   159 Mbits/sec   27             
- - - - - - - - - - - - - - - - - - - - - - - - -
[  6]  13.00-14.00  sec  4.00 MBytes  33.6 Mbits/sec    4   36.8 KBytes       
[  9]  13.00-14.00  sec  3.00 MBytes  25.2 Mbits/sec    3   42.2 KBytes       
[ 11]  13.00-14.00  sec  4.12 MBytes  34.6 Mbits/sec    3   47.6 KBytes       
[ 13]  13.00-14.00  sec  4.38 MBytes  36.7 Mbits/sec    2   44.9 KBytes       
[ 15]  13.00-14.00  sec  4.75 MBytes  39.8 Mbits/sec    4   38.1 KBytes       
[SUM]  13.00-14.00  sec  20.2 MBytes   170 Mbits/sec   16             
- - - - - - - - - - - - - - - - - - - - - - - - -
[  6]  14.00-15.00  sec  3.38 MBytes  28.3 Mbits/sec    4   44.9 KBytes       
[  9]  14.00-15.00  sec  3.88 MBytes  32.5 Mbits/sec    2   57.2 KBytes       
[ 11]  14.00-15.00  sec  3.38 MBytes  28.3 Mbits/sec    6   35.4 KBytes       
[ 13]  14.00-15.00  sec  3.75 MBytes  31.5 Mbits/sec    5   40.8 KBytes       
[ 15]  14.00-15.00  sec  4.38 MBytes  36.7 Mbits/sec    4   49.0 KBytes       
[SUM]  14.00-15.00  sec  18.8 MBytes   157 Mbits/sec   21             
- - - - - - - - - - - - - - - - - - - - - - - - -
[  6]  15.00-16.00  sec  4.00 MBytes  33.6 Mbits/sec    2   57.2 KBytes       
[  9]  15.00-16.00  sec  5.75 MBytes  48.2 Mbits/sec    1   76.2 KBytes       
[ 11]  15.00-16.00  sec  3.88 MBytes  32.5 Mbits/sec    2   54.5 KBytes       
[ 13]  15.00-16.00  sec  3.38 MBytes  28.3 Mbits/sec    2   66.7 KBytes       
[ 15]  15.00-16.00  sec  4.50 MBytes  37.7 Mbits/sec    3   21.8 KBytes       
[SUM]  15.00-16.00  sec  21.5 MBytes   180 Mbits/sec   10             
- - - - - - - - - - - - - - - - - - - - - - - - -
[  6]  16.00-17.00  sec  3.88 MBytes  32.5 Mbits/sec    5   36.8 KBytes       
[  9]  16.00-17.00  sec  4.75 MBytes  39.8 Mbits/sec    3   58.5 KBytes       
[ 11]  16.00-17.00  sec  5.00 MBytes  41.9 Mbits/sec    4   32.7 KBytes       
[ 13]  16.00-17.00  sec  4.75 MBytes  39.8 Mbits/sec    4   36.8 KBytes       
[ 15]  16.00-17.00  sec  3.88 MBytes  32.5 Mbits/sec    3   46.3 KBytes       
[SUM]  16.00-17.00  sec  22.2 MBytes   187 Mbits/sec   19             
- - - - - - - - - - - - - - - - - - - - - - - - -
[  6]  17.00-18.00  sec  3.75 MBytes  31.5 Mbits/sec    6   23.1 KBytes       
[  9]  17.00-18.00  sec  2.75 MBytes  23.1 Mbits/sec    7   29.9 KBytes       
[ 11]  17.00-18.00  sec  5.62 MBytes  47.2 Mbits/sec    3   35.4 KBytes       
[ 13]  17.00-18.00  sec  3.00 MBytes  25.2 Mbits/sec    5   31.3 KBytes       
[ 15]  17.00-18.00  sec  5.00 MBytes  41.9 Mbits/sec    5   25.9 KBytes       
[SUM]  17.00-18.00  sec  20.1 MBytes   169 Mbits/sec   26             
- - - - - - - - - - - - - - - - - - - - - - - - -
[  6]  18.00-19.00  sec  3.12 MBytes  26.2 Mbits/sec    4   31.3 KBytes       
[  9]  18.00-19.00  sec  2.62 MBytes  22.0 Mbits/sec    6   21.8 KBytes       
[ 11]  18.00-19.00  sec  4.00 MBytes  33.6 Mbits/sec    5   34.0 KBytes       
[ 13]  18.00-19.00  sec  4.75 MBytes  39.8 Mbits/sec    1   84.4 KBytes       
[ 15]  18.00-19.00  sec  3.38 MBytes  28.3 Mbits/sec    5   39.5 KBytes       
[SUM]  18.00-19.00  sec  17.9 MBytes   150 Mbits/sec   21             
- - - - - - - - - - - - - - - - - - - - - - - - -
[  6]  19.00-20.00  sec  3.50 MBytes  29.4 Mbits/sec    3   54.5 KBytes       
[  9]  19.00-20.00  sec  2.75 MBytes  23.1 Mbits/sec    2   39.5 KBytes       
[ 11]  19.00-20.00  sec  4.00 MBytes  33.6 Mbits/sec    4   38.1 KBytes       
[ 13]  19.00-20.00  sec  4.88 MBytes  40.9 Mbits/sec    5   46.3 KBytes       
[ 15]  19.00-20.00  sec  4.88 MBytes  40.9 Mbits/sec    2   74.9 KBytes       
[SUM]  19.00-20.00  sec  20.0 MBytes   168 Mbits/sec   16             
- - - - - - - - - - - - - - - - - - - - - - - - -
[  6]  20.00-21.00  sec  2.75 MBytes  23.1 Mbits/sec   10   16.3 KBytes       
[  9]  20.00-21.00  sec  3.88 MBytes  32.5 Mbits/sec    3   53.1 KBytes       
[ 11]  20.00-21.00  sec  2.75 MBytes  23.1 Mbits/sec    6   35.4 KBytes       
[ 13]  20.00-21.00  sec  3.75 MBytes  31.5 Mbits/sec    4   34.0 KBytes       
[ 15]  20.00-21.00  sec  5.12 MBytes  43.0 Mbits/sec    6   36.8 KBytes       
[SUM]  20.00-21.00  sec  18.2 MBytes   153 Mbits/sec   29             
- - - - - - - - - - - - - - - - - - - - - - - - -
[  6]  21.00-22.00  sec  3.25 MBytes  27.3 Mbits/sec    4   65.3 KBytes       
[  9]  21.00-22.00  sec  3.62 MBytes  30.4 Mbits/sec   10   70.8 KBytes       
[ 11]  21.00-22.00  sec  4.12 MBytes  34.6 Mbits/sec    6   21.8 KBytes       
[ 13]  21.00-22.00  sec  3.62 MBytes  30.4 Mbits/sec    5   49.0 KBytes       
[ 15]  21.00-22.00  sec  4.00 MBytes  33.6 Mbits/sec    3   51.7 KBytes       
[SUM]  21.00-22.00  sec  18.6 MBytes   156 Mbits/sec   28             
- - - - - - - - - - - - - - - - - - - - - - - - -
[  6]  22.00-23.00  sec  5.00 MBytes  41.9 Mbits/sec    3   57.2 KBytes       
[  9]  22.00-23.00  sec  4.25 MBytes  35.7 Mbits/sec    4   53.1 KBytes       
[ 11]  22.00-23.00  sec  3.12 MBytes  26.2 Mbits/sec    3   36.8 KBytes       
[ 13]  22.00-23.00  sec  3.75 MBytes  31.5 Mbits/sec    3   55.8 KBytes       
[ 15]  22.00-23.00  sec  4.75 MBytes  39.8 Mbits/sec    4   36.8 KBytes       
[SUM]  22.00-23.00  sec  20.9 MBytes   175 Mbits/sec   17             
- - - - - - - - - - - - - - - - - - - - - - - - -
[  6]  23.00-24.00  sec  4.38 MBytes  36.7 Mbits/sec    4   38.1 KBytes       
[  9]  23.00-24.00  sec  4.12 MBytes  34.6 Mbits/sec    2   59.9 KBytes       
[ 11]  23.00-24.00  sec  5.00 MBytes  41.9 Mbits/sec    2   58.5 KBytes       
[ 13]  23.00-24.00  sec  3.62 MBytes  30.4 Mbits/sec    4   47.6 KBytes       
[ 15]  23.00-24.00  sec  3.25 MBytes  27.3 Mbits/sec    5   29.9 KBytes       
[SUM]  23.00-24.00  sec  20.4 MBytes   171 Mbits/sec   17             
- - - - - - - - - - - - - - - - - - - - - - - - -
[  6]  24.00-25.00  sec  2.62 MBytes  22.0 Mbits/sec    5   39.5 KBytes       
[  9]  24.00-25.00  sec  3.38 MBytes  28.3 Mbits/sec    4   39.5 KBytes       
[ 11]  24.00-25.00  sec  4.75 MBytes  39.8 Mbits/sec    6   38.1 KBytes       
[ 13]  24.00-25.00  sec  3.62 MBytes  30.4 Mbits/sec    5   29.9 KBytes       
[ 15]  24.00-25.00  sec  3.25 MBytes  27.3 Mbits/sec    6   27.2 KBytes       
[SUM]  24.00-25.00  sec  17.6 MBytes   148 Mbits/sec   26             
- - - - - - - - - - - - - - - - - - - - - - - - -
[  6]  25.00-26.00  sec  4.25 MBytes  35.7 Mbits/sec    3   50.4 KBytes       
[  9]  25.00-26.00  sec  2.62 MBytes  22.0 Mbits/sec    3   55.8 KBytes       
[ 11]  25.00-26.00  sec  4.38 MBytes  36.7 Mbits/sec    6   28.6 KBytes       
[ 13]  25.00-26.00  sec  3.00 MBytes  25.2 Mbits/sec    3   51.7 KBytes       
[ 15]  25.00-26.00  sec  3.38 MBytes  28.3 Mbits/sec    5   39.5 KBytes       
[SUM]  25.00-26.00  sec  17.6 MBytes   148 Mbits/sec   20             
- - - - - - - - - - - - - - - - - - - - - - - - -
[  6]  26.00-27.00  sec  4.50 MBytes  37.7 Mbits/sec    3   53.1 KBytes       
[  9]  26.00-27.00  sec  3.88 MBytes  32.5 Mbits/sec    3   53.1 KBytes       
[ 11]  26.00-27.00  sec  3.12 MBytes  26.2 Mbits/sec    4   53.1 KBytes       
[ 13]  26.00-27.00  sec  5.12 MBytes  43.0 Mbits/sec    2   68.1 KBytes       
[ 15]  26.00-27.00  sec  4.38 MBytes  36.7 Mbits/sec    3   54.5 KBytes       
[SUM]  26.00-27.00  sec  21.0 MBytes   176 Mbits/sec   15             
- - - - - - - - - - - - - - - - - - - - - - - - -
[  6]  27.00-28.00  sec  4.62 MBytes  38.8 Mbits/sec    2   68.1 KBytes       
[  9]  27.00-28.00  sec  3.75 MBytes  31.5 Mbits/sec    3   51.7 KBytes       
[ 11]  27.00-28.00  sec  4.50 MBytes  37.7 Mbits/sec    4   31.3 KBytes       
[ 13]  27.00-28.00  sec  5.88 MBytes  49.3 Mbits/sec    3   47.6 KBytes       
[ 15]  27.00-28.00  sec  4.62 MBytes  38.8 Mbits/sec    2   72.2 KBytes       
[SUM]  27.00-28.00  sec  23.4 MBytes   196 Mbits/sec   14             
- - - - - - - - - - - - - - - - - - - - - - - - -
[  6]  28.00-29.00  sec  4.38 MBytes  36.7 Mbits/sec    6   38.1 KBytes       
[  9]  28.00-29.00  sec  3.25 MBytes  27.3 Mbits/sec    4   62.6 KBytes       
[ 11]  28.00-29.00  sec  3.38 MBytes  28.3 Mbits/sec    4   46.3 KBytes       
[ 13]  28.00-29.00  sec  3.25 MBytes  27.3 Mbits/sec    8   23.1 KBytes       
[ 15]  28.00-29.00  sec  5.50 MBytes  46.1 Mbits/sec    6   40.8 KBytes       
[SUM]  28.00-29.00  sec  19.8 MBytes   166 Mbits/sec   28             
- - - - - - - - - - - - - - - - - - - - - - - - -
[  6]  29.00-30.00  sec  2.75 MBytes  23.1 Mbits/sec    7   20.4 KBytes       
[  9]  29.00-30.00  sec  3.88 MBytes  32.5 Mbits/sec    4   36.8 KBytes       
[ 11]  29.00-30.00  sec  3.62 MBytes  30.4 Mbits/sec    6   42.2 KBytes       
[ 13]  29.00-30.00  sec  2.88 MBytes  24.1 Mbits/sec    5   28.6 KBytes       
[ 15]  29.00-30.00  sec  4.00 MBytes  33.6 Mbits/sec    9   35.4 KBytes       
[SUM]  29.00-30.00  sec  17.1 MBytes   144 Mbits/sec   31             
- - - - - - - - - - - - - - - - - - - - - - - - -
[ ID] Interval           Transfer     Bitrate         Retr
[  6]   0.00-30.01  sec   121 MBytes  33.8 Mbits/sec  127            sender
[  9]   0.00-30.01  sec   109 MBytes  30.5 Mbits/sec  109            sender
[ 11]   0.00-30.01  sec   127 MBytes  35.5 Mbits/sec  135            sender
[ 13]   0.00-30.01  sec   122 MBytes  34.2 Mbits/sec  131            sender
[ 15]   0.00-30.01  sec   130 MBytes  36.4 Mbits/sec  132            sender
[SUM]   0.00-30.01  sec   610 MBytes   170 Mbits/sec  634             sender
-----------------------------------------------------------
Server listening on 5201 (test #5)
-----------------------------------------------------------
iperf3: interrupt - the server has terminated by signal Interrupt(2)
