-----------------------------------------------------------
Server listening on 5201 (test #1)
-----------------------------------------------------------
Accepted connection from 128.220.159.221, port 52732
[  6] local 192.168.135.129 port 5201 connected to 128.220.159.221 port 6073
[  9] local 192.168.135.129 port 5201 connected to 128.220.159.221 port 2886
[ 11] local 192.168.135.129 port 5201 connected to 128.220.159.221 port 23767
[ 13] local 192.168.135.129 port 5201 connected to 128.220.159.221 port 5108
[ 15] local 192.168.135.129 port 5201 connected to 128.220.159.221 port 58178
[ ID] Interval           Transfer     Bitrate         Retr  Cwnd
[  6]   0.00-1.00   sec  7.25 MBytes  60.8 Mbits/sec    1    206 KBytes       
[  9]   0.00-1.00   sec  9.88 MBytes  82.7 Mbits/sec    2    225 KBytes       
[ 11]   0.00-1.00   sec  10.4 MBytes  86.9 Mbits/sec    4    143 KBytes       
[ 13]   0.00-1.00   sec  1.00 MBytes  8.38 Mbits/sec    3   40.8 KBytes       
[ 15]   0.00-1.00   sec  3.38 MBytes  28.3 Mbits/sec    3   69.4 KBytes       
[SUM]   0.00-1.00   sec  31.9 MBytes   267 Mbits/sec   13             
- - - - - - - - - - - - - - - - - - - - - - - - -
[  6]   1.00-2.00   sec  9.12 MBytes  76.5 Mbits/sec    3    109 KBytes       
[  9]   1.00-2.00   sec  5.25 MBytes  44.1 Mbits/sec    3    109 KBytes       
[ 11]   1.00-2.00   sec  6.62 MBytes  55.6 Mbits/sec    2   92.6 KBytes       
[ 13]   1.00-2.00   sec  2.75 MBytes  23.1 Mbits/sec    1   57.2 KBytes       
[ 15]   1.00-2.00   sec  3.00 MBytes  25.2 Mbits/sec    2   64.0 KBytes       
[SUM]   1.00-2.00   sec  26.8 MBytes   224 Mbits/sec   11             
- - - - - - - - - - - - - - - - - - - - - - - - -
[  6]   2.00-3.00   sec  6.00 MBytes  50.3 Mbits/sec    4   99.4 KBytes       
[  9]   2.00-3.00   sec  5.75 MBytes  48.2 Mbits/sec    8   91.2 KBytes       
[ 11]   2.00-3.00   sec  5.00 MBytes  41.9 Mbits/sec    2   81.7 KBytes       
[ 13]   2.00-3.00   sec  3.50 MBytes  29.4 Mbits/sec    5   64.0 KBytes       
[ 15]   2.00-3.00   sec  4.62 MBytes  38.8 Mbits/sec    2   89.8 KBytes       
[SUM]   2.00-3.00   sec  24.9 MBytes   209 Mbits/sec   21             
- - - - - - - - - - - - - - - - - - - - - - - - -
[  6]   3.00-4.00   sec  6.50 MBytes  54.5 Mbits/sec    0    137 KBytes       
[  9]   3.00-4.00   sec  4.62 MBytes  38.8 Mbits/sec    1   99.4 KBytes       
[ 11]   3.00-4.00   sec  3.88 MBytes  32.5 Mbits/sec    2   61.3 KBytes       
[ 13]   3.00-4.00   sec  4.62 MBytes  38.8 Mbits/sec    0    103 KBytes       
[ 15]   3.00-4.00   sec  4.62 MBytes  38.8 Mbits/sec    1   96.7 KBytes       
[SUM]   3.00-4.00   sec  24.2 MBytes   203 Mbits/sec    4             
- - - - - - - - - - - - - - - - - - - - - - - - -
[  6]   4.00-5.00   sec  5.88 MBytes  49.3 Mbits/sec    2   96.7 KBytes       
[  9]   4.00-5.00   sec  4.12 MBytes  34.6 Mbits/sec    2   76.2 KBytes       
[ 11]   4.00-5.00   sec  4.38 MBytes  36.7 Mbits/sec    0    101 KBytes       
[ 13]   4.00-5.00   sec  6.00 MBytes  50.3 Mbits/sec    1   76.2 KBytes       
[ 15]   4.00-5.00   sec  5.00 MBytes  41.9 Mbits/sec    2   73.5 KBytes       
[SUM]   4.00-5.00   sec  25.4 MBytes   213 Mbits/sec    7             
- - - - - - - - - - - - - - - - - - - - - - - - -
[  6]   5.00-6.00   sec  5.62 MBytes  47.2 Mbits/sec    2   73.5 KBytes       
[  9]   5.00-6.00   sec  4.25 MBytes  35.7 Mbits/sec    3   46.3 KBytes       
[ 11]   5.00-6.00   sec  5.88 MBytes  49.3 Mbits/sec    1    110 KBytes       
[ 13]   5.00-6.00   sec  3.00 MBytes  25.2 Mbits/sec    3   55.8 KBytes       
[ 15]   5.00-6.00   sec  4.50 MBytes  37.7 Mbits/sec    1   88.5 KBytes       
[SUM]   5.00-6.00   sec  23.2 MBytes   195 Mbits/sec   10             
- - - - - - - - - - - - - - - - - - - - - - - - -
[  6]   6.00-7.00   sec  4.38 MBytes  36.7 Mbits/sec    2   68.1 KBytes       
[  9]   6.00-7.00   sec  3.50 MBytes  29.4 Mbits/sec    1   72.2 KBytes       
[ 11]   6.00-7.00   sec  4.88 MBytes  40.9 Mbits/sec    4   88.5 KBytes       
[ 13]   6.00-7.00   sec  3.38 MBytes  28.3 Mbits/sec    2   58.5 KBytes       
[ 15]   6.00-7.00   sec  5.88 MBytes  49.3 Mbits/sec    1    101 KBytes       
[SUM]   6.00-7.00   sec  22.0 MBytes   185 Mbits/sec   10             
- - - - - - - - - - - - - - - - - - - - - - - - -
[  6]   7.00-8.00   sec  3.50 MBytes  29.4 Mbits/sec    4   31.3 KBytes       
[  9]   7.00-8.00   sec  4.88 MBytes  40.9 Mbits/sec    1   85.8 KBytes       
[ 11]   7.00-8.00   sec  5.62 MBytes  47.2 Mbits/sec    1    103 KBytes       
[ 13]   7.00-8.00   sec  3.00 MBytes  25.2 Mbits/sec    2   66.7 KBytes       
[ 15]   7.00-8.00   sec  6.00 MBytes  50.3 Mbits/sec    1    116 KBytes       
[SUM]   7.00-8.00   sec  23.0 MBytes   193 Mbits/sec    9             
- - - - - - - - - - - - - - - - - - - - - - - - -
[  6]   8.00-9.00   sec  2.88 MBytes  24.1 Mbits/sec    2   46.3 KBytes       
[  9]   8.00-9.00   sec  7.88 MBytes  66.1 Mbits/sec    0    135 KBytes       
[ 11]   8.00-9.00   sec  5.75 MBytes  48.2 Mbits/sec    1    117 KBytes       
[ 13]   8.00-9.00   sec  3.75 MBytes  31.5 Mbits/sec    2   72.2 KBytes       
[ 15]   8.00-9.00   sec  3.88 MBytes  32.5 Mbits/sec    5   38.1 KBytes       
[SUM]   8.00-9.00   sec  24.1 MBytes   202 Mbits/sec   10             
- - - - - - - - - - - - - - - - - - - - - - - - -
[  6]   9.00-10.00  sec  3.50 MBytes  29.4 Mbits/sec    5   49.0 KBytes       
[  9]   9.00-10.00  sec  6.00 MBytes  50.3 Mbits/sec    6   69.4 KBytes       
[ 11]   9.00-10.00  sec  5.12 MBytes  43.0 Mbits/sec    4   44.9 KBytes       
[ 13]   9.00-10.00  sec  6.00 MBytes  50.3 Mbits/sec    4    117 KBytes       
[ 15]   9.00-10.00  sec  2.50 MBytes  21.0 Mbits/sec    3   53.1 KBytes       
[SUM]   9.00-10.00  sec  23.1 MBytes   194 Mbits/sec   22             
- - - - - - - - - - - - - - - - - - - - - - - - -
[  6]  10.00-11.00  sec  4.38 MBytes  36.7 Mbits/sec    0   92.6 KBytes       
[  9]  10.00-11.00  sec  4.12 MBytes  34.6 Mbits/sec    1   87.1 KBytes       
[ 11]  10.00-11.00  sec  3.75 MBytes  31.5 Mbits/sec    0   88.5 KBytes       
[ 13]  10.00-11.00  sec  8.62 MBytes  72.3 Mbits/sec    0    163 KBytes       
[ 15]  10.00-11.00  sec  4.62 MBytes  38.8 Mbits/sec    0   98.0 KBytes       
[SUM]  10.00-11.00  sec  25.5 MBytes   214 Mbits/sec    1             
- - - - - - - - - - - - - - - - - - - - - - - - -
[  6]  11.00-12.00  sec  6.12 MBytes  51.4 Mbits/sec    2   66.7 KBytes       
[  9]  11.00-12.00  sec  4.38 MBytes  36.7 Mbits/sec    2   72.2 KBytes       
[ 11]  11.00-12.00  sec  5.75 MBytes  48.2 Mbits/sec    1   92.6 KBytes       
[ 13]  11.00-12.00  sec  7.62 MBytes  64.0 Mbits/sec    2    105 KBytes       
[ 15]  11.00-12.00  sec  4.38 MBytes  36.7 Mbits/sec    3   83.0 KBytes       
[SUM]  11.00-12.00  sec  28.2 MBytes   237 Mbits/sec   10             
- - - - - - - - - - - - - - - - - - - - - - - - -
[  6]  12.00-13.00  sec  4.12 MBytes  34.6 Mbits/sec    3   55.8 KBytes       
[  9]  12.00-13.00  sec  4.25 MBytes  35.7 Mbits/sec    1   85.8 KBytes       
[ 11]  12.00-13.00  sec  5.50 MBytes  46.1 Mbits/sec    2   65.3 KBytes       
[ 13]  12.00-13.00  sec  6.25 MBytes  52.4 Mbits/sec    1    108 KBytes       
[ 15]  12.00-13.00  sec  5.12 MBytes  43.0 Mbits/sec    1   91.2 KBytes       
[SUM]  12.00-13.00  sec  25.2 MBytes   212 Mbits/sec    8             
- - - - - - - - - - - - - - - - - - - - - - - - -
[  6]  13.00-14.00  sec  4.75 MBytes  39.8 Mbits/sec    0    102 KBytes       
[  9]  13.00-14.00  sec  4.75 MBytes  39.8 Mbits/sec    3   53.1 KBytes       
[ 11]  13.00-14.00  sec  4.38 MBytes  36.7 Mbits/sec    2   59.9 KBytes       
[ 13]  13.00-14.00  sec  4.38 MBytes  36.7 Mbits/sec    4   50.4 KBytes       
[ 15]  13.00-14.00  sec  5.38 MBytes  45.1 Mbits/sec    3   50.4 KBytes       
[SUM]  13.00-14.00  sec  23.6 MBytes   198 Mbits/sec   12             
- - - - - - - - - - - - - - - - - - - - - - - - -
[  6]  14.00-15.00  sec  6.25 MBytes  52.4 Mbits/sec    3   55.8 KBytes       
[  9]  14.00-15.00  sec  4.50 MBytes  37.7 Mbits/sec    2   53.1 KBytes       
[ 11]  14.00-15.00  sec  3.12 MBytes  26.2 Mbits/sec    3   44.9 KBytes       
[ 13]  14.00-15.00  sec  3.75 MBytes  31.5 Mbits/sec    2   55.8 KBytes       
[ 15]  14.00-15.00  sec  4.50 MBytes  37.8 Mbits/sec    1   72.2 KBytes       
[SUM]  14.00-15.00  sec  22.1 MBytes   186 Mbits/sec   11             
- - - - - - - - - - - - - - - - - - - - - - - - -
[  6]  15.00-16.00  sec  5.25 MBytes  44.0 Mbits/sec    1   91.2 KBytes       
[  9]  15.00-16.00  sec  4.00 MBytes  33.6 Mbits/sec    2   70.8 KBytes       
[ 11]  15.00-16.00  sec  4.38 MBytes  36.7 Mbits/sec    1   73.5 KBytes       
[ 13]  15.00-16.00  sec  5.12 MBytes  43.0 Mbits/sec    3   62.6 KBytes       
[ 15]  15.00-16.00  sec  5.12 MBytes  43.0 Mbits/sec    2   74.9 KBytes       
[SUM]  15.00-16.00  sec  23.9 MBytes   200 Mbits/sec    9             
- - - - - - - - - - - - - - - - - - - - - - - - -
[  6]  16.00-17.00  sec  4.12 MBytes  34.6 Mbits/sec    3   53.1 KBytes       
[  9]  16.00-17.00  sec  4.50 MBytes  37.8 Mbits/sec    2   58.5 KBytes       
[ 11]  16.00-17.00  sec  4.50 MBytes  37.8 Mbits/sec    1   88.5 KBytes       
[ 13]  16.00-17.00  sec  4.88 MBytes  40.9 Mbits/sec    1   74.9 KBytes       
[ 15]  16.00-17.00  sec  5.50 MBytes  46.1 Mbits/sec    2   55.8 KBytes       
[SUM]  16.00-17.00  sec  23.5 MBytes   197 Mbits/sec    9             
- - - - - - - - - - - - - - - - - - - - - - - - -
[  6]  17.00-18.00  sec  4.00 MBytes  33.6 Mbits/sec    1   77.6 KBytes       
[  9]  17.00-18.00  sec  4.88 MBytes  40.9 Mbits/sec    1   74.9 KBytes       
[ 11]  17.00-18.00  sec  5.25 MBytes  44.0 Mbits/sec    2   76.2 KBytes       
[ 13]  17.00-18.00  sec  4.38 MBytes  36.7 Mbits/sec    3   46.3 KBytes       
[ 15]  17.00-18.00  sec  4.75 MBytes  39.8 Mbits/sec    1   79.0 KBytes       
[SUM]  17.00-18.00  sec  23.2 MBytes   195 Mbits/sec    8             
- - - - - - - - - - - - - - - - - - - - - - - - -
[  6]  18.00-19.00  sec  5.00 MBytes  41.9 Mbits/sec    1   85.8 KBytes       
[  9]  18.00-19.00  sec  5.25 MBytes  44.0 Mbits/sec    0    118 KBytes       
[ 11]  18.00-19.00  sec  5.12 MBytes  43.0 Mbits/sec    0    114 KBytes       
[ 13]  18.00-19.00  sec  3.75 MBytes  31.5 Mbits/sec    0   85.8 KBytes       
[ 15]  18.00-19.00  sec  4.50 MBytes  37.7 Mbits/sec    1   85.8 KBytes       
[SUM]  18.00-19.00  sec  23.6 MBytes   198 Mbits/sec    2             
- - - - - - - - - - - - - - - - - - - - - - - - -
[  6]  19.00-20.00  sec  5.25 MBytes  44.0 Mbits/sec    0    125 KBytes       
[  9]  19.00-20.00  sec  7.12 MBytes  59.8 Mbits/sec    2    110 KBytes       
[ 11]  19.00-20.00  sec  5.50 MBytes  46.1 Mbits/sec    1    110 KBytes       
[ 13]  19.00-20.00  sec  4.25 MBytes  35.7 Mbits/sec    2   62.6 KBytes       
[ 15]  19.00-20.00  sec  4.88 MBytes  40.9 Mbits/sec    1   81.7 KBytes       
[SUM]  19.00-20.00  sec  27.0 MBytes   226 Mbits/sec    6             
- - - - - - - - - - - - - - - - - - - - - - - - -
[  6]  20.00-21.00  sec  6.12 MBytes  51.4 Mbits/sec    2   83.0 KBytes       
[  9]  20.00-21.00  sec  4.75 MBytes  39.8 Mbits/sec    4   36.8 KBytes       
[ 11]  20.00-21.00  sec  4.62 MBytes  38.8 Mbits/sec    2   83.0 KBytes       
[ 13]  20.00-21.00  sec  4.00 MBytes  33.6 Mbits/sec    2   49.0 KBytes       
[ 15]  20.00-21.00  sec  5.88 MBytes  49.3 Mbits/sec    0    121 KBytes       
[SUM]  20.00-21.00  sec  25.4 MBytes   213 Mbits/sec   10             
- - - - - - - - - - - - - - - - - - - - - - - - -
[  6]  21.00-22.00  sec  5.00 MBytes  41.9 Mbits/sec    2   72.2 KBytes       
[  9]  21.00-22.00  sec  3.50 MBytes  29.4 Mbits/sec    0   81.7 KBytes       
[ 11]  21.00-22.00  sec  5.00 MBytes  41.9 Mbits/sec    2   68.1 KBytes       
[ 13]  21.00-22.00  sec  3.88 MBytes  32.5 Mbits/sec    1   74.9 KBytes       
[ 15]  21.00-22.00  sec  5.25 MBytes  44.0 Mbits/sec    2   99.4 KBytes       
[SUM]  21.00-22.00  sec  22.6 MBytes   190 Mbits/sec    7             
- - - - - - - - - - - - - - - - - - - - - - - - -
[  6]  22.00-23.00  sec  5.75 MBytes  48.2 Mbits/sec    0    118 KBytes       
[  9]  22.00-23.00  sec  5.88 MBytes  49.3 Mbits/sec    5   92.6 KBytes       
[ 11]  22.00-23.00  sec  3.00 MBytes  25.2 Mbits/sec    2   72.2 KBytes       
[ 13]  22.00-23.00  sec  4.25 MBytes  35.7 Mbits/sec    1   91.2 KBytes       
[ 15]  22.00-23.00  sec  6.12 MBytes  51.4 Mbits/sec   13   49.0 KBytes       
[SUM]  22.00-23.00  sec  25.0 MBytes   210 Mbits/sec   21             
- - - - - - - - - - - - - - - - - - - - - - - - -
[  6]  23.00-24.00  sec  6.25 MBytes  52.4 Mbits/sec    2   84.4 KBytes       
[  9]  23.00-24.00  sec  4.88 MBytes  40.9 Mbits/sec    1    105 KBytes       
[ 11]  23.00-24.00  sec  3.75 MBytes  31.5 Mbits/sec    2   62.6 KBytes       
[ 13]  23.00-24.00  sec  5.25 MBytes  44.0 Mbits/sec    1    102 KBytes       
[ 15]  23.00-24.00  sec  4.38 MBytes  36.7 Mbits/sec    0   93.9 KBytes       
[SUM]  23.00-24.00  sec  24.5 MBytes   206 Mbits/sec    6             
- - - - - - - - - - - - - - - - - - - - - - - - -
[  6]  24.00-25.00  sec  5.00 MBytes  41.9 Mbits/sec    1   85.8 KBytes       
[  9]  24.00-25.00  sec  5.75 MBytes  48.2 Mbits/sec    1    101 KBytes       
[ 11]  24.00-25.00  sec  4.50 MBytes  37.7 Mbits/sec    0    102 KBytes       
[ 13]  24.00-25.00  sec  4.88 MBytes  40.9 Mbits/sec    3   50.4 KBytes       
[ 15]  24.00-25.00  sec  4.62 MBytes  38.8 Mbits/sec    1   95.3 KBytes       
[SUM]  24.00-25.00  sec  24.8 MBytes   208 Mbits/sec    6             
- - - - - - - - - - - - - - - - - - - - - - - - -
[  6]  25.00-26.00  sec  5.62 MBytes  47.2 Mbits/sec    0    124 KBytes       
[  9]  25.00-26.00  sec  6.62 MBytes  55.6 Mbits/sec    0    142 KBytes       
[ 11]  25.00-26.00  sec  6.50 MBytes  54.5 Mbits/sec    1    139 KBytes       
[ 13]  25.00-26.00  sec  3.62 MBytes  30.4 Mbits/sec    0   87.1 KBytes       
[ 15]  25.00-26.00  sec  4.50 MBytes  37.7 Mbits/sec    1    102 KBytes       
[SUM]  25.00-26.00  sec  26.9 MBytes   225 Mbits/sec    2             
- - - - - - - - - - - - - - - - - - - - - - - - -
[  6]  26.00-27.00  sec  5.00 MBytes  41.9 Mbits/sec    2   93.9 KBytes       
[  9]  26.00-27.00  sec  5.25 MBytes  44.0 Mbits/sec    3   77.6 KBytes       
[ 11]  26.00-27.00  sec  5.12 MBytes  43.0 Mbits/sec    3   70.8 KBytes       
[ 13]  26.00-27.00  sec  5.62 MBytes  47.2 Mbits/sec    2   62.6 KBytes       
[ 15]  26.00-27.00  sec  3.50 MBytes  29.4 Mbits/sec    4   46.3 KBytes       
[SUM]  26.00-27.00  sec  24.5 MBytes   206 Mbits/sec   14             
- - - - - - - - - - - - - - - - - - - - - - - - -
[  6]  27.00-28.00  sec  6.75 MBytes  56.6 Mbits/sec    1   93.9 KBytes       
[  9]  27.00-28.00  sec  3.62 MBytes  30.4 Mbits/sec    2   65.3 KBytes       
[ 11]  27.00-28.00  sec  5.25 MBytes  44.0 Mbits/sec    1   79.0 KBytes       
[ 13]  27.00-28.00  sec  4.12 MBytes  34.6 Mbits/sec    1   79.0 KBytes       
[ 15]  27.00-28.00  sec  3.88 MBytes  32.5 Mbits/sec    0   88.5 KBytes       
[SUM]  27.00-28.00  sec  23.6 MBytes   198 Mbits/sec    5             
- - - - - - - - - - - - - - - - - - - - - - - - -
[  6]  28.00-29.00  sec  4.75 MBytes  39.8 Mbits/sec    3   47.6 KBytes       
[  9]  28.00-29.00  sec  5.25 MBytes  44.0 Mbits/sec    0    108 KBytes       
[ 11]  28.00-29.00  sec  3.75 MBytes  31.5 Mbits/sec    3   64.0 KBytes       
[ 13]  28.00-29.00  sec  4.50 MBytes  37.8 Mbits/sec    2   61.3 KBytes       
[ 15]  28.00-29.00  sec  4.88 MBytes  40.9 Mbits/sec    1   99.4 KBytes       
[SUM]  28.00-29.00  sec  23.1 MBytes   194 Mbits/sec    9             
- - - - - - - - - - - - - - - - - - - - - - - - -
[  6]  29.00-30.00  sec  4.50 MBytes  37.7 Mbits/sec    0   93.9 KBytes       
[  9]  29.00-30.00  sec  5.88 MBytes  49.3 Mbits/sec    1    120 KBytes       
[ 11]  29.00-30.00  sec  3.75 MBytes  31.5 Mbits/sec    2   65.3 KBytes       
[ 13]  29.00-30.00  sec  4.00 MBytes  33.6 Mbits/sec    2   58.5 KBytes       
[ 15]  29.00-30.00  sec  6.25 MBytes  52.4 Mbits/sec    2   73.5 KBytes       
[SUM]  29.00-30.00  sec  24.4 MBytes   204 Mbits/sec    7             
- - - - - - - - - - - - - - - - - - - - - - - - -
[ ID] Interval           Transfer     Bitrate         Retr
[  6]   0.00-30.01  sec   159 MBytes  44.4 Mbits/sec   52            sender
[  9]   0.00-30.01  sec   155 MBytes  43.4 Mbits/sec   60            sender
[ 11]   0.00-30.01  sec   150 MBytes  41.9 Mbits/sec   52            sender
[ 13]   0.00-30.01  sec   134 MBytes  37.5 Mbits/sec   56            sender
[ 15]   0.00-30.01  sec   141 MBytes  39.5 Mbits/sec   60            sender
[SUM]   0.00-30.01  sec   740 MBytes   207 Mbits/sec  280             sender
-----------------------------------------------------------
Server listening on 5201 (test #2)
-----------------------------------------------------------
Accepted connection from 128.220.159.221, port 27456
[  6] local 192.168.135.129 port 5201 connected to 128.220.159.221 port 5122
[  9] local 192.168.135.129 port 5201 connected to 128.220.159.221 port 62927
[ 11] local 192.168.135.129 port 5201 connected to 128.220.159.221 port 14831
[ 13] local 192.168.135.129 port 5201 connected to 128.220.159.221 port 24065
[ 15] local 192.168.135.129 port 5201 connected to 128.220.159.221 port 47103
[ ID] Interval           Transfer     Bitrate         Retr  Cwnd
[  6]   0.00-1.00   sec  7.75 MBytes  64.9 Mbits/sec    0    534 KBytes       
[  9]   0.00-1.00   sec  5.00 MBytes  41.9 Mbits/sec    1    201 KBytes       
[ 11]   0.00-1.00   sec  3.62 MBytes  30.4 Mbits/sec    2    129 KBytes       
[ 13]   0.00-1.00   sec  7.12 MBytes  59.7 Mbits/sec    3    155 KBytes       
[ 15]   0.00-1.00   sec  8.50 MBytes  71.2 Mbits/sec    1    393 KBytes       
[SUM]   0.00-1.00   sec  32.0 MBytes   268 Mbits/sec    7             
- - - - - - - - - - - - - - - - - - - - - - - - -
[  6]   1.00-2.00   sec  7.62 MBytes  64.0 Mbits/sec    3    221 KBytes       
[  9]   1.00-2.00   sec  4.00 MBytes  33.6 Mbits/sec    1    161 KBytes       
[ 11]   1.00-2.00   sec  3.25 MBytes  27.3 Mbits/sec    1    102 KBytes       
[ 13]   1.00-2.00   sec  3.25 MBytes  27.3 Mbits/sec    1    125 KBytes       
[ 15]   1.00-2.00   sec  8.00 MBytes  67.1 Mbits/sec    2    218 KBytes       
[SUM]   1.00-2.00   sec  26.1 MBytes   219 Mbits/sec    8             
- - - - - - - - - - - - - - - - - - - - - - - - -
[  6]   2.00-3.00   sec  7.00 MBytes  58.7 Mbits/sec    2    124 KBytes       
[  9]   2.00-3.00   sec  4.75 MBytes  39.8 Mbits/sec    1    135 KBytes       
[ 11]   2.00-3.00   sec  2.50 MBytes  21.0 Mbits/sec    3   47.6 KBytes       
[ 13]   2.00-3.00   sec  3.50 MBytes  29.4 Mbits/sec   17   55.8 KBytes       
[ 15]   2.00-3.00   sec  6.25 MBytes  52.4 Mbits/sec    2    124 KBytes       
[SUM]   2.00-3.00   sec  24.0 MBytes   201 Mbits/sec   25             
- - - - - - - - - - - - - - - - - - - - - - - - -
[  6]   3.00-4.00   sec  4.75 MBytes  39.8 Mbits/sec    2   84.4 KBytes       
[  9]   3.00-4.00   sec  7.00 MBytes  58.7 Mbits/sec    1    121 KBytes       
[ 11]   3.00-4.00   sec  3.50 MBytes  29.4 Mbits/sec    0   87.1 KBytes       
[ 13]   3.00-4.00   sec  3.88 MBytes  32.5 Mbits/sec    0   92.6 KBytes       
[ 15]   3.00-4.00   sec  5.50 MBytes  46.1 Mbits/sec    2   79.0 KBytes       
[SUM]   3.00-4.00   sec  24.6 MBytes   207 Mbits/sec    5             
- - - - - - - - - - - - - - - - - - - - - - - - -
[  6]   4.00-5.00   sec  3.38 MBytes  28.3 Mbits/sec    2   66.7 KBytes       
[  9]   4.00-5.00   sec  6.50 MBytes  54.5 Mbits/sec    1    114 KBytes       
[ 11]   4.00-5.00   sec  3.88 MBytes  32.5 Mbits/sec    2   69.4 KBytes       
[ 13]   4.00-5.00   sec  4.62 MBytes  38.8 Mbits/sec    3   51.7 KBytes       
[ 15]   4.00-5.00   sec  4.62 MBytes  38.8 Mbits/sec    1   85.8 KBytes       
[SUM]   4.00-5.00   sec  23.0 MBytes   193 Mbits/sec    9             
- - - - - - - - - - - - - - - - - - - - - - - - -
[  6]   5.00-6.00   sec  4.88 MBytes  40.9 Mbits/sec    0    103 KBytes       
[  9]   5.00-6.00   sec  6.00 MBytes  50.3 Mbits/sec    2   73.5 KBytes       
[ 11]   5.00-6.00   sec  4.75 MBytes  39.8 Mbits/sec    0    110 KBytes       
[ 13]   5.00-6.00   sec  4.00 MBytes  33.6 Mbits/sec    0   91.2 KBytes       
[ 15]   5.00-6.00   sec  4.62 MBytes  38.8 Mbits/sec    2   62.6 KBytes       
[SUM]   5.00-6.00   sec  24.2 MBytes   203 Mbits/sec    4             
- - - - - - - - - - - - - - - - - - - - - - - - -
[  6]   6.00-7.00   sec  5.38 MBytes  45.1 Mbits/sec    4   70.8 KBytes       
[  9]   6.00-7.00   sec  4.38 MBytes  36.7 Mbits/sec    3   54.5 KBytes       
[ 11]   6.00-7.00   sec  4.38 MBytes  36.7 Mbits/sec    4   53.1 KBytes       
[ 13]   6.00-7.00   sec  5.62 MBytes  47.2 Mbits/sec    1   88.5 KBytes       
[ 15]   6.00-7.00   sec  3.12 MBytes  26.2 Mbits/sec    2   53.1 KBytes       
[SUM]   6.00-7.00   sec  22.9 MBytes   192 Mbits/sec   14             
- - - - - - - - - - - - - - - - - - - - - - - - -
[  6]   7.00-8.00   sec  5.38 MBytes  45.1 Mbits/sec    1   80.3 KBytes       
[  9]   7.00-8.00   sec  4.38 MBytes  36.7 Mbits/sec    1   69.4 KBytes       
[ 11]   7.00-8.00   sec  4.62 MBytes  38.8 Mbits/sec    0   98.0 KBytes       
[ 13]   7.00-8.00   sec  4.62 MBytes  38.8 Mbits/sec    3   51.7 KBytes       
[ 15]   7.00-8.00   sec  3.88 MBytes  32.5 Mbits/sec    1   72.2 KBytes       
[SUM]   7.00-8.00   sec  22.9 MBytes   192 Mbits/sec    6             
- - - - - - - - - - - - - - - - - - - - - - - - -
[  6]   8.00-9.00   sec  4.88 MBytes  40.9 Mbits/sec    1   80.3 KBytes       
[  9]   8.00-9.00   sec  3.75 MBytes  31.5 Mbits/sec    1   79.0 KBytes       
[ 11]   8.00-9.00   sec  5.88 MBytes  49.3 Mbits/sec    1   95.3 KBytes       
[ 13]   8.00-9.00   sec  2.88 MBytes  24.1 Mbits/sec    1   64.0 KBytes       
[ 15]   8.00-9.00   sec  3.88 MBytes  32.5 Mbits/sec    1   76.2 KBytes       
[SUM]   8.00-9.00   sec  21.2 MBytes   178 Mbits/sec    5             
- - - - - - - - - - - - - - - - - - - - - - - - -
[  6]   9.00-10.00  sec  4.88 MBytes  40.9 Mbits/sec    0    117 KBytes       
[  9]   9.00-10.00  sec  4.12 MBytes  34.6 Mbits/sec    1   81.7 KBytes       
[ 11]   9.00-10.00  sec  5.25 MBytes  44.0 Mbits/sec    1   93.9 KBytes       
[ 13]   9.00-10.00  sec  4.38 MBytes  36.7 Mbits/sec    1   72.2 KBytes       
[ 15]   9.00-10.00  sec  2.50 MBytes  21.0 Mbits/sec    3   53.1 KBytes       
[SUM]   9.00-10.00  sec  21.1 MBytes   177 Mbits/sec    6             
- - - - - - - - - - - - - - - - - - - - - - - - -
[  6]  10.00-11.00  sec  4.62 MBytes  38.8 Mbits/sec    3   68.1 KBytes       
[  9]  10.00-11.00  sec  4.62 MBytes  38.8 Mbits/sec    3   65.3 KBytes       
[ 11]  10.00-11.00  sec  6.50 MBytes  54.5 Mbits/sec    2   69.4 KBytes       
[ 13]  10.00-11.00  sec  3.38 MBytes  28.3 Mbits/sec    3   47.6 KBytes       
[ 15]  10.00-11.00  sec  4.00 MBytes  33.6 Mbits/sec    1   70.8 KBytes       
[SUM]  10.00-11.00  sec  23.1 MBytes   194 Mbits/sec   12             
- - - - - - - - - - - - - - - - - - - - - - - - -
[  6]  11.00-12.00  sec  4.12 MBytes  34.6 Mbits/sec    3   44.9 KBytes       
[  9]  11.00-12.00  sec  4.38 MBytes  36.7 Mbits/sec    2   50.4 KBytes       
[ 11]  11.00-12.00  sec  3.75 MBytes  31.5 Mbits/sec    3   57.2 KBytes       
[ 13]  11.00-12.00  sec  3.25 MBytes  27.3 Mbits/sec    3   43.6 KBytes       
[ 15]  11.00-12.00  sec  5.75 MBytes  48.2 Mbits/sec    1   95.3 KBytes       
[SUM]  11.00-12.00  sec  21.2 MBytes   178 Mbits/sec   12             
- - - - - - - - - - - - - - - - - - - - - - - - -
[  6]  12.00-13.00  sec  4.12 MBytes  34.6 Mbits/sec    1   65.3 KBytes       
[  9]  12.00-13.00  sec  3.75 MBytes  31.5 Mbits/sec    1   79.0 KBytes       
[ 11]  12.00-13.00  sec  3.12 MBytes  26.2 Mbits/sec    3   43.6 KBytes       
[ 13]  12.00-13.00  sec  4.38 MBytes  36.7 Mbits/sec    0   89.8 KBytes       
[ 15]  12.00-13.00  sec  6.00 MBytes  50.3 Mbits/sec    2   76.2 KBytes       
[SUM]  12.00-13.00  sec  21.4 MBytes   179 Mbits/sec    7             
- - - - - - - - - - - - - - - - - - - - - - - - -
[  6]  13.00-14.00  sec  5.50 MBytes  46.1 Mbits/sec    0    113 KBytes       
[  9]  13.00-14.00  sec  4.88 MBytes  40.9 Mbits/sec    1   95.3 KBytes       
[ 11]  13.00-14.00  sec  3.25 MBytes  27.3 Mbits/sec    1   69.4 KBytes       
[ 13]  13.00-14.00  sec  3.38 MBytes  28.3 Mbits/sec    3   64.0 KBytes       
[ 15]  13.00-14.00  sec  4.75 MBytes  39.8 Mbits/sec    2   62.6 KBytes       
[SUM]  13.00-14.00  sec  21.8 MBytes   182 Mbits/sec    7             
- - - - - - - - - - - - - - - - - - - - - - - - -
[  6]  14.00-15.00  sec  4.12 MBytes  34.6 Mbits/sec    4   51.7 KBytes       
[  9]  14.00-15.00  sec  4.12 MBytes  34.6 Mbits/sec    4   43.6 KBytes       
[ 11]  14.00-15.00  sec  5.88 MBytes  49.3 Mbits/sec    1   87.1 KBytes       
[ 13]  14.00-15.00  sec  3.38 MBytes  28.3 Mbits/sec    3   53.1 KBytes       
[ 15]  14.00-15.00  sec  3.38 MBytes  28.3 Mbits/sec    3   49.0 KBytes       
[SUM]  14.00-15.00  sec  20.9 MBytes   175 Mbits/sec   15             
- - - - - - - - - - - - - - - - - - - - - - - - -
[  6]  15.00-16.00  sec  4.62 MBytes  38.8 Mbits/sec    0   98.0 KBytes       
[  9]  15.00-16.00  sec  2.75 MBytes  23.1 Mbits/sec    2   53.1 KBytes       
[ 11]  15.00-16.00  sec  6.38 MBytes  53.5 Mbits/sec    1   98.0 KBytes       
[ 13]  15.00-16.00  sec  4.25 MBytes  35.7 Mbits/sec    1   76.2 KBytes       
[ 15]  15.00-16.00  sec  4.62 MBytes  38.8 Mbits/sec    0   95.3 KBytes       
[SUM]  15.00-16.00  sec  22.6 MBytes   190 Mbits/sec    4             
- - - - - - - - - - - - - - - - - - - - - - - - -
[  6]  16.00-17.00  sec  4.88 MBytes  40.9 Mbits/sec    3   51.7 KBytes       
[  9]  16.00-17.00  sec  4.25 MBytes  35.7 Mbits/sec    0   95.3 KBytes       
[ 11]  16.00-17.00  sec  4.38 MBytes  36.7 Mbits/sec    2   81.7 KBytes       
[ 13]  16.00-17.00  sec  5.62 MBytes  47.2 Mbits/sec    1   83.0 KBytes       
[ 15]  16.00-17.00  sec  4.62 MBytes  38.8 Mbits/sec    2   73.5 KBytes       
[SUM]  16.00-17.00  sec  23.8 MBytes   199 Mbits/sec    8             
- - - - - - - - - - - - - - - - - - - - - - - - -
[  6]  17.00-18.00  sec  3.25 MBytes  27.3 Mbits/sec    3   36.8 KBytes       
[  9]  17.00-18.00  sec  5.38 MBytes  45.1 Mbits/sec    3   55.8 KBytes       
[ 11]  17.00-18.00  sec  4.75 MBytes  39.8 Mbits/sec    4   39.5 KBytes       
[ 13]  17.00-18.00  sec  2.88 MBytes  24.1 Mbits/sec    4   47.6 KBytes       
[ 15]  17.00-18.00  sec  4.62 MBytes  38.8 Mbits/sec    4   49.0 KBytes       
[SUM]  17.00-18.00  sec  20.9 MBytes   175 Mbits/sec   18             
- - - - - - - - - - - - - - - - - - - - - - - - -
[  6]  18.00-19.00  sec  4.00 MBytes  33.6 Mbits/sec    2   73.5 KBytes       
[  9]  18.00-19.00  sec  5.88 MBytes  49.3 Mbits/sec    1   81.7 KBytes       
[ 11]  18.00-19.00  sec  4.00 MBytes  33.6 Mbits/sec    1   81.7 KBytes       
[ 13]  18.00-19.00  sec  5.38 MBytes  45.1 Mbits/sec    2   53.1 KBytes       
[ 15]  18.00-19.00  sec  4.38 MBytes  36.7 Mbits/sec    1   77.6 KBytes       
[SUM]  18.00-19.00  sec  23.6 MBytes   198 Mbits/sec    7             
- - - - - - - - - - - - - - - - - - - - - - - - -
[  6]  19.00-20.00  sec  2.75 MBytes  23.1 Mbits/sec    5   49.0 KBytes       
[  9]  19.00-20.00  sec  5.12 MBytes  43.0 Mbits/sec    2   79.0 KBytes       
[ 11]  19.00-20.00  sec  6.25 MBytes  52.4 Mbits/sec    1    105 KBytes       
[ 13]  19.00-20.00  sec  4.38 MBytes  36.7 Mbits/sec    2   59.9 KBytes       
[ 15]  19.00-20.00  sec  5.62 MBytes  47.2 Mbits/sec    1    101 KBytes       
[SUM]  19.00-20.00  sec  24.1 MBytes   202 Mbits/sec   11             
- - - - - - - - - - - - - - - - - - - - - - - - -
[  6]  20.00-21.00  sec  5.50 MBytes  46.1 Mbits/sec    0    101 KBytes       
[  9]  20.00-21.00  sec  5.38 MBytes  45.1 Mbits/sec    2   69.4 KBytes       
[ 11]  20.00-21.00  sec  4.38 MBytes  36.7 Mbits/sec    4   51.7 KBytes       
[ 13]  20.00-21.00  sec  3.88 MBytes  32.5 Mbits/sec    4   35.4 KBytes       
[ 15]  20.00-21.00  sec  5.38 MBytes  45.1 Mbits/sec    2   92.6 KBytes       
[SUM]  20.00-21.00  sec  24.5 MBytes   206 Mbits/sec   12             
- - - - - - - - - - - - - - - - - - - - - - - - -
[  6]  21.00-22.00  sec  6.88 MBytes  57.7 Mbits/sec    1    110 KBytes       
[  9]  21.00-22.00  sec  4.88 MBytes  40.9 Mbits/sec    2   65.3 KBytes       
[ 11]  21.00-22.00  sec  3.38 MBytes  28.3 Mbits/sec    3   43.6 KBytes       
[ 13]  21.00-22.00  sec  3.00 MBytes  25.2 Mbits/sec    1   69.4 KBytes       
[ 15]  21.00-22.00  sec  6.50 MBytes  54.5 Mbits/sec    1    105 KBytes       
[SUM]  21.00-22.00  sec  24.6 MBytes   207 Mbits/sec    8             
- - - - - - - - - - - - - - - - - - - - - - - - -
[  6]  22.00-23.00  sec  4.62 MBytes  38.8 Mbits/sec    3   62.6 KBytes       
[  9]  22.00-23.00  sec  4.50 MBytes  37.7 Mbits/sec    1   83.0 KBytes       
[ 11]  22.00-23.00  sec  4.00 MBytes  33.6 Mbits/sec    0   89.8 KBytes       
[ 13]  22.00-23.00  sec  5.88 MBytes  49.3 Mbits/sec    0    117 KBytes       
[ 15]  22.00-23.00  sec  4.75 MBytes  39.8 Mbits/sec    3   62.6 KBytes       
[SUM]  22.00-23.00  sec  23.8 MBytes   199 Mbits/sec    7             
- - - - - - - - - - - - - - - - - - - - - - - - -
[  6]  23.00-24.00  sec  3.38 MBytes  28.3 Mbits/sec   16   66.7 KBytes       
[  9]  23.00-24.00  sec  3.50 MBytes  29.4 Mbits/sec    3   66.7 KBytes       
[ 11]  23.00-24.00  sec  4.88 MBytes  40.9 Mbits/sec    3   59.9 KBytes       
[ 13]  23.00-24.00  sec  8.00 MBytes  67.1 Mbits/sec    1    131 KBytes       
[ 15]  23.00-24.00  sec  5.38 MBytes  45.1 Mbits/sec    2   57.2 KBytes       
[SUM]  23.00-24.00  sec  25.1 MBytes   211 Mbits/sec   25             
- - - - - - - - - - - - - - - - - - - - - - - - -
[  6]  24.00-25.00  sec  6.12 MBytes  51.4 Mbits/sec    1   80.3 KBytes       
[  9]  24.00-25.00  sec  4.50 MBytes  37.7 Mbits/sec    1   89.8 KBytes       
[ 11]  24.00-25.00  sec  3.00 MBytes  25.2 Mbits/sec    3   50.4 KBytes       
[ 13]  24.00-25.00  sec  5.00 MBytes  41.9 Mbits/sec    3   77.6 KBytes       
[ 15]  24.00-25.00  sec  3.88 MBytes  32.5 Mbits/sec    1   80.3 KBytes       
[SUM]  24.00-25.00  sec  22.5 MBytes   189 Mbits/sec    9             
- - - - - - - - - - - - - - - - - - - - - - - - -
[  6]  25.00-26.00  sec  5.38 MBytes  45.1 Mbits/sec    0    121 KBytes       
[  9]  25.00-26.00  sec  5.62 MBytes  47.2 Mbits/sec    1   95.3 KBytes       
[ 11]  25.00-26.00  sec  4.25 MBytes  35.7 Mbits/sec    0   93.9 KBytes       
[ 13]  25.00-26.00  sec  5.25 MBytes  44.0 Mbits/sec    1   89.8 KBytes       
[ 15]  25.00-26.00  sec  6.00 MBytes  50.3 Mbits/sec    0    121 KBytes       
[SUM]  25.00-26.00  sec  26.5 MBytes   222 Mbits/sec    2             
- - - - - - - - - - - - - - - - - - - - - - - - -
[  6]  26.00-27.00  sec  5.38 MBytes  45.1 Mbits/sec    1    118 KBytes       
[  9]  26.00-27.00  sec  5.62 MBytes  47.2 Mbits/sec    0    133 KBytes       
[ 11]  26.00-27.00  sec  3.62 MBytes  30.4 Mbits/sec    2   74.9 KBytes       
[ 13]  26.00-27.00  sec  4.50 MBytes  37.7 Mbits/sec    2   66.7 KBytes       
[ 15]  26.00-27.00  sec  5.50 MBytes  46.1 Mbits/sec    2   80.3 KBytes       
[SUM]  26.00-27.00  sec  24.6 MBytes   207 Mbits/sec    7             
- - - - - - - - - - - - - - - - - - - - - - - - -
[  6]  27.00-28.00  sec  4.75 MBytes  39.8 Mbits/sec    2   87.1 KBytes       
[  9]  27.00-28.00  sec  8.00 MBytes  67.1 Mbits/sec    1    124 KBytes       
[ 11]  27.00-28.00  sec  4.38 MBytes  36.7 Mbits/sec    1   83.0 KBytes       
[ 13]  27.00-28.00  sec  4.00 MBytes  33.6 Mbits/sec    2   53.1 KBytes       
[ 15]  27.00-28.00  sec  4.25 MBytes  35.7 Mbits/sec    2   65.3 KBytes       
[SUM]  27.00-28.00  sec  25.4 MBytes   213 Mbits/sec    8             
- - - - - - - - - - - - - - - - - - - - - - - - -
[  6]  28.00-29.00  sec  4.12 MBytes  34.6 Mbits/sec    2   72.2 KBytes       
[  9]  28.00-29.00  sec  7.75 MBytes  65.0 Mbits/sec    1    113 KBytes       
[ 11]  28.00-29.00  sec  5.50 MBytes  46.1 Mbits/sec    1   89.8 KBytes       
[ 13]  28.00-29.00  sec  4.00 MBytes  33.6 Mbits/sec    1   49.0 KBytes       
[ 15]  28.00-29.00  sec  3.38 MBytes  28.3 Mbits/sec    1   81.7 KBytes       
[SUM]  28.00-29.00  sec  24.8 MBytes   208 Mbits/sec    6             
- - - - - - - - - - - - - - - - - - - - - - - - -
[  6]  29.00-30.00  sec  4.62 MBytes  38.8 Mbits/sec    1   91.2 KBytes       
[  9]  29.00-30.00  sec  5.38 MBytes  45.1 Mbits/sec    2   84.4 KBytes       
[ 11]  29.00-30.00  sec  5.25 MBytes  44.0 Mbits/sec    3   43.6 KBytes       
[ 13]  29.00-30.00  sec  3.75 MBytes  31.5 Mbits/sec    3   42.2 KBytes       
[ 15]  29.00-30.00  sec  4.75 MBytes  39.8 Mbits/sec    1   96.7 KBytes       
[SUM]  29.00-30.00  sec  23.8 MBytes   199 Mbits/sec   10             
- - - - - - - - - - - - - - - - - - - - - - - - -
[ ID] Interval           Transfer     Bitrate         Retr
[  6]   0.00-30.01  sec   149 MBytes  41.5 Mbits/sec   66            sender
[  9]   0.00-30.01  sec   150 MBytes  42.0 Mbits/sec   46            sender
[ 11]   0.00-30.01  sec   133 MBytes  37.1 Mbits/sec   53            sender
[ 13]   0.00-30.01  sec   131 MBytes  36.7 Mbits/sec   70            sender
[ 15]   0.00-30.01  sec   148 MBytes  41.5 Mbits/sec   49            sender
[SUM]   0.00-30.01  sec   711 MBytes   199 Mbits/sec  284             sender
-----------------------------------------------------------
Server listening on 5201 (test #3)
-----------------------------------------------------------
Accepted connection from 128.220.159.221, port 11109
[  6] local 192.168.135.129 port 5201 connected to 128.220.159.221 port 56003
[  9] local 192.168.135.129 port 5201 connected to 128.220.159.221 port 51353
[ 11] local 192.168.135.129 port 5201 connected to 128.220.159.221 port 38693
[ 13] local 192.168.135.129 port 5201 connected to 128.220.159.221 port 36632
[ 15] local 192.168.135.129 port 5201 connected to 128.220.159.221 port 12200
[ ID] Interval           Transfer     Bitrate         Retr  Cwnd
[  6]   0.00-1.00   sec  4.50 MBytes  37.7 Mbits/sec    1    192 KBytes       
[  9]   0.00-1.00   sec  6.88 MBytes  57.6 Mbits/sec    0    449 KBytes       
[ 11]   0.00-1.00   sec  6.00 MBytes  50.3 Mbits/sec    2    170 KBytes       
[ 13]   0.00-1.00   sec  6.88 MBytes  57.6 Mbits/sec    1    268 KBytes       
[ 15]   0.00-1.00   sec  4.75 MBytes  39.8 Mbits/sec    2    135 KBytes       
[SUM]   0.00-1.00   sec  29.0 MBytes   243 Mbits/sec    6             
- - - - - - - - - - - - - - - - - - - - - - - - -
[  6]   1.00-2.00   sec  5.12 MBytes  43.0 Mbits/sec    3    157 KBytes       
[  9]   1.00-2.00   sec  8.50 MBytes  71.3 Mbits/sec   10    137 KBytes       
[ 11]   1.00-2.00   sec  3.50 MBytes  29.4 Mbits/sec    3    102 KBytes       
[ 13]   1.00-2.00   sec  6.38 MBytes  53.5 Mbits/sec    2    152 KBytes       
[ 15]   1.00-2.00   sec  3.00 MBytes  25.2 Mbits/sec    5   81.7 KBytes       
[SUM]   1.00-2.00   sec  26.5 MBytes   222 Mbits/sec   23             
- - - - - - - - - - - - - - - - - - - - - - - - -
[  6]   2.00-3.00   sec  6.88 MBytes  57.7 Mbits/sec    0    187 KBytes       
[  9]   2.00-3.00   sec  3.75 MBytes  31.5 Mbits/sec    3   58.5 KBytes       
[ 11]   2.00-3.00   sec  4.88 MBytes  40.9 Mbits/sec    1   93.9 KBytes       
[ 13]   2.00-3.00   sec  6.12 MBytes  51.4 Mbits/sec    3   62.6 KBytes       
[ 15]   2.00-3.00   sec  2.88 MBytes  24.1 Mbits/sec    1   85.8 KBytes       
[SUM]   2.00-3.00   sec  24.5 MBytes   206 Mbits/sec    8             
- - - - - - - - - - - - - - - - - - - - - - - - -
[  6]   3.00-4.00   sec  7.00 MBytes  58.7 Mbits/sec    3   83.0 KBytes       
[  9]   3.00-4.00   sec  3.00 MBytes  25.2 Mbits/sec    2   53.1 KBytes       
[ 11]   3.00-4.00   sec  4.00 MBytes  33.6 Mbits/sec    2   69.4 KBytes       
[ 13]   3.00-4.00   sec  4.38 MBytes  36.7 Mbits/sec    0    102 KBytes       
[ 15]   3.00-4.00   sec  4.50 MBytes  37.7 Mbits/sec    2   64.0 KBytes       
[SUM]   3.00-4.00   sec  22.9 MBytes   192 Mbits/sec    9             
- - - - - - - - - - - - - - - - - - - - - - - - -
[  6]   4.00-5.00   sec  4.38 MBytes  36.7 Mbits/sec    2   68.1 KBytes       
[  9]   4.00-5.00   sec  3.75 MBytes  31.5 Mbits/sec    1   74.9 KBytes       
[ 11]   4.00-5.00   sec  4.12 MBytes  34.6 Mbits/sec    2   66.7 KBytes       
[ 13]   4.00-5.00   sec  3.50 MBytes  29.4 Mbits/sec    6   32.7 KBytes       
[ 15]   4.00-5.00   sec  4.50 MBytes  37.7 Mbits/sec    2   58.5 KBytes       
[SUM]   4.00-5.00   sec  20.2 MBytes   170 Mbits/sec   13             
- - - - - - - - - - - - - - - - - - - - - - - - -
[  6]   5.00-6.00   sec  4.00 MBytes  33.6 Mbits/sec    2   72.2 KBytes       
[  9]   5.00-6.00   sec  4.88 MBytes  40.9 Mbits/sec    2   65.3 KBytes       
[ 11]   5.00-6.00   sec  4.38 MBytes  36.7 Mbits/sec    2   62.6 KBytes       
[ 13]   5.00-6.00   sec  3.00 MBytes  25.2 Mbits/sec    1   65.3 KBytes       
[ 15]   5.00-6.00   sec  3.50 MBytes  29.4 Mbits/sec    2   68.1 KBytes       
[SUM]   5.00-6.00   sec  19.8 MBytes   166 Mbits/sec    9             
- - - - - - - - - - - - - - - - - - - - - - - - -
[  6]   6.00-7.00   sec  3.75 MBytes  31.5 Mbits/sec    2   66.7 KBytes       
[  9]   6.00-7.00   sec  4.50 MBytes  37.7 Mbits/sec    1   81.7 KBytes       
[ 11]   6.00-7.00   sec  5.00 MBytes  41.9 Mbits/sec    1   81.7 KBytes       
[ 13]   6.00-7.00   sec  3.38 MBytes  28.3 Mbits/sec    2   72.2 KBytes       
[ 15]   6.00-7.00   sec  3.38 MBytes  28.3 Mbits/sec    2   76.2 KBytes       
[SUM]   6.00-7.00   sec  20.0 MBytes   168 Mbits/sec    8             
- - - - - - - - - - - - - - - - - - - - - - - - -
[  6]   7.00-8.00   sec  4.25 MBytes  35.7 Mbits/sec    1   76.2 KBytes       
[  9]   7.00-8.00   sec  5.00 MBytes  41.9 Mbits/sec    1   85.8 KBytes       
[ 11]   7.00-8.00   sec  4.50 MBytes  37.8 Mbits/sec    1   91.2 KBytes       
[ 13]   7.00-8.00   sec  4.00 MBytes  33.6 Mbits/sec    2   59.9 KBytes       
[ 15]   7.00-8.00   sec  3.12 MBytes  26.2 Mbits/sec    2   68.1 KBytes       
[SUM]   7.00-8.00   sec  20.9 MBytes   175 Mbits/sec    7             
- - - - - - - - - - - - - - - - - - - - - - - - -
[  6]   8.00-9.00   sec  3.12 MBytes  26.2 Mbits/sec    3   47.6 KBytes       
[  9]   8.00-9.00   sec  3.62 MBytes  30.4 Mbits/sec    3   55.8 KBytes       
[ 11]   8.00-9.00   sec  4.38 MBytes  36.7 Mbits/sec    2   72.2 KBytes       
[ 13]   8.00-9.00   sec  4.38 MBytes  36.7 Mbits/sec    0    103 KBytes       
[ 15]   8.00-9.00   sec  3.62 MBytes  30.4 Mbits/sec    2   61.3 KBytes       
[SUM]   8.00-9.00   sec  19.1 MBytes   160 Mbits/sec   10             
- - - - - - - - - - - - - - - - - - - - - - - - -
[  6]   9.00-10.00  sec  3.62 MBytes  30.4 Mbits/sec    0   87.1 KBytes       
[  9]   9.00-10.00  sec  3.62 MBytes  30.4 Mbits/sec    1   65.3 KBytes       
[ 11]   9.00-10.00  sec  4.00 MBytes  33.6 Mbits/sec    1   87.1 KBytes       
[ 13]   9.00-10.00  sec  5.62 MBytes  47.2 Mbits/sec    2   70.8 KBytes       
[ 15]   9.00-10.00  sec  3.62 MBytes  30.4 Mbits/sec    1   79.0 KBytes       
[SUM]   9.00-10.00  sec  20.5 MBytes   172 Mbits/sec    5             
- - - - - - - - - - - - - - - - - - - - - - - - -
[  6]  10.00-11.00  sec  4.88 MBytes  40.9 Mbits/sec    2   69.4 KBytes       
[  9]  10.00-11.00  sec  3.62 MBytes  30.4 Mbits/sec    2   61.3 KBytes       
[ 11]  10.00-11.00  sec  4.25 MBytes  35.7 Mbits/sec    3   70.8 KBytes       
[ 13]  10.00-11.00  sec  5.62 MBytes  47.2 Mbits/sec    0    114 KBytes       
[ 15]  10.00-11.00  sec  3.62 MBytes  30.4 Mbits/sec    2   74.9 KBytes       
[SUM]  10.00-11.00  sec  22.0 MBytes   185 Mbits/sec    9             
- - - - - - - - - - - - - - - - - - - - - - - - -
[  6]  11.00-12.00  sec  3.62 MBytes  30.4 Mbits/sec    4   65.3 KBytes       
[  9]  11.00-12.00  sec  3.62 MBytes  30.4 Mbits/sec    4   54.5 KBytes       
[ 11]  11.00-12.00  sec  4.75 MBytes  39.8 Mbits/sec    4   58.5 KBytes       
[ 13]  11.00-12.00  sec  4.38 MBytes  36.7 Mbits/sec    6   65.3 KBytes       
[ 15]  11.00-12.00  sec  3.38 MBytes  28.3 Mbits/sec    6   34.0 KBytes       
[SUM]  11.00-12.00  sec  19.8 MBytes   166 Mbits/sec   24             
- - - - - - - - - - - - - - - - - - - - - - - - -
[  6]  12.00-13.00  sec  5.00 MBytes  41.9 Mbits/sec    1   81.7 KBytes       
[  9]  12.00-13.00  sec  4.25 MBytes  35.7 Mbits/sec    2   50.4 KBytes       
[ 11]  12.00-13.00  sec  4.38 MBytes  36.7 Mbits/sec    1   73.5 KBytes       
[ 13]  12.00-13.00  sec  3.88 MBytes  32.5 Mbits/sec    2   61.3 KBytes       
[ 15]  12.00-13.00  sec  2.88 MBytes  24.1 Mbits/sec    2   43.6 KBytes       
[SUM]  12.00-13.00  sec  20.4 MBytes   171 Mbits/sec    8             
- - - - - - - - - - - - - - - - - - - - - - - - -
[  6]  13.00-14.00  sec  2.75 MBytes  23.1 Mbits/sec    1   74.9 KBytes       
[  9]  13.00-14.00  sec  2.50 MBytes  21.0 Mbits/sec    0   76.2 KBytes       
[ 11]  13.00-14.00  sec  3.38 MBytes  28.3 Mbits/sec    0    101 KBytes       
[ 13]  13.00-14.00  sec  2.25 MBytes  18.9 Mbits/sec    2   47.6 KBytes       
[ 15]  13.00-14.00  sec  1.50 MBytes  12.6 Mbits/sec    1   51.7 KBytes       
[SUM]  13.00-14.00  sec  12.4 MBytes   104 Mbits/sec    4             
- - - - - - - - - - - - - - - - - - - - - - - - -
[  6]  14.00-15.00  sec  3.88 MBytes  32.5 Mbits/sec    0    106 KBytes       
[  9]  14.00-15.00  sec  3.62 MBytes  30.4 Mbits/sec    0    108 KBytes       
[ 11]  14.00-15.00  sec  3.12 MBytes  26.2 Mbits/sec    3   51.7 KBytes       
[ 13]  14.00-15.00  sec  2.62 MBytes  22.0 Mbits/sec    0   80.3 KBytes       
[ 15]  14.00-15.00  sec  3.00 MBytes  25.2 Mbits/sec    0   84.4 KBytes       
[SUM]  14.00-15.00  sec  16.2 MBytes   136 Mbits/sec    3             
- - - - - - - - - - - - - - - - - - - - - - - - -
[  6]  15.00-16.00  sec  6.38 MBytes  53.5 Mbits/sec   23    103 KBytes       
[  9]  15.00-16.00  sec  5.12 MBytes  43.0 Mbits/sec   21   76.2 KBytes       
[ 11]  15.00-16.00  sec  4.38 MBytes  36.7 Mbits/sec    0   92.6 KBytes       
[ 13]  15.00-16.00  sec  3.50 MBytes  29.4 Mbits/sec    2   70.8 KBytes       
[ 15]  15.00-16.00  sec  3.25 MBytes  27.3 Mbits/sec    4   55.8 KBytes       
[SUM]  15.00-16.00  sec  22.6 MBytes   190 Mbits/sec   50             
- - - - - - - - - - - - - - - - - - - - - - - - -
[  6]  16.00-17.00  sec  4.25 MBytes  35.7 Mbits/sec    2   81.7 KBytes       
[  9]  16.00-17.00  sec  4.25 MBytes  35.7 Mbits/sec    1   91.2 KBytes       
[ 11]  16.00-17.00  sec  4.25 MBytes  35.7 Mbits/sec    2   76.2 KBytes       
[ 13]  16.00-17.00  sec  3.88 MBytes  32.5 Mbits/sec    2   61.3 KBytes       
[ 15]  16.00-17.00  sec  3.38 MBytes  28.3 Mbits/sec    2   50.4 KBytes       
[SUM]  16.00-17.00  sec  20.0 MBytes   168 Mbits/sec    9             
- - - - - - - - - - - - - - - - - - - - - - - - -
[  6]  17.00-18.00  sec  3.62 MBytes  30.4 Mbits/sec    2   76.2 KBytes       
[  9]  17.00-18.00  sec  5.50 MBytes  46.1 Mbits/sec    2   70.8 KBytes       
[ 11]  17.00-18.00  sec  4.38 MBytes  36.7 Mbits/sec    2   65.3 KBytes       
[ 13]  17.00-18.00  sec  4.00 MBytes  33.6 Mbits/sec    1   77.6 KBytes       
[ 15]  17.00-18.00  sec  3.38 MBytes  28.3 Mbits/sec    2   50.4 KBytes       
[SUM]  17.00-18.00  sec  20.9 MBytes   175 Mbits/sec    9             
- - - - - - - - - - - - - - - - - - - - - - - - -
[  6]  18.00-19.00  sec  4.75 MBytes  39.8 Mbits/sec    3   43.6 KBytes       
[  9]  18.00-19.00  sec  3.00 MBytes  25.2 Mbits/sec    3   50.4 KBytes       
[ 11]  18.00-19.00  sec  5.25 MBytes  44.0 Mbits/sec    0    109 KBytes       
[ 13]  18.00-19.00  sec  4.38 MBytes  36.7 Mbits/sec    2   68.1 KBytes       
[ 15]  18.00-19.00  sec  4.25 MBytes  35.7 Mbits/sec    0   93.9 KBytes       
[SUM]  18.00-19.00  sec  21.6 MBytes   181 Mbits/sec    8             
- - - - - - - - - - - - - - - - - - - - - - - - -
[  6]  19.00-20.00  sec  2.75 MBytes  23.1 Mbits/sec    1   66.7 KBytes       
[  9]  19.00-20.00  sec  3.62 MBytes  30.4 Mbits/sec    1   65.3 KBytes       
[ 11]  19.00-20.00  sec  5.62 MBytes  47.2 Mbits/sec    1    110 KBytes       
[ 13]  19.00-20.00  sec  3.38 MBytes  28.3 Mbits/sec    3   59.9 KBytes       
[ 15]  19.00-20.00  sec  5.50 MBytes  46.1 Mbits/sec    3   69.4 KBytes       
[SUM]  19.00-20.00  sec  20.9 MBytes   175 Mbits/sec    9             
- - - - - - - - - - - - - - - - - - - - - - - - -
[  6]  20.00-21.00  sec  3.62 MBytes  30.4 Mbits/sec    1   84.4 KBytes       
[  9]  20.00-21.00  sec  3.62 MBytes  30.4 Mbits/sec    2   51.7 KBytes       
[ 11]  20.00-21.00  sec  7.38 MBytes  61.9 Mbits/sec    0    150 KBytes       
[ 13]  20.00-21.00  sec  3.50 MBytes  29.4 Mbits/sec    1   77.6 KBytes       
[ 15]  20.00-21.00  sec  4.12 MBytes  34.6 Mbits/sec    2   57.2 KBytes       
[SUM]  20.00-21.00  sec  22.2 MBytes   187 Mbits/sec    6             
- - - - - - - - - - - - - - - - - - - - - - - - -
[  6]  21.00-22.00  sec  4.38 MBytes  36.7 Mbits/sec    1   87.1 KBytes       
[  9]  21.00-22.00  sec  3.75 MBytes  31.5 Mbits/sec    2   43.6 KBytes       
[ 11]  21.00-22.00  sec  8.75 MBytes  73.4 Mbits/sec    0    188 KBytes       
[ 13]  21.00-22.00  sec  4.25 MBytes  35.7 Mbits/sec    1   81.7 KBytes       
[ 15]  21.00-22.00  sec  3.75 MBytes  31.5 Mbits/sec    0   92.6 KBytes       
[SUM]  21.00-22.00  sec  24.9 MBytes   209 Mbits/sec    4             
- - - - - - - - - - - - - - - - - - - - - - - - -
[  6]  22.00-23.00  sec  3.75 MBytes  31.5 Mbits/sec    2   79.0 KBytes       
[  9]  22.00-23.00  sec  3.00 MBytes  25.2 Mbits/sec    1   58.5 KBytes       
[ 11]  22.00-23.00  sec  6.25 MBytes  52.4 Mbits/sec    3   91.2 KBytes       
[ 13]  22.00-23.00  sec  4.50 MBytes  37.7 Mbits/sec    5   70.8 KBytes       
[ 15]  22.00-23.00  sec  4.25 MBytes  35.7 Mbits/sec    3   77.6 KBytes       
[SUM]  22.00-23.00  sec  21.8 MBytes   182 Mbits/sec   14             
- - - - - - - - - - - - - - - - - - - - - - - - -
[  6]  23.00-24.00  sec  4.00 MBytes  33.6 Mbits/sec    2   65.3 KBytes       
[  9]  23.00-24.00  sec  4.38 MBytes  36.7 Mbits/sec    0   99.4 KBytes       
[ 11]  23.00-24.00  sec  6.75 MBytes  56.6 Mbits/sec    0    135 KBytes       
[ 13]  23.00-24.00  sec  3.50 MBytes  29.4 Mbits/sec    2   59.9 KBytes       
[ 15]  23.00-24.00  sec  4.62 MBytes  38.8 Mbits/sec    2   62.6 KBytes       
[SUM]  23.00-24.00  sec  23.2 MBytes   195 Mbits/sec    6             
- - - - - - - - - - - - - - - - - - - - - - - - -
[  6]  24.00-25.00  sec  4.25 MBytes  35.7 Mbits/sec    1   72.2 KBytes       
[  9]  24.00-25.00  sec  5.00 MBytes  41.9 Mbits/sec    1    101 KBytes       
[ 11]  24.00-25.00  sec  7.62 MBytes  64.0 Mbits/sec    1    123 KBytes       
[ 13]  24.00-25.00  sec  4.00 MBytes  33.6 Mbits/sec    1   72.2 KBytes       
[ 15]  24.00-25.00  sec  1.88 MBytes  15.7 Mbits/sec    4   34.0 KBytes       
[SUM]  24.00-25.00  sec  22.8 MBytes   191 Mbits/sec    8             
- - - - - - - - - - - - - - - - - - - - - - - - -
[  6]  25.00-26.00  sec  5.25 MBytes  44.0 Mbits/sec    0    114 KBytes       
[  9]  25.00-26.00  sec  5.00 MBytes  41.9 Mbits/sec    4   51.7 KBytes       
[ 11]  25.00-26.00  sec  5.38 MBytes  45.1 Mbits/sec    2   89.8 KBytes       
[ 13]  25.00-26.00  sec  3.38 MBytes  28.3 Mbits/sec    2   64.0 KBytes       
[ 15]  25.00-26.00  sec  2.88 MBytes  24.1 Mbits/sec    1   54.5 KBytes       
[SUM]  25.00-26.00  sec  21.9 MBytes   184 Mbits/sec    9             
- - - - - - - - - - - - - - - - - - - - - - - - -
[  6]  26.00-27.00  sec  5.62 MBytes  47.2 Mbits/sec    4   54.5 KBytes       
[  9]  26.00-27.00  sec  3.12 MBytes  26.2 Mbits/sec    2   49.0 KBytes       
[ 11]  26.00-27.00  sec  4.12 MBytes  34.6 Mbits/sec    2   76.2 KBytes       
[ 13]  26.00-27.00  sec  4.75 MBytes  39.8 Mbits/sec    3   34.0 KBytes       
[ 15]  26.00-27.00  sec  4.50 MBytes  37.7 Mbits/sec    1   69.4 KBytes       
[SUM]  26.00-27.00  sec  22.1 MBytes   186 Mbits/sec   12             
- - - - - - - - - - - - - - - - - - - - - - - - -
[  6]  27.00-28.00  sec  5.00 MBytes  41.9 Mbits/sec    0    101 KBytes       
[  9]  27.00-28.00  sec  3.00 MBytes  25.2 Mbits/sec    3   36.8 KBytes       
[ 11]  27.00-28.00  sec  5.50 MBytes  46.1 Mbits/sec    1   91.2 KBytes       
[ 13]  27.00-28.00  sec  3.00 MBytes  25.2 Mbits/sec    1   64.0 KBytes       
[ 15]  27.00-28.00  sec  3.62 MBytes  30.4 Mbits/sec    2   72.2 KBytes       
[SUM]  27.00-28.00  sec  20.1 MBytes   169 Mbits/sec    7             
- - - - - - - - - - - - - - - - - - - - - - - - -
[  6]  28.00-29.00  sec  4.38 MBytes  36.7 Mbits/sec    2   84.4 KBytes       
[  9]  28.00-29.00  sec  3.62 MBytes  30.4 Mbits/sec    0   81.7 KBytes       
[ 11]  28.00-29.00  sec  4.38 MBytes  36.7 Mbits/sec    2   74.9 KBytes       
[ 13]  28.00-29.00  sec  4.88 MBytes  40.9 Mbits/sec    0    108 KBytes       
[ 15]  28.00-29.00  sec  3.50 MBytes  29.4 Mbits/sec    2   66.7 KBytes       
[SUM]  28.00-29.00  sec  20.8 MBytes   174 Mbits/sec    6             
- - - - - - - - - - - - - - - - - - - - - - - - -
[  6]  29.00-30.00  sec  4.38 MBytes  36.7 Mbits/sec    2   96.7 KBytes       
[  9]  29.00-30.00  sec  5.00 MBytes  41.9 Mbits/sec    1   85.8 KBytes       
[ 11]  29.00-30.00  sec  2.62 MBytes  22.0 Mbits/sec    4   36.8 KBytes       
[ 13]  29.00-30.00  sec  6.75 MBytes  56.6 Mbits/sec    1    105 KBytes       
[ 15]  29.00-30.00  sec  3.12 MBytes  26.2 Mbits/sec    2   57.2 KBytes       
[SUM]  29.00-30.00  sec  21.9 MBytes   184 Mbits/sec   10             
- - - - - - - - - - - - - - - - - - - - - - - - -
[  6]  30.00-30.01  sec  0.00 Bytes  0.00 bits/sec    0   95.3 KBytes       
[  9]  30.00-30.01  sec  0.00 Bytes  0.00 bits/sec    0   87.1 KBytes       
[ 11]  30.00-30.01  sec  0.00 Bytes  0.00 bits/sec    0   36.8 KBytes       
[ 13]  30.00-30.01  sec  0.00 Bytes  0.00 bits/sec    0    105 KBytes       
[ 15]  30.00-30.01  sec   384 KBytes   282 Mbits/sec    0   57.2 KBytes       
[SUM]  30.00-30.01  sec   384 KBytes   283 Mbits/sec    0             
- - - - - - - - - - - - - - - - - - - - - - - - -
[ ID] Interval           Transfer     Bitrate         Retr
[  6]   0.00-30.01  sec   133 MBytes  37.2 Mbits/sec   71            sender
[  9]   0.00-30.01  sec   126 MBytes  35.3 Mbits/sec   76            sender
[ 11]   0.00-30.01  sec   147 MBytes  41.2 Mbits/sec   48            sender
[ 13]   0.00-30.01  sec   128 MBytes  35.8 Mbits/sec   56            sender
[ 15]   0.00-30.01  sec   108 MBytes  30.1 Mbits/sec   62            sender
[SUM]   0.00-30.01  sec   642 MBytes   179 Mbits/sec  313             sender
-----------------------------------------------------------
Server listening on 5201 (test #4)
-----------------------------------------------------------
Accepted connection from 128.220.159.221, port 61860
[  6] local 192.168.135.129 port 5201 connected to 128.220.159.221 port 39548
[  9] local 192.168.135.129 port 5201 connected to 128.220.159.221 port 33597
[ 11] local 192.168.135.129 port 5201 connected to 128.220.159.221 port 63672
[ 13] local 192.168.135.129 port 5201 connected to 128.220.159.221 port 26377
[ 15] local 192.168.135.129 port 5201 connected to 128.220.159.221 port 8156
[ ID] Interval           Transfer     Bitrate         Retr  Cwnd
[  6]   0.00-1.00   sec  9.25 MBytes  77.5 Mbits/sec    0    543 KBytes       
[  9]   0.00-1.00   sec  9.00 MBytes  75.4 Mbits/sec    2    276 KBytes       
[ 11]   0.00-1.00   sec  5.50 MBytes  46.1 Mbits/sec    3    103 KBytes       
[ 13]   0.00-1.00   sec  4.00 MBytes  33.5 Mbits/sec    2    109 KBytes       
[ 15]   0.00-1.00   sec  4.00 MBytes  33.5 Mbits/sec    2    114 KBytes       
[SUM]   0.00-1.00   sec  31.8 MBytes   266 Mbits/sec    9             
- - - - - - - - - - - - - - - - - - - - - - - - -
[  6]   1.00-2.00   sec  9.50 MBytes  79.7 Mbits/sec    4    152 KBytes       
[  9]   1.00-2.00   sec  7.25 MBytes  60.8 Mbits/sec    1    218 KBytes       
[ 11]   1.00-2.00   sec  3.25 MBytes  27.3 Mbits/sec    1   89.8 KBytes       
[ 13]   1.00-2.00   sec  2.88 MBytes  24.1 Mbits/sec    3   69.4 KBytes       
[ 15]   1.00-2.00   sec  4.25 MBytes  35.7 Mbits/sec    0    139 KBytes       
[SUM]   1.00-2.00   sec  27.1 MBytes   228 Mbits/sec    9             
- - - - - - - - - - - - - - - - - - - - - - - - -
[  6]   2.00-3.00   sec  6.88 MBytes  57.7 Mbits/sec    1    127 KBytes       
[  9]   2.00-3.00   sec  6.38 MBytes  53.5 Mbits/sec    3   93.9 KBytes       
[ 11]   2.00-3.00   sec  4.00 MBytes  33.6 Mbits/sec    2   59.9 KBytes       
[ 13]   2.00-3.00   sec  2.38 MBytes  19.9 Mbits/sec    4   38.1 KBytes       
[ 15]   2.00-3.00   sec  4.88 MBytes  40.9 Mbits/sec    3   61.3 KBytes       
[SUM]   2.00-3.00   sec  24.5 MBytes   206 Mbits/sec   13             
- - - - - - - - - - - - - - - - - - - - - - - - -
[  6]   3.00-4.00   sec  6.25 MBytes  52.4 Mbits/sec    2   85.8 KBytes       
[  9]   3.00-4.00   sec  5.12 MBytes  43.0 Mbits/sec    2   69.4 KBytes       
[ 11]   3.00-4.00   sec  3.38 MBytes  28.3 Mbits/sec    1   74.9 KBytes       
[ 13]   3.00-4.00   sec  3.25 MBytes  27.3 Mbits/sec    0   77.6 KBytes       
[ 15]   3.00-4.00   sec  4.50 MBytes  37.7 Mbits/sec    0    102 KBytes       
[SUM]   3.00-4.00   sec  22.5 MBytes   189 Mbits/sec    5             
- - - - - - - - - - - - - - - - - - - - - - - - -
[  6]   4.00-5.00   sec  5.00 MBytes  41.9 Mbits/sec    1   88.5 KBytes       
[  9]   4.00-5.00   sec  3.62 MBytes  30.4 Mbits/sec    2   58.5 KBytes       
[ 11]   4.00-5.00   sec  4.38 MBytes  36.7 Mbits/sec    1   77.6 KBytes       
[ 13]   4.00-5.00   sec  4.50 MBytes  37.8 Mbits/sec    1   80.3 KBytes       
[ 15]   4.00-5.00   sec  5.75 MBytes  48.2 Mbits/sec    1   95.3 KBytes       
[SUM]   4.00-5.00   sec  23.2 MBytes   195 Mbits/sec    6             
- - - - - - - - - - - - - - - - - - - - - - - - -
[  6]   5.00-6.00   sec  6.25 MBytes  52.4 Mbits/sec    0    129 KBytes       
[  9]   5.00-6.00   sec  3.12 MBytes  26.2 Mbits/sec    2   55.8 KBytes       
[ 11]   5.00-6.00   sec  4.62 MBytes  38.8 Mbits/sec    1   91.2 KBytes       
[ 13]   5.00-6.00   sec  4.38 MBytes  36.7 Mbits/sec    2   64.0 KBytes       
[ 15]   5.00-6.00   sec  5.38 MBytes  45.1 Mbits/sec    2   70.8 KBytes       
[SUM]   5.00-6.00   sec  23.8 MBytes   199 Mbits/sec    7             
- - - - - - - - - - - - - - - - - - - - - - - - -
[  6]   6.00-7.00   sec  4.75 MBytes  39.8 Mbits/sec    3   68.1 KBytes       
[  9]   6.00-7.00   sec  3.12 MBytes  26.2 Mbits/sec    3   40.8 KBytes       
[ 11]   6.00-7.00   sec  6.00 MBytes  50.3 Mbits/sec   15   93.9 KBytes       
[ 13]   6.00-7.00   sec  4.12 MBytes  34.6 Mbits/sec    5   77.6 KBytes       
[ 15]   6.00-7.00   sec  3.25 MBytes  27.3 Mbits/sec    3   49.0 KBytes       
[SUM]   6.00-7.00   sec  21.2 MBytes   178 Mbits/sec   29             
- - - - - - - - - - - - - - - - - - - - - - - - -
[  6]   7.00-8.00   sec  4.75 MBytes  39.8 Mbits/sec    2   73.5 KBytes       
[  9]   7.00-8.00   sec  4.38 MBytes  36.7 Mbits/sec    4   32.7 KBytes       
[ 11]   7.00-8.00   sec  5.50 MBytes  46.1 Mbits/sec    2   85.8 KBytes       
[ 13]   7.00-8.00   sec  4.88 MBytes  40.9 Mbits/sec    2   79.0 KBytes       
[ 15]   7.00-8.00   sec  3.50 MBytes  29.4 Mbits/sec    2   59.9 KBytes       
[SUM]   7.00-8.00   sec  23.0 MBytes   193 Mbits/sec   12             
- - - - - - - - - - - - - - - - - - - - - - - - -
[  6]   8.00-9.00   sec  4.62 MBytes  38.8 Mbits/sec    2   64.0 KBytes       
[  9]   8.00-9.00   sec  3.00 MBytes  25.2 Mbits/sec    2   42.2 KBytes       
[ 11]   8.00-9.00   sec  4.88 MBytes  40.9 Mbits/sec    3   76.2 KBytes       
[ 13]   8.00-9.00   sec  2.75 MBytes  23.1 Mbits/sec    4   55.8 KBytes       
[ 15]   8.00-9.00   sec  3.75 MBytes  31.5 Mbits/sec    2   61.3 KBytes       
[SUM]   8.00-9.00   sec  19.0 MBytes   159 Mbits/sec   13             
- - - - - - - - - - - - - - - - - - - - - - - - -
[  6]   9.00-10.00  sec  4.12 MBytes  34.6 Mbits/sec    1   85.8 KBytes       
[  9]   9.00-10.00  sec  3.12 MBytes  26.2 Mbits/sec    4   23.1 KBytes       
[ 11]   9.00-10.00  sec  5.00 MBytes  41.9 Mbits/sec    1   91.2 KBytes       
[ 13]   9.00-10.00  sec  3.62 MBytes  30.4 Mbits/sec    3   35.4 KBytes       
[ 15]   9.00-10.00  sec  4.88 MBytes  40.9 Mbits/sec    1   73.5 KBytes       
[SUM]   9.00-10.00  sec  20.8 MBytes   174 Mbits/sec   10             
- - - - - - - - - - - - - - - - - - - - - - - - -
[  6]  10.00-11.00  sec  4.00 MBytes  33.6 Mbits/sec    4   40.8 KBytes       
[  9]  10.00-11.00  sec  3.62 MBytes  30.4 Mbits/sec    0   76.2 KBytes       
[ 11]  10.00-11.00  sec  4.00 MBytes  33.6 Mbits/sec    4   49.0 KBytes       
[ 13]  10.00-11.00  sec  3.50 MBytes  29.4 Mbits/sec    2   47.6 KBytes       
[ 15]  10.00-11.00  sec  3.62 MBytes  30.4 Mbits/sec    3   61.3 KBytes       
[SUM]  10.00-11.00  sec  18.8 MBytes   157 Mbits/sec   13             
- - - - - - - - - - - - - - - - - - - - - - - - -
[  6]  11.00-12.00  sec  4.00 MBytes  33.6 Mbits/sec    2   57.2 KBytes       
[  9]  11.00-12.00  sec  8.25 MBytes  69.2 Mbits/sec    0    133 KBytes       
[ 11]  11.00-12.00  sec  5.50 MBytes  46.1 Mbits/sec    1   72.2 KBytes       
[ 13]  11.00-12.00  sec  2.50 MBytes  21.0 Mbits/sec    4   46.3 KBytes       
[ 15]  11.00-12.00  sec  2.38 MBytes  19.9 Mbits/sec    6   43.6 KBytes       
[SUM]  11.00-12.00  sec  22.6 MBytes   190 Mbits/sec   13             
- - - - - - - - - - - - - - - - - - - - - - - - -
[  6]  12.00-13.00  sec  3.38 MBytes  28.3 Mbits/sec    3   58.5 KBytes       
[  9]  12.00-13.00  sec  5.00 MBytes  41.9 Mbits/sec    5   47.6 KBytes       
[ 11]  12.00-13.00  sec  6.00 MBytes  50.3 Mbits/sec    2   58.5 KBytes       
[ 13]  12.00-13.00  sec  4.50 MBytes  37.7 Mbits/sec    1   64.0 KBytes       
[ 15]  12.00-13.00  sec  3.75 MBytes  31.5 Mbits/sec    1   70.8 KBytes       
[SUM]  12.00-13.00  sec  22.6 MBytes   190 Mbits/sec   12             
- - - - - - - - - - - - - - - - - - - - - - - - -
[  6]  13.00-14.00  sec  5.38 MBytes  45.1 Mbits/sec    0    106 KBytes       
[  9]  13.00-14.00  sec  3.00 MBytes  25.2 Mbits/sec    3   51.7 KBytes       
[ 11]  13.00-14.00  sec  4.88 MBytes  40.9 Mbits/sec    3   50.4 KBytes       
[ 13]  13.00-14.00  sec  5.75 MBytes  48.2 Mbits/sec    0    110 KBytes       
[ 15]  13.00-14.00  sec  4.25 MBytes  35.7 Mbits/sec    3   44.9 KBytes       
[SUM]  13.00-14.00  sec  23.2 MBytes   195 Mbits/sec    9             
- - - - - - - - - - - - - - - - - - - - - - - - -
[  6]  14.00-15.00  sec  6.25 MBytes  52.4 Mbits/sec    2   85.8 KBytes       
[  9]  14.00-15.00  sec  4.88 MBytes  40.9 Mbits/sec    1   84.4 KBytes       
[ 11]  14.00-15.00  sec  5.12 MBytes  43.0 Mbits/sec    0    101 KBytes       
[ 13]  14.00-15.00  sec  4.88 MBytes  40.9 Mbits/sec    8   49.0 KBytes       
[ 15]  14.00-15.00  sec  3.25 MBytes  27.3 Mbits/sec    9   57.2 KBytes       
[SUM]  14.00-15.00  sec  24.4 MBytes   204 Mbits/sec   20             
- - - - - - - - - - - - - - - - - - - - - - - - -
[  6]  15.00-16.00  sec  7.00 MBytes  58.7 Mbits/sec    0    133 KBytes       
[  9]  15.00-16.00  sec  4.38 MBytes  36.7 Mbits/sec    2   74.9 KBytes       
[ 11]  15.00-16.00  sec  8.00 MBytes  67.1 Mbits/sec    0    147 KBytes       
[ 13]  15.00-16.00  sec  2.88 MBytes  24.1 Mbits/sec    3   36.8 KBytes       
[ 15]  15.00-16.00  sec  2.75 MBytes  23.1 Mbits/sec    3   43.6 KBytes       
[SUM]  15.00-16.00  sec  25.0 MBytes   210 Mbits/sec    8             
- - - - - - - - - - - - - - - - - - - - - - - - -
[  6]  16.00-17.00  sec  4.88 MBytes  40.9 Mbits/sec    3   76.2 KBytes       
[  9]  16.00-17.00  sec  5.00 MBytes  41.9 Mbits/sec    1   91.2 KBytes       
[ 11]  16.00-17.00  sec  8.88 MBytes  74.5 Mbits/sec    2   95.3 KBytes       
[ 13]  16.00-17.00  sec  3.00 MBytes  25.2 Mbits/sec    1   62.6 KBytes       
[ 15]  16.00-17.00  sec  2.62 MBytes  22.0 Mbits/sec    2   54.5 KBytes       
[SUM]  16.00-17.00  sec  24.4 MBytes   204 Mbits/sec    9             
- - - - - - - - - - - - - - - - - - - - - - - - -
[  6]  17.00-18.00  sec  3.25 MBytes  27.3 Mbits/sec    3   53.1 KBytes       
[  9]  17.00-18.00  sec  3.12 MBytes  26.2 Mbits/sec    4   46.3 KBytes       
[ 11]  17.00-18.00  sec  7.12 MBytes  59.8 Mbits/sec    1   98.0 KBytes       
[ 13]  17.00-18.00  sec  4.00 MBytes  33.5 Mbits/sec    1   80.3 KBytes       
[ 15]  17.00-18.00  sec  4.12 MBytes  34.6 Mbits/sec    1   74.9 KBytes       
[SUM]  17.00-18.00  sec  21.6 MBytes   181 Mbits/sec   10             
- - - - - - - - - - - - - - - - - - - - - - - - -
[  6]  18.00-19.00  sec  4.12 MBytes  34.6 Mbits/sec    1   72.2 KBytes       
[  9]  18.00-19.00  sec  3.75 MBytes  31.5 Mbits/sec    1   68.1 KBytes       
[ 11]  18.00-19.00  sec  4.75 MBytes  39.8 Mbits/sec    2   84.4 KBytes       
[ 13]  18.00-19.00  sec  4.75 MBytes  39.8 Mbits/sec    3   72.2 KBytes       
[ 15]  18.00-19.00  sec  5.50 MBytes  46.1 Mbits/sec    1   89.8 KBytes       
[SUM]  18.00-19.00  sec  22.9 MBytes   192 Mbits/sec    8             
- - - - - - - - - - - - - - - - - - - - - - - - -
[  6]  19.00-20.00  sec  4.62 MBytes  38.8 Mbits/sec    2   61.3 KBytes       
[  9]  19.00-20.00  sec  3.12 MBytes  26.2 Mbits/sec    6   32.7 KBytes       
[ 11]  19.00-20.00  sec  6.12 MBytes  51.4 Mbits/sec    1   91.2 KBytes       
[ 13]  19.00-20.00  sec  4.00 MBytes  33.6 Mbits/sec    4   47.6 KBytes       
[ 15]  19.00-20.00  sec  5.50 MBytes  46.1 Mbits/sec    1    102 KBytes       
[SUM]  19.00-20.00  sec  23.4 MBytes   196 Mbits/sec   14             
- - - - - - - - - - - - - - - - - - - - - - - - -
[  6]  20.00-21.00  sec  3.38 MBytes  28.3 Mbits/sec    3   49.0 KBytes       
[  9]  20.00-21.00  sec  3.62 MBytes  30.4 Mbits/sec    1   69.4 KBytes       
[ 11]  20.00-21.00  sec  3.00 MBytes  25.2 Mbits/sec    4   58.5 KBytes       
[ 13]  20.00-21.00  sec  3.75 MBytes  31.5 Mbits/sec    1   81.7 KBytes       
[ 15]  20.00-21.00  sec  6.62 MBytes  55.6 Mbits/sec    2   81.7 KBytes       
[SUM]  20.00-21.00  sec  20.4 MBytes   171 Mbits/sec   11             
- - - - - - - - - - - - - - - - - - - - - - - - -
[  6]  21.00-22.00  sec  3.38 MBytes  28.3 Mbits/sec    3   47.6 KBytes       
[  9]  21.00-22.00  sec  3.62 MBytes  30.4 Mbits/sec   18   59.9 KBytes       
[ 11]  21.00-22.00  sec  2.75 MBytes  23.1 Mbits/sec    6   29.9 KBytes       
[ 13]  21.00-22.00  sec  4.50 MBytes  37.7 Mbits/sec    4   55.8 KBytes       
[ 15]  21.00-22.00  sec  5.88 MBytes  49.3 Mbits/sec    3   47.6 KBytes       
[SUM]  21.00-22.00  sec  20.1 MBytes   169 Mbits/sec   34             
- - - - - - - - - - - - - - - - - - - - - - - - -
[  6]  22.00-23.00  sec  4.12 MBytes  34.6 Mbits/sec    1   69.4 KBytes       
[  9]  22.00-23.00  sec  4.38 MBytes  36.7 Mbits/sec    1   91.2 KBytes       
[ 11]  22.00-23.00  sec  3.75 MBytes  31.5 Mbits/sec    0   81.7 KBytes       
[ 13]  22.00-23.00  sec  5.62 MBytes  47.2 Mbits/sec    0    106 KBytes       
[ 15]  22.00-23.00  sec  3.00 MBytes  25.2 Mbits/sec    2   62.6 KBytes       
[SUM]  22.00-23.00  sec  20.9 MBytes   175 Mbits/sec    4             
- - - - - - - - - - - - - - - - - - - - - - - - -
[  6]  23.00-24.00  sec  4.62 MBytes  38.8 Mbits/sec    1   85.8 KBytes       
[  9]  23.00-24.00  sec  4.38 MBytes  36.7 Mbits/sec    3   54.5 KBytes       
[ 11]  23.00-24.00  sec  3.88 MBytes  32.5 Mbits/sec    5   34.0 KBytes       
[ 13]  23.00-24.00  sec  5.25 MBytes  44.0 Mbits/sec    2   83.0 KBytes       
[ 15]  23.00-24.00  sec  3.75 MBytes  31.5 Mbits/sec    4   27.2 KBytes       
[SUM]  23.00-24.00  sec  21.9 MBytes   184 Mbits/sec   15             
- - - - - - - - - - - - - - - - - - - - - - - - -
[  6]  24.00-25.00  sec  4.00 MBytes  33.6 Mbits/sec    5   70.8 KBytes       
[  9]  24.00-25.00  sec  3.12 MBytes  26.2 Mbits/sec    4   54.5 KBytes       
[ 11]  24.00-25.00  sec  3.25 MBytes  27.3 Mbits/sec    2   53.1 KBytes       
[ 13]  24.00-25.00  sec  5.75 MBytes  48.2 Mbits/sec    3   79.0 KBytes       
[ 15]  24.00-25.00  sec  2.75 MBytes  23.1 Mbits/sec    3   50.4 KBytes       
[SUM]  24.00-25.00  sec  18.9 MBytes   158 Mbits/sec   17             
- - - - - - - - - - - - - - - - - - - - - - - - -
[  6]  25.00-26.00  sec  4.12 MBytes  34.6 Mbits/sec    4   65.3 KBytes       
[  9]  25.00-26.00  sec  3.62 MBytes  30.4 Mbits/sec    3   54.5 KBytes       
[ 11]  25.00-26.00  sec  3.00 MBytes  25.2 Mbits/sec    4   38.1 KBytes       
[ 13]  25.00-26.00  sec  4.75 MBytes  39.8 Mbits/sec    3   58.5 KBytes       
[ 15]  25.00-26.00  sec  4.88 MBytes  40.9 Mbits/sec    1   84.4 KBytes       
[SUM]  25.00-26.00  sec  20.4 MBytes   171 Mbits/sec   15             
- - - - - - - - - - - - - - - - - - - - - - - - -
[  6]  26.00-27.00  sec  6.00 MBytes  50.3 Mbits/sec    1   80.3 KBytes       
[  9]  26.00-27.00  sec  3.75 MBytes  31.5 Mbits/sec    2   69.4 KBytes       
[ 11]  26.00-27.00  sec  3.62 MBytes  30.4 Mbits/sec    3   43.6 KBytes       
[ 13]  26.00-27.00  sec  5.50 MBytes  46.1 Mbits/sec    1   74.9 KBytes       
[ 15]  26.00-27.00  sec  3.00 MBytes  25.2 Mbits/sec    5   34.0 KBytes       
[SUM]  26.00-27.00  sec  21.9 MBytes   184 Mbits/sec   12             
- - - - - - - - - - - - - - - - - - - - - - - - -
[  6]  27.00-28.00  sec  3.38 MBytes  28.3 Mbits/sec    5   64.0 KBytes       
[  9]  27.00-28.00  sec  3.00 MBytes  25.2 Mbits/sec    4   53.1 KBytes       
[ 11]  27.00-28.00  sec  4.25 MBytes  35.7 Mbits/sec    1   76.2 KBytes       
[ 13]  27.00-28.00  sec  3.12 MBytes  26.2 Mbits/sec    4   49.0 KBytes       
[ 15]  27.00-28.00  sec  2.00 MBytes  16.8 Mbits/sec    4   43.6 KBytes       
[SUM]  27.00-28.00  sec  15.8 MBytes   132 Mbits/sec   18             
- - - - - - - - - - - - - - - - - - - - - - - - -
[  6]  28.00-29.00  sec  3.38 MBytes  28.3 Mbits/sec    1   83.0 KBytes       
[  9]  28.00-29.00  sec  4.38 MBytes  36.7 Mbits/sec    0   96.7 KBytes       
[ 11]  28.00-29.00  sec  5.25 MBytes  44.0 Mbits/sec    0    117 KBytes       
[ 13]  28.00-29.00  sec  3.25 MBytes  27.3 Mbits/sec    3   43.6 KBytes       
[ 15]  28.00-29.00  sec  3.12 MBytes  26.2 Mbits/sec    1   61.3 KBytes       
[SUM]  28.00-29.00  sec  19.4 MBytes   163 Mbits/sec    5             
- - - - - - - - - - - - - - - - - - - - - - - - -
[  6]  29.00-30.00  sec  3.88 MBytes  32.5 Mbits/sec    3   54.5 KBytes       
[  9]  29.00-30.00  sec  5.62 MBytes  47.2 Mbits/sec    2   80.3 KBytes       
[ 11]  29.00-30.00  sec  7.25 MBytes  60.8 Mbits/sec    2   84.4 KBytes       
[ 13]  29.00-30.00  sec  3.62 MBytes  30.4 Mbits/sec    1   69.4 KBytes       
[ 15]  29.00-30.00  sec  2.75 MBytes  23.1 Mbits/sec    4   35.4 KBytes       
[SUM]  29.00-30.00  sec  23.1 MBytes   194 Mbits/sec   12             
- - - - - - - - - - - - - - - - - - - - - - - - -
[ ID] Interval           Transfer     Bitrate         Retr
[  6]   0.00-30.01  sec   149 MBytes  41.5 Mbits/sec   63            sender
[  9]   0.00-30.01  sec   132 MBytes  36.8 Mbits/sec   86            sender
[ 11]   0.00-30.01  sec   147 MBytes  41.1 Mbits/sec   73            sender
[ 13]   0.00-30.01  sec   122 MBytes  34.0 Mbits/sec   75            sender
[ 15]   0.00-30.01  sec   120 MBytes  33.4 Mbits/sec   75            sender
[SUM]   0.00-30.01  sec   668 MBytes   187 Mbits/sec  372             sender
-----------------------------------------------------------
Server listening on 5201 (test #5)
-----------------------------------------------------------
iperf3: interrupt - the server has terminated by signal Interrupt(2)
