-----------------------------------------------------------
Server listening on 5201 (test #1)
-----------------------------------------------------------
Accepted connection from 128.220.159.221, port 16684
[  6] local 192.168.135.129 port 5201 connected to 128.220.159.221 port 27960
[  9] local 192.168.135.129 port 5201 connected to 128.220.159.221 port 8267
[ 11] local 192.168.135.129 port 5201 connected to 128.220.159.221 port 34646
[ 13] local 192.168.135.129 port 5201 connected to 128.220.159.221 port 32328
[ 15] local 192.168.135.129 port 5201 connected to 128.220.159.221 port 59128
[ ID] Interval           Transfer     Bitrate         Retr  Cwnd
[  6]   0.00-1.00   sec  3.62 MBytes  30.4 Mbits/sec    9   20.4 KBytes       
[  9]   0.00-1.00   sec  4.62 MBytes  38.8 Mbits/sec    7   51.7 KBytes       
[ 11]   0.00-1.00   sec  5.00 MBytes  41.9 Mbits/sec   11   21.8 KBytes       
[ 13]   0.00-1.00   sec  4.62 MBytes  38.8 Mbits/sec    7   38.1 KBytes       
[ 15]   0.00-1.00   sec  5.25 MBytes  44.0 Mbits/sec    8   29.9 KBytes       
[SUM]   0.00-1.00   sec  23.1 MBytes   194 Mbits/sec   42             
- - - - - - - - - - - - - - - - - - - - - - - - -
[  6]   1.00-2.00   sec  2.25 MBytes  18.9 Mbits/sec    6   15.0 KBytes       
[  9]   1.00-2.00   sec  2.50 MBytes  21.0 Mbits/sec   11   15.0 KBytes       
[ 11]   1.00-2.00   sec  2.50 MBytes  21.0 Mbits/sec    5   32.7 KBytes       
[ 13]   1.00-2.00   sec  3.25 MBytes  27.3 Mbits/sec    7   23.1 KBytes       
[ 15]   1.00-2.00   sec  2.25 MBytes  18.9 Mbits/sec    8   15.0 KBytes       
[SUM]   1.00-2.00   sec  12.8 MBytes   107 Mbits/sec   37             
- - - - - - - - - - - - - - - - - - - - - - - - -
[  6]   2.00-3.00   sec  1.75 MBytes  14.7 Mbits/sec    6   15.0 KBytes       
[  9]   2.00-3.00   sec  1.88 MBytes  15.7 Mbits/sec    8   20.4 KBytes       
[ 11]   2.00-3.00   sec  1.75 MBytes  14.7 Mbits/sec   11   19.1 KBytes       
[ 13]   2.00-3.00   sec  2.62 MBytes  22.0 Mbits/sec    9   29.9 KBytes       
[ 15]   2.00-3.00   sec  1.88 MBytes  15.7 Mbits/sec    8   16.3 KBytes       
[SUM]   2.00-3.00   sec  9.88 MBytes  82.8 Mbits/sec   42             
- - - - - - - - - - - - - - - - - - - - - - - - -
[  6]   3.00-4.00   sec  1.75 MBytes  14.7 Mbits/sec    5   24.5 KBytes       
[  9]   3.00-4.00   sec  2.62 MBytes  22.0 Mbits/sec    5   31.3 KBytes       
[ 11]   3.00-4.00   sec  2.50 MBytes  21.0 Mbits/sec    4   40.8 KBytes       
[ 13]   3.00-4.00   sec  3.00 MBytes  25.2 Mbits/sec    8   20.4 KBytes       
[ 15]   3.00-4.00   sec  2.12 MBytes  17.8 Mbits/sec    6   28.6 KBytes       
[SUM]   3.00-4.00   sec  12.0 MBytes   101 Mbits/sec   28             
- - - - - - - - - - - - - - - - - - - - - - - - -
[  6]   4.00-5.00   sec  1.62 MBytes  13.6 Mbits/sec    6   23.1 KBytes       
[  9]   4.00-5.00   sec  2.50 MBytes  21.0 Mbits/sec    7   27.2 KBytes       
[ 11]   4.00-5.00   sec  3.88 MBytes  32.5 Mbits/sec    7   35.4 KBytes       
[ 13]   4.00-5.00   sec  2.88 MBytes  24.1 Mbits/sec   10   15.0 KBytes       
[ 15]   4.00-5.00   sec  2.62 MBytes  22.0 Mbits/sec    7   23.1 KBytes       
[SUM]   4.00-5.00   sec  13.5 MBytes   113 Mbits/sec   37             
- - - - - - - - - - - - - - - - - - - - - - - - -
[  6]   5.00-6.00   sec  2.50 MBytes  21.0 Mbits/sec    4   39.5 KBytes       
[  9]   5.00-6.00   sec  3.12 MBytes  26.2 Mbits/sec    4   36.8 KBytes       
[ 11]   5.00-6.00   sec  2.25 MBytes  18.9 Mbits/sec    8   23.1 KBytes       
[ 13]   5.00-6.00   sec  3.00 MBytes  25.2 Mbits/sec    7   19.1 KBytes       
[ 15]   5.00-6.00   sec  2.88 MBytes  24.1 Mbits/sec    5   23.1 KBytes       
[SUM]   5.00-6.00   sec  13.8 MBytes   115 Mbits/sec   28             
- - - - - - - - - - - - - - - - - - - - - - - - -
[  6]   6.00-7.00   sec  1.88 MBytes  15.7 Mbits/sec    8   15.0 KBytes       
[  9]   6.00-7.00   sec  3.00 MBytes  25.2 Mbits/sec    9   19.1 KBytes       
[ 11]   6.00-7.00   sec  2.00 MBytes  16.8 Mbits/sec    5   36.8 KBytes       
[ 13]   6.00-7.00   sec  3.12 MBytes  26.2 Mbits/sec    7   40.8 KBytes       
[ 15]   6.00-7.00   sec  2.62 MBytes  22.0 Mbits/sec    6   32.7 KBytes       
[SUM]   6.00-7.00   sec  12.6 MBytes   106 Mbits/sec   35             
- - - - - - - - - - - - - - - - - - - - - - - - -
[  6]   7.00-8.00   sec  1.75 MBytes  14.7 Mbits/sec    5   23.1 KBytes       
[  9]   7.00-8.00   sec  3.00 MBytes  25.2 Mbits/sec    4   36.8 KBytes       
[ 11]   7.00-8.00   sec  2.12 MBytes  17.8 Mbits/sec    8   15.0 KBytes       
[ 13]   7.00-8.00   sec  3.12 MBytes  26.2 Mbits/sec    7   32.7 KBytes       
[ 15]   7.00-8.00   sec  2.88 MBytes  24.1 Mbits/sec    6   20.4 KBytes       
[SUM]   7.00-8.00   sec  12.9 MBytes   108 Mbits/sec   30             
- - - - - - - - - - - - - - - - - - - - - - - - -
[  6]   8.00-9.00   sec  1.50 MBytes  12.6 Mbits/sec    8   16.3 KBytes       
[  9]   8.00-9.00   sec  3.50 MBytes  29.4 Mbits/sec    5   31.3 KBytes       
[ 11]   8.00-9.00   sec  1.88 MBytes  15.7 Mbits/sec    7   16.3 KBytes       
[ 13]   8.00-9.00   sec  3.00 MBytes  25.2 Mbits/sec    8   23.1 KBytes       
[ 15]   8.00-9.00   sec  1.88 MBytes  15.7 Mbits/sec    7   27.2 KBytes       
[SUM]   8.00-9.00   sec  11.8 MBytes  98.6 Mbits/sec   35             
- - - - - - - - - - - - - - - - - - - - - - - - -
[  6]   9.00-10.00  sec  2.12 MBytes  17.8 Mbits/sec    4   21.8 KBytes       
[  9]   9.00-10.00  sec  2.25 MBytes  18.9 Mbits/sec    7   25.9 KBytes       
[ 11]   9.00-10.00  sec  2.38 MBytes  19.9 Mbits/sec    6   19.1 KBytes       
[ 13]   9.00-10.00  sec  2.88 MBytes  24.1 Mbits/sec    8   16.3 KBytes       
[ 15]   9.00-10.00  sec  2.62 MBytes  22.0 Mbits/sec    8   10.9 KBytes       
[SUM]   9.00-10.00  sec  12.2 MBytes   103 Mbits/sec   33             
- - - - - - - - - - - - - - - - - - - - - - - - -
[  6]  10.00-11.00  sec  3.00 MBytes  25.2 Mbits/sec    4   39.5 KBytes       
[  9]  10.00-11.00  sec  3.25 MBytes  27.3 Mbits/sec    5   43.6 KBytes       
[ 11]  10.00-11.00  sec  1.50 MBytes  12.6 Mbits/sec    8   31.3 KBytes       
[ 13]  10.00-11.00  sec  2.50 MBytes  21.0 Mbits/sec    8   42.2 KBytes       
[ 15]  10.00-11.00  sec  2.12 MBytes  17.8 Mbits/sec    5   31.3 KBytes       
[SUM]  10.00-11.00  sec  12.4 MBytes   104 Mbits/sec   30             
- - - - - - - - - - - - - - - - - - - - - - - - -
[  6]  11.00-12.00  sec  1.75 MBytes  14.7 Mbits/sec    7   21.8 KBytes       
[  9]  11.00-12.00  sec  2.12 MBytes  17.8 Mbits/sec    8   19.1 KBytes       
[ 11]  11.00-12.00  sec  2.12 MBytes  17.8 Mbits/sec    6   27.2 KBytes       
[ 13]  11.00-12.00  sec  3.12 MBytes  26.2 Mbits/sec    9   21.8 KBytes       
[ 15]  11.00-12.00  sec  3.38 MBytes  28.3 Mbits/sec    3   54.5 KBytes       
[SUM]  11.00-12.00  sec  12.5 MBytes   105 Mbits/sec   33             
- - - - - - - - - - - - - - - - - - - - - - - - -
[  6]  12.00-13.00  sec  1.75 MBytes  14.7 Mbits/sec    6   20.4 KBytes       
[  9]  12.00-13.00  sec  2.25 MBytes  18.9 Mbits/sec    5   31.3 KBytes       
[ 11]  12.00-13.00  sec  2.75 MBytes  23.1 Mbits/sec    9   12.3 KBytes       
[ 13]  12.00-13.00  sec  2.75 MBytes  23.1 Mbits/sec    8   31.3 KBytes       
[ 15]  12.00-13.00  sec  3.25 MBytes  27.3 Mbits/sec    6   25.9 KBytes       
[SUM]  12.00-13.00  sec  12.8 MBytes   107 Mbits/sec   34             
- - - - - - - - - - - - - - - - - - - - - - - - -
[  6]  13.00-14.00  sec  2.12 MBytes  17.8 Mbits/sec    5   20.4 KBytes       
[  9]  13.00-14.00  sec  3.38 MBytes  28.3 Mbits/sec    7   13.6 KBytes       
[ 11]  13.00-14.00  sec  2.50 MBytes  21.0 Mbits/sec    4   25.9 KBytes       
[ 13]  13.00-14.00  sec  3.38 MBytes  28.3 Mbits/sec    7   16.3 KBytes       
[ 15]  13.00-14.00  sec  2.62 MBytes  22.0 Mbits/sec    6   31.3 KBytes       
[SUM]  13.00-14.00  sec  14.0 MBytes   117 Mbits/sec   29             
- - - - - - - - - - - - - - - - - - - - - - - - -
[  6]  14.00-15.00  sec  2.12 MBytes  17.8 Mbits/sec    6   24.5 KBytes       
[  9]  14.00-15.00  sec  2.62 MBytes  22.0 Mbits/sec    4   28.6 KBytes       
[ 11]  14.00-15.00  sec  2.75 MBytes  23.1 Mbits/sec    6   19.1 KBytes       
[ 13]  14.00-15.00  sec  2.25 MBytes  18.9 Mbits/sec   10   10.9 KBytes       
[ 15]  14.00-15.00  sec  1.75 MBytes  14.7 Mbits/sec    7   31.3 KBytes       
[SUM]  14.00-15.00  sec  11.5 MBytes  96.5 Mbits/sec   33             
- - - - - - - - - - - - - - - - - - - - - - - - -
[  6]  15.00-16.00  sec  1.88 MBytes  15.7 Mbits/sec    4   31.3 KBytes       
[  9]  15.00-16.00  sec  1.88 MBytes  15.7 Mbits/sec    7   16.3 KBytes       
[ 11]  15.00-16.00  sec  2.38 MBytes  19.9 Mbits/sec    3   44.9 KBytes       
[ 13]  15.00-16.00  sec  2.62 MBytes  22.0 Mbits/sec    6   21.8 KBytes       
[ 15]  15.00-16.00  sec  3.75 MBytes  31.5 Mbits/sec    3   57.2 KBytes       
[SUM]  15.00-16.00  sec  12.5 MBytes   105 Mbits/sec   23             
- - - - - - - - - - - - - - - - - - - - - - - - -
[  6]  16.00-17.00  sec  2.25 MBytes  18.9 Mbits/sec    7   29.9 KBytes       
[  9]  16.00-17.00  sec  2.00 MBytes  16.8 Mbits/sec    8   19.1 KBytes       
[ 11]  16.00-17.00  sec  2.12 MBytes  17.8 Mbits/sec    9   15.0 KBytes       
[ 13]  16.00-17.00  sec  2.75 MBytes  23.1 Mbits/sec    9   16.3 KBytes       
[ 15]  16.00-17.00  sec  3.25 MBytes  27.3 Mbits/sec    7   29.9 KBytes       
[SUM]  16.00-17.00  sec  12.4 MBytes   104 Mbits/sec   40             
- - - - - - - - - - - - - - - - - - - - - - - - -
[  6]  17.00-18.00  sec  2.00 MBytes  16.8 Mbits/sec    6   21.8 KBytes       
[  9]  17.00-18.00  sec  2.75 MBytes  23.1 Mbits/sec    5   28.6 KBytes       
[ 11]  17.00-18.00  sec  1.75 MBytes  14.7 Mbits/sec    6   42.2 KBytes       
[ 13]  17.00-18.00  sec  2.25 MBytes  18.9 Mbits/sec    8   16.3 KBytes       
[ 15]  17.00-18.00  sec  3.00 MBytes  25.2 Mbits/sec    6   17.7 KBytes       
[SUM]  17.00-18.00  sec  11.8 MBytes  98.6 Mbits/sec   31             
- - - - - - - - - - - - - - - - - - - - - - - - -
[  6]  18.00-19.00  sec  1.38 MBytes  11.5 Mbits/sec    9   13.6 KBytes       
[  9]  18.00-19.00  sec  2.50 MBytes  21.0 Mbits/sec   16   25.9 KBytes       
[ 11]  18.00-19.00  sec  3.75 MBytes  31.5 Mbits/sec    5   43.6 KBytes       
[ 13]  18.00-19.00  sec  2.12 MBytes  17.8 Mbits/sec   10   24.5 KBytes       
[ 15]  18.00-19.00  sec  2.50 MBytes  21.0 Mbits/sec   10   21.8 KBytes       
[SUM]  18.00-19.00  sec  12.2 MBytes   103 Mbits/sec   50             
- - - - - - - - - - - - - - - - - - - - - - - - -
[  6]  19.00-20.00  sec  1.50 MBytes  12.6 Mbits/sec    7   16.3 KBytes       
[  9]  19.00-20.00  sec  2.88 MBytes  24.1 Mbits/sec    7   27.2 KBytes       
[ 11]  19.00-20.00  sec  2.38 MBytes  19.9 Mbits/sec    7   20.4 KBytes       
[ 13]  19.00-20.00  sec  3.00 MBytes  25.2 Mbits/sec    9   17.7 KBytes       
[ 15]  19.00-20.00  sec  1.88 MBytes  15.7 Mbits/sec    7   20.4 KBytes       
[SUM]  19.00-20.00  sec  11.6 MBytes  97.5 Mbits/sec   37             
- - - - - - - - - - - - - - - - - - - - - - - - -
[  6]  20.00-21.00  sec  2.00 MBytes  16.8 Mbits/sec    4   31.3 KBytes       
[  9]  20.00-21.00  sec  3.12 MBytes  26.2 Mbits/sec    4   39.5 KBytes       
[ 11]  20.00-21.00  sec  3.12 MBytes  26.2 Mbits/sec    5   21.8 KBytes       
[ 13]  20.00-21.00  sec  3.38 MBytes  28.3 Mbits/sec    6   38.1 KBytes       
[ 15]  20.00-21.00  sec  2.25 MBytes  18.9 Mbits/sec    7   13.6 KBytes       
[SUM]  20.00-21.00  sec  13.9 MBytes   116 Mbits/sec   26             
- - - - - - - - - - - - - - - - - - - - - - - - -
[  6]  21.00-22.00  sec  2.12 MBytes  17.8 Mbits/sec    6   23.1 KBytes       
[  9]  21.00-22.00  sec  2.62 MBytes  22.0 Mbits/sec   10   20.4 KBytes       
[ 11]  21.00-22.00  sec  2.62 MBytes  22.0 Mbits/sec    5   23.1 KBytes       
[ 13]  21.00-22.00  sec  3.50 MBytes  29.4 Mbits/sec    8   25.9 KBytes       
[ 15]  21.00-22.00  sec  1.38 MBytes  11.5 Mbits/sec    8   21.8 KBytes       
[SUM]  21.00-22.00  sec  12.2 MBytes   103 Mbits/sec   37             
- - - - - - - - - - - - - - - - - - - - - - - - -
[  6]  22.00-23.00  sec  2.75 MBytes  23.1 Mbits/sec    4   24.5 KBytes       
[  9]  22.00-23.00  sec  2.38 MBytes  19.9 Mbits/sec    5   29.9 KBytes       
[ 11]  22.00-23.00  sec  1.50 MBytes  12.6 Mbits/sec    9   20.4 KBytes       
[ 13]  22.00-23.00  sec  2.38 MBytes  19.9 Mbits/sec    8   35.4 KBytes       
[ 15]  22.00-23.00  sec  2.62 MBytes  22.0 Mbits/sec    6   24.5 KBytes       
[SUM]  22.00-23.00  sec  11.6 MBytes  97.5 Mbits/sec   32             
- - - - - - - - - - - - - - - - - - - - - - - - -
[  6]  23.00-24.00  sec  1.50 MBytes  12.6 Mbits/sec    6   29.9 KBytes       
[  9]  23.00-24.00  sec  3.00 MBytes  25.2 Mbits/sec    7   19.1 KBytes       
[ 11]  23.00-24.00  sec  2.12 MBytes  17.8 Mbits/sec    6   24.5 KBytes       
[ 13]  23.00-24.00  sec  3.38 MBytes  28.3 Mbits/sec    8   21.8 KBytes       
[ 15]  23.00-24.00  sec  1.88 MBytes  15.7 Mbits/sec    7   23.1 KBytes       
[SUM]  23.00-24.00  sec  11.9 MBytes  99.6 Mbits/sec   34             
- - - - - - - - - - - - - - - - - - - - - - - - -
[  6]  24.00-25.00  sec  2.75 MBytes  23.1 Mbits/sec    5   24.5 KBytes       
[  9]  24.00-25.00  sec  2.75 MBytes  23.1 Mbits/sec    6   23.1 KBytes       
[ 11]  24.00-25.00  sec  2.75 MBytes  23.1 Mbits/sec    6   16.3 KBytes       
[ 13]  24.00-25.00  sec  3.50 MBytes  29.4 Mbits/sec    5   40.8 KBytes       
[ 15]  24.00-25.00  sec  2.50 MBytes  21.0 Mbits/sec    8   24.5 KBytes       
[SUM]  24.00-25.00  sec  14.2 MBytes   120 Mbits/sec   30             
- - - - - - - - - - - - - - - - - - - - - - - - -
[  6]  25.00-26.00  sec  2.75 MBytes  23.1 Mbits/sec    4   27.2 KBytes       
[  9]  25.00-26.00  sec  2.25 MBytes  18.9 Mbits/sec    6   24.5 KBytes       
[ 11]  25.00-26.00  sec  2.12 MBytes  17.8 Mbits/sec    6   16.3 KBytes       
[ 13]  25.00-26.00  sec  3.62 MBytes  30.4 Mbits/sec    8   19.1 KBytes       
[ 15]  25.00-26.00  sec  2.25 MBytes  18.9 Mbits/sec    6   23.1 KBytes       
[SUM]  25.00-26.00  sec  13.0 MBytes   109 Mbits/sec   30             
- - - - - - - - - - - - - - - - - - - - - - - - -
[  6]  26.00-27.00  sec  2.88 MBytes  24.1 Mbits/sec    4   49.0 KBytes       
[  9]  26.00-27.00  sec  2.12 MBytes  17.8 Mbits/sec    7   24.5 KBytes       
[ 11]  26.00-27.00  sec  2.50 MBytes  21.0 Mbits/sec    7   12.3 KBytes       
[ 13]  26.00-27.00  sec  2.00 MBytes  16.8 Mbits/sec   11   25.9 KBytes       
[ 15]  26.00-27.00  sec  2.12 MBytes  17.8 Mbits/sec    7   16.3 KBytes       
[SUM]  26.00-27.00  sec  11.6 MBytes  97.5 Mbits/sec   36             
- - - - - - - - - - - - - - - - - - - - - - - - -
[  6]  27.00-28.00  sec  2.50 MBytes  21.0 Mbits/sec    8   27.2 KBytes       
[  9]  27.00-28.00  sec  2.25 MBytes  18.9 Mbits/sec   11   12.3 KBytes       
[ 11]  27.00-28.00  sec  1.50 MBytes  12.6 Mbits/sec    7   32.7 KBytes       
[ 13]  27.00-28.00  sec  2.38 MBytes  19.9 Mbits/sec   11   25.9 KBytes       
[ 15]  27.00-28.00  sec  2.25 MBytes  18.9 Mbits/sec    8   13.6 KBytes       
[SUM]  27.00-28.00  sec  10.9 MBytes  91.2 Mbits/sec   45             
- - - - - - - - - - - - - - - - - - - - - - - - -
[  6]  28.00-29.00  sec  2.38 MBytes  19.9 Mbits/sec    5   42.2 KBytes       
[  9]  28.00-29.00  sec  2.12 MBytes  17.8 Mbits/sec    6   23.1 KBytes       
[ 11]  28.00-29.00  sec  2.75 MBytes  23.1 Mbits/sec    6   28.6 KBytes       
[ 13]  28.00-29.00  sec  3.00 MBytes  25.2 Mbits/sec   13   9.53 KBytes       
[ 15]  28.00-29.00  sec  1.88 MBytes  15.7 Mbits/sec    8   10.9 KBytes       
[SUM]  28.00-29.00  sec  12.1 MBytes   102 Mbits/sec   38             
- - - - - - - - - - - - - - - - - - - - - - - - -
[  6]  29.00-30.00  sec  2.50 MBytes  21.0 Mbits/sec    5   36.8 KBytes       
[  9]  29.00-30.00  sec  2.50 MBytes  21.0 Mbits/sec    6   24.5 KBytes       
[ 11]  29.00-30.00  sec  2.12 MBytes  17.8 Mbits/sec    7   16.3 KBytes       
[ 13]  29.00-30.00  sec  2.38 MBytes  19.9 Mbits/sec    7   23.1 KBytes       
[ 15]  29.00-30.00  sec  1.75 MBytes  14.7 Mbits/sec    6   24.5 KBytes       
[SUM]  29.00-30.00  sec  11.2 MBytes  94.4 Mbits/sec   31             
- - - - - - - - - - - - - - - - - - - - - - - - -
[  6]  30.00-30.01  sec  0.00 Bytes  0.00 bits/sec    0   36.8 KBytes       
[  9]  30.00-30.01  sec   256 KBytes   191 Mbits/sec    0   24.5 KBytes       
[ 11]  30.00-30.01  sec  0.00 Bytes  0.00 bits/sec    0   16.3 KBytes       
[ 13]  30.00-30.01  sec  0.00 Bytes  0.00 bits/sec    0   23.1 KBytes       
[ 15]  30.00-30.01  sec  0.00 Bytes  0.00 bits/sec    1   16.3 KBytes       
[SUM]  30.00-30.01  sec   256 KBytes   190 Mbits/sec    1             
- - - - - - - - - - - - - - - - - - - - - - - - -
[ ID] Interval           Transfer     Bitrate         Retr
[  6]   0.00-30.01  sec  64.6 MBytes  18.1 Mbits/sec  173            sender
[  9]   0.00-30.01  sec  80.0 MBytes  22.4 Mbits/sec  207            sender
[ 11]   0.00-30.01  sec  73.4 MBytes  20.5 Mbits/sec  199            sender
[ 13]   0.00-30.01  sec  87.8 MBytes  24.5 Mbits/sec  247            sender
[ 15]   0.00-30.01  sec  75.4 MBytes  21.1 Mbits/sec  201            sender
[SUM]   0.00-30.01  sec   381 MBytes   107 Mbits/sec  1027             sender
-----------------------------------------------------------
Server listening on 5201 (test #2)
-----------------------------------------------------------
Accepted connection from 128.220.159.221, port 11833
[  6] local 192.168.135.129 port 5201 connected to 128.220.159.221 port 8055
[  9] local 192.168.135.129 port 5201 connected to 128.220.159.221 port 20703
[ 11] local 192.168.135.129 port 5201 connected to 128.220.159.221 port 44529
[ 13] local 192.168.135.129 port 5201 connected to 128.220.159.221 port 60920
[ 15] local 192.168.135.129 port 5201 connected to 128.220.159.221 port 23022
[ ID] Interval           Transfer     Bitrate         Retr  Cwnd
[  6]   0.00-1.00   sec  4.62 MBytes  38.8 Mbits/sec    6   31.3 KBytes       
[  9]   0.00-1.00   sec  4.62 MBytes  38.8 Mbits/sec   10   29.9 KBytes       
[ 11]   0.00-1.00   sec  3.38 MBytes  28.3 Mbits/sec   10   17.7 KBytes       
[ 13]   0.00-1.00   sec  5.50 MBytes  46.1 Mbits/sec   12   19.1 KBytes       
[ 15]   0.00-1.00   sec  4.50 MBytes  37.7 Mbits/sec   12   12.3 KBytes       
[SUM]   0.00-1.00   sec  22.6 MBytes   190 Mbits/sec   50             
- - - - - - - - - - - - - - - - - - - - - - - - -
[  6]   1.00-2.00   sec  2.50 MBytes  21.0 Mbits/sec    6   32.7 KBytes       
[  9]   1.00-2.00   sec  2.25 MBytes  18.9 Mbits/sec    6   25.9 KBytes       
[ 11]   1.00-2.00   sec  1.62 MBytes  13.6 Mbits/sec    6   25.9 KBytes       
[ 13]   1.00-2.00   sec  2.50 MBytes  21.0 Mbits/sec    3   54.5 KBytes       
[ 15]   1.00-2.00   sec  2.88 MBytes  24.1 Mbits/sec    5   32.7 KBytes       
[SUM]   1.00-2.00   sec  11.8 MBytes  98.6 Mbits/sec   26             
- - - - - - - - - - - - - - - - - - - - - - - - -
[  6]   2.00-3.00   sec  1.88 MBytes  15.7 Mbits/sec   11   10.9 KBytes       
[  9]   2.00-3.00   sec  2.12 MBytes  17.8 Mbits/sec    6   27.2 KBytes       
[ 11]   2.00-3.00   sec  2.62 MBytes  22.0 Mbits/sec    4   29.9 KBytes       
[ 13]   2.00-3.00   sec  2.25 MBytes  18.9 Mbits/sec    9   25.9 KBytes       
[ 15]   2.00-3.00   sec  3.00 MBytes  25.2 Mbits/sec   13   9.53 KBytes       
[SUM]   2.00-3.00   sec  11.9 MBytes  99.6 Mbits/sec   43             
- - - - - - - - - - - - - - - - - - - - - - - - -
[  6]   3.00-4.00   sec  2.25 MBytes  18.9 Mbits/sec    4   35.4 KBytes       
[  9]   3.00-4.00   sec  1.88 MBytes  15.7 Mbits/sec    7   23.1 KBytes       
[ 11]   3.00-4.00   sec  3.38 MBytes  28.3 Mbits/sec    4   36.8 KBytes       
[ 13]   3.00-4.00   sec  2.25 MBytes  18.9 Mbits/sec    7   24.5 KBytes       
[ 15]   3.00-4.00   sec  2.50 MBytes  21.0 Mbits/sec    6   32.7 KBytes       
[SUM]   3.00-4.00   sec  12.2 MBytes   103 Mbits/sec   28             
- - - - - - - - - - - - - - - - - - - - - - - - -
[  6]   4.00-5.00   sec  2.12 MBytes  17.8 Mbits/sec    8   20.4 KBytes       
[  9]   4.00-5.00   sec  1.62 MBytes  13.6 Mbits/sec    6   23.1 KBytes       
[ 11]   4.00-5.00   sec  3.12 MBytes  26.2 Mbits/sec    4   32.7 KBytes       
[ 13]   4.00-5.00   sec  2.62 MBytes  22.0 Mbits/sec    5   32.7 KBytes       
[ 15]   4.00-5.00   sec  3.00 MBytes  25.2 Mbits/sec    9   15.0 KBytes       
[SUM]   4.00-5.00   sec  12.5 MBytes   105 Mbits/sec   32             
- - - - - - - - - - - - - - - - - - - - - - - - -
[  6]   5.00-6.00   sec  1.88 MBytes  15.7 Mbits/sec    6   38.1 KBytes       
[  9]   5.00-6.00   sec  2.50 MBytes  21.0 Mbits/sec    3   40.8 KBytes       
[ 11]   5.00-6.00   sec  2.38 MBytes  19.9 Mbits/sec    6   17.7 KBytes       
[ 13]   5.00-6.00   sec  2.12 MBytes  17.8 Mbits/sec   11   10.9 KBytes       
[ 15]   5.00-6.00   sec  2.50 MBytes  21.0 Mbits/sec    7   28.6 KBytes       
[SUM]   5.00-6.00   sec  11.4 MBytes  95.4 Mbits/sec   33             
- - - - - - - - - - - - - - - - - - - - - - - - -
[  6]   6.00-7.00   sec  2.25 MBytes  18.9 Mbits/sec    9   32.7 KBytes       
[  9]   6.00-7.00   sec  1.75 MBytes  14.7 Mbits/sec    7   20.4 KBytes       
[ 11]   6.00-7.00   sec  1.88 MBytes  15.7 Mbits/sec    6   16.3 KBytes       
[ 13]   6.00-7.00   sec  2.25 MBytes  18.9 Mbits/sec    7   13.6 KBytes       
[ 15]   6.00-7.00   sec  2.62 MBytes  22.0 Mbits/sec   10   10.9 KBytes       
[SUM]   6.00-7.00   sec  10.8 MBytes  90.2 Mbits/sec   39             
- - - - - - - - - - - - - - - - - - - - - - - - -
[  6]   7.00-8.00   sec  2.88 MBytes  24.1 Mbits/sec    5   25.9 KBytes       
[  9]   7.00-8.00   sec  2.12 MBytes  17.8 Mbits/sec    5   23.1 KBytes       
[ 11]   7.00-8.00   sec  2.00 MBytes  16.8 Mbits/sec    3   39.5 KBytes       
[ 13]   7.00-8.00   sec  1.75 MBytes  14.7 Mbits/sec    5   34.0 KBytes       
[ 15]   7.00-8.00   sec  3.62 MBytes  30.4 Mbits/sec    3   49.0 KBytes       
[SUM]   7.00-8.00   sec  12.4 MBytes   104 Mbits/sec   21             
- - - - - - - - - - - - - - - - - - - - - - - - -
[  6]   8.00-9.00   sec  2.38 MBytes  19.9 Mbits/sec    6   21.8 KBytes       
[  9]   8.00-9.00   sec  1.88 MBytes  15.7 Mbits/sec    6   21.8 KBytes       
[ 11]   8.00-9.00   sec  2.62 MBytes  22.0 Mbits/sec    7   19.1 KBytes       
[ 13]   8.00-9.00   sec  3.00 MBytes  25.2 Mbits/sec    7   16.3 KBytes       
[ 15]   8.00-9.00   sec  4.00 MBytes  33.6 Mbits/sec    6   36.8 KBytes       
[SUM]   8.00-9.00   sec  13.9 MBytes   116 Mbits/sec   32             
- - - - - - - - - - - - - - - - - - - - - - - - -
[  6]   9.00-10.00  sec  1.88 MBytes  15.7 Mbits/sec    9   16.3 KBytes       
[  9]   9.00-10.00  sec  2.00 MBytes  16.8 Mbits/sec    5   29.9 KBytes       
[ 11]   9.00-10.00  sec  2.00 MBytes  16.8 Mbits/sec    5   27.2 KBytes       
[ 13]   9.00-10.00  sec  1.50 MBytes  12.6 Mbits/sec    9   15.0 KBytes       
[ 15]   9.00-10.00  sec  3.00 MBytes  25.2 Mbits/sec    9   32.7 KBytes       
[SUM]   9.00-10.00  sec  10.4 MBytes  87.0 Mbits/sec   37             
- - - - - - - - - - - - - - - - - - - - - - - - -
[  6]  10.00-11.00  sec  2.00 MBytes  16.8 Mbits/sec    6   20.4 KBytes       
[  9]  10.00-11.00  sec  1.75 MBytes  14.7 Mbits/sec    7   24.5 KBytes       
[ 11]  10.00-11.00  sec  1.75 MBytes  14.7 Mbits/sec    7   28.6 KBytes       
[ 13]  10.00-11.00  sec  2.12 MBytes  17.8 Mbits/sec    5   32.7 KBytes       
[ 15]  10.00-11.00  sec  3.25 MBytes  27.3 Mbits/sec   11   23.1 KBytes       
[SUM]  10.00-11.00  sec  10.9 MBytes  91.2 Mbits/sec   36             
- - - - - - - - - - - - - - - - - - - - - - - - -
[  6]  11.00-12.00  sec  2.88 MBytes  24.1 Mbits/sec    6   34.0 KBytes       
[  9]  11.00-12.00  sec  1.62 MBytes  13.6 Mbits/sec    7   17.7 KBytes       
[ 11]  11.00-12.00  sec  2.88 MBytes  24.1 Mbits/sec    7   21.8 KBytes       
[ 13]  11.00-12.00  sec  3.00 MBytes  25.2 Mbits/sec    8   28.6 KBytes       
[ 15]  11.00-12.00  sec  2.62 MBytes  22.0 Mbits/sec   13   20.4 KBytes       
[SUM]  11.00-12.00  sec  13.0 MBytes   109 Mbits/sec   41             
- - - - - - - - - - - - - - - - - - - - - - - - -
[  6]  12.00-13.00  sec  2.62 MBytes  22.0 Mbits/sec    8   10.9 KBytes       
[  9]  12.00-13.00  sec  1.88 MBytes  15.7 Mbits/sec    7   27.2 KBytes       
[ 11]  12.00-13.00  sec  2.00 MBytes  16.8 Mbits/sec    7   16.3 KBytes       
[ 13]  12.00-13.00  sec  2.62 MBytes  22.0 Mbits/sec    8   24.5 KBytes       
[ 15]  12.00-13.00  sec  3.25 MBytes  27.3 Mbits/sec    7   34.0 KBytes       
[SUM]  12.00-13.00  sec  12.4 MBytes   104 Mbits/sec   37             
- - - - - - - - - - - - - - - - - - - - - - - - -
[  6]  13.00-14.00  sec  2.38 MBytes  19.9 Mbits/sec    4   28.6 KBytes       
[  9]  13.00-14.00  sec  1.88 MBytes  15.7 Mbits/sec   13   35.4 KBytes       
[ 11]  13.00-14.00  sec  1.75 MBytes  14.7 Mbits/sec   11   19.1 KBytes       
[ 13]  13.00-14.00  sec  2.12 MBytes  17.8 Mbits/sec    8   17.7 KBytes       
[ 15]  13.00-14.00  sec  3.00 MBytes  25.2 Mbits/sec   10   13.6 KBytes       
[SUM]  13.00-14.00  sec  11.1 MBytes  93.3 Mbits/sec   46             
- - - - - - - - - - - - - - - - - - - - - - - - -
[  6]  14.00-15.00  sec  1.88 MBytes  15.7 Mbits/sec    5   31.3 KBytes       
[  9]  14.00-15.00  sec  1.88 MBytes  15.7 Mbits/sec    7   24.5 KBytes       
[ 11]  14.00-15.00  sec  1.75 MBytes  14.7 Mbits/sec    4   23.1 KBytes       
[ 13]  14.00-15.00  sec  1.88 MBytes  15.7 Mbits/sec    5   19.1 KBytes       
[ 15]  14.00-15.00  sec  2.12 MBytes  17.8 Mbits/sec    5   31.3 KBytes       
[SUM]  14.00-15.00  sec  9.50 MBytes  79.7 Mbits/sec   26             
- - - - - - - - - - - - - - - - - - - - - - - - -
[  6]  15.00-16.00  sec  2.12 MBytes  17.8 Mbits/sec    5   24.5 KBytes       
[  9]  15.00-16.00  sec  1.88 MBytes  15.7 Mbits/sec    5   16.3 KBytes       
[ 11]  15.00-16.00  sec  1.75 MBytes  14.7 Mbits/sec    3   31.3 KBytes       
[ 13]  15.00-16.00  sec  2.25 MBytes  18.9 Mbits/sec    5   20.4 KBytes       
[ 15]  15.00-16.00  sec  2.25 MBytes  18.9 Mbits/sec    8   19.1 KBytes       
[SUM]  15.00-16.00  sec  10.2 MBytes  86.0 Mbits/sec   26             
- - - - - - - - - - - - - - - - - - - - - - - - -
[  6]  16.00-17.00  sec  2.75 MBytes  23.1 Mbits/sec    4   43.6 KBytes       
[  9]  16.00-17.00  sec  1.75 MBytes  14.7 Mbits/sec    5   29.9 KBytes       
[ 11]  16.00-17.00  sec  2.38 MBytes  19.9 Mbits/sec    6   28.6 KBytes       
[ 13]  16.00-17.00  sec  1.75 MBytes  14.7 Mbits/sec    6   28.6 KBytes       
[ 15]  16.00-17.00  sec  3.25 MBytes  27.3 Mbits/sec    5   39.5 KBytes       
[SUM]  16.00-17.00  sec  11.9 MBytes  99.6 Mbits/sec   26             
- - - - - - - - - - - - - - - - - - - - - - - - -
[  6]  17.00-18.00  sec  1.75 MBytes  14.7 Mbits/sec    8   21.8 KBytes       
[  9]  17.00-18.00  sec  2.00 MBytes  16.8 Mbits/sec    5   24.5 KBytes       
[ 11]  17.00-18.00  sec  2.25 MBytes  18.9 Mbits/sec    3   35.4 KBytes       
[ 13]  17.00-18.00  sec  1.88 MBytes  15.7 Mbits/sec    5   32.7 KBytes       
[ 15]  17.00-18.00  sec  2.25 MBytes  18.9 Mbits/sec    8   12.3 KBytes       
[SUM]  17.00-18.00  sec  10.1 MBytes  84.9 Mbits/sec   29             
- - - - - - - - - - - - - - - - - - - - - - - - -
[  6]  18.00-19.00  sec  1.75 MBytes  14.7 Mbits/sec    6   23.1 KBytes       
[  9]  18.00-19.00  sec  1.75 MBytes  14.7 Mbits/sec    4   36.8 KBytes       
[ 11]  18.00-19.00  sec  1.75 MBytes  14.7 Mbits/sec    8   12.3 KBytes       
[ 13]  18.00-19.00  sec  2.25 MBytes  18.9 Mbits/sec    8   17.7 KBytes       
[ 15]  18.00-19.00  sec  2.25 MBytes  18.9 Mbits/sec    8   16.3 KBytes       
[SUM]  18.00-19.00  sec  9.75 MBytes  81.8 Mbits/sec   34             
- - - - - - - - - - - - - - - - - - - - - - - - -
[  6]  19.00-20.00  sec  3.00 MBytes  25.2 Mbits/sec    6   28.6 KBytes       
[  9]  19.00-20.00  sec  2.25 MBytes  18.9 Mbits/sec   10   23.1 KBytes       
[ 11]  19.00-20.00  sec  1.75 MBytes  14.7 Mbits/sec    5   35.4 KBytes       
[ 13]  19.00-20.00  sec  2.12 MBytes  17.8 Mbits/sec    7   23.1 KBytes       
[ 15]  19.00-20.00  sec  2.50 MBytes  21.0 Mbits/sec    9   25.9 KBytes       
[SUM]  19.00-20.00  sec  11.6 MBytes  97.5 Mbits/sec   37             
- - - - - - - - - - - - - - - - - - - - - - - - -
[  6]  20.00-21.00  sec  2.38 MBytes  19.9 Mbits/sec    8   13.6 KBytes       
[  9]  20.00-21.00  sec  3.12 MBytes  26.2 Mbits/sec    3   29.9 KBytes       
[ 11]  20.00-21.00  sec  2.38 MBytes  19.9 Mbits/sec    5   27.2 KBytes       
[ 13]  20.00-21.00  sec  2.25 MBytes  18.9 Mbits/sec    6   23.1 KBytes       
[ 15]  20.00-21.00  sec  2.25 MBytes  18.9 Mbits/sec   10   32.7 KBytes       
[SUM]  20.00-21.00  sec  12.4 MBytes   104 Mbits/sec   32             
- - - - - - - - - - - - - - - - - - - - - - - - -
[  6]  21.00-22.00  sec  2.00 MBytes  16.8 Mbits/sec    5   28.6 KBytes       
[  9]  21.00-22.00  sec  2.00 MBytes  16.8 Mbits/sec    6   27.2 KBytes       
[ 11]  21.00-22.00  sec  2.62 MBytes  22.0 Mbits/sec    5   24.5 KBytes       
[ 13]  21.00-22.00  sec  1.50 MBytes  12.6 Mbits/sec   10   10.9 KBytes       
[ 15]  21.00-22.00  sec  2.50 MBytes  21.0 Mbits/sec    9   23.1 KBytes       
[SUM]  21.00-22.00  sec  10.6 MBytes  89.1 Mbits/sec   35             
- - - - - - - - - - - - - - - - - - - - - - - - -
[  6]  22.00-23.00  sec  2.62 MBytes  22.0 Mbits/sec    6   23.1 KBytes       
[  9]  22.00-23.00  sec  2.50 MBytes  21.0 Mbits/sec    6   17.7 KBytes       
[ 11]  22.00-23.00  sec  2.38 MBytes  19.9 Mbits/sec    5   20.4 KBytes       
[ 13]  22.00-23.00  sec  1.75 MBytes  14.7 Mbits/sec    8   16.3 KBytes       
[ 15]  22.00-23.00  sec  3.00 MBytes  25.2 Mbits/sec    9   17.7 KBytes       
[SUM]  22.00-23.00  sec  12.2 MBytes   103 Mbits/sec   34             
- - - - - - - - - - - - - - - - - - - - - - - - -
[  6]  23.00-24.00  sec  2.00 MBytes  16.8 Mbits/sec   14   19.1 KBytes       
[  9]  23.00-24.00  sec  1.88 MBytes  15.7 Mbits/sec    7   21.8 KBytes       
[ 11]  23.00-24.00  sec  2.25 MBytes  18.9 Mbits/sec    4   31.3 KBytes       
[ 13]  23.00-24.00  sec  2.25 MBytes  18.9 Mbits/sec   15   13.6 KBytes       
[ 15]  23.00-24.00  sec  2.50 MBytes  21.0 Mbits/sec    9   19.1 KBytes       
[SUM]  23.00-24.00  sec  10.9 MBytes  91.2 Mbits/sec   49             
- - - - - - - - - - - - - - - - - - - - - - - - -
[  6]  24.00-25.00  sec  1.75 MBytes  14.7 Mbits/sec    9   12.3 KBytes       
[  9]  24.00-25.00  sec  1.88 MBytes  15.7 Mbits/sec    7   17.7 KBytes       
[ 11]  24.00-25.00  sec  2.12 MBytes  17.8 Mbits/sec    8   9.53 KBytes       
[ 13]  24.00-25.00  sec  2.50 MBytes  21.0 Mbits/sec    5   28.6 KBytes       
[ 15]  24.00-25.00  sec  3.38 MBytes  28.3 Mbits/sec    6   31.3 KBytes       
[SUM]  24.00-25.00  sec  11.6 MBytes  97.5 Mbits/sec   35             
- - - - - - - - - - - - - - - - - - - - - - - - -
[  6]  25.00-26.00  sec  1.75 MBytes  14.7 Mbits/sec    6   24.5 KBytes       
[  9]  25.00-26.00  sec  1.62 MBytes  13.6 Mbits/sec    6   19.1 KBytes       
[ 11]  25.00-26.00  sec  1.50 MBytes  12.6 Mbits/sec    4   29.9 KBytes       
[ 13]  25.00-26.00  sec  2.25 MBytes  18.9 Mbits/sec    7   21.8 KBytes       
[ 15]  25.00-26.00  sec  2.50 MBytes  21.0 Mbits/sec    9   25.9 KBytes       
[SUM]  25.00-26.00  sec  9.62 MBytes  80.7 Mbits/sec   32             
- - - - - - - - - - - - - - - - - - - - - - - - -
[  6]  26.00-27.00  sec  3.12 MBytes  26.2 Mbits/sec    6   15.0 KBytes       
[  9]  26.00-27.00  sec  2.12 MBytes  17.8 Mbits/sec    4   32.7 KBytes       
[ 11]  26.00-27.00  sec  2.25 MBytes  18.9 Mbits/sec    5   25.9 KBytes       
[ 13]  26.00-27.00  sec  2.62 MBytes  22.0 Mbits/sec    6   24.5 KBytes       
[ 15]  26.00-27.00  sec  3.00 MBytes  25.2 Mbits/sec    9   17.7 KBytes       
[SUM]  26.00-27.00  sec  13.1 MBytes   110 Mbits/sec   30             
- - - - - - - - - - - - - - - - - - - - - - - - -
[  6]  27.00-28.00  sec  2.62 MBytes  22.0 Mbits/sec    7   12.3 KBytes       
[  9]  27.00-28.00  sec  2.25 MBytes  18.9 Mbits/sec    5   24.5 KBytes       
[ 11]  27.00-28.00  sec  2.38 MBytes  19.9 Mbits/sec    6   15.0 KBytes       
[ 13]  27.00-28.00  sec  2.12 MBytes  17.8 Mbits/sec    8   17.7 KBytes       
[ 15]  27.00-28.00  sec  2.50 MBytes  21.0 Mbits/sec    8   16.3 KBytes       
[SUM]  27.00-28.00  sec  11.9 MBytes  99.6 Mbits/sec   34             
- - - - - - - - - - - - - - - - - - - - - - - - -
[  6]  28.00-29.00  sec  2.38 MBytes  19.9 Mbits/sec    4   31.3 KBytes       
[  9]  28.00-29.00  sec  2.00 MBytes  16.8 Mbits/sec    5   35.4 KBytes       
[ 11]  28.00-29.00  sec  2.12 MBytes  17.8 Mbits/sec    4   35.4 KBytes       
[ 13]  28.00-29.00  sec  1.88 MBytes  15.7 Mbits/sec    7   28.6 KBytes       
[ 15]  28.00-29.00  sec  2.25 MBytes  18.9 Mbits/sec    9   21.8 KBytes       
[SUM]  28.00-29.00  sec  10.6 MBytes  89.1 Mbits/sec   29             
- - - - - - - - - - - - - - - - - - - - - - - - -
[  6]  29.00-30.00  sec  2.12 MBytes  17.8 Mbits/sec    6   35.4 KBytes       
[  9]  29.00-30.00  sec  2.62 MBytes  22.0 Mbits/sec    5   27.2 KBytes       
[ 11]  29.00-30.00  sec  2.75 MBytes  23.1 Mbits/sec    4   40.8 KBytes       
[ 13]  29.00-30.00  sec  2.25 MBytes  18.9 Mbits/sec   11   10.9 KBytes       
[ 15]  29.00-30.00  sec  3.25 MBytes  27.3 Mbits/sec    7   46.3 KBytes       
[SUM]  29.00-30.00  sec  13.0 MBytes   109 Mbits/sec   33             
- - - - - - - - - - - - - - - - - - - - - - - - -
[  6]  30.00-30.01  sec  0.00 Bytes  0.00 bits/sec    0   35.4 KBytes       
[  9]  30.00-30.01  sec  0.00 Bytes  0.00 bits/sec    0   28.6 KBytes       
[ 11]  30.00-30.01  sec   128 KBytes   160 Mbits/sec    0   40.8 KBytes       
[ 13]  30.00-30.01  sec   256 KBytes   320 Mbits/sec    0   10.9 KBytes       
[ 15]  30.00-30.01  sec  0.00 Bytes  0.00 bits/sec    0   46.3 KBytes       
[SUM]  30.00-30.01  sec   384 KBytes   480 Mbits/sec    0             
- - - - - - - - - - - - - - - - - - - - - - - - -
[ ID] Interval           Transfer     Bitrate         Retr
[  6]   0.00-30.01  sec  70.5 MBytes  19.7 Mbits/sec  199            sender
[  9]   0.00-30.01  sec  63.4 MBytes  17.7 Mbits/sec  185            sender
[ 11]   0.00-30.01  sec  67.9 MBytes  19.0 Mbits/sec  166            sender
[ 13]   0.00-30.01  sec  69.4 MBytes  19.4 Mbits/sec  223            sender
[ 15]   0.00-30.01  sec  85.5 MBytes  23.9 Mbits/sec  249            sender
[SUM]   0.00-30.01  sec   357 MBytes  99.7 Mbits/sec  1022             sender
-----------------------------------------------------------
Server listening on 5201 (test #3)
-----------------------------------------------------------
Accepted connection from 128.220.159.221, port 8493
[  6] local 192.168.135.129 port 5201 connected to 128.220.159.221 port 11128
[  9] local 192.168.135.129 port 5201 connected to 128.220.159.221 port 21464
[ 11] local 192.168.135.129 port 5201 connected to 128.220.159.221 port 17832
[ 13] local 192.168.135.129 port 5201 connected to 128.220.159.221 port 56006
[ 15] local 192.168.135.129 port 5201 connected to 128.220.159.221 port 13363
[ ID] Interval           Transfer     Bitrate         Retr  Cwnd
[  6]   0.00-1.00   sec  1.62 MBytes  13.6 Mbits/sec    9   16.3 KBytes       
[  9]   0.00-1.00   sec  5.62 MBytes  47.1 Mbits/sec   12   23.1 KBytes       
[ 11]   0.00-1.00   sec  3.75 MBytes  31.4 Mbits/sec    8   25.9 KBytes       
[ 13]   0.00-1.00   sec  5.38 MBytes  45.0 Mbits/sec   16   9.53 KBytes       
[ 15]   0.00-1.00   sec  5.25 MBytes  44.0 Mbits/sec   11   20.4 KBytes       
[SUM]   0.00-1.00   sec  21.6 MBytes   181 Mbits/sec   56             
- - - - - - - - - - - - - - - - - - - - - - - - -
[  6]   1.00-2.00   sec  3.75 MBytes  31.5 Mbits/sec    4   36.8 KBytes       
[  9]   1.00-2.00   sec  2.50 MBytes  21.0 Mbits/sec    7   19.1 KBytes       
[ 11]   1.00-2.00   sec  1.50 MBytes  12.6 Mbits/sec    7   21.8 KBytes       
[ 13]   1.00-2.00   sec  2.62 MBytes  22.0 Mbits/sec    8   15.0 KBytes       
[ 15]   1.00-2.00   sec  2.50 MBytes  21.0 Mbits/sec    8   23.1 KBytes       
[SUM]   1.00-2.00   sec  12.9 MBytes   108 Mbits/sec   34             
- - - - - - - - - - - - - - - - - - - - - - - - -
[  6]   2.00-3.00   sec  3.25 MBytes  27.3 Mbits/sec    8   17.7 KBytes       
[  9]   2.00-3.00   sec  2.62 MBytes  22.0 Mbits/sec    7   16.3 KBytes       
[ 11]   2.00-3.00   sec  1.88 MBytes  15.7 Mbits/sec    5   28.6 KBytes       
[ 13]   2.00-3.00   sec  2.12 MBytes  17.8 Mbits/sec    8   19.1 KBytes       
[ 15]   2.00-3.00   sec  2.50 MBytes  21.0 Mbits/sec    8   20.4 KBytes       
[SUM]   2.00-3.00   sec  12.4 MBytes   104 Mbits/sec   36             
- - - - - - - - - - - - - - - - - - - - - - - - -
[  6]   3.00-4.00   sec  2.12 MBytes  17.8 Mbits/sec   12   13.6 KBytes       
[  9]   3.00-4.00   sec  2.12 MBytes  17.8 Mbits/sec    8   12.3 KBytes       
[ 11]   3.00-4.00   sec  2.12 MBytes  17.8 Mbits/sec    5   23.1 KBytes       
[ 13]   3.00-4.00   sec  2.25 MBytes  18.9 Mbits/sec    9   17.7 KBytes       
[ 15]   3.00-4.00   sec  2.50 MBytes  21.0 Mbits/sec    9   19.1 KBytes       
[SUM]   3.00-4.00   sec  11.1 MBytes  93.3 Mbits/sec   43             
- - - - - - - - - - - - - - - - - - - - - - - - -
[  6]   4.00-5.00   sec  1.88 MBytes  15.7 Mbits/sec   14   28.6 KBytes       
[  9]   4.00-5.00   sec  2.25 MBytes  18.9 Mbits/sec   10   20.4 KBytes       
[ 11]   4.00-5.00   sec  3.12 MBytes  26.2 Mbits/sec    3   61.3 KBytes       
[ 13]   4.00-5.00   sec  2.50 MBytes  21.0 Mbits/sec   11   16.3 KBytes       
[ 15]   4.00-5.00   sec  2.00 MBytes  16.8 Mbits/sec   14   19.1 KBytes       
[SUM]   4.00-5.00   sec  11.8 MBytes  98.6 Mbits/sec   52             
- - - - - - - - - - - - - - - - - - - - - - - - -
[  6]   5.00-6.00   sec  2.75 MBytes  23.1 Mbits/sec    6   28.6 KBytes       
[  9]   5.00-6.00   sec  1.88 MBytes  15.7 Mbits/sec    7   25.9 KBytes       
[ 11]   5.00-6.00   sec  2.50 MBytes  21.0 Mbits/sec    8   12.3 KBytes       
[ 13]   5.00-6.00   sec  2.62 MBytes  22.0 Mbits/sec    7   29.9 KBytes       
[ 15]   5.00-6.00   sec  3.38 MBytes  28.3 Mbits/sec    5   25.9 KBytes       
[SUM]   5.00-6.00   sec  13.1 MBytes   110 Mbits/sec   33             
- - - - - - - - - - - - - - - - - - - - - - - - -
[  6]   6.00-7.00   sec  2.75 MBytes  23.1 Mbits/sec    7   27.2 KBytes       
[  9]   6.00-7.00   sec  2.12 MBytes  17.8 Mbits/sec   11   24.5 KBytes       
[ 11]   6.00-7.00   sec  1.62 MBytes  13.6 Mbits/sec    7   13.6 KBytes       
[ 13]   6.00-7.00   sec  3.62 MBytes  30.4 Mbits/sec    7   27.2 KBytes       
[ 15]   6.00-7.00   sec  3.50 MBytes  29.4 Mbits/sec    7   31.3 KBytes       
[SUM]   6.00-7.00   sec  13.6 MBytes   114 Mbits/sec   39             
- - - - - - - - - - - - - - - - - - - - - - - - -
[  6]   7.00-8.00   sec  2.38 MBytes  19.9 Mbits/sec    8   24.5 KBytes       
[  9]   7.00-8.00   sec  3.00 MBytes  25.2 Mbits/sec    7   20.4 KBytes       
[ 11]   7.00-8.00   sec  1.88 MBytes  15.7 Mbits/sec    5   17.7 KBytes       
[ 13]   7.00-8.00   sec  3.75 MBytes  31.5 Mbits/sec    4   43.6 KBytes       
[ 15]   7.00-8.00   sec  2.88 MBytes  24.1 Mbits/sec    6   29.9 KBytes       
[SUM]   7.00-8.00   sec  13.9 MBytes   116 Mbits/sec   30             
- - - - - - - - - - - - - - - - - - - - - - - - -
[  6]   8.00-9.00   sec  2.25 MBytes  18.9 Mbits/sec   10   12.3 KBytes       
[  9]   8.00-9.00   sec  2.12 MBytes  17.8 Mbits/sec    8   21.8 KBytes       
[ 11]   8.00-9.00   sec  2.12 MBytes  17.8 Mbits/sec    3   36.8 KBytes       
[ 13]   8.00-9.00   sec  3.75 MBytes  31.5 Mbits/sec    9   46.3 KBytes       
[ 15]   8.00-9.00   sec  1.88 MBytes  15.7 Mbits/sec    9   21.8 KBytes       
[SUM]   8.00-9.00   sec  12.1 MBytes   102 Mbits/sec   39             
- - - - - - - - - - - - - - - - - - - - - - - - -
[  6]   9.00-10.00  sec  3.25 MBytes  27.3 Mbits/sec    6   40.8 KBytes       
[  9]   9.00-10.00  sec  2.25 MBytes  18.9 Mbits/sec    8   15.0 KBytes       
[ 11]   9.00-10.00  sec  2.25 MBytes  18.9 Mbits/sec    7   13.6 KBytes       
[ 13]   9.00-10.00  sec  2.50 MBytes  21.0 Mbits/sec   10   23.1 KBytes       
[ 15]   9.00-10.00  sec  2.62 MBytes  22.0 Mbits/sec    8   21.8 KBytes       
[SUM]   9.00-10.00  sec  12.9 MBytes   108 Mbits/sec   39             
- - - - - - - - - - - - - - - - - - - - - - - - -
[  6]  10.00-11.00  sec  2.88 MBytes  24.1 Mbits/sec   10   13.6 KBytes       
[  9]  10.00-11.00  sec  2.25 MBytes  18.9 Mbits/sec    8   20.4 KBytes       
[ 11]  10.00-11.00  sec  2.12 MBytes  17.8 Mbits/sec    3   31.3 KBytes       
[ 13]  10.00-11.00  sec  2.62 MBytes  22.0 Mbits/sec    9   23.1 KBytes       
[ 15]  10.00-11.00  sec  1.75 MBytes  14.7 Mbits/sec   12   16.3 KBytes       
[SUM]  10.00-11.00  sec  11.6 MBytes  97.5 Mbits/sec   42             
- - - - - - - - - - - - - - - - - - - - - - - - -
[  6]  11.00-12.00  sec  2.25 MBytes  18.9 Mbits/sec   13   6.81 KBytes       
[  9]  11.00-12.00  sec  2.88 MBytes  24.1 Mbits/sec    9   15.0 KBytes       
[ 11]  11.00-12.00  sec  2.00 MBytes  16.8 Mbits/sec    8   19.1 KBytes       
[ 13]  11.00-12.00  sec  2.62 MBytes  22.0 Mbits/sec   12   13.6 KBytes       
[ 15]  11.00-12.00  sec  2.50 MBytes  21.0 Mbits/sec    9   13.6 KBytes       
[SUM]  11.00-12.00  sec  12.2 MBytes   103 Mbits/sec   51             
- - - - - - - - - - - - - - - - - - - - - - - - -
[  6]  12.00-13.00  sec  2.12 MBytes  17.8 Mbits/sec    8   27.2 KBytes       
[  9]  12.00-13.00  sec  2.62 MBytes  22.0 Mbits/sec   10   13.6 KBytes       
[ 11]  12.00-13.00  sec  1.12 MBytes  9.44 Mbits/sec   10   17.7 KBytes       
[ 13]  12.00-13.00  sec  2.12 MBytes  17.8 Mbits/sec   11   38.1 KBytes       
[ 15]  12.00-13.00  sec  2.50 MBytes  21.0 Mbits/sec    7   36.8 KBytes       
[SUM]  12.00-13.00  sec  10.5 MBytes  88.1 Mbits/sec   46             
- - - - - - - - - - - - - - - - - - - - - - - - -
[  6]  13.00-14.00  sec  2.38 MBytes  19.9 Mbits/sec    8   31.3 KBytes       
[  9]  13.00-14.00  sec  2.88 MBytes  24.1 Mbits/sec    6   29.9 KBytes       
[ 11]  13.00-14.00  sec  1.62 MBytes  13.6 Mbits/sec    9   10.9 KBytes       
[ 13]  13.00-14.00  sec  3.38 MBytes  28.3 Mbits/sec    9   32.7 KBytes       
[ 15]  13.00-14.00  sec  3.25 MBytes  27.3 Mbits/sec    6   36.8 KBytes       
[SUM]  13.00-14.00  sec  13.5 MBytes   113 Mbits/sec   38             
- - - - - - - - - - - - - - - - - - - - - - - - -
[  6]  14.00-15.00  sec  3.50 MBytes  29.4 Mbits/sec   11   35.4 KBytes       
[  9]  14.00-15.00  sec  2.88 MBytes  24.1 Mbits/sec    9   17.7 KBytes       
[ 11]  14.00-15.00  sec  1.50 MBytes  12.6 Mbits/sec    4   25.9 KBytes       
[ 13]  14.00-15.00  sec  3.38 MBytes  28.3 Mbits/sec    7   46.3 KBytes       
[ 15]  14.00-15.00  sec  2.12 MBytes  17.8 Mbits/sec   16   21.8 KBytes       
[SUM]  14.00-15.00  sec  13.4 MBytes   112 Mbits/sec   47             
- - - - - - - - - - - - - - - - - - - - - - - - -
[  6]  15.00-16.00  sec  2.38 MBytes  19.9 Mbits/sec   12   13.6 KBytes       
[  9]  15.00-16.00  sec  3.38 MBytes  28.3 Mbits/sec    4   36.8 KBytes       
[ 11]  15.00-16.00  sec  2.50 MBytes  21.0 Mbits/sec    8   17.7 KBytes       
[ 13]  15.00-16.00  sec  2.12 MBytes  17.8 Mbits/sec   12   15.0 KBytes       
[ 15]  15.00-16.00  sec  4.25 MBytes  35.7 Mbits/sec    5   21.8 KBytes       
[SUM]  15.00-16.00  sec  14.6 MBytes   123 Mbits/sec   41             
- - - - - - - - - - - - - - - - - - - - - - - - -
[  6]  16.00-17.00  sec  3.00 MBytes  25.2 Mbits/sec    5   29.9 KBytes       
[  9]  16.00-17.00  sec  2.50 MBytes  21.0 Mbits/sec    9   20.4 KBytes       
[ 11]  16.00-17.00  sec  2.88 MBytes  24.1 Mbits/sec    2   38.1 KBytes       
[ 13]  16.00-17.00  sec  2.62 MBytes  22.0 Mbits/sec    8   20.4 KBytes       
[ 15]  16.00-17.00  sec  3.38 MBytes  28.3 Mbits/sec    6   19.1 KBytes       
[SUM]  16.00-17.00  sec  14.4 MBytes   121 Mbits/sec   30             
- - - - - - - - - - - - - - - - - - - - - - - - -
[  6]  17.00-18.00  sec  2.62 MBytes  22.0 Mbits/sec    8   39.5 KBytes       
[  9]  17.00-18.00  sec  3.00 MBytes  25.2 Mbits/sec    8   13.6 KBytes       
[ 11]  17.00-18.00  sec  2.25 MBytes  18.9 Mbits/sec    6   32.7 KBytes       
[ 13]  17.00-18.00  sec  2.50 MBytes  21.0 Mbits/sec    9   32.7 KBytes       
[ 15]  17.00-18.00  sec  2.88 MBytes  24.1 Mbits/sec    8   39.5 KBytes       
[SUM]  17.00-18.00  sec  13.2 MBytes   111 Mbits/sec   39             
- - - - - - - - - - - - - - - - - - - - - - - - -
[  6]  18.00-19.00  sec  3.00 MBytes  25.2 Mbits/sec    8   25.9 KBytes       
[  9]  18.00-19.00  sec  2.50 MBytes  21.0 Mbits/sec    6   25.9 KBytes       
[ 11]  18.00-19.00  sec  1.88 MBytes  15.7 Mbits/sec    4   42.2 KBytes       
[ 13]  18.00-19.00  sec  3.38 MBytes  28.3 Mbits/sec    9   24.5 KBytes       
[ 15]  18.00-19.00  sec  2.62 MBytes  22.0 Mbits/sec   10   16.3 KBytes       
[SUM]  18.00-19.00  sec  13.4 MBytes   112 Mbits/sec   37             
- - - - - - - - - - - - - - - - - - - - - - - - -
[  6]  19.00-20.00  sec  2.62 MBytes  22.0 Mbits/sec   10   13.6 KBytes       
[  9]  19.00-20.00  sec  3.75 MBytes  31.5 Mbits/sec    6   27.2 KBytes       
[ 11]  19.00-20.00  sec  3.00 MBytes  25.2 Mbits/sec    5   40.8 KBytes       
[ 13]  19.00-20.00  sec  2.50 MBytes  21.0 Mbits/sec   10   23.1 KBytes       
[ 15]  19.00-20.00  sec  2.50 MBytes  21.0 Mbits/sec   10   21.8 KBytes       
[SUM]  19.00-20.00  sec  14.4 MBytes   121 Mbits/sec   41             
- - - - - - - - - - - - - - - - - - - - - - - - -
[  6]  20.00-21.00  sec  2.50 MBytes  21.0 Mbits/sec    8   31.3 KBytes       
[  9]  20.00-21.00  sec  4.12 MBytes  34.6 Mbits/sec    5   38.1 KBytes       
[ 11]  20.00-21.00  sec  2.12 MBytes  17.8 Mbits/sec    8   16.3 KBytes       
[ 13]  20.00-21.00  sec  2.25 MBytes  18.9 Mbits/sec   11   21.8 KBytes       
[ 15]  20.00-21.00  sec  1.62 MBytes  13.6 Mbits/sec   11   21.8 KBytes       
[SUM]  20.00-21.00  sec  12.6 MBytes   106 Mbits/sec   43             
- - - - - - - - - - - - - - - - - - - - - - - - -
[  6]  21.00-22.00  sec  3.38 MBytes  28.3 Mbits/sec    9   16.3 KBytes       
[  9]  21.00-22.00  sec  2.12 MBytes  17.8 Mbits/sec    9   16.3 KBytes       
[ 11]  21.00-22.00  sec  2.12 MBytes  17.8 Mbits/sec    4   25.9 KBytes       
[ 13]  21.00-22.00  sec  2.88 MBytes  24.1 Mbits/sec    9   20.4 KBytes       
[ 15]  21.00-22.00  sec  2.75 MBytes  23.1 Mbits/sec    8   19.1 KBytes       
[SUM]  21.00-22.00  sec  13.2 MBytes   111 Mbits/sec   39             
- - - - - - - - - - - - - - - - - - - - - - - - -
[  6]  22.00-23.00  sec  2.62 MBytes  22.0 Mbits/sec    6   38.1 KBytes       
[  9]  22.00-23.00  sec  2.25 MBytes  18.9 Mbits/sec    9   29.9 KBytes       
[ 11]  22.00-23.00  sec  1.88 MBytes  15.7 Mbits/sec    5   28.6 KBytes       
[ 13]  22.00-23.00  sec  2.62 MBytes  22.0 Mbits/sec    9   13.6 KBytes       
[ 15]  22.00-23.00  sec  2.88 MBytes  24.1 Mbits/sec    6   25.9 KBytes       
[SUM]  22.00-23.00  sec  12.2 MBytes   103 Mbits/sec   35             
- - - - - - - - - - - - - - - - - - - - - - - - -
[  6]  23.00-24.00  sec  2.75 MBytes  23.1 Mbits/sec    9   20.4 KBytes       
[  9]  23.00-24.00  sec  2.50 MBytes  21.0 Mbits/sec    7   32.7 KBytes       
[ 11]  23.00-24.00  sec  1.88 MBytes  15.7 Mbits/sec    6   23.1 KBytes       
[ 13]  23.00-24.00  sec  2.50 MBytes  21.0 Mbits/sec   10   16.3 KBytes       
[ 15]  23.00-24.00  sec  2.12 MBytes  17.8 Mbits/sec   11   12.3 KBytes       
[SUM]  23.00-24.00  sec  11.8 MBytes  98.6 Mbits/sec   43             
- - - - - - - - - - - - - - - - - - - - - - - - -
[  6]  24.00-25.00  sec  1.75 MBytes  14.7 Mbits/sec   17   12.3 KBytes       
[  9]  24.00-25.00  sec  3.00 MBytes  25.2 Mbits/sec   10   19.1 KBytes       
[ 11]  24.00-25.00  sec  2.12 MBytes  17.8 Mbits/sec    9   12.3 KBytes       
[ 13]  24.00-25.00  sec  2.62 MBytes  22.0 Mbits/sec   13   6.81 KBytes       
[ 15]  24.00-25.00  sec  2.12 MBytes  17.8 Mbits/sec   21   4.08 KBytes       
[SUM]  24.00-25.00  sec  11.6 MBytes  97.5 Mbits/sec   70             
- - - - - - - - - - - - - - - - - - - - - - - - -
[  6]  25.00-26.00  sec  1.75 MBytes  14.7 Mbits/sec   12   13.6 KBytes       
[  9]  25.00-26.00  sec  3.25 MBytes  27.3 Mbits/sec    5   35.4 KBytes       
[ 11]  25.00-26.00  sec  2.00 MBytes  16.8 Mbits/sec    3   34.0 KBytes       
[ 13]  25.00-26.00  sec  2.62 MBytes  22.0 Mbits/sec   10   13.6 KBytes       
[ 15]  25.00-26.00  sec  1.62 MBytes  13.6 Mbits/sec    7   24.5 KBytes       
[SUM]  25.00-26.00  sec  11.2 MBytes  94.4 Mbits/sec   37             
- - - - - - - - - - - - - - - - - - - - - - - - -
[  6]  26.00-27.00  sec  2.38 MBytes  19.9 Mbits/sec    9   15.0 KBytes       
[  9]  26.00-27.00  sec  3.00 MBytes  25.2 Mbits/sec    7   23.1 KBytes       
[ 11]  26.00-27.00  sec  2.50 MBytes  21.0 Mbits/sec    5   36.8 KBytes       
[ 13]  26.00-27.00  sec  1.75 MBytes  14.7 Mbits/sec   10   23.1 KBytes       
[ 15]  26.00-27.00  sec  2.12 MBytes  17.8 Mbits/sec   11   16.3 KBytes       
[SUM]  26.00-27.00  sec  11.8 MBytes  98.6 Mbits/sec   42             
- - - - - - - - - - - - - - - - - - - - - - - - -
[  6]  27.00-28.00  sec  2.62 MBytes  22.0 Mbits/sec   11   17.7 KBytes       
[  9]  27.00-28.00  sec  1.75 MBytes  14.7 Mbits/sec   11   19.1 KBytes       
[ 11]  27.00-28.00  sec  1.88 MBytes  15.7 Mbits/sec    8   28.6 KBytes       
[ 13]  27.00-28.00  sec  3.00 MBytes  25.2 Mbits/sec   10   19.1 KBytes       
[ 15]  27.00-28.00  sec  3.00 MBytes  25.2 Mbits/sec    7   21.8 KBytes       
[SUM]  27.00-28.00  sec  12.2 MBytes   103 Mbits/sec   47             
- - - - - - - - - - - - - - - - - - - - - - - - -
[  6]  28.00-29.00  sec  2.25 MBytes  18.9 Mbits/sec   10   12.3 KBytes       
[  9]  28.00-29.00  sec  2.25 MBytes  18.9 Mbits/sec   11   10.9 KBytes       
[ 11]  28.00-29.00  sec  1.50 MBytes  12.6 Mbits/sec    7   23.1 KBytes       
[ 13]  28.00-29.00  sec  2.12 MBytes  17.8 Mbits/sec   11   10.9 KBytes       
[ 15]  28.00-29.00  sec  2.88 MBytes  24.1 Mbits/sec    7   19.1 KBytes       
[SUM]  28.00-29.00  sec  11.0 MBytes  92.3 Mbits/sec   46             
- - - - - - - - - - - - - - - - - - - - - - - - -
[  6]  29.00-30.00  sec  3.75 MBytes  31.6 Mbits/sec    4   31.3 KBytes       
[  9]  29.00-30.00  sec  2.25 MBytes  18.9 Mbits/sec    7   13.6 KBytes       
[ 11]  29.00-30.00  sec  2.00 MBytes  16.8 Mbits/sec    5   21.8 KBytes       
[ 13]  29.00-30.00  sec  2.62 MBytes  22.1 Mbits/sec    6   25.9 KBytes       
[ 15]  29.00-30.00  sec  3.00 MBytes  25.3 Mbits/sec    6   25.9 KBytes       
[SUM]  29.00-30.00  sec  13.6 MBytes   115 Mbits/sec   28             
- - - - - - - - - - - - - - - - - - - - - - - - -
[ ID] Interval           Transfer     Bitrate         Retr
[  6]   0.00-30.00  sec  78.5 MBytes  22.0 Mbits/sec  272            sender
[  9]   0.00-30.00  sec  81.6 MBytes  22.8 Mbits/sec  241            sender
[ 11]   0.00-30.00  sec  63.6 MBytes  17.8 Mbits/sec  177            sender
[ 13]   0.00-30.00  sec  83.4 MBytes  23.3 Mbits/sec  284            sender
[ 15]   0.00-30.00  sec  80.9 MBytes  22.6 Mbits/sec  269            sender
[SUM]   0.00-30.00  sec   388 MBytes   109 Mbits/sec  1243             sender
-----------------------------------------------------------
Server listening on 5201 (test #4)
-----------------------------------------------------------
Accepted connection from 128.220.159.221, port 64622
[  6] local 192.168.135.129 port 5201 connected to 128.220.159.221 port 59681
[  9] local 192.168.135.129 port 5201 connected to 128.220.159.221 port 28133
[ 11] local 192.168.135.129 port 5201 connected to 128.220.159.221 port 15192
[ 13] local 192.168.135.129 port 5201 connected to 128.220.159.221 port 42254
[ 15] local 192.168.135.129 port 5201 connected to 128.220.159.221 port 9257
[ ID] Interval           Transfer     Bitrate         Retr  Cwnd
[  6]   0.00-1.00   sec  1.12 MBytes  9.43 Mbits/sec    4   24.5 KBytes       
[  9]   0.00-1.00   sec  4.75 MBytes  39.8 Mbits/sec   10   39.5 KBytes       
[ 11]   0.00-1.00   sec  3.75 MBytes  31.4 Mbits/sec   10   43.6 KBytes       
[ 13]   0.00-1.00   sec  6.38 MBytes  53.4 Mbits/sec   12   36.8 KBytes       
[ 15]   0.00-1.00   sec  5.38 MBytes  45.0 Mbits/sec    7   35.4 KBytes       
[SUM]   0.00-1.00   sec  21.4 MBytes   179 Mbits/sec   43             
- - - - - - - - - - - - - - - - - - - - - - - - -
[  6]   1.00-2.00   sec  1.38 MBytes  11.5 Mbits/sec    6   24.5 KBytes       
[  9]   1.00-2.00   sec  3.00 MBytes  25.2 Mbits/sec    9   19.1 KBytes       
[ 11]   1.00-2.00   sec  2.50 MBytes  21.0 Mbits/sec    8   27.2 KBytes       
[ 13]   1.00-2.00   sec  2.62 MBytes  22.0 Mbits/sec   12   10.9 KBytes       
[ 15]   1.00-2.00   sec  2.62 MBytes  22.0 Mbits/sec   11   17.7 KBytes       
[SUM]   1.00-2.00   sec  12.1 MBytes   102 Mbits/sec   46             
- - - - - - - - - - - - - - - - - - - - - - - - -
[  6]   2.00-3.00   sec  1.25 MBytes  10.5 Mbits/sec    5   19.1 KBytes       
[  9]   2.00-3.00   sec  2.88 MBytes  24.1 Mbits/sec   10   24.5 KBytes       
[ 11]   2.00-3.00   sec  3.25 MBytes  27.3 Mbits/sec    9   13.6 KBytes       
[ 13]   2.00-3.00   sec  2.00 MBytes  16.8 Mbits/sec    9   19.1 KBytes       
[ 15]   2.00-3.00   sec  3.00 MBytes  25.2 Mbits/sec    6   29.9 KBytes       
[SUM]   2.00-3.00   sec  12.4 MBytes   104 Mbits/sec   39             
- - - - - - - - - - - - - - - - - - - - - - - - -
[  6]   3.00-4.00   sec  1.12 MBytes  9.44 Mbits/sec    8   10.9 KBytes       
[  9]   3.00-4.00   sec  3.12 MBytes  26.2 Mbits/sec    8   34.0 KBytes       
[ 11]   3.00-4.00   sec  2.50 MBytes  21.0 Mbits/sec    6   23.1 KBytes       
[ 13]   3.00-4.00   sec  2.50 MBytes  21.0 Mbits/sec    6   32.7 KBytes       
[ 15]   3.00-4.00   sec  2.25 MBytes  18.9 Mbits/sec   12   23.1 KBytes       
[SUM]   3.00-4.00   sec  11.5 MBytes  96.5 Mbits/sec   40             
- - - - - - - - - - - - - - - - - - - - - - - - -
[  6]   4.00-5.00   sec  1.12 MBytes  9.44 Mbits/sec    5   24.5 KBytes       
[  9]   4.00-5.00   sec  3.25 MBytes  27.3 Mbits/sec   11   35.4 KBytes       
[ 11]   4.00-5.00   sec  3.62 MBytes  30.4 Mbits/sec    4   42.2 KBytes       
[ 13]   4.00-5.00   sec  2.75 MBytes  23.1 Mbits/sec   10   15.0 KBytes       
[ 15]   4.00-5.00   sec  3.25 MBytes  27.3 Mbits/sec   16   15.0 KBytes       
[SUM]   4.00-5.00   sec  14.0 MBytes   117 Mbits/sec   46             
- - - - - - - - - - - - - - - - - - - - - - - - -
[  6]   5.00-6.00   sec  2.25 MBytes  18.9 Mbits/sec    3   27.2 KBytes       
[  9]   5.00-6.00   sec  2.12 MBytes  17.8 Mbits/sec   10   19.1 KBytes       
[ 11]   5.00-6.00   sec  3.12 MBytes  26.2 Mbits/sec    7   40.8 KBytes       
[ 13]   5.00-6.00   sec  2.88 MBytes  24.1 Mbits/sec    6   25.9 KBytes       
[ 15]   5.00-6.00   sec  2.38 MBytes  19.9 Mbits/sec    7   20.4 KBytes       
[SUM]   5.00-6.00   sec  12.8 MBytes   107 Mbits/sec   33             
- - - - - - - - - - - - - - - - - - - - - - - - -
[  6]   6.00-7.00   sec  2.50 MBytes  21.0 Mbits/sec    5   28.6 KBytes       
[  9]   6.00-7.00   sec  2.50 MBytes  21.0 Mbits/sec    9   23.1 KBytes       
[ 11]   6.00-7.00   sec  3.38 MBytes  28.3 Mbits/sec    9   17.7 KBytes       
[ 13]   6.00-7.00   sec  2.38 MBytes  19.9 Mbits/sec    9   15.0 KBytes       
[ 15]   6.00-7.00   sec  2.75 MBytes  23.1 Mbits/sec    7   21.8 KBytes       
[SUM]   6.00-7.00   sec  13.5 MBytes   113 Mbits/sec   39             
- - - - - - - - - - - - - - - - - - - - - - - - -
[  6]   7.00-8.00   sec  2.25 MBytes  18.9 Mbits/sec    4   35.4 KBytes       
[  9]   7.00-8.00   sec  3.00 MBytes  25.2 Mbits/sec    8   16.3 KBytes       
[ 11]   7.00-8.00   sec  2.75 MBytes  23.1 Mbits/sec    7   17.7 KBytes       
[ 13]   7.00-8.00   sec  3.62 MBytes  30.4 Mbits/sec    2   58.5 KBytes       
[ 15]   7.00-8.00   sec  2.88 MBytes  24.1 Mbits/sec    6   31.3 KBytes       
[SUM]   7.00-8.00   sec  14.5 MBytes   122 Mbits/sec   27             
- - - - - - - - - - - - - - - - - - - - - - - - -
[  6]   8.00-9.00   sec  1.25 MBytes  10.5 Mbits/sec    8   20.4 KBytes       
[  9]   8.00-9.00   sec  2.62 MBytes  22.0 Mbits/sec    7   19.1 KBytes       
[ 11]   8.00-9.00   sec  2.00 MBytes  16.8 Mbits/sec    8   36.8 KBytes       
[ 13]   8.00-9.00   sec  2.62 MBytes  22.0 Mbits/sec   10   20.4 KBytes       
[ 15]   8.00-9.00   sec  2.50 MBytes  21.0 Mbits/sec    9   28.6 KBytes       
[SUM]   8.00-9.00   sec  11.0 MBytes  92.3 Mbits/sec   42             
- - - - - - - - - - - - - - - - - - - - - - - - -
[  6]   9.00-10.00  sec  1.25 MBytes  10.5 Mbits/sec    4   29.9 KBytes       
[  9]   9.00-10.00  sec  2.75 MBytes  23.1 Mbits/sec    5   43.6 KBytes       
[ 11]   9.00-10.00  sec  2.50 MBytes  21.0 Mbits/sec    8   23.1 KBytes       
[ 13]   9.00-10.00  sec  2.12 MBytes  17.8 Mbits/sec    8   19.1 KBytes       
[ 15]   9.00-10.00  sec  2.50 MBytes  21.0 Mbits/sec    7   31.3 KBytes       
[SUM]   9.00-10.00  sec  11.1 MBytes  93.3 Mbits/sec   32             
- - - - - - - - - - - - - - - - - - - - - - - - -
[  6]  10.00-11.00  sec  1.62 MBytes  13.6 Mbits/sec    7   9.53 KBytes       
[  9]  10.00-11.00  sec  3.12 MBytes  26.2 Mbits/sec    9   24.5 KBytes       
[ 11]  10.00-11.00  sec  2.25 MBytes  18.9 Mbits/sec    7   42.2 KBytes       
[ 13]  10.00-11.00  sec  2.12 MBytes  17.8 Mbits/sec    7   25.9 KBytes       
[ 15]  10.00-11.00  sec  2.50 MBytes  21.0 Mbits/sec    9   19.1 KBytes       
[SUM]  10.00-11.00  sec  11.6 MBytes  97.5 Mbits/sec   39             
- - - - - - - - - - - - - - - - - - - - - - - - -
[  6]  11.00-12.00  sec  1.25 MBytes  10.5 Mbits/sec    3   32.7 KBytes       
[  9]  11.00-12.00  sec  2.50 MBytes  21.0 Mbits/sec    8   17.7 KBytes       
[ 11]  11.00-12.00  sec  2.75 MBytes  23.1 Mbits/sec   10   27.2 KBytes       
[ 13]  11.00-12.00  sec  3.00 MBytes  25.2 Mbits/sec    7   13.6 KBytes       
[ 15]  11.00-12.00  sec  3.12 MBytes  26.2 Mbits/sec    6   34.0 KBytes       
[SUM]  11.00-12.00  sec  12.6 MBytes   106 Mbits/sec   34             
- - - - - - - - - - - - - - - - - - - - - - - - -
[  6]  12.00-13.00  sec  2.00 MBytes  16.8 Mbits/sec    3   39.5 KBytes       
[  9]  12.00-13.00  sec  2.12 MBytes  17.8 Mbits/sec   10   25.9 KBytes       
[ 11]  12.00-13.00  sec  1.38 MBytes  11.5 Mbits/sec   14   19.1 KBytes       
[ 13]  12.00-13.00  sec  2.38 MBytes  19.9 Mbits/sec    6   27.2 KBytes       
[ 15]  12.00-13.00  sec  3.25 MBytes  27.3 Mbits/sec    8   28.6 KBytes       
[SUM]  12.00-13.00  sec  11.1 MBytes  93.3 Mbits/sec   41             
- - - - - - - - - - - - - - - - - - - - - - - - -
[  6]  13.00-14.00  sec  2.25 MBytes  18.9 Mbits/sec    7   12.3 KBytes       
[  9]  13.00-14.00  sec  2.25 MBytes  18.9 Mbits/sec   10   23.1 KBytes       
[ 11]  13.00-14.00  sec  1.62 MBytes  13.6 Mbits/sec   10   21.8 KBytes       
[ 13]  13.00-14.00  sec  2.25 MBytes  18.9 Mbits/sec    8   27.2 KBytes       
[ 15]  13.00-14.00  sec  1.88 MBytes  15.7 Mbits/sec   11   10.9 KBytes       
[SUM]  13.00-14.00  sec  10.2 MBytes  86.0 Mbits/sec   46             
- - - - - - - - - - - - - - - - - - - - - - - - -
[  6]  14.00-15.00  sec  1.62 MBytes  13.6 Mbits/sec    3   34.0 KBytes       
[  9]  14.00-15.00  sec  2.12 MBytes  17.8 Mbits/sec    9   23.1 KBytes       
[ 11]  14.00-15.00  sec  3.12 MBytes  26.2 Mbits/sec    7   24.5 KBytes       
[ 13]  14.00-15.00  sec  3.00 MBytes  25.2 Mbits/sec    7   29.9 KBytes       
[ 15]  14.00-15.00  sec  2.75 MBytes  23.1 Mbits/sec    8   21.8 KBytes       
[SUM]  14.00-15.00  sec  12.6 MBytes   106 Mbits/sec   34             
- - - - - - - - - - - - - - - - - - - - - - - - -
[  6]  15.00-16.00  sec  1.88 MBytes  15.7 Mbits/sec    4   28.6 KBytes       
[  9]  15.00-16.00  sec  3.00 MBytes  25.2 Mbits/sec    5   47.6 KBytes       
[ 11]  15.00-16.00  sec  2.38 MBytes  19.9 Mbits/sec    9   20.4 KBytes       
[ 13]  15.00-16.00  sec  2.62 MBytes  22.0 Mbits/sec    8   20.4 KBytes       
[ 15]  15.00-16.00  sec  2.62 MBytes  22.0 Mbits/sec    8   16.3 KBytes       
[SUM]  15.00-16.00  sec  12.5 MBytes   105 Mbits/sec   34             
- - - - - - - - - - - - - - - - - - - - - - - - -
[  6]  16.00-17.00  sec  1.88 MBytes  15.7 Mbits/sec    3   39.5 KBytes       
[  9]  16.00-17.00  sec  3.12 MBytes  26.2 Mbits/sec    7   36.8 KBytes       
[ 11]  16.00-17.00  sec  3.50 MBytes  29.4 Mbits/sec    3   53.1 KBytes       
[ 13]  16.00-17.00  sec  2.25 MBytes  18.9 Mbits/sec    8   21.8 KBytes       
[ 15]  16.00-17.00  sec  3.00 MBytes  25.2 Mbits/sec    4   35.4 KBytes       
[SUM]  16.00-17.00  sec  13.8 MBytes   115 Mbits/sec   25             
- - - - - - - - - - - - - - - - - - - - - - - - -
[  6]  17.00-18.00  sec  2.88 MBytes  24.1 Mbits/sec    4   23.1 KBytes       
[  9]  17.00-18.00  sec  3.00 MBytes  25.2 Mbits/sec    9   28.6 KBytes       
[ 11]  17.00-18.00  sec  2.75 MBytes  23.1 Mbits/sec    9   24.5 KBytes       
[ 13]  17.00-18.00  sec  3.12 MBytes  26.2 Mbits/sec    5   32.7 KBytes       
[ 15]  17.00-18.00  sec  2.00 MBytes  16.8 Mbits/sec   11   16.3 KBytes       
[SUM]  17.00-18.00  sec  13.8 MBytes   115 Mbits/sec   38             
- - - - - - - - - - - - - - - - - - - - - - - - -
[  6]  18.00-19.00  sec  1.75 MBytes  14.7 Mbits/sec    4   23.1 KBytes       
[  9]  18.00-19.00  sec  4.00 MBytes  33.6 Mbits/sec    6   43.6 KBytes       
[ 11]  18.00-19.00  sec  2.00 MBytes  16.8 Mbits/sec   10   16.3 KBytes       
[ 13]  18.00-19.00  sec  2.88 MBytes  24.1 Mbits/sec   10   20.4 KBytes       
[ 15]  18.00-19.00  sec  2.75 MBytes  23.1 Mbits/sec    8   17.7 KBytes       
[SUM]  18.00-19.00  sec  13.4 MBytes   112 Mbits/sec   38             
- - - - - - - - - - - - - - - - - - - - - - - - -
[  6]  19.00-20.00  sec  1.62 MBytes  13.6 Mbits/sec    5   16.3 KBytes       
[  9]  19.00-20.00  sec  3.50 MBytes  29.4 Mbits/sec    9   17.7 KBytes       
[ 11]  19.00-20.00  sec  2.12 MBytes  17.8 Mbits/sec    8   20.4 KBytes       
[ 13]  19.00-20.00  sec  3.00 MBytes  25.2 Mbits/sec    6   40.8 KBytes       
[ 15]  19.00-20.00  sec  2.00 MBytes  16.8 Mbits/sec   11   17.7 KBytes       
[SUM]  19.00-20.00  sec  12.2 MBytes   103 Mbits/sec   39             
- - - - - - - - - - - - - - - - - - - - - - - - -
[  6]  20.00-21.00  sec  1.38 MBytes  11.5 Mbits/sec    6   21.8 KBytes       
[  9]  20.00-21.00  sec  1.88 MBytes  15.7 Mbits/sec   13   25.9 KBytes       
[ 11]  20.00-21.00  sec  1.75 MBytes  14.7 Mbits/sec   14   16.3 KBytes       
[ 13]  20.00-21.00  sec  2.38 MBytes  19.9 Mbits/sec   12   25.9 KBytes       
[ 15]  20.00-21.00  sec  2.62 MBytes  22.0 Mbits/sec   10   13.6 KBytes       
[SUM]  20.00-21.00  sec  10.0 MBytes  83.9 Mbits/sec   55             
- - - - - - - - - - - - - - - - - - - - - - - - -
[  6]  21.00-22.00  sec  1.38 MBytes  11.5 Mbits/sec    6   17.7 KBytes       
[  9]  21.00-22.00  sec  3.00 MBytes  25.2 Mbits/sec    7   27.2 KBytes       
[ 11]  21.00-22.00  sec  3.00 MBytes  25.2 Mbits/sec    6   19.1 KBytes       
[ 13]  21.00-22.00  sec  2.75 MBytes  23.1 Mbits/sec   10   8.17 KBytes       
[ 15]  21.00-22.00  sec  2.12 MBytes  17.8 Mbits/sec    7   32.7 KBytes       
[SUM]  21.00-22.00  sec  12.2 MBytes   103 Mbits/sec   36             
- - - - - - - - - - - - - - - - - - - - - - - - -
[  6]  22.00-23.00  sec  1.25 MBytes  10.5 Mbits/sec    5   20.4 KBytes       
[  9]  22.00-23.00  sec  3.88 MBytes  32.5 Mbits/sec    7   24.5 KBytes       
[ 11]  22.00-23.00  sec  2.62 MBytes  22.0 Mbits/sec   10   15.0 KBytes       
[ 13]  22.00-23.00  sec  2.75 MBytes  23.1 Mbits/sec    6   35.4 KBytes       
[ 15]  22.00-23.00  sec  2.62 MBytes  22.0 Mbits/sec   11   19.1 KBytes       
[SUM]  22.00-23.00  sec  13.1 MBytes   110 Mbits/sec   39             
- - - - - - - - - - - - - - - - - - - - - - - - -
[  6]  23.00-24.00  sec  2.00 MBytes  16.8 Mbits/sec    2   39.5 KBytes       
[  9]  23.00-24.00  sec  3.75 MBytes  31.5 Mbits/sec    7   24.5 KBytes       
[ 11]  23.00-24.00  sec  2.62 MBytes  22.0 Mbits/sec    5   36.8 KBytes       
[ 13]  23.00-24.00  sec  3.25 MBytes  27.3 Mbits/sec    7   19.1 KBytes       
[ 15]  23.00-24.00  sec  2.88 MBytes  24.1 Mbits/sec    7   16.3 KBytes       
[SUM]  23.00-24.00  sec  14.5 MBytes   122 Mbits/sec   28             
- - - - - - - - - - - - - - - - - - - - - - - - -
[  6]  24.00-25.00  sec  2.25 MBytes  18.9 Mbits/sec    5   19.1 KBytes       
[  9]  24.00-25.00  sec  3.25 MBytes  27.3 Mbits/sec    9   23.1 KBytes       
[ 11]  24.00-25.00  sec  2.50 MBytes  21.0 Mbits/sec   10   15.0 KBytes       
[ 13]  24.00-25.00  sec  2.75 MBytes  23.1 Mbits/sec    8   17.7 KBytes       
[ 15]  24.00-25.00  sec  2.62 MBytes  22.0 Mbits/sec    9   17.7 KBytes       
[SUM]  24.00-25.00  sec  13.4 MBytes   112 Mbits/sec   41             
- - - - - - - - - - - - - - - - - - - - - - - - -
[  6]  25.00-26.00  sec  1.12 MBytes  9.44 Mbits/sec    9   13.6 KBytes       
[  9]  25.00-26.00  sec  3.12 MBytes  26.2 Mbits/sec    9   21.8 KBytes       
[ 11]  25.00-26.00  sec  2.75 MBytes  23.1 Mbits/sec    6   21.8 KBytes       
[ 13]  25.00-26.00  sec  2.75 MBytes  23.1 Mbits/sec    8   15.0 KBytes       
[ 15]  25.00-26.00  sec  2.50 MBytes  21.0 Mbits/sec    8   35.4 KBytes       
[SUM]  25.00-26.00  sec  12.2 MBytes   103 Mbits/sec   40             
- - - - - - - - - - - - - - - - - - - - - - - - -
[  6]  26.00-27.00  sec  1.50 MBytes  12.6 Mbits/sec    2   42.2 KBytes       
[  9]  26.00-27.00  sec  2.50 MBytes  21.0 Mbits/sec    9   25.9 KBytes       
[ 11]  26.00-27.00  sec  2.25 MBytes  18.9 Mbits/sec   11   29.9 KBytes       
[ 13]  26.00-27.00  sec  2.25 MBytes  18.9 Mbits/sec    7   32.7 KBytes       
[ 15]  26.00-27.00  sec  2.25 MBytes  18.9 Mbits/sec    9   28.6 KBytes       
[SUM]  26.00-27.00  sec  10.8 MBytes  90.2 Mbits/sec   38             
- - - - - - - - - - - - - - - - - - - - - - - - -
[  6]  27.00-28.00  sec  2.12 MBytes  17.8 Mbits/sec    6   23.1 KBytes       
[  9]  27.00-28.00  sec  2.38 MBytes  19.9 Mbits/sec   10   20.4 KBytes       
[ 11]  27.00-28.00  sec  3.12 MBytes  26.2 Mbits/sec    6   23.1 KBytes       
[ 13]  27.00-28.00  sec  2.88 MBytes  24.1 Mbits/sec    7   39.5 KBytes       
[ 15]  27.00-28.00  sec  3.12 MBytes  26.2 Mbits/sec    8   24.5 KBytes       
[SUM]  27.00-28.00  sec  13.6 MBytes   114 Mbits/sec   37             
- - - - - - - - - - - - - - - - - - - - - - - - -
[  6]  28.00-29.00  sec  1.62 MBytes  13.6 Mbits/sec    6   13.6 KBytes       
[  9]  28.00-29.00  sec  3.00 MBytes  25.2 Mbits/sec    6   36.8 KBytes       
[ 11]  28.00-29.00  sec  3.12 MBytes  26.2 Mbits/sec    6   31.3 KBytes       
[ 13]  28.00-29.00  sec  3.25 MBytes  27.2 Mbits/sec    9   28.6 KBytes       
[ 15]  28.00-29.00  sec  2.50 MBytes  21.0 Mbits/sec   10   13.6 KBytes       
[SUM]  28.00-29.00  sec  13.5 MBytes   113 Mbits/sec   37             
- - - - - - - - - - - - - - - - - - - - - - - - -
[  6]  29.00-30.00  sec  1.75 MBytes  14.7 Mbits/sec    4   16.3 KBytes       
[  9]  29.00-30.00  sec  3.38 MBytes  28.3 Mbits/sec    9   13.6 KBytes       
[ 11]  29.00-30.00  sec  3.00 MBytes  25.2 Mbits/sec   10   23.1 KBytes       
[ 13]  29.00-30.00  sec  3.12 MBytes  26.2 Mbits/sec    5   43.6 KBytes       
[ 15]  29.00-30.00  sec  2.88 MBytes  24.1 Mbits/sec    6   32.7 KBytes       
[SUM]  29.00-30.00  sec  14.1 MBytes   118 Mbits/sec   34             
- - - - - - - - - - - - - - - - - - - - - - - - -
[  6]  30.00-30.01  sec  0.00 Bytes  0.00 bits/sec    0   16.3 KBytes       
[  9]  30.00-30.01  sec  0.00 Bytes  0.00 bits/sec    0   13.6 KBytes       
[ 11]  30.00-30.01  sec   128 KBytes   143 Mbits/sec    0   23.1 KBytes       
[ 13]  30.00-30.01  sec  0.00 Bytes  0.00 bits/sec    0   43.6 KBytes       
[ 15]  30.00-30.01  sec  0.00 Bytes  0.00 bits/sec    0   32.7 KBytes       
[SUM]  30.00-30.01  sec   128 KBytes   143 Mbits/sec    0             
- - - - - - - - - - - - - - - - - - - - - - - - -
[ ID] Interval           Transfer     Bitrate         Retr
[  6]   0.00-30.01  sec  50.6 MBytes  14.2 Mbits/sec  146            sender
[  9]   0.00-30.01  sec  88.9 MBytes  24.8 Mbits/sec  255            sender
[ 11]   0.00-30.01  sec  80.1 MBytes  22.4 Mbits/sec  247            sender
[ 13]   0.00-30.01  sec  84.6 MBytes  23.7 Mbits/sec  235            sender
[ 15]   0.00-30.01  sec  81.5 MBytes  22.8 Mbits/sec  257            sender
[SUM]   0.00-30.01  sec   386 MBytes   108 Mbits/sec  1140             sender
-----------------------------------------------------------
Server listening on 5201 (test #5)
-----------------------------------------------------------
iperf3: interrupt - the server has terminated by signal Interrupt(2)
